 #   Flux in [erg/s/Hz/ster] per g IM
 # wel(mu)  emis_tot  emis_c    emis_Si   emis_pol  emi_Dark  emi_vgr   emi_vsi   epah_s+b  ISRF j_v
  1.00E+04  1.05E-16  3.73E-18  1.78E-17  1.94E-18  8.03E-17  2.36E-19  3.40E-18  1.01E-22  3.03E-21
  9.00E+03  1.51E-16  5.38E-18  2.57E-17  2.77E-18  1.15E-16  3.67E-19  4.93E-18  1.50E-22  8.23E-21
  8.00E+03  2.26E-16  8.08E-18  3.89E-17  4.14E-18  1.71E-16  5.98E-19  7.50E-18  2.35E-22  2.21E-20
  7.00E+03  3.56E-16  1.28E-17  6.21E-17  6.52E-18  2.68E-16  1.03E-18  1.19E-17  3.88E-22  5.85E-20
  6.00E+03  6.01E-16  2.19E-17  1.07E-16  1.10E-17  4.50E-16  1.90E-18  2.03E-17  6.89E-22  1.51E-19
  5.50E+03  8.08E-16  2.96E-17  1.44E-16  1.48E-17  6.04E-16  2.67E-18  2.74E-17  9.50E-22  2.41E-19
  5.00E+03  1.12E-15  4.12E-17  2.01E-16  2.04E-17  8.32E-16  3.84E-18  3.78E-17  1.35E-21  3.81E-19
  4.50E+03  1.59E-15  5.94E-17  2.90E-16  2.91E-17  1.18E-15  5.72E-18  5.44E-17  1.97E-21  5.97E-19
  4.00E+03  2.37E-15  8.94E-17  4.37E-16  4.33E-17  1.76E-15  8.83E-18  8.05E-17  3.01E-21  9.22E-19
  3.50E+03  3.72E-15  1.42E-16  6.92E-16  6.78E-17  2.74E-15  1.43E-17  1.27E-16  4.82E-21  1.40E-18
  3.00E+03  6.23E-15  2.42E-16  1.17E-15  1.13E-16  4.58E-15  2.44E-17  2.10E-16  8.23E-21  2.09E-18
  2.50E+03  1.14E-14  4.54E-16  2.18E-15  2.08E-16  8.35E-15  4.51E-17  3.81E-16  1.53E-20  3.03E-18
  2.10E+03  2.03E-14  8.31E-16  3.93E-15  3.70E-16  1.48E-14  7.92E-17  6.68E-16  2.73E-20  3.96E-18
  1.50E+03  5.98E-14  2.61E-15  1.18E-14  1.09E-15  4.33E-14  2.49E-16  1.87E-15  8.03E-20  5.49E-18
  1.38E+03  7.75E-14  3.44E-15  1.54E-14  1.42E-15  5.60E-14  3.28E-16  2.39E-15  1.04E-19  5.76E-18
  1.32E+03  8.95E-14  4.01E-15  1.78E-14  1.64E-15  6.46E-14  3.82E-16  2.73E-15  1.21E-19  5.89E-18
  1.15E+03  1.37E-13  6.36E-15  2.73E-14  2.51E-15  9.86E-14  5.99E-16  4.04E-15  1.88E-19  6.20E-18
  1.00E+03  2.09E-13  1.01E-14  4.17E-14  3.83E-15  1.50E-13  9.33E-16  5.91E-15  2.95E-19  6.36E-18
  9.97E+02  2.10E-13  1.02E-14  4.21E-14  3.87E-15  1.51E-13  9.42E-16  5.96E-15  2.98E-19  6.47E-18
  8.67E+02  3.14E-13  1.59E-14  6.34E-14  5.79E-15  2.25E-13  1.46E-15  8.62E-15  4.72E-19  1.34E-17
  8.50E+02  3.33E-13  1.69E-14  6.71E-14  6.14E-15  2.38E-13  1.55E-15  9.07E-15  5.04E-19  1.48E-17
  7.50E+02  4.79E-13  2.57E-14  9.51E-14  8.88E-15  3.44E-13  2.23E-15  1.23E-14  7.66E-19  2.55E-17
  6.00E+02  8.48E-13  5.04E-14  1.69E-13  1.58E-14  6.03E-13  4.15E-15  2.08E-14  1.62E-18  5.56E-17
  5.50E+02  1.04E-12  6.46E-14  2.02E-13  1.94E-14  7.41E-13  5.22E-15  2.53E-14  2.17E-18  7.13E-17
  5.00E+02  1.32E-12  8.50E-14  2.64E-13  2.47E-14  9.29E-13  6.61E-15  3.12E-14  2.97E-18  9.06E-17
  4.50E+02  1.71E-12  1.16E-13  3.64E-13  3.22E-14  1.18E-12  8.55E-15  3.91E-14  4.17E-18  1.14E-16
  4.00E+02  2.23E-12  1.63E-13  4.96E-13  4.22E-14  1.51E-12  1.12E-14  4.99E-14  6.03E-18  1.42E-16
  3.50E+02  2.87E-12  2.21E-13  7.41E-13  5.38E-14  1.83E-12  1.49E-14  6.51E-14  9.01E-18  1.73E-16
  3.00E+02  3.80E-12  3.28E-13  1.07E-12  7.10E-14  2.30E-12  2.04E-14  8.73E-14  1.40E-17  2.07E-16
  2.75E+02  4.22E-12  3.94E-13  1.24E-12  7.86E-14  2.46E-12  2.40E-14  1.02E-13  1.77E-17  2.25E-16
  2.50E+02  4.62E-12  4.66E-13  1.41E-12  8.55E-14  2.59E-12  2.85E-14  1.22E-13  2.25E-17  2.42E-16
  2.40E+02  4.74E-12  5.04E-13  1.47E-12  8.74E-14  2.61E-12  3.06E-14  1.29E-13  2.49E-17  2.52E-16
  2.00E+02  4.96E-12  6.47E-13  1.60E-12  8.93E-14  2.50E-12  4.13E-14  1.63E-13  3.76E-17  3.10E-16
  1.80E+02  4.72E-12  7.06E-13  1.51E-12  8.37E-14  2.27E-12  4.86E-14  1.85E-13  4.65E-17  3.39E-16
  1.60E+02  4.21E-12  7.67E-13  1.29E-12  7.25E-14  1.89E-12  5.78E-14  2.11E-13  5.76E-17  3.66E-16
  1.50E+02  3.86E-12  7.96E-13  1.13E-12  6.49E-14  1.65E-12  6.33E-14  2.24E-13  6.41E-17  3.78E-16
  1.40E+02  3.36E-12  7.64E-13  9.55E-13  5.45E-14  1.33E-12  6.97E-14  2.40E-13  7.14E-17  3.40E-16
  1.20E+02  2.43E-12  7.22E-13  5.71E-13  3.52E-14  7.72E-13  8.57E-14  2.76E-13  8.83E-17  2.54E-16
  1.00E+02  1.48E-12  5.09E-13  2.44E-13  1.64E-14  2.96E-13  1.08E-13  3.18E-13  1.10E-16  1.84E-16
  9.00E+01  1.13E-12  3.88E-13  1.27E-13  9.77E-15  1.48E-13  1.23E-13  3.41E-13  1.23E-16  1.54E-16
  8.00E+01  8.61E-13  2.48E-13  5.41E-14  4.81E-15  5.57E-14  1.42E-13  3.61E-13  1.39E-16  1.10E-16
  7.50E+01  7.70E-13  1.83E-13  3.24E-14  3.17E-15  3.12E-14  1.53E-13  3.70E-13  1.48E-16  9.23E-17
  7.00E+01  7.05E-13  1.29E-13  1.80E-14  1.98E-15  1.55E-14  1.66E-13  3.77E-13  1.58E-16  7.72E-17
  6.00E+01  6.30E-13  4.64E-14  3.83E-15  5.66E-16  2.50E-15  1.99E-13  3.78E-13  1.79E-16  5.31E-17
  5.00E+01  6.11E-13  8.70E-15  4.20E-16  8.51E-17  1.69E-16  2.48E-13  3.53E-13  2.04E-16  3.57E-17
  4.50E+01  6.11E-13  2.66E-15  9.09E-17  2.30E-17  2.66E-17  2.83E-13  3.25E-13  2.17E-16  2.89E-17
  4.00E+01  6.05E-13  5.36E-16  1.28E-17  4.01E-18  2.49E-18  3.19E-13  2.85E-13  2.31E-16  2.31E-17
  3.50E+01  5.56E-13  6.27E-17  9.18E-19  3.95E-19  1.12E-19  3.23E-13  2.32E-13  2.50E-16  1.82E-17
  3.00E+01  4.07E-13  3.25E-18  2.44E-20  1.61E-20  1.68E-21  2.32E-13  1.76E-13  2.88E-16  1.45E-17
  2.75E+01  3.08E-13  4.62E-19  2.27E-21  1.95E-21  1.11E-22  1.59E-13  1.49E-13  3.35E-16  1.29E-17
  2.50E+01  2.22E-13  4.20E-20  1.26E-22  1.45E-22  4.14E-24  9.74E-14  1.24E-13  4.77E-16  1.14E-17
  2.40E+01  1.94E-13  1.39E-20  3.30E-23  4.40E-23  9.10E-25  7.84E-14  1.15E-13  6.28E-16  1.08E-17
  2.35E+01  1.82E-13  7.73E-21  1.62E-23  2.33E-23  4.07E-25  7.01E-14  1.11E-13  7.21E-16  1.05E-17
  2.32E+01  1.74E-13  5.36E-21  1.04E-23  1.57E-23  2.46E-25  6.55E-14  1.08E-13  7.63E-16  1.03E-17
  2.31E+01  1.72E-13  4.73E-21  8.94E-24  1.37E-23  2.07E-25  6.40E-14  1.07E-13  7.72E-16  1.03E-17
  2.30E+01  1.70E-13  4.17E-21  7.68E-24  1.20E-23  1.75E-25  6.26E-14  1.06E-13  7.79E-16  1.02E-17
  2.25E+01  1.59E-13  2.18E-21  3.52E-24  5.92E-24  7.22E-26  5.58E-14  1.03E-13  7.90E-16  9.93E-18
  2.20E+01  1.50E-13  1.11E-21  1.56E-24  2.83E-24  2.87E-26  4.98E-14  9.92E-14  8.07E-16  9.65E-18
  2.15E+01  1.41E-13  5.44E-22  6.67E-25  1.31E-24  1.09E-26  4.44E-14  9.53E-14  8.59E-16  9.37E-18
  2.12E+01  1.36E-13  3.50E-22  3.92E-25  8.13E-25  5.94E-27  4.14E-14  9.32E-14  8.82E-16  9.21E-18
  2.11E+01  1.34E-13  3.01E-22  3.27E-25  6.90E-25  4.84E-27  4.05E-14  9.25E-14  8.83E-16  9.16E-18
  2.10E+01  1.32E-13  2.58E-22  2.72E-25  5.84E-25  3.93E-27  3.96E-14  9.19E-14  8.80E-16  9.10E-18
  2.08E+01  1.29E-13  1.89E-22  1.88E-25  4.16E-25  2.57E-27  3.78E-14  9.05E-14  8.65E-16  8.99E-18
  2.00E+01  1.18E-13  5.05E-23  3.90E-26  9.99E-26  4.35E-28  3.16E-14  8.56E-14  7.94E-16  8.57E-18
  1.95E+01  1.12E-13  2.11E-23  1.36E-26  3.87E-26  1.33E-28  2.83E-14  8.24E-14  8.36E-16  8.51E-18
  1.90E+01  1.05E-13  8.40E-24  4.42E-27  1.44E-26  3.77E-29  2.54E-14  7.81E-14  9.88E-16  8.44E-18
  1.85E+01  9.65E-14  3.18E-24  1.33E-27  5.02E-27  9.86E-30  2.28E-14  7.25E-14  1.25E-15  8.38E-18
  1.83E+01  9.31E-14  2.13E-24  8.09E-28  3.25E-27  5.64E-30  2.18E-14  7.00E-14  1.33E-15  8.35E-18
  1.82E+01  9.14E-14  1.74E-24  6.26E-28  2.60E-27  4.24E-30  2.14E-14  6.86E-14  1.36E-15  8.33E-18
  1.81E+01  8.94E-14  1.41E-24  4.83E-28  2.07E-27  3.17E-30  2.09E-14  6.71E-14  1.38E-15  8.32E-18
  1.80E+01  8.75E-14  1.14E-24  3.71E-28  1.65E-27  2.36E-30  2.05E-14  6.56E-14  1.38E-15  8.30E-18
  1.75E+01  7.78E-14  3.86E-25  9.37E-29  5.09E-28  5.15E-31  1.85E-14  5.79E-14  1.39E-15  8.22E-18
  1.70E+01  6.82E-14  1.21E-25  2.11E-29  1.44E-28  1.01E-31  1.68E-14  4.98E-14  1.67E-15  8.13E-18
  1.67E+01  6.28E-14  5.85E-26  8.11E-30  6.58E-29  3.61E-32  1.58E-14  4.50E-14  1.95E-15  8.08E-18
  1.65E+01  5.91E-14  3.57E-26  4.17E-30  3.85E-29  0.00E+00  1.52E-14  4.19E-14  2.04E-15  8.04E-18
  1.64E+01  5.73E-14  2.77E-26  2.96E-30  2.92E-29  0.00E+00  1.49E-14  4.03E-14  2.03E-15  8.02E-18
  1.63E+01  5.55E-14  2.14E-26  2.09E-30  2.21E-29  0.00E+00  1.47E-14  3.89E-14  1.99E-15  8.00E-18
  1.61E+01  5.20E-14  1.27E-26  1.02E-30  1.25E-29  0.00E+00  1.41E-14  3.60E-14  1.85E-15  7.96E-18
  1.60E+01  5.03E-14  9.73E-27  7.05E-31  9.36E-30  0.00E+00  1.39E-14  3.46E-14  1.78E-15  7.94E-18
  1.59E+01  4.86E-14  7.43E-27  4.85E-31  6.98E-30  0.00E+00  1.36E-14  3.33E-14  1.73E-15  7.92E-18
  1.58E+01  4.71E-14  5.65E-27  3.31E-31  5.18E-30  0.00E+00  1.34E-14  3.20E-14  1.70E-15  7.90E-18
  1.57E+01  4.55E-14  4.27E-27  2.25E-31  3.82E-30  0.00E+00  1.31E-14  3.07E-14  1.67E-15  7.88E-18
  1.56E+01  4.40E-14  3.23E-27  1.52E-31  2.82E-30  0.00E+00  1.29E-14  2.95E-14  1.63E-15  7.86E-18
  1.54E+01  4.13E-14  1.83E-27  6.87E-32  1.52E-30  0.00E+00  1.25E-14  2.72E-14  1.59E-15  7.82E-18
  1.52E+01  3.88E-14  1.01E-27  3.09E-32  7.96E-31  0.00E+00  1.20E-14  2.51E-14  1.67E-15  7.77E-18
  1.51E+01  3.77E-14  7.49E-28  0.00E+00  5.73E-31  0.00E+00  1.18E-14  2.41E-14  1.72E-15  7.75E-18
  1.50E+01  3.65E-14  5.51E-28  0.00E+00  4.10E-31  0.00E+00  1.16E-14  2.32E-14  1.72E-15  7.73E-18
  1.45E+01  3.20E-14  1.11E-28  0.00E+00  7.21E-32  0.00E+00  1.07E-14  1.91E-14  2.16E-15  7.61E-18
  1.44E+01  3.14E-14  7.99E-29  0.00E+00  5.03E-32  0.00E+00  1.06E-14  1.84E-14  2.39E-15  7.58E-18
  1.43E+01  3.09E-14  5.70E-29  0.00E+00  3.49E-32  0.00E+00  1.04E-14  1.79E-14  2.58E-15  7.56E-18
  1.42E+01  3.04E-14  4.05E-29  0.00E+00  2.40E-32  0.00E+00  1.02E-14  1.75E-14  2.68E-15  7.53E-18
  1.40E+01  2.97E-14  2.02E-29  0.00E+00  1.13E-32  0.00E+00  9.93E-15  1.68E-14  2.92E-15  7.48E-18
  1.38E+01  2.98E-14  9.85E-30  0.00E+00  5.15E-33  0.00E+00  9.63E-15  1.65E-14  3.67E-15  7.43E-18
  1.37E+01  3.05E-14  6.81E-30  0.00E+00  3.45E-33  0.00E+00  9.49E-15  1.66E-14  4.37E-15  7.40E-18
  1.36E+01  3.11E-14  4.70E-30  0.00E+00  2.30E-33  0.00E+00  9.35E-15  1.67E-14  5.05E-15  7.38E-18
  1.35E+01  3.14E-14  3.22E-30  0.00E+00  1.53E-33  0.00E+00  9.22E-15  1.68E-14  5.40E-15  7.35E-18
  1.34E+01  3.19E-14  2.20E-30  0.00E+00  1.01E-33  0.00E+00  9.09E-15  1.70E-14  5.84E-15  7.32E-18
  1.33E+01  3.29E-14  1.49E-30  0.00E+00  6.59E-34  0.00E+00  8.96E-15  1.72E-14  6.76E-15  7.29E-18
  1.32E+01  3.45E-14  1.01E-30  0.00E+00  4.28E-34  0.00E+00  8.83E-15  1.74E-14  8.33E-15  7.27E-18
  1.31E+01  3.72E-14  6.72E-31  0.00E+00  2.76E-34  0.00E+00  8.71E-15  1.76E-14  1.09E-14  7.24E-18
  1.29E+01  4.89E-14  2.94E-31  0.00E+00  1.12E-34  0.00E+00  8.47E-15  1.80E-14  2.24E-14  7.18E-18
  1.28E+01  5.96E-14  1.92E-31  0.00E+00  7.02E-35  0.00E+00  8.35E-15  1.83E-14  3.29E-14  7.15E-18
  1.27E+01  6.66E-14  1.25E-31  0.00E+00  4.40E-35  0.00E+00  8.24E-15  1.87E-14  3.97E-14  7.12E-18
  1.26E+01  6.13E-14  8.07E-32  0.00E+00  2.74E-35  0.00E+00  8.13E-15  1.90E-14  3.42E-14  7.09E-18
  1.25E+01  5.25E-14  5.17E-32  0.00E+00  1.68E-35  0.00E+00  8.02E-15  1.93E-14  2.52E-14  7.06E-18
  1.22E+01  4.74E-14  0.00E+00  0.00E+00  3.80E-36  0.00E+00  7.68E-15  2.02E-14  1.96E-14  6.97E-18
  1.21E+01  5.06E-14  0.00E+00  0.00E+00  2.27E-36  0.00E+00  7.57E-15  2.05E-14  2.25E-14  6.91E-18
  1.20E+01  5.32E-14  0.00E+00  0.00E+00  1.34E-36  0.00E+00  7.46E-15  2.09E-14  2.48E-14  6.85E-18
  1.19E+01  5.35E-14  0.00E+00  0.00E+00  7.88E-37  0.00E+00  7.36E-15  2.13E-14  2.48E-14  6.80E-18
  1.18E+01  5.36E-14  0.00E+00  0.00E+00  4.59E-37  0.00E+00  7.25E-15  2.17E-14  2.46E-14  6.74E-18
  1.17E+01  5.66E-14  0.00E+00  0.00E+00  2.64E-37  0.00E+00  7.15E-15  2.21E-14  2.73E-14  6.68E-18
  1.16E+01  6.46E-14  0.00E+00  0.00E+00  1.51E-37  0.00E+00  7.08E-15  2.24E-14  3.51E-14  6.63E-18
  1.15E+01  8.36E-14  0.00E+00  0.00E+00  8.48E-38  0.00E+00  9.72E-15  2.27E-14  5.12E-14  6.57E-18
  1.14E+01  1.07E-13  0.00E+00  0.00E+00  4.72E-38  0.00E+00  7.05E-15  2.31E-14  7.69E-14  6.51E-18
  1.13E+01  1.24E-13  0.00E+00  0.00E+00  2.60E-38  0.00E+00  6.88E-15  2.34E-14  9.37E-14  6.45E-18
  1.12E+01  1.06E-13  0.00E+00  0.00E+00  1.42E-38  0.00E+00  6.76E-15  2.38E-14  7.54E-14  6.40E-18
  1.11E+01  7.88E-14  0.00E+00  0.00E+00  7.64E-39  0.00E+00  6.66E-15  2.43E-14  4.78E-14  6.34E-18
  1.09E+01  5.14E-14  0.00E+00  0.00E+00  2.15E-39  0.00E+00  6.47E-15  2.51E-14  1.98E-14  6.23E-18
  1.05E+01  4.03E-14  0.00E+00  0.00E+00  1.49E-40  0.00E+00  6.13E-15  2.77E-14  6.52E-15  6.00E-18
  1.00E+01  3.74E-14  0.00E+00  0.00E+00  0.00E+00  0.00E+00  5.72E-15  2.84E-14  3.25E-15  5.71E-18
  9.80E+00  3.68E-14  0.00E+00  0.00E+00  0.00E+00  0.00E+00  5.56E-15  2.84E-14  2.81E-15  5.60E-18
  9.60E+00  3.64E-14  0.00E+00  0.00E+00  0.00E+00  0.00E+00  5.41E-15  2.84E-14  2.59E-15  5.48E-18
  9.50E+00  3.59E-14  0.00E+00  0.00E+00  0.00E+00  0.00E+00  5.34E-15  2.80E-14  2.54E-15  5.43E-18
  9.40E+00  3.51E-14  0.00E+00  0.00E+00  0.00E+00  0.00E+00  5.26E-15  2.73E-14  2.54E-15  5.37E-18
  9.20E+00  3.20E-14  0.00E+00  0.00E+00  0.00E+00  0.00E+00  5.11E-15  2.42E-14  2.70E-15  5.25E-18
  8.90E+00  2.66E-14  0.00E+00  0.00E+00  0.00E+00  0.00E+00  4.90E-15  1.78E-14  3.90E-15  5.08E-18
  8.70E+00  2.76E-14  0.00E+00  0.00E+00  0.00E+00  0.00E+00  4.75E-15  1.41E-14  8.68E-15  4.97E-18
  8.60E+00  3.04E-14  0.00E+00  0.00E+00  0.00E+00  0.00E+00  4.68E-15  1.27E-14  1.30E-14  4.91E-18
  8.50E+00  2.53E-14  0.00E+00  0.00E+00  0.00E+00  0.00E+00  4.61E-15  1.14E-14  9.28E-15  4.85E-18
  8.40E+00  2.13E-14  0.00E+00  0.00E+00  0.00E+00  0.00E+00  4.54E-15  1.02E-14  6.63E-15  4.80E-18
  8.20E+00  1.85E-14  0.00E+00  0.00E+00  0.00E+00  0.00E+00  4.39E-15  7.46E-15  6.69E-15  4.68E-18
  8.00E+00  1.88E-14  0.00E+00  0.00E+00  0.00E+00  0.00E+00  4.25E-15  4.86E-15  9.69E-15  4.57E-18
  7.90E+00  2.02E-14  0.00E+00  0.00E+00  0.00E+00  0.00E+00  4.18E-15  3.98E-15  1.20E-14  4.51E-18
  7.80E+00  2.16E-14  0.00E+00  0.00E+00  0.00E+00  0.00E+00  4.10E-15  3.16E-15  1.43E-14  4.45E-18
  7.70E+00  2.18E-14  0.00E+00  0.00E+00  0.00E+00  0.00E+00  4.02E-15  2.54E-15  1.53E-14  4.40E-18
  7.60E+00  2.02E-14  0.00E+00  0.00E+00  0.00E+00  0.00E+00  3.95E-15  2.10E-15  1.41E-14  4.34E-18
  7.50E+00  1.72E-14  0.00E+00  0.00E+00  0.00E+00  0.00E+00  3.87E-15  1.72E-15  1.16E-14  4.28E-18
  7.30E+00  1.22E-14  0.00E+00  0.00E+00  0.00E+00  0.00E+00  3.72E-15  1.37E-15  7.10E-15  4.10E-18
  7.20E+00  1.08E-14  0.00E+00  0.00E+00  0.00E+00  0.00E+00  3.65E-15  1.29E-15  5.87E-15  3.98E-18
  7.10E+00  1.05E-14  0.00E+00  0.00E+00  0.00E+00  0.00E+00  3.57E-15  1.22E-15  5.70E-15  3.86E-18
  7.00E+00  1.25E-14  0.00E+00  0.00E+00  0.00E+00  0.00E+00  3.49E-15  1.18E-15  7.87E-15  3.75E-18
  6.90E+00  9.11E-15  0.00E+00  0.00E+00  0.00E+00  0.00E+00  3.42E-15  1.14E-15  4.55E-15  3.63E-18
  6.80E+00  7.95E-15  0.00E+00  0.00E+00  0.00E+00  0.00E+00  3.34E-15  1.11E-15  3.49E-15  3.52E-18
  6.60E+00  7.51E-15  0.00E+00  0.00E+00  0.00E+00  0.00E+00  3.19E-15  1.06E-15  3.27E-15  3.31E-18
  6.40E+00  8.92E-15  0.00E+00  0.00E+00  0.00E+00  0.00E+00  3.03E-15  9.98E-16  4.90E-15  3.11E-18
  6.30E+00  1.15E-14  0.00E+00  0.00E+00  0.00E+00  0.00E+00  2.91E-15  9.68E-16  7.62E-15  3.01E-18
  6.20E+00  1.41E-14  0.00E+00  0.00E+00  0.00E+00  0.00E+00  2.88E-15  9.39E-16  1.03E-14  2.92E-18
  6.10E+00  1.10E-14  0.00E+00  0.00E+00  0.00E+00  0.00E+00  2.81E-15  9.07E-16  7.31E-15  2.82E-18
  5.90E+00  6.63E-15  0.00E+00  0.00E+00  0.00E+00  0.00E+00  2.65E-15  8.48E-16  3.13E-15  2.64E-18
  5.50E+00  5.52E-15  0.00E+00  0.00E+00  0.00E+00  0.00E+00  2.34E-15  7.48E-16  2.44E-15  2.31E-18
  5.30E+00  6.67E-15  0.00E+00  0.00E+00  0.00E+00  0.00E+00  2.18E-15  7.10E-16  3.78E-15  2.15E-18
  5.20E+00  8.72E-15  0.00E+00  0.00E+00  0.00E+00  0.00E+00  2.10E-15  6.91E-16  5.92E-15  2.08E-18
  5.10E+00  1.08E-14  0.00E+00  0.00E+00  0.00E+00  0.00E+00  2.03E-15  6.75E-16  8.05E-15  2.01E-18
  5.00E+00  8.24E-15  0.00E+00  0.00E+00  0.00E+00  0.00E+00  1.95E-15  6.60E-16  5.64E-15  1.94E-18
  4.80E+00  4.86E-15  0.00E+00  0.00E+00  0.00E+00  0.00E+00  1.79E-15  6.33E-16  2.44E-15  1.80E-18
  4.50E+00  3.83E-15  0.00E+00  0.00E+00  0.00E+00  0.00E+00  1.56E-15  5.98E-16  1.67E-15  1.61E-18
  4.00E+00  3.28E-15  0.00E+00  0.00E+00  0.00E+00  0.00E+00  1.20E-15  5.43E-16  1.54E-15  1.78E-18
  3.80E+00  3.16E-15  0.00E+00  0.00E+00  0.00E+00  0.00E+00  1.07E-15  5.18E-16  1.58E-15  1.84E-18
  3.60E+00  3.17E-15  0.00E+00  0.00E+00  0.00E+00  0.00E+00  9.38E-16  4.91E-16  1.74E-15  1.91E-18
  3.40E+00  4.54E-15  0.00E+00  0.00E+00  0.00E+00  0.00E+00  8.17E-16  4.62E-16  3.26E-15  1.96E-18
  3.30E+00  9.37E-15  0.00E+00  0.00E+00  0.00E+00  0.00E+00  7.59E-16  4.45E-16  8.17E-15  1.99E-18
  3.20E+00  4.05E-15  0.00E+00  0.00E+00  0.00E+00  0.00E+00  7.03E-16  4.28E-16  2.91E-15  2.02E-18
  3.15E+00  3.21E-15  0.00E+00  0.00E+00  0.00E+00  0.00E+00  6.75E-16  4.18E-16  2.11E-15  2.03E-18
  3.10E+00  2.83E-15  0.00E+00  0.00E+00  0.00E+00  0.00E+00  6.48E-16  4.09E-16  1.77E-15  2.04E-18
  3.08E+00  2.74E-15  0.00E+00  0.00E+00  0.00E+00  0.00E+00  6.37E-16  4.05E-16  1.69E-15  2.05E-18
  3.05E+00  2.62E-15  0.00E+00  0.00E+00  0.00E+00  0.00E+00  6.22E-16  4.00E-16  1.60E-15  2.05E-18
  3.00E+00  2.49E-15  0.00E+00  0.00E+00  0.00E+00  0.00E+00  5.96E-16  3.90E-16  1.50E-15  2.07E-18
  2.90E+00  2.30E-15  0.00E+00  0.00E+00  0.00E+00  0.00E+00  5.45E-16  3.71E-16  1.39E-15  2.09E-18
  2.80E+00  2.16E-15  0.00E+00  0.00E+00  0.00E+00  0.00E+00  4.95E-16  3.51E-16  1.32E-15  2.10E-18
  2.60E+00  1.92E-15  0.00E+00  0.00E+00  0.00E+00  0.00E+00  4.03E-16  3.09E-16  1.21E-15  2.25E-18
  2.50E+00  1.80E-15  0.00E+00  0.00E+00  0.00E+00  0.00E+00  3.59E-16  2.86E-16  1.15E-15  2.38E-18
  2.20E+00  1.43E-15  0.00E+00  0.00E+00  0.00E+00  0.00E+00  2.39E-16  2.16E-16  9.73E-16  2.81E-18
  2.16E+00  1.38E-15  0.00E+00  0.00E+00  0.00E+00  0.00E+00  2.25E-16  2.06E-16  9.46E-16  2.87E-18
  2.00E+00  1.17E-15  0.00E+00  0.00E+00  0.00E+00  0.00E+00  1.72E-16  1.68E-16  8.35E-16  3.10E-18
  1.66E+00  7.48E-16  0.00E+00  0.00E+00  0.00E+00  0.00E+00  8.13E-17  9.14E-17  5.75E-16  3.58E-18
  1.65E+00  7.33E-16  0.00E+00  0.00E+00  0.00E+00  0.00E+00  7.87E-17  8.90E-17  5.65E-16  3.59E-18
  1.25E+00  2.95E-16  0.00E+00  0.00E+00  0.00E+00  0.00E+00  1.87E-17  2.47E-17  2.52E-16  3.44E-18
  1.23E+00  2.82E-16  0.00E+00  0.00E+00  0.00E+00  0.00E+00  1.74E-17  2.31E-17  2.41E-16  3.42E-18
  1.13E+00  1.95E-16  0.00E+00  0.00E+00  0.00E+00  0.00E+00  9.87E-18  1.37E-17  1.71E-16  3.31E-18
  1.00E+00  1.09E-16  0.00E+00  0.00E+00  0.00E+00  0.00E+00  4.13E-18  5.97E-18  9.90E-17  3.14E-18
  9.50E-01  8.31E-17  0.00E+00  0.00E+00  0.00E+00  0.00E+00  2.76E-18  4.05E-18  7.63E-17  3.03E-18
  9.30E-01  7.38E-17  0.00E+00  0.00E+00  0.00E+00  0.00E+00  2.32E-18  3.43E-18  6.80E-17  2.99E-18
  9.20E-01  6.94E-17  0.00E+00  0.00E+00  0.00E+00  0.00E+00  2.12E-18  3.14E-18  6.41E-17  2.97E-18
  9.10E-01  6.51E-17  0.00E+00  0.00E+00  0.00E+00  0.00E+00  1.93E-18  2.87E-18  6.03E-17  2.94E-18
  9.00E-01  6.11E-17  0.00E+00  0.00E+00  0.00E+00  0.00E+00  1.76E-18  2.62E-18  5.67E-17  2.92E-18
  8.90E-01  5.71E-17  0.00E+00  0.00E+00  0.00E+00  0.00E+00  1.59E-18  2.39E-18  5.32E-17  2.90E-18
  8.80E-01  5.34E-17  0.00E+00  0.00E+00  0.00E+00  0.00E+00  1.44E-18  2.17E-18  4.98E-17  2.87E-18
  8.70E-01  4.98E-17  0.00E+00  0.00E+00  0.00E+00  0.00E+00  1.30E-18  1.96E-18  4.65E-17  2.85E-18
  8.60E-01  4.63E-17  0.00E+00  0.00E+00  0.00E+00  0.00E+00  1.17E-18  1.78E-18  4.34E-17  2.83E-18
  8.50E-01  4.30E-17  0.00E+00  0.00E+00  0.00E+00  0.00E+00  1.05E-18  1.60E-18  4.04E-17  2.80E-18
  8.40E-01  3.99E-17  0.00E+00  0.00E+00  0.00E+00  0.00E+00  9.44E-19  1.44E-18  3.75E-17  2.78E-18
  8.33E-01  3.78E-17  0.00E+00  0.00E+00  0.00E+00  0.00E+00  8.72E-19  1.33E-18  3.56E-17  2.76E-18
  8.20E-01  3.40E-17  0.00E+00  0.00E+00  0.00E+00  0.00E+00  7.50E-19  1.15E-18  3.21E-17  2.73E-18
  8.10E-01  3.13E-17  0.00E+00  0.00E+00  0.00E+00  0.00E+00  6.65E-19  1.03E-18  2.97E-17  2.71E-18
  8.00E-01  2.88E-17  0.00E+00  0.00E+00  0.00E+00  0.00E+00  5.88E-19  9.13E-19  2.73E-17  2.68E-18
  7.90E-01  2.64E-17  0.00E+00  0.00E+00  0.00E+00  0.00E+00  5.18E-19  8.09E-19  2.51E-17  2.66E-18
  7.80E-01  2.41E-17  0.00E+00  0.00E+00  0.00E+00  0.00E+00  4.55E-19  7.13E-19  2.29E-17  2.63E-18
  7.70E-01  2.20E-17  0.00E+00  0.00E+00  0.00E+00  0.00E+00  3.98E-19  6.27E-19  2.10E-17  2.61E-18
  7.60E-01  2.00E-17  0.00E+00  0.00E+00  0.00E+00  0.00E+00  3.47E-19  5.50E-19  1.91E-17  2.58E-18
  7.50E-01  1.81E-17  0.00E+00  0.00E+00  0.00E+00  0.00E+00  3.01E-19  4.80E-19  1.73E-17  2.56E-18
  7.40E-01  1.64E-17  0.00E+00  0.00E+00  0.00E+00  0.00E+00  2.60E-19  4.17E-19  1.57E-17  2.53E-18
  7.30E-01  1.47E-17  0.00E+00  0.00E+00  0.00E+00  0.00E+00  2.24E-19  3.61E-19  1.41E-17  2.50E-18
  7.14E-01  1.24E-17  0.00E+00  0.00E+00  0.00E+00  0.00E+00  1.74E-19  2.84E-19  1.19E-17  2.46E-18
  7.10E-01  1.18E-17  0.00E+00  0.00E+00  0.00E+00  0.00E+00  1.63E-19  2.67E-19  1.14E-17  2.45E-18
  7.00E-01  1.05E-17  0.00E+00  0.00E+00  0.00E+00  0.00E+00  1.38E-19  2.28E-19  1.02E-17  2.42E-18
  6.90E-01  9.35E-18  0.00E+00  0.00E+00  0.00E+00  0.00E+00  1.17E-19  1.94E-19  9.04E-18  2.40E-18
  6.80E-01  8.27E-18  0.00E+00  0.00E+00  0.00E+00  0.00E+00  9.80E-20  1.64E-19  8.01E-18  2.37E-18
  6.70E-01  7.28E-18  0.00E+00  0.00E+00  0.00E+00  0.00E+00  8.17E-20  1.38E-19  7.06E-18  2.34E-18
  6.60E-01  6.38E-18  0.00E+00  0.00E+00  0.00E+00  0.00E+00  6.77E-20  1.15E-19  6.20E-18  2.32E-18
  6.50E-01  5.57E-18  0.00E+00  0.00E+00  0.00E+00  0.00E+00  5.58E-20  9.56E-20  5.42E-18  2.29E-18
  6.40E-01  4.84E-18  0.00E+00  0.00E+00  0.00E+00  0.00E+00  4.57E-20  7.90E-20  4.71E-18  2.26E-18
  6.30E-01  4.18E-18  0.00E+00  0.00E+00  0.00E+00  0.00E+00  3.72E-20  6.48E-20  4.08E-18  2.23E-18
  6.25E-01  3.88E-18  0.00E+00  0.00E+00  0.00E+00  0.00E+00  3.34E-20  5.86E-20  3.78E-18  2.22E-18
  6.20E-01  3.59E-18  0.00E+00  0.00E+00  0.00E+00  0.00E+00  3.00E-20  5.28E-20  3.51E-18  2.20E-18
  6.10E-01  3.07E-18  0.00E+00  0.00E+00  0.00E+00  0.00E+00  2.40E-20  4.27E-20  3.00E-18  2.18E-18
  6.00E-01  2.61E-18  0.00E+00  0.00E+00  0.00E+00  0.00E+00  1.91E-20  3.43E-20  2.55E-18  2.12E-18
  5.90E-01  2.20E-18  0.00E+00  0.00E+00  0.00E+00  0.00E+00  1.50E-20  2.74E-20  2.16E-18  2.05E-18
  5.80E-01  1.85E-18  0.00E+00  0.00E+00  0.00E+00  0.00E+00  1.17E-20  2.16E-20  1.81E-18  1.98E-18
  5.70E-01  1.54E-18  0.00E+00  0.00E+00  0.00E+00  0.00E+00  9.05E-21  1.69E-20  1.51E-18  1.91E-18
  5.60E-01  1.27E-18  0.00E+00  0.00E+00  0.00E+00  0.00E+00  6.93E-21  1.31E-20  1.25E-18  1.85E-18
  5.50E-01  1.05E-18  0.00E+00  0.00E+00  0.00E+00  0.00E+00  5.24E-21  1.01E-20  1.03E-18  1.79E-18
  5.48E-01  1.41E-18  0.00E+00  0.00E+00  0.00E+00  0.00E+00  4.92E-21  9.50E-21  1.40E-18  1.77E-18
  5.40E-01  1.21E-18  0.00E+00  0.00E+00  0.00E+00  0.00E+00  3.94E-21  7.69E-21  1.20E-18  1.73E-18
  5.30E-01  9.82E-19  0.00E+00  0.00E+00  0.00E+00  0.00E+00  2.93E-21  5.78E-21  9.74E-19  1.67E-18
  5.20E-01  7.92E-19  0.00E+00  0.00E+00  0.00E+00  0.00E+00  2.15E-21  4.30E-21  7.85E-19  1.61E-18
  5.10E-01  6.32E-19  0.00E+00  0.00E+00  0.00E+00  0.00E+00  1.55E-21  3.16E-21  6.27E-19  1.55E-18
  5.00E-01  5.00E-19  0.00E+00  0.00E+00  0.00E+00  0.00E+00  1.11E-21  2.29E-21  4.97E-19  1.50E-18
  4.90E-01  3.92E-19  0.00E+00  0.00E+00  0.00E+00  0.00E+00  7.77E-22  1.64E-21  3.89E-19  1.44E-18
  4.88E-01  3.73E-19  0.00E+00  0.00E+00  0.00E+00  0.00E+00  7.23E-22  1.53E-21  3.70E-19  1.43E-18
  4.80E-01  3.04E-19  0.00E+00  0.00E+00  0.00E+00  0.00E+00  5.39E-22  1.15E-21  3.02E-19  1.39E-18
  4.76E-01  2.73E-19  0.00E+00  0.00E+00  0.00E+00  0.00E+00  4.64E-22  9.98E-22  2.72E-19  1.37E-18
  4.70E-01  2.33E-19  0.00E+00  0.00E+00  0.00E+00  0.00E+00  3.69E-22  8.00E-22  2.31E-19  1.32E-18
  4.65E-01  2.03E-19  0.00E+00  0.00E+00  0.00E+00  0.00E+00  3.03E-22  6.62E-22  2.02E-19  1.26E-18
  4.60E-01  1.76E-19  0.00E+00  0.00E+00  0.00E+00  0.00E+00  2.48E-22  5.46E-22  1.75E-19  1.20E-18
  4.55E-01  1.53E-19  0.00E+00  0.00E+00  0.00E+00  0.00E+00  2.02E-22  4.48E-22  1.52E-19  1.14E-18
  4.50E-01  1.32E-19  0.00E+00  0.00E+00  0.00E+00  0.00E+00  1.63E-22  3.66E-22  1.31E-19  1.09E-18
  4.44E-01  1.10E-19  0.00E+00  0.00E+00  0.00E+00  0.00E+00  1.26E-22  2.85E-22  1.09E-19  1.02E-18
  4.35E-01  8.30E-20  0.00E+00  0.00E+00  0.00E+00  0.00E+00  8.41E-23  1.93E-22  8.27E-20  9.35E-19
  4.17E-01  4.56E-20  0.00E+00  0.00E+00  0.00E+00  0.00E+00  3.56E-23  8.45E-23  4.55E-20  7.81E-19
  4.00E-01  2.47E-20  0.00E+00  0.00E+00  0.00E+00  0.00E+00  1.46E-23  3.60E-23  2.46E-20  6.57E-19
  3.85E-01  1.37E-20  0.00E+00  0.00E+00  0.00E+00  0.00E+00  6.21E-24  1.58E-23  1.37E-20  5.64E-19
  3.66E-01  6.00E-21  0.00E+00  0.00E+00  0.00E+00  0.00E+00  1.83E-24  4.95E-24  6.00E-21  4.62E-19
  3.57E-01  4.05E-21  0.00E+00  0.00E+00  0.00E+00  0.00E+00  1.02E-24  2.83E-24  4.05E-21  4.24E-19
  3.33E-01  1.23E-21  0.00E+00  0.00E+00  0.00E+00  0.00E+00  1.68E-25  5.07E-25  1.23E-21  3.33E-19
  3.13E-01  4.03E-22  0.00E+00  0.00E+00  0.00E+00  0.00E+00  3.07E-26  9.83E-26  4.03E-22  2.71E-19
  3.00E-01  1.84E-22  0.00E+00  0.00E+00  0.00E+00  0.00E+00  9.07E-27  2.99E-26  1.84E-22  2.37E-19
  2.94E-01  1.26E-22  0.00E+00  0.00E+00  0.00E+00  0.00E+00  4.97E-27  1.66E-26  1.26E-22  2.22E-19
  2.78E-01  4.38E-23  0.00E+00  0.00E+00  0.00E+00  0.00E+00  8.86E-28  3.07E-27  4.38E-23  1.96E-19
  2.63E-01  1.54E-23  0.00E+00  0.00E+00  0.00E+00  0.00E+00  1.50E-28  5.17E-28  1.54E-23  1.81E-19
  2.50E-01  6.05E-24  0.00E+00  0.00E+00  0.00E+00  0.00E+00  2.78E-29  9.22E-29  6.05E-24  1.68E-19
  2.38E-01  2.32E-24  0.00E+00  0.00E+00  0.00E+00  0.00E+00  5.46E-30  1.54E-29  2.32E-24  1.57E-19
  2.27E-01  6.53E-25  0.00E+00  0.00E+00  0.00E+00  0.00E+00  1.10E-30  2.61E-30  6.53E-25  1.47E-19
  2.17E-01  1.06E-25  0.00E+00  0.00E+00  0.00E+00  0.00E+00  2.10E-31  4.82E-31  1.06E-25  1.48E-19
  2.08E-01  1.42E-26  0.00E+00  0.00E+00  0.00E+00  0.00E+00  3.16E-32  1.02E-31  1.42E-26  1.54E-19
  2.00E-01  2.08E-27  0.00E+00  0.00E+00  0.00E+00  0.00E+00  0.00E+00  2.32E-32  2.08E-27  1.60E-19
  1.92E-01  2.82E-28  0.00E+00  0.00E+00  0.00E+00  0.00E+00  0.00E+00  0.00E+00  2.82E-28  1.65E-19
  1.85E-01  4.57E-29  0.00E+00  0.00E+00  0.00E+00  0.00E+00  0.00E+00  0.00E+00  4.57E-29  1.69E-19
  1.79E-01  9.07E-30  0.00E+00  0.00E+00  0.00E+00  0.00E+00  0.00E+00  0.00E+00  9.07E-30  1.66E-19
  1.72E-01  1.26E-30  0.00E+00  0.00E+00  0.00E+00  0.00E+00  0.00E+00  0.00E+00  1.26E-30  1.60E-19
  1.67E-01  2.90E-31  0.00E+00  0.00E+00  0.00E+00  0.00E+00  0.00E+00  0.00E+00  2.90E-31  1.55E-19
  1.61E-01  4.60E-32  0.00E+00  0.00E+00  0.00E+00  0.00E+00  0.00E+00  0.00E+00  4.60E-32  1.49E-19
  1.56E-01  0.00E+00  0.00E+00  0.00E+00  0.00E+00  0.00E+00  0.00E+00  0.00E+00  0.00E+00  1.45E-19
  1.52E-01  0.00E+00  0.00E+00  0.00E+00  0.00E+00  0.00E+00  0.00E+00  0.00E+00  0.00E+00  1.41E-19
  1.47E-01  0.00E+00  0.00E+00  0.00E+00  0.00E+00  0.00E+00  0.00E+00  0.00E+00  0.00E+00  1.34E-19
  1.43E-01  0.00E+00  0.00E+00  0.00E+00  0.00E+00  0.00E+00  0.00E+00  0.00E+00  0.00E+00  1.28E-19
  1.39E-01  0.00E+00  0.00E+00  0.00E+00  0.00E+00  0.00E+00  0.00E+00  0.00E+00  0.00E+00  1.22E-19
  1.35E-01  0.00E+00  0.00E+00  0.00E+00  0.00E+00  0.00E+00  0.00E+00  0.00E+00  0.00E+00  1.16E-19
  1.32E-01  0.00E+00  0.00E+00  0.00E+00  0.00E+00  0.00E+00  0.00E+00  0.00E+00  0.00E+00  1.11E-19
  1.28E-01  0.00E+00  0.00E+00  0.00E+00  0.00E+00  0.00E+00  0.00E+00  0.00E+00  0.00E+00  1.05E-19
  1.25E-01  0.00E+00  0.00E+00  0.00E+00  0.00E+00  0.00E+00  0.00E+00  0.00E+00  0.00E+00  1.00E-19
  1.22E-01  0.00E+00  0.00E+00  0.00E+00  0.00E+00  0.00E+00  0.00E+00  0.00E+00  0.00E+00  9.58E-20
  1.19E-01  0.00E+00  0.00E+00  0.00E+00  0.00E+00  0.00E+00  0.00E+00  0.00E+00  0.00E+00  9.11E-20
  1.16E-01  0.00E+00  0.00E+00  0.00E+00  0.00E+00  0.00E+00  0.00E+00  0.00E+00  0.00E+00  8.65E-20
  1.14E-01  0.00E+00  0.00E+00  0.00E+00  0.00E+00  0.00E+00  0.00E+00  0.00E+00  0.00E+00  8.35E-20
  1.11E-01  0.00E+00  0.00E+00  0.00E+00  0.00E+00  0.00E+00  0.00E+00  0.00E+00  0.00E+00  7.92E-20
  1.08E-01  0.00E+00  0.00E+00  0.00E+00  0.00E+00  0.00E+00  0.00E+00  0.00E+00  0.00E+00  7.25E-20
  1.05E-01  0.00E+00  0.00E+00  0.00E+00  0.00E+00  0.00E+00  0.00E+00  0.00E+00  0.00E+00  6.64E-20
  1.03E-01  0.00E+00  0.00E+00  0.00E+00  0.00E+00  0.00E+00  0.00E+00  0.00E+00  0.00E+00  6.25E-20
  1.00E-01  0.00E+00  0.00E+00  0.00E+00  0.00E+00  0.00E+00  0.00E+00  0.00E+00  0.00E+00  5.71E-20
  9.75E-02  0.00E+00  0.00E+00  0.00E+00  0.00E+00  0.00E+00  0.00E+00  0.00E+00  0.00E+00  5.15E-20
  9.50E-02  0.00E+00  0.00E+00  0.00E+00  0.00E+00  0.00E+00  0.00E+00  0.00E+00  0.00E+00  4.65E-20
  9.25E-02  0.00E+00  0.00E+00  0.00E+00  0.00E+00  0.00E+00  0.00E+00  0.00E+00  0.00E+00  4.19E-20
  9.08E-02  0.00E+00  0.00E+00  0.00E+00  0.00E+00  0.00E+00  0.00E+00  0.00E+00  0.00E+00  3.90E-20
