#  wel (mu)   tau/tauV  E(w-V)/E(B-V)  E(w-V)| Rv_mod, Ebv =    3.150    0.391
   1.000E+04  1.384E-06 -3.150E+00 -1.231E+00
   2.159E+00  1.876E-01 -2.559E+00 -9.998E-01
   1.662E+00  2.382E-01 -2.400E+00 -9.376E-01
   1.235E+00  3.152E-01 -2.157E+00 -8.428E-01
   5.477E-01  1.000E+00  0.000E+00  0.000E+00
   4.440E-01  1.317E+00  1.000E+00  3.907E-01
   3.656E-01  1.622E+00  1.961E+00  7.662E-01
   2.780E-01  2.006E+00  3.170E+00  1.239E+00
   2.630E-01  2.117E+00  3.518E+00  1.375E+00
   2.500E-01  2.274E+00  4.012E+00  1.568E+00
   2.380E-01  2.546E+00  4.871E+00  1.903E+00
   2.270E-01  2.876E+00  5.910E+00  2.309E+00
   2.170E-01  3.078E+00  6.547E+00  2.558E+00
   2.080E-01  3.067E+00  6.512E+00  2.544E+00
   2.000E-01  2.936E+00  6.098E+00  2.382E+00
   1.920E-01  2.772E+00  5.582E+00  2.181E+00
   1.850E-01  2.675E+00  5.278E+00  2.062E+00
   1.790E-01  2.629E+00  5.131E+00  2.005E+00
   1.720E-01  2.627E+00  5.125E+00  2.002E+00
   1.670E-01  2.650E+00  5.198E+00  2.031E+00
   1.610E-01  2.725E+00  5.433E+00  2.123E+00
   1.560E-01  2.828E+00  5.758E+00  2.249E+00
   1.520E-01  2.945E+00  6.128E+00  2.394E+00
   1.470E-01  3.115E+00  6.663E+00  2.603E+00
   1.430E-01  3.267E+00  7.141E+00  2.790E+00
   1.390E-01  3.385E+00  7.514E+00  2.936E+00
   1.350E-01  3.499E+00  7.874E+00  3.076E+00
   1.320E-01  3.591E+00  8.161E+00  3.188E+00
   1.280E-01  3.729E+00  8.596E+00  3.359E+00
   1.250E-01  3.849E+00  8.974E+00  3.506E+00
   1.190E-01  4.168E+00  9.980E+00  3.899E+00
   1.160E-01  4.364E+00  1.060E+01  4.141E+00
   1.140E-01  4.510E+00  1.106E+01  4.320E+00
   1.110E-01  4.749E+00  1.181E+01  4.615E+00
   1.080E-01  5.100E+00  1.292E+01  5.046E+00
   1.050E-01  5.540E+00  1.430E+01  5.587E+00
   1.030E-01  5.925E+00  1.551E+01  6.061E+00
   1.000E-01  6.478E+00  1.726E+01  6.743E+00
   9.750E-02  6.985E+00  1.886E+01  7.367E+00
   9.500E-02  7.541E+00  2.061E+01  8.051E+00
   9.250E-02  8.043E+00  2.219E+01  8.669E+00
   9.080E-02  8.330E+00  2.309E+01  9.022E+00
