 # Polarisation optical depth (Siebenmorgen 2023, A&A 670A,115; SC 2023 doi: 10.48550/arXiv.2311.03310)
 # wel         sigp_aC     sigp_Si      sigp_dark    sigt
 #----------------------------------------------------------------------------------------
   1.000E+00   1.731E-09   7.728E-09   2.880E-08   1.569E-06
   9.000E-01   2.028E-09   9.123E-09   3.352E-08   1.839E-06
   8.000E-01   2.423E-09   1.099E-08   3.972E-08   2.197E-06
   7.000E-01   2.967E-09   1.358E-08   4.819E-08   2.686E-06
   6.000E-01   3.756E-09   1.735E-08   6.031E-08   3.395E-06
   5.500E-01   4.294E-09   1.993E-08   6.850E-08   3.877E-06
   5.000E-01   4.975E-09   2.321E-08   7.876E-08   4.482E-06
   4.500E-01   5.859E-09   2.747E-08   9.199E-08   5.271E-06
   4.000E-01   7.043E-09   3.319E-08   1.095E-07   6.314E-06
   3.500E-01   8.690E-09   4.115E-08   1.336E-07   7.770E-06
   3.000E-01   1.110E-08   5.278E-08   1.682E-07   9.858E-06
   2.500E-01   1.487E-08   7.093E-08   2.215E-07   1.311E-05
   2.098E-01   1.975E-08   9.429E-08   2.892E-07   1.726E-05
   1.500E-01   3.435E-08   1.632E-07   4.855E-07   2.943E-05
   1.382E-01   3.940E-08   1.866E-07   5.519E-07   3.358E-05
   1.320E-01   4.257E-08   2.012E-07   5.932E-07   3.616E-05
   1.150E-01   5.377E-08   2.525E-07   7.377E-07   4.520E-05
   1.000E-01   6.839E-08   3.175E-07   9.226E-07   5.674E-05
   9.970E-02   6.875E-08   3.191E-07   9.271E-07   5.702E-05
   8.670E-02   8.657E-08   4.025E-07   1.151E-06   7.139E-05
   8.500E-02   8.967E-08   4.160E-07   1.191E-06   7.382E-05
   7.500E-02   1.138E-07   5.117E-07   1.487E-06   9.170E-05
   6.000E-02   1.674E-07   7.394E-07   2.107E-06   1.315E-04
   5.500E-02   1.939E-07   8.291E-07   2.429E-06   1.506E-04
   5.000E-02   2.308E-07   1.029E-06   2.876E-06   1.809E-04
   4.500E-02   2.844E-07   1.365E-06   3.506E-06   2.265E-04
   4.000E-02   3.653E-07   1.828E-06   4.394E-06   2.906E-04
   3.500E-02   4.580E-07   2.787E-06   5.381E-06   3.882E-04
   3.000E-02   6.465E-07   4.352E-06   7.336E-06   5.609E-04
   2.750E-02   7.716E-07   5.477E-06   8.526E-06   6.786E-04
   2.500E-02   9.290E-07   6.971E-06   1.014E-05   8.366E-04
   2.400E-02   1.020E-06   7.714E-06   1.087E-05   9.131E-04
   2.000E-02   1.493E-06   1.195E-05   1.514E-05   1.351E-03
   1.800E-02   1.860E-06   1.475E-05   1.848E-05   1.670E-03
   1.600E-02   2.474E-06   1.823E-05   2.308E-05   2.099E-03
   1.500E-02   2.951E-06   2.037E-05   2.605E-05   2.375E-03
   1.400E-02   3.357E-06   2.276E-05   2.880E-05   2.667E-03
   1.200E-02   5.133E-06   2.869E-05   3.817E-05   3.534E-03
   1.000E-02   7.800E-06   3.729E-05   5.115E-05   4.826E-03
   9.000E-03   1.040E-05   4.212E-05   6.152E-05   5.766E-03
   8.000E-03   1.381E-05   4.866E-05   7.146E-05   6.903E-03
   7.500E-03   1.617E-05   5.373E-05   8.034E-05   7.773E-03
   7.000E-03   1.954E-05   6.006E-05   8.916E-05   8.825E-03
   6.000E-03   2.808E-05   7.648E-05   1.121E-04   1.163E-02
   5.000E-03   3.992E-05   1.073E-04   1.446E-04   1.638E-02
   4.500E-03   4.896E-05   1.295E-04   1.683E-04   2.009E-02
   4.000E-03   5.770E-05   1.562E-04   1.964E-04   2.505E-02
   3.500E-03   6.885E-05   1.847E-04   2.360E-04   3.151E-02
   3.000E-03   8.289E-05   2.100E-04   2.920E-04   4.016E-02
   2.750E-03   8.908E-05   2.183E-04   3.265E-04   4.524E-02
   2.500E-03   9.363E-05   2.242E-04   3.665E-04   5.134E-02
   2.400E-03   9.619E-05   2.257E-04   3.848E-04   5.417E-02
   2.350E-03   9.771E-05   2.267E-04   3.949E-04   5.581E-02
   2.320E-03   9.845E-05   2.274E-04   4.004E-04   5.680E-02
   2.310E-03   9.871E-05   2.277E-04   4.023E-04   5.714E-02
   2.300E-03   9.899E-05   2.278E-04   4.042E-04   5.748E-02
   2.250E-03   9.992E-05   2.292E-04   4.146E-04   5.934E-02
   2.200E-03   1.008E-04   2.305E-04   4.248E-04   6.140E-02
   2.150E-03   1.022E-04   2.315E-04   4.344E-04   6.355E-02
   2.120E-03   1.030E-04   2.311E-04   4.404E-04   6.491E-02
   2.110E-03   1.032E-04   2.310E-04   4.423E-04   6.537E-02
   2.100E-03   1.033E-04   2.307E-04   4.440E-04   6.584E-02
   2.080E-03   1.034E-04   2.296E-04   4.467E-04   6.669E-02
   2.000E-03   1.037E-04   2.245E-04   4.601E-04   7.039E-02
   1.950E-03   1.046E-04   2.179E-04   4.639E-04   7.270E-02
   1.900E-03   1.061E-04   2.085E-04   4.639E-04   7.452E-02
   1.850E-03   1.076E-04   1.959E-04   4.572E-04   7.548E-02
   1.830E-03   1.084E-04   1.900E-04   4.528E-04   7.564E-02
   1.820E-03   1.085E-04   1.869E-04   4.499E-04   7.562E-02
   1.810E-03   1.087E-04   1.836E-04   4.472E-04   7.549E-02
   1.800E-03   1.090E-04   1.803E-04   4.445E-04   7.538E-02
   1.750E-03   1.106E-04   1.615E-04   4.288E-04   7.402E-02
   1.700E-03   1.110E-04   1.408E-04   4.105E-04   7.113E-02
   1.670E-03   1.123E-04   1.282E-04   4.019E-04   6.899E-02
   1.650E-03   1.135E-04   1.199E-04   3.966E-04   6.735E-02
   1.640E-03   1.139E-04   1.158E-04   3.935E-04   6.645E-02
   1.630E-03   1.144E-04   1.117E-04   3.905E-04   6.553E-02
   1.610E-03   1.150E-04   1.039E-04   3.854E-04   6.356E-02
   1.600E-03   1.154E-04   1.000E-04   3.831E-04   6.255E-02
   1.590E-03   1.158E-04   9.639E-05   3.807E-04   6.153E-02
   1.580E-03   1.161E-04   9.294E-05   3.787E-04   6.052E-02
   1.570E-03   1.162E-04   8.965E-05   3.765E-04   5.947E-02
   1.560E-03   1.168E-04   8.677E-05   3.752E-04   5.852E-02
   1.540E-03   1.179E-04   8.204E-05   3.728E-04   5.682E-02
   1.520E-03   1.182E-04   7.899E-05   3.699E-04   5.528E-02
   1.510E-03   1.183E-04   7.817E-05   3.686E-04   5.464E-02
   1.500E-03   1.182E-04   7.773E-05   3.676E-04   5.407E-02
   1.450E-03   1.191E-04   7.973E-05   3.705E-04   5.239E-02
   1.440E-03   1.195E-04   8.064E-05   3.723E-04   5.227E-02
   1.430E-03   1.198E-04   8.138E-05   3.762E-04   5.234E-02
   1.420E-03   1.201E-04   8.209E-05   3.802E-04   5.240E-02
   1.400E-03   1.209E-04   8.376E-05   3.918E-04   5.296E-02
   1.380E-03   1.216E-04   8.531E-05   4.069E-04   5.393E-02
   1.370E-03   1.219E-04   8.619E-05   4.167E-04   5.472E-02
   1.360E-03   1.224E-04   8.706E-05   4.277E-04   5.562E-02
   1.350E-03   1.230E-04   8.816E-05   4.389E-04   5.657E-02
   1.340E-03   1.236E-04   8.925E-05   4.505E-04   5.767E-02
   1.330E-03   1.239E-04   9.062E-05   4.620E-04   5.883E-02
   1.320E-03   1.245E-04   9.205E-05   4.741E-04   6.003E-02
   1.310E-03   1.246E-04   9.372E-05   4.859E-04   6.131E-02
   1.290E-03   1.244E-04   9.777E-05   5.101E-04   6.399E-02
   1.280E-03   1.243E-04   9.992E-05   5.238E-04   6.560E-02
   1.270E-03   1.247E-04   1.017E-04   5.383E-04   6.719E-02
   1.260E-03   1.249E-04   1.043E-04   5.524E-04   6.882E-02
   1.250E-03   1.250E-04   1.078E-04   5.658E-04   7.052E-02
   1.220E-03   1.270E-04   1.288E-04   6.101E-04   7.703E-02
   1.210E-03   1.272E-04   1.428E-04   6.243E-04   8.006E-02
   1.200E-03   1.272E-04   1.594E-04   6.389E-04   8.347E-02
   1.190E-03   1.281E-04   1.768E-04   6.548E-04   8.718E-02
   1.180E-03   1.287E-04   1.934E-04   6.673E-04   9.087E-02
   1.170E-03   1.291E-04   2.079E-04   6.797E-04   9.453E-02
   1.160E-03   1.296E-04   2.198E-04   6.904E-04   9.792E-02
   1.150E-03   1.296E-04   2.294E-04   6.998E-04   1.014E-01
   1.140E-03   1.295E-04   2.372E-04   7.099E-04   1.045E-01
   1.130E-03   1.295E-04   2.436E-04   7.205E-04   1.077E-01
   1.120E-03   1.295E-04   2.491E-04   7.299E-04   1.108E-01
   1.110E-03   1.295E-04   2.542E-04   7.385E-04   1.139E-01
   1.090E-03   1.298E-04   2.633E-04   7.526E-04   1.202E-01
   1.050E-03   1.317E-04   2.738E-04   7.670E-04   1.354E-01
   1.000E-03   1.349E-04   2.709E-04   6.957E-04   1.483E-01
   9.800E-04   1.365E-04   2.605E-04   6.637E-04   1.526E-01
   9.600E-04   1.377E-04   2.430E-04   6.164E-04   1.557E-01
   9.500E-04   1.389E-04   2.322E-04   5.831E-04   1.560E-01
   9.400E-04   1.390E-04   2.207E-04   5.438E-04   1.548E-01
   9.200E-04   1.399E-04   1.977E-04   4.603E-04   1.472E-01
   8.900E-04   1.420E-04   1.628E-04   3.668E-04   1.277E-01
   8.700E-04   1.416E-04   1.432E-04   3.320E-04   1.147E-01
   8.600E-04   1.426E-04   1.346E-04   3.215E-04   1.094E-01
   8.500E-04   1.427E-04   1.256E-04   3.108E-04   1.043E-01
   8.400E-04   1.438E-04   1.162E-04   3.000E-04   9.911E-02
   8.200E-04   1.433E-04   9.668E-05   2.743E-04   8.624E-02
   8.000E-04   1.441E-04   8.043E-05   2.572E-04   7.312E-02
   7.900E-04   1.450E-04   7.457E-05   2.582E-04   6.880E-02
   7.800E-04   1.446E-04   6.981E-05   2.571E-04   6.459E-02
   7.700E-04   1.442E-04   6.571E-05   2.590E-04   6.135E-02
   7.600E-04   1.439E-04   6.212E-05   2.637E-04   5.909E-02
   7.500E-04   1.435E-04   5.888E-05   2.690E-04   5.712E-02
   7.300E-04   1.444E-04   5.394E-05   2.877E-04   5.591E-02
   7.200E-04   1.440E-04   5.258E-05   2.957E-04   5.589E-02
   7.100E-04   1.438E-04   5.182E-05   3.051E-04   5.607E-02
   7.000E-04   1.448E-04   5.095E-05   3.152E-04   5.669E-02
   6.900E-04   1.441E-04   4.936E-05   3.224E-04   5.694E-02
   6.800E-04   1.412E-04   4.717E-05   3.281E-04   5.669E-02
   6.600E-04   1.425E-04   4.328E-05   3.508E-04   5.773E-02
   6.400E-04   1.466E-04   3.821E-05   3.752E-04   5.935E-02
   6.300E-04   1.489E-04   3.608E-05   3.855E-04   6.032E-02
   6.200E-04   1.486E-04   3.586E-05   3.934E-04   6.116E-02
   6.100E-04   1.496E-04   3.589E-05   4.034E-04   6.225E-02
   5.900E-04   1.543E-04   2.996E-05   4.256E-04   6.429E-02
   5.500E-04   1.442E-04   2.330E-05   4.507E-04   6.601E-02
   5.300E-04   1.457E-04   2.132E-05   4.775E-04   6.899E-02
   5.200E-04   1.457E-04   2.033E-05   4.900E-04   7.049E-02
   5.100E-04   1.471E-04   1.931E-05   5.046E-04   7.240E-02
   5.000E-04   1.484E-04   1.832E-05   5.185E-04   7.435E-02
   4.800E-04   1.497E-04   1.685E-05   5.451E-04   7.840E-02
   4.500E-04   1.532E-04   1.519E-05   5.849E-04   8.573E-02
   4.000E-04   1.580E-04   1.367E-05   6.603E-04   1.006E-01
   3.800E-04   1.614E-04   1.361E-05   6.952E-04   1.080E-01
   3.600E-04   1.652E-04   1.397E-05   7.316E-04   1.162E-01
   3.400E-04   1.725E-04   1.492E-05   7.637E-04   1.257E-01
   3.300E-04   1.717E-04   1.566E-05   7.772E-04   1.301E-01
   3.200E-04   1.730E-04   1.659E-05   7.955E-04   1.353E-01
   3.150E-04   1.750E-04   1.718E-05   8.050E-04   1.382E-01
   3.100E-04   1.769E-04   1.783E-05   8.138E-04   1.411E-01
   3.080E-04   1.775E-04   1.811E-05   8.171E-04   1.422E-01
   3.050E-04   1.782E-04   1.855E-05   8.223E-04   1.439E-01
   3.000E-04   1.797E-04   1.938E-05   8.317E-04   1.470E-01
   2.900E-04   1.838E-04   2.132E-05   8.499E-04   1.532E-01
   2.800E-04   1.857E-04   2.375E-05   8.678E-04   1.596E-01
   2.600E-04   1.941E-04   3.057E-05   9.049E-04   1.741E-01
   2.500E-04   2.005E-04   3.531E-05   9.228E-04   1.821E-01
   2.200E-04   2.287E-04   5.857E-05   9.728E-04   2.088E-01
   2.159E-04   2.326E-04   6.330E-05   9.776E-04   2.127E-01
   2.000E-04   2.557E-04   8.731E-05   9.967E-04   2.291E-01
   1.662E-04   3.284E-04   1.930E-04   1.010E-03   2.700E-01
   1.650E-04   3.319E-04   1.990E-04   1.009E-03   2.717E-01
   1.250E-04   5.258E-04   6.128E-04   9.289E-04   3.527E-01
   1.235E-04   5.365E-04   6.405E-04   9.226E-04   3.573E-01
   1.130E-04   6.187E-04   8.714E-04   8.699E-04   3.950E-01
   1.000E-04   7.407E-04   1.267E-03   7.783E-04   4.614E-01
   9.500E-05   7.894E-04   1.463E-03   7.342E-04   4.953E-01
   9.300E-05   8.087E-04   1.549E-03   7.157E-04   5.106E-01
   9.200E-05   8.184E-04   1.594E-03   7.062E-04   5.186E-01
   9.100E-05   8.280E-04   1.640E-03   6.966E-04   5.269E-01
   9.000E-05   8.377E-04   1.688E-03   6.871E-04   5.356E-01
   8.900E-05   8.475E-04   1.736E-03   6.776E-04   5.445E-01
   8.800E-05   8.576E-04   1.786E-03   6.682E-04   5.538E-01
   8.700E-05   8.678E-04   1.837E-03   6.588E-04   5.635E-01
   8.600E-05   8.782E-04   1.888E-03   6.494E-04   5.735E-01
   8.500E-05   8.891E-04   1.941E-03   6.401E-04   5.839E-01
   8.400E-05   9.005E-04   1.994E-03   6.306E-04   5.946E-01
   8.330E-05   9.087E-04   2.031E-03   6.240E-04   6.024E-01
   8.200E-05   9.245E-04   2.102E-03   6.116E-04   6.174E-01
   8.100E-05   9.371E-04   2.157E-03   6.020E-04   6.293E-01
   8.000E-05   9.502E-04   2.212E-03   5.921E-04   6.417E-01
   7.900E-05   9.636E-04   2.268E-03   5.820E-04   6.545E-01
   7.800E-05   9.772E-04   2.325E-03   5.716E-04   6.677E-01
   7.700E-05   9.910E-04   2.383E-03   5.608E-04   6.813E-01
   7.600E-05   1.005E-03   2.443E-03   5.495E-04   6.954E-01
   7.500E-05   1.019E-03   2.505E-03   5.377E-04   7.098E-01
   7.400E-05   1.032E-03   2.568E-03   5.257E-04   7.246E-01
   7.300E-05   1.046E-03   2.634E-03   5.133E-04   7.398E-01
   7.140E-05   1.067E-03   2.745E-03   4.926E-04   7.651E-01
   7.100E-05   1.072E-03   2.774E-03   4.874E-04   7.716E-01
   7.000E-05   1.085E-03   2.848E-03   4.744E-04   7.882E-01
   6.900E-05   1.097E-03   2.925E-03   4.613E-04   8.054E-01
   6.800E-05   1.110E-03   3.003E-03   4.485E-04   8.232E-01
   6.700E-05   1.123E-03   3.083E-03   4.361E-04   8.417E-01
   6.600E-05   1.135E-03   3.162E-03   4.239E-04   8.608E-01
   6.500E-05   1.148E-03   3.241E-03   4.121E-04   8.807E-01
   6.400E-05   1.161E-03   3.317E-03   4.007E-04   9.014E-01
   6.300E-05   1.174E-03   3.391E-03   3.893E-04   9.229E-01
   6.250E-05   1.181E-03   3.427E-03   3.836E-04   9.340E-01
   6.200E-05   1.187E-03   3.463E-03   3.779E-04   9.453E-01
   6.100E-05   1.200E-03   3.534E-03   3.663E-04   9.685E-01
   6.000E-05   1.212E-03   3.605E-03   3.542E-04   9.926E-01
   5.900E-05   1.225E-03   3.681E-03   3.417E-04   1.018E+00
   5.800E-05   1.236E-03   3.762E-03   3.287E-04   1.043E+00
   5.700E-05   1.248E-03   3.851E-03   3.154E-04   1.070E+00
   5.600E-05   1.258E-03   3.949E-03   3.019E-04   1.098E+00
   5.500E-05   1.267E-03   4.053E-03   2.886E-04   1.126E+00
   5.477E-05   1.269E-03   4.078E-03   2.856E-04   1.134E+00
   5.400E-05   1.275E-03   4.164E-03   2.756E-04   1.156E+00
   5.300E-05   1.281E-03   4.277E-03   2.631E-04   1.187E+00
   5.200E-05   1.286E-03   4.389E-03   2.513E-04   1.218E+00
   5.100E-05   1.289E-03   4.494E-03   2.400E-04   1.251E+00
   5.000E-05   1.291E-03   4.593E-03   2.292E-04   1.284E+00
   4.900E-05   1.290E-03   4.683E-03   2.187E-04   1.319E+00
   4.880E-05   1.290E-03   4.701E-03   2.166E-04   1.326E+00
   4.800E-05   1.287E-03   4.771E-03   2.083E-04   1.355E+00
   4.760E-05   1.285E-03   4.807E-03   2.041E-04   1.370E+00
   4.700E-05   1.282E-03   4.860E-03   1.978E-04   1.392E+00
   4.650E-05   1.279E-03   4.905E-03   1.926E-04   1.411E+00
   4.600E-05   1.275E-03   4.952E-03   1.875E-04   1.430E+00
   4.550E-05   1.271E-03   5.003E-03   1.821E-04   1.450E+00
   4.500E-05   1.266E-03   5.058E-03   1.770E-04   1.469E+00
   4.440E-05   1.259E-03   5.129E-03   1.710E-04   1.493E+00
   4.350E-05   1.247E-03   5.249E-03   1.625E-04   1.530E+00
   4.170E-05   1.217E-03   5.479E-03   1.470E-04   1.608E+00
   4.000E-05   1.179E-03   5.645E-03   1.335E-04   1.684E+00
   3.850E-05   1.138E-03   5.793E-03   1.216E-04   1.752E+00
   3.656E-05   1.072E-03   6.024E-03   1.078E-04   1.839E+00
   3.570E-05   1.038E-03   6.113E-03   1.011E-04   1.879E+00
   3.330E-05   9.305E-04   6.360E-03   8.574E-05   1.990E+00
   3.130E-05   8.257E-04   6.545E-03   7.441E-05   2.084E+00
   3.000E-05   7.522E-04   6.650E-03   6.647E-05   2.150E+00
   2.940E-05   7.177E-04   6.822E-03   6.341E-05   2.181E+00
   2.780E-05   6.191E-04   7.019E-03   5.626E-05   2.274E+00
   2.630E-05   5.296E-04   7.135E-03   4.914E-05   2.400E+00
   2.500E-05   4.599E-04   7.388E-03   4.453E-05   2.577E+00
   2.380E-05   3.983E-04   7.540E-03   3.979E-05   2.886E+00
   2.270E-05   3.411E-04   7.492E-03   3.636E-05   3.260E+00
   2.170E-05   2.992E-04   7.424E-03   3.400E-05   3.490E+00
   2.080E-05   2.629E-04   7.584E-03   3.018E-05   3.477E+00
   2.000E-05   2.337E-04   7.141E-03   2.855E-05   3.328E+00
   1.920E-05   2.153E-04   6.216E-03   2.542E-05   3.142E+00
   1.850E-05   2.015E-04   5.693E-03   2.239E-05   3.033E+00
   1.790E-05   1.849E-04   5.202E-03   2.064E-05   2.980E+00
   1.720E-05   1.665E-04   4.634E-03   1.701E-05   2.978E+00
   1.670E-05   1.543E-04   4.200E-03   1.353E-05   3.004E+00
   1.610E-05   1.387E-04   3.649E-03   1.037E-05   3.089E+00
   1.560E-05   1.259E-04   3.169E-03   6.215E-06   3.205E+00
   1.520E-05   1.162E-04   2.756E-03   4.169E-06   3.339E+00
   1.470E-05   1.058E-04   2.242E-03   7.354E-06   3.531E+00
   1.430E-05   9.947E-05   1.836E-03   1.250E-05   3.703E+00
   1.390E-05   9.593E-05   1.526E-03   1.559E-05   3.837E+00
   1.350E-05   9.522E-05   1.255E-03   1.646E-05   3.967E+00
   1.320E-05   9.680E-05   1.087E-03   1.833E-05   4.070E+00
   1.280E-05   1.019E-04   9.241E-04   2.022E-05   4.227E+00
   1.250E-05   1.094E-04   8.734E-04   2.023E-05   4.363E+00
   1.220E-05   1.211E-04   8.182E-04   2.128E-05   4.525E+00
   1.190E-05   1.363E-04   7.494E-04   2.140E-05   4.725E+00
   1.160E-05   1.510E-04   6.840E-04   2.268E-05   4.947E+00
   1.140E-05   1.601E-04   6.360E-04   2.439E-05   5.112E+00
   1.110E-05   1.726E-04   5.827E-04   2.249E-05   5.384E+00
   1.080E-05   1.836E-04   5.535E-04   2.220E-05   5.781E+00
   1.050E-05   1.929E-04   5.572E-04   2.356E-05   6.280E+00
   1.030E-05   1.983E-04   5.794E-04   2.227E-05   6.716E+00
   1.000E-05   2.046E-04   6.452E-04   2.344E-05   7.344E+00
   9.750E-06   2.087E-04   7.469E-04   2.069E-05   7.919E+00
   9.500E-06   2.116E-04   8.847E-04   2.174E-05   8.548E+00
   9.250E-06   2.131E-04   1.028E-03   1.839E-05   9.118E+00
   9.080E-06   2.134E-04   1.123E-03   1.858E-05   9.443E+00
