 # Optical depth (Siebenmorgen 2023, A&A 670A,115; SC 2023 doi: 10.48550/arXiv.2311.03310)
 # wel(cm) sa_aC    ss_aC    sa_Si    ss_Si    sa_vgr   ss_vgr   sa_vsi   ss_vsi   s_pahS+B sa_Dark  ss_Dark sigt
 # --------------------------------------------------------------------------------------------------------------
 1.000E+00 1.46E-07 6.12E-17 3.39E-07 4.94E-17 6.09E-09 4.27E-23 1.41E-07 1.77E-22 8.22E-12 1.48E-07 3.50E-16 7.812E-07
 2.159E-04 4.19E-02 5.03E-03 2.83E-04 4.83E-03 4.91E-03 1.37E-08 6.46E-03 1.91E-08 9.58E-05 8.29E-03 1.39E-02 8.574E-02
 1.662E-04 5.14E-02 1.34E-02 2.02E-04 1.38E-02 7.33E-03 3.82E-08 7.93E-03 5.48E-08 1.85E-04 1.06E-02 2.49E-02 1.297E-01
 1.235E-04 6.98E-02 3.75E-02 1.82E-04 4.18E-02 1.16E-02 1.22E-07 1.02E-02 1.80E-07 4.18E-04 1.38E-02 3.90E-02 2.243E-01
 5.477E-05 2.27E-01 2.04E-01 6.74E-04 4.64E-01 4.09E-02 2.90E-06 2.20E-02 4.71E-06 4.55E-03 2.45E-02 3.39E-02 1.021E+00
 4.440E-05 2.99E-01 2.21E-01 1.26E-03 6.94E-01 5.80E-02 6.81E-06 2.68E-02 1.11E-05 8.46E-03 2.59E-02 2.77E-02 1.363E+00
 3.656E-05 3.59E-01 2.29E-01 4.32E-03 9.17E-01 8.28E-02 1.53E-05 3.20E-02 2.48E-05 1.72E-02 2.58E-02 2.47E-02 1.692E+00
 2.780E-05 4.23E-01 2.34E-01 1.60E-02 1.15E+00 1.55E-01 5.91E-05 4.01E-02 7.95E-05 8.63E-02 2.46E-02 2.36E-02 2.156E+00
 2.630E-05 4.32E-01 2.34E-01 1.90E-02 1.19E+00 1.89E-01 8.40E-05 4.16E-02 1.02E-04 1.47E-01 2.44E-02 2.35E-02 2.299E+00
 2.500E-05 4.38E-01 2.35E-01 2.25E-02 1.22E+00 2.36E-01 1.22E-04 4.30E-02 1.28E-04 2.67E-01 2.41E-02 2.35E-02 2.511E+00
 2.380E-05 4.45E-01 2.37E-01 2.70E-02 1.26E+00 3.26E-01 1.87E-04 4.32E-02 1.60E-04 5.06E-01 2.39E-02 2.35E-02 2.887E+00
 2.270E-05 4.49E-01 2.37E-01 3.29E-02 1.29E+00 4.70E-01 2.74E-04 4.48E-02 2.01E-04 7.07E-01 2.37E-02 2.35E-02 3.284E+00
 2.170E-05 4.52E-01 2.37E-01 4.11E-02 1.34E+00 6.37E-01 3.56E-04 5.04E-02 2.52E-04 5.21E-01 2.34E-02 2.36E-02 3.325E+00
 2.080E-05 4.56E-01 2.38E-01 5.60E-02 1.39E+00 6.60E-01 3.30E-04 6.30E-02 3.13E-04 3.03E-01 2.32E-02 2.36E-02 3.209E+00
 2.000E-05 4.57E-01 2.38E-01 1.97E-01 1.30E+00 5.73E-01 2.58E-04 8.01E-02 3.84E-04 1.88E-01 2.30E-02 2.37E-02 3.081E+00
 1.920E-05 4.57E-01 2.40E-01 3.78E-01 1.17E+00 4.45E-01 1.77E-04 1.10E-01 4.77E-04 1.24E-01 2.28E-02 2.37E-02 2.969E+00
 1.850E-05 4.60E-01 2.44E-01 4.94E-01 1.10E+00 3.48E-01 1.25E-04 1.48E-01 5.84E-04 9.08E-02 2.25E-02 2.37E-02 2.930E+00
 1.790E-05 4.64E-01 2.47E-01 6.42E-01 9.90E-01 2.83E-01 9.59E-05 1.88E-01 6.99E-04 7.23E-02 2.23E-02 2.38E-02 2.934E+00
 1.720E-05 4.68E-01 2.50E-01 7.62E-01 9.14E-01 2.27E-01 7.62E-05 2.61E-01 8.76E-04 5.78E-02 2.21E-02 2.38E-02 2.988E+00
 1.670E-05 4.72E-01 2.53E-01 8.25E-01 8.80E-01 1.94E-01 6.94E-05 3.29E-01 1.04E-03 5.08E-02 2.19E-02 2.38E-02 3.051E+00
 1.610E-05 4.77E-01 2.57E-01 8.90E-01 8.50E-01 1.64E-01 7.06E-05 4.48E-01 1.28E-03 4.49E-02 2.16E-02 2.39E-02 3.178E+00
 1.560E-05 4.82E-01 2.60E-01 9.38E-01 8.31E-01 1.44E-01 7.96E-05 5.85E-01 1.53E-03 4.18E-02 2.14E-02 2.39E-02 3.328E+00
 1.520E-05 4.86E-01 2.62E-01 9.73E-01 8.17E-01 1.31E-01 9.26E-05 7.31E-01 1.76E-03 4.03E-02 2.12E-02 2.40E-02 3.488E+00
 1.470E-05 4.91E-01 2.65E-01 1.01E+00 8.02E-01 1.16E-01 1.17E-04 9.42E-01 2.08E-03 3.95E-02 2.10E-02 2.40E-02 3.710E+00
 1.430E-05 4.95E-01 2.66E-01 1.03E+00 7.92E-01 1.09E-01 1.46E-04 1.12E+00 2.33E-03 3.98E-02 2.09E-02 2.40E-02 3.903E+00
 1.390E-05 4.98E-01 2.67E-01 1.05E+00 7.82E-01 1.06E-01 1.86E-04 1.26E+00 2.58E-03 4.09E-02 2.08E-02 2.39E-02 4.052E+00
 1.350E-05 5.00E-01 2.68E-01 1.06E+00 7.73E-01 1.06E-01 2.38E-04 1.39E+00 2.89E-03 4.31E-02 2.07E-02 2.39E-02 4.194E+00
 1.320E-05 5.01E-01 2.69E-01 1.07E+00 7.65E-01 1.08E-01 2.89E-04 1.50E+00 3.17E-03 4.55E-02 2.06E-02 2.38E-02 4.304E+00
 1.280E-05 5.03E-01 2.70E-01 1.08E+00 7.57E-01 1.14E-01 3.79E-04 1.65E+00 3.61E-03 5.01E-02 2.05E-02 2.38E-02 4.468E+00
 1.250E-05 5.04E-01 2.72E-01 1.07E+00 7.56E-01 1.24E-01 4.68E-04 1.77E+00 4.00E-03 5.47E-02 2.04E-02 2.37E-02 4.605E+00
 1.190E-05 5.06E-01 2.73E-01 1.09E+00 7.68E-01 1.58E-01 7.18E-04 2.06E+00 4.99E-03 6.86E-02 2.02E-02 2.37E-02 4.969E+00
 1.160E-05 5.06E-01 2.74E-01 1.10E+00 7.78E-01 1.80E-01 8.95E-04 2.22E+00 5.63E-03 7.89E-02 2.01E-02 2.37E-02 5.191E+00
 1.140E-05 5.05E-01 2.74E-01 1.11E+00 7.81E-01 1.98E-01 1.05E-03 2.35E+00 6.12E-03 8.75E-02 2.00E-02 2.37E-02 5.354E+00
 1.110E-05 5.04E-01 2.74E-01 1.12E+00 7.86E-01 2.26E-01 1.38E-03 2.56E+00 6.98E-03 1.04E-01 1.99E-02 2.37E-02 5.623E+00
 1.080E-05 5.02E-01 2.73E-01 1.13E+00 7.91E-01 3.05E-01 1.83E-03 2.81E+00 8.05E-03 1.26E-01 1.98E-02 2.37E-02 5.988E+00
 1.050E-05 4.98E-01 2.73E-01 1.14E+00 7.97E-01 4.07E-01 2.38E-03 3.12E+00 9.42E-03 1.57E-01 1.96E-02 2.37E-02 6.443E+00
 1.030E-05 4.96E-01 2.72E-01 1.15E+00 8.00E-01 4.86E-01 2.72E-03 3.41E+00 1.05E-02 1.82E-01 1.95E-02 2.37E-02 6.846E+00
 1.000E-05 4.92E-01 2.71E-01 1.16E+00 8.06E-01 5.96E-01 3.33E-03 3.82E+00 1.20E-02 2.31E-01 1.94E-02 2.37E-02 7.432E+00
 9.750E-06 4.87E-01 2.70E-01 1.16E+00 8.11E-01 7.23E-01 4.13E-03 4.16E+00 1.34E-02 2.80E-01 1.93E-02 2.36E-02 7.952E+00
 9.500E-06 4.83E-01 2.69E-01 1.17E+00 8.17E-01 8.71E-01 4.88E-03 4.51E+00 1.49E-02 3.31E-01 1.92E-02 2.36E-02 8.515E+00
 9.250E-06 4.77E-01 2.68E-01 1.17E+00 8.21E-01 9.84E-01 5.45E-03 4.88E+00 1.64E-02 3.68E-01 1.91E-02 2.35E-02 9.035E+00
 9.080E-06 4.74E-01 2.67E-01 1.18E+00 8.25E-01 1.05E+00 5.86E-03 5.09E+00 1.72E-02 3.76E-01 1.90E-02 2.34E-02 9.324E+00
