#  wel (mu)   tau/tauV  E(w-V)/E(B-V)  E(w-V)| Rv_mod, Ebv =    2.990    0.371
   1.000E+04  7.418E-07 -2.990E+00 -1.109E+00
   2.159E+00  8.165E-02 -2.746E+00 -1.018E+00
   1.662E+00  1.231E-01 -2.622E+00 -9.725E-01
   1.235E+00  2.141E-01 -2.350E+00 -8.715E-01
   5.477E-01  1.000E+00  0.000E+00  0.000E+00
   4.440E-01  1.334E+00  1.000E+00  3.708E-01
   3.656E-01  1.655E+00  1.959E+00  7.266E-01
   2.780E-01  2.113E+00  3.328E+00  1.234E+00
   2.630E-01  2.258E+00  3.763E+00  1.395E+00
   2.500E-01  2.471E+00  4.398E+00  1.631E+00
   2.380E-01  2.823E+00  5.451E+00  2.021E+00
   2.270E-01  3.173E+00  6.500E+00  2.410E+00
   2.170E-01  3.239E+00  6.695E+00  2.483E+00
   2.080E-01  3.136E+00  6.389E+00  2.369E+00
   2.000E-01  3.006E+00  6.000E+00  2.225E+00
   1.920E-01  2.892E+00  5.659E+00  2.099E+00
   1.850E-01  2.850E+00  5.532E+00  2.051E+00
   1.790E-01  2.851E+00  5.536E+00  2.053E+00
   1.720E-01  2.902E+00  5.688E+00  2.109E+00
   1.670E-01  2.964E+00  5.872E+00  2.178E+00
   1.610E-01  3.089E+00  6.246E+00  2.316E+00
   1.560E-01  3.237E+00  6.690E+00  2.481E+00
   1.520E-01  3.396E+00  7.164E+00  2.657E+00
   1.470E-01  3.618E+00  7.829E+00  2.903E+00
   1.430E-01  3.811E+00  8.405E+00  3.117E+00
   1.390E-01  3.960E+00  8.851E+00  3.282E+00
   1.350E-01  4.102E+00  9.275E+00  3.439E+00
   1.320E-01  4.212E+00  9.606E+00  3.562E+00
   1.280E-01  4.377E+00  1.010E+01  3.744E+00
   1.250E-01  4.514E+00  1.051E+01  3.897E+00
   1.190E-01  4.877E+00  1.159E+01  4.299E+00
   1.160E-01  5.099E+00  1.226E+01  4.545E+00
   1.140E-01  5.261E+00  1.274E+01  4.725E+00
   1.110E-01  5.530E+00  1.355E+01  5.024E+00
   1.080E-01  5.893E+00  1.463E+01  5.427E+00
   1.050E-01  6.347E+00  1.599E+01  5.929E+00
   1.030E-01  6.750E+00  1.719E+01  6.376E+00
   1.000E-01  7.336E+00  1.895E+01  7.026E+00
   9.750E-02  7.855E+00  2.050E+01  7.602E+00
   9.500E-02  8.417E+00  2.218E+01  8.225E+00
   9.250E-02  8.936E+00  2.373E+01  8.801E+00
   9.080E-02  9.223E+00  2.459E+01  9.119E+00
