#  wel (mu)   tau/tauV  E(w-V)/E(B-V)  E(w-V)| Rv_mod, Ebv =    3.150    0.391
   1.000E+04  1.274E-06 -3.150E+00 -1.231E+00
   2.159E+00  1.717E-01 -2.609E+00 -1.019E+00
   1.662E+00  2.261E-01 -2.438E+00 -9.525E-01
   1.235E+00  3.074E-01 -2.182E+00 -8.525E-01
   5.477E-01  1.000E+00  0.000E+00  0.000E+00
   4.440E-01  1.317E+00  1.000E+00  3.907E-01
   3.656E-01  1.621E+00  1.958E+00  7.649E-01
   2.780E-01  2.000E+00  3.150E+00  1.231E+00
   2.630E-01  2.107E+00  3.487E+00  1.363E+00
   2.500E-01  2.262E+00  3.975E+00  1.553E+00
   2.380E-01  2.549E+00  4.878E+00  1.906E+00
   2.270E-01  2.907E+00  6.009E+00  2.348E+00
   2.170E-01  3.075E+00  6.536E+00  2.554E+00
   2.080E-01  3.046E+00  6.446E+00  2.518E+00
   2.000E-01  2.917E+00  6.038E+00  2.359E+00
   1.920E-01  2.759E+00  5.541E+00  2.165E+00
   1.850E-01  2.667E+00  5.252E+00  2.052E+00
   1.790E-01  2.624E+00  5.116E+00  1.999E+00
   1.720E-01  2.625E+00  5.120E+00  2.000E+00
   1.670E-01  2.650E+00  5.198E+00  2.031E+00
   1.610E-01  2.726E+00  5.438E+00  2.124E+00
   1.560E-01  2.830E+00  5.764E+00  2.252E+00
   1.520E-01  2.947E+00  6.134E+00  2.397E+00
   1.470E-01  3.117E+00  6.669E+00  2.605E+00
   1.430E-01  3.268E+00  7.145E+00  2.791E+00
   1.390E-01  3.386E+00  7.516E+00  2.937E+00
   1.350E-01  3.500E+00  7.874E+00  3.076E+00
   1.320E-01  3.590E+00  8.159E+00  3.188E+00
   1.280E-01  3.727E+00  8.591E+00  3.356E+00
   1.250E-01  3.846E+00  8.965E+00  3.503E+00
   1.190E-01  4.162E+00  9.963E+00  3.892E+00
   1.160E-01  4.357E+00  1.057E+01  4.132E+00
   1.140E-01  4.501E+00  1.103E+01  4.309E+00
   1.110E-01  4.738E+00  1.177E+01  4.600E+00
   1.080E-01  5.084E+00  1.287E+01  5.026E+00
   1.050E-01  5.518E+00  1.423E+01  5.561E+00
   1.030E-01  5.898E+00  1.543E+01  6.028E+00
   1.000E-01  6.444E+00  1.715E+01  6.701E+00
   9.750E-02  6.944E+00  1.873E+01  7.316E+00
   9.500E-02  7.492E+00  2.045E+01  7.990E+00
   9.250E-02  7.987E+00  2.201E+01  8.600E+00
   9.080E-02  8.270E+00  2.290E+01  8.949E+00
