 #   Polarized Flux in [erg/s/Hz/ster] per g IM
 # wel(mu)  emis      emip_t    emip_c    emip_Si   emip_d
  1.00E+04  3.85E-16  2.20E-17  4.71E-18  1.14E-18  1.61E-17
  9.00E+03  5.50E-16  3.14E-17  6.77E-18  1.65E-18  2.30E-17
  8.00E+03  8.19E-16  4.67E-17  1.02E-17  2.49E-18  3.41E-17
  7.00E+03  1.28E-15  7.33E-17  1.61E-17  3.97E-18  5.32E-17
  6.00E+03  2.16E-15  1.23E-16  2.73E-17  6.79E-18  8.89E-17
  5.50E+03  2.89E-15  1.65E-16  3.69E-17  9.20E-18  1.19E-16
  5.00E+03  3.97E-15  2.27E-16  5.12E-17  1.28E-17  1.63E-16
  4.50E+03  5.65E-15  3.23E-16  7.35E-17  1.85E-17  2.31E-16
  4.00E+03  8.37E-15  4.77E-16  1.10E-16  2.77E-17  3.40E-16
  3.50E+03  1.30E-14  7.44E-16  1.74E-16  4.38E-17  5.26E-16
  3.00E+03  2.17E-14  1.24E-15  2.94E-16  7.41E-17  8.69E-16
  2.50E+03  3.93E-14  2.25E-15  5.46E-16  1.37E-16  1.56E-15
  2.10E+03  6.91E-14  3.96E-15  9.86E-16  2.46E-16  2.73E-15
  1.50E+03  1.99E-13  1.14E-14  3.00E-15  7.29E-16  7.68E-15
  1.38E+03  2.56E-13  1.47E-14  3.92E-15  9.42E-16  9.82E-15
  1.32E+03  2.94E-13  1.69E-14  4.55E-15  1.09E-15  1.13E-14
  1.15E+03  4.43E-13  2.55E-14  7.08E-15  1.66E-15  1.68E-14
  1.00E+03  6.65E-13  3.84E-14  1.10E-14  2.50E-15  2.49E-14
  9.97E+02  6.70E-13  3.87E-14  1.11E-14  2.52E-15  2.51E-14
  8.67E+02  9.82E-13  5.69E-14  1.68E-14  3.76E-15  3.63E-14
  8.50E+02  1.04E-12  6.01E-14  1.79E-14  3.97E-15  3.83E-14
  7.50E+02  1.47E-12  8.54E-14  2.64E-14  5.55E-15  5.35E-14
  6.00E+02  2.49E-12  1.46E-13  4.87E-14  9.61E-15  8.74E-14
  5.50E+02  3.00E-12  1.76E-13  6.06E-14  1.13E-14  1.04E-13
  5.00E+02  3.70E-12  2.18E-13  7.72E-14  1.47E-14  1.26E-13
  4.50E+02  4.63E-12  2.74E-13  1.01E-13  1.99E-14  1.53E-13
  4.00E+02  5.80E-12  3.44E-13  1.34E-13  2.65E-14  1.84E-13
  3.50E+02  6.91E-12  4.11E-13  1.69E-13  3.82E-14  2.04E-13
  3.00E+02  8.50E-12  5.07E-13  2.26E-13  5.20E-14  2.28E-13
  2.75E+02  9.04E-12  5.39E-13  2.54E-13  5.81E-14  2.27E-13
  2.50E+02  9.38E-12  5.59E-13  2.77E-13  6.25E-14  2.19E-13
  2.40E+02  9.45E-12  5.63E-13  2.88E-13  6.35E-14  2.11E-13
  2.00E+02  8.95E-12  5.29E-13  3.06E-13  6.02E-14  1.63E-13
  1.80E+02  8.09E-12  4.75E-13  2.95E-13  5.11E-14  1.29E-13
  1.60E+02  6.91E-12  3.99E-13  2.72E-13  3.80E-14  8.89E-14
  1.50E+02  6.22E-12  3.55E-13  2.56E-13  3.09E-14  6.87E-14
  1.40E+02  5.19E-12  2.90E-13  2.18E-13  2.36E-14  4.92E-14
  1.20E+02  3.51E-12  1.85E-13  1.53E-13  1.11E-14  2.03E-14
  1.00E+02  1.81E-12  7.89E-14  7.06E-14  3.31E-15  4.95E-15
  9.00E+01  1.25E-12  4.35E-14  4.03E-14  1.36E-15  1.81E-15
  8.00E+01  8.45E-13  1.78E-14  1.69E-14  4.33E-16  4.61E-16
  7.50E+01  7.35E-13  1.04E-14  1.00E-14  2.18E-16  2.06E-16
  7.00E+01  6.66E-13  5.45E-15  5.27E-15  9.85E-17  7.80E-17
  6.00E+01  6.16E-13  9.19E-16  9.00E-16  1.26E-17  6.50E-18
  5.00E+01  6.18E-13  5.90E-17  5.81E-17  6.58E-19  1.76E-19
  4.50E+01  6.18E-13  8.66E-18  8.56E-18  8.60E-20  1.49E-20
  4.00E+01  6.05E-13  7.17E-19  7.10E-19  6.20E-21  6.47E-22
  3.50E+01  5.40E-13  2.79E-20  2.77E-20  1.94E-22  1.10E-23
  3.00E+01  3.74E-13  3.31E-22  3.29E-22  1.68E-24  4.43E-26
  2.75E+01  2.70E-13  1.87E-23  1.87E-23  7.82E-26  1.27E-27
  2.50E+01  1.83E-13  5.78E-25  5.76E-25  1.91E-27  1.75E-29
  2.40E+01  1.55E-13  1.18E-25  1.17E-25  3.47E-28  2.42E-30
  2.35E+01  1.43E-13  5.04E-26  5.02E-26  1.40E-28  8.46E-31
  2.32E+01  1.36E-13  2.97E-26  2.96E-26  7.96E-29  4.39E-31
  2.31E+01  1.34E-13  2.48E-26  2.47E-26  6.57E-29  3.52E-31
  2.30E+01  1.32E-13  2.07E-26  2.06E-26  5.42E-29  2.81E-31
  2.25E+01  1.21E-13  8.14E-27  8.12E-27  2.01E-29  8.90E-32
  2.20E+01  1.12E-13  3.07E-27  3.07E-27  7.13E-30  2.66E-32
  2.15E+01  1.04E-13  1.11E-27  1.11E-27  2.40E-30  7.50E-33
  2.12E+01  9.88E-14  5.88E-28  5.87E-28  1.21E-30  3.40E-33
  2.11E+01  9.72E-14  4.73E-28  4.72E-28  9.60E-31  2.60E-33
  2.10E+01  9.57E-14  3.80E-28  3.79E-28  7.59E-31  1.98E-33
  2.08E+01  9.28E-14  2.43E-28  2.42E-28  4.70E-31  1.14E-33
  2.00E+01  8.22E-14  3.76E-29  3.75E-29  6.26E-32  1.12E-34
  1.95E+01  7.63E-14  1.09E-29  1.08E-29  1.61E-32  2.36E-35
  1.90E+01  7.02E-14  2.95E-30  2.95E-30  3.79E-33  4.53E-36
  1.85E+01  6.38E-14  7.47E-31  7.46E-31  8.14E-34  7.86E-37
  1.83E+01  6.11E-14  4.21E-31  4.21E-31  4.28E-34  3.79E-37
  1.82E+01  5.98E-14  3.14E-31  3.14E-31  3.08E-34  2.61E-37
  1.81E+01  5.83E-14  2.34E-31  2.34E-31  2.21E-34  1.79E-37
  1.80E+01  5.69E-14  1.74E-31  1.74E-31  1.58E-34  1.23E-37
  1.75E+01  4.97E-14  3.72E-32  3.72E-32  2.74E-35  1.72E-38
  1.70E+01  4.31E-14  7.22E-33  7.21E-33  4.21E-36  2.15E-39
  1.67E+01  3.95E-14  2.60E-33  2.59E-33  1.29E-36  5.86E-40
  1.65E+01  3.71E-14  1.29E-33  1.29E-33  5.71E-37  2.40E-40
  1.64E+01  3.59E-14  8.98E-34  8.98E-34  3.77E-37  1.52E-40
  1.63E+01  3.46E-14  6.24E-34  6.24E-34  2.48E-37  0.00E+00
  1.61E+01  3.22E-14  2.97E-34  2.97E-34  1.05E-37  0.00E+00
  1.60E+01  3.11E-14  2.03E-34  2.03E-34  6.80E-38  0.00E+00
  1.59E+01  2.99E-14  1.39E-34  1.39E-34  4.38E-38  0.00E+00
  1.58E+01  2.89E-14  9.40E-35  9.39E-35  2.80E-38  0.00E+00
  1.57E+01  2.79E-14  6.33E-35  6.33E-35  1.79E-38  0.00E+00
  1.56E+01  2.69E-14  4.26E-35  4.26E-35  1.14E-38  0.00E+00
  1.54E+01  2.51E-14  1.89E-35  1.89E-35  4.59E-39  0.00E+00
  1.52E+01  2.35E-14  8.17E-36  8.17E-36  1.84E-39  0.00E+00
  1.51E+01  2.28E-14  5.33E-36  5.32E-36  1.16E-39  0.00E+00
  1.50E+01  2.21E-14  3.45E-36  3.45E-36  7.35E-40  0.00E+00
  1.45E+01  1.94E-14  3.64E-37  3.64E-37  0.00E+00  0.00E+00
  1.44E+01  1.91E-14  2.28E-37  2.28E-37  0.00E+00  0.00E+00
  1.43E+01  1.89E-14  1.41E-37  1.41E-37  0.00E+00  0.00E+00
  1.42E+01  1.86E-14  8.73E-38  8.73E-38  0.00E+00  0.00E+00
  1.40E+01  1.82E-14  3.27E-38  3.27E-38  0.00E+00  0.00E+00
  1.38E+01  1.86E-14  1.18E-38  1.18E-38  0.00E+00  0.00E+00
  1.37E+01  1.93E-14  7.06E-39  7.06E-39  0.00E+00  0.00E+00
  1.36E+01  2.00E-14  4.18E-39  4.18E-39  0.00E+00  0.00E+00
  1.35E+01  2.03E-14  2.45E-39  2.45E-39  0.00E+00  0.00E+00
  1.34E+01  2.07E-14  1.43E-39  1.43E-39  0.00E+00  0.00E+00
  1.33E+01  2.17E-14  8.23E-40  8.23E-40  0.00E+00  0.00E+00
  1.32E+01  2.35E-14  4.71E-40  4.71E-40  0.00E+00  0.00E+00
  1.31E+01  2.64E-14  2.66E-40  2.66E-40  0.00E+00  0.00E+00
  1.29E+01  3.96E-14  0.00E+00  0.00E+00  0.00E+00  0.00E+00
  1.28E+01  5.17E-14  0.00E+00  0.00E+00  0.00E+00  0.00E+00
  1.27E+01  5.95E-14  0.00E+00  0.00E+00  0.00E+00  0.00E+00
  1.26E+01  5.32E-14  0.00E+00  0.00E+00  0.00E+00  0.00E+00
  1.25E+01  4.29E-14  0.00E+00  0.00E+00  0.00E+00  0.00E+00
  1.22E+01  3.65E-14  0.00E+00  0.00E+00  0.00E+00  0.00E+00
  1.21E+01  3.99E-14  0.00E+00  0.00E+00  0.00E+00  0.00E+00
  1.20E+01  4.26E-14  0.00E+00  0.00E+00  0.00E+00  0.00E+00
  1.19E+01  4.27E-14  0.00E+00  0.00E+00  0.00E+00  0.00E+00
  1.18E+01  4.25E-14  0.00E+00  0.00E+00  0.00E+00  0.00E+00
  1.17E+01  4.57E-14  0.00E+00  0.00E+00  0.00E+00  0.00E+00
  1.16E+01  5.47E-14  0.00E+00  0.00E+00  0.00E+00  0.00E+00
  1.15E+01  7.48E-14  0.00E+00  0.00E+00  0.00E+00  0.00E+00
  1.14E+01  1.03E-13  0.00E+00  0.00E+00  0.00E+00  0.00E+00
  1.13E+01  1.23E-13  0.00E+00  0.00E+00  0.00E+00  0.00E+00
  1.12E+01  1.02E-13  0.00E+00  0.00E+00  0.00E+00  0.00E+00
  1.11E+01  6.97E-14  0.00E+00  0.00E+00  0.00E+00  0.00E+00
  1.09E+01  3.74E-14  0.00E+00  0.00E+00  0.00E+00  0.00E+00
  1.05E+01  2.26E-14  0.00E+00  0.00E+00  0.00E+00  0.00E+00
  1.00E+01  1.85E-14  0.00E+00  0.00E+00  0.00E+00  0.00E+00
  9.80E+00  1.77E-14  0.00E+00  0.00E+00  0.00E+00  0.00E+00
  9.60E+00  1.72E-14  0.00E+00  0.00E+00  0.00E+00  0.00E+00
  9.50E+00  1.68E-14  0.00E+00  0.00E+00  0.00E+00  0.00E+00
  9.40E+00  1.64E-14  0.00E+00  0.00E+00  0.00E+00  0.00E+00
  9.20E+00  1.52E-14  0.00E+00  0.00E+00  0.00E+00  0.00E+00
  8.90E+00  1.38E-14  0.00E+00  0.00E+00  0.00E+00  0.00E+00
  8.70E+00  1.78E-14  0.00E+00  0.00E+00  0.00E+00  0.00E+00
  8.60E+00  2.23E-14  0.00E+00  0.00E+00  0.00E+00  0.00E+00
  8.50E+00  1.73E-14  0.00E+00  0.00E+00  0.00E+00  0.00E+00
  8.40E+00  1.36E-14  0.00E+00  0.00E+00  0.00E+00  0.00E+00
  8.20E+00  1.26E-14  0.00E+00  0.00E+00  0.00E+00  0.00E+00
  8.00E+00  1.50E-14  0.00E+00  0.00E+00  0.00E+00  0.00E+00
  7.90E+00  1.74E-14  0.00E+00  0.00E+00  0.00E+00  0.00E+00
  7.80E+00  1.98E-14  0.00E+00  0.00E+00  0.00E+00  0.00E+00
  7.70E+00  2.06E-14  0.00E+00  0.00E+00  0.00E+00  0.00E+00
  7.60E+00  1.91E-14  0.00E+00  0.00E+00  0.00E+00  0.00E+00
  7.50E+00  1.59E-14  0.00E+00  0.00E+00  0.00E+00  0.00E+00
  7.30E+00  1.04E-14  0.00E+00  0.00E+00  0.00E+00  0.00E+00
  7.20E+00  8.84E-15  0.00E+00  0.00E+00  0.00E+00  0.00E+00
  7.10E+00  8.57E-15  0.00E+00  0.00E+00  0.00E+00  0.00E+00
  7.00E+00  1.11E-14  0.00E+00  0.00E+00  0.00E+00  0.00E+00
  6.90E+00  7.10E-15  0.00E+00  0.00E+00  0.00E+00  0.00E+00
  6.80E+00  5.78E-15  0.00E+00  0.00E+00  0.00E+00  0.00E+00
  6.60E+00  5.40E-15  0.00E+00  0.00E+00  0.00E+00  0.00E+00
  6.40E+00  7.23E-15  0.00E+00  0.00E+00  0.00E+00  0.00E+00
  6.30E+00  1.04E-14  0.00E+00  0.00E+00  0.00E+00  0.00E+00
  6.20E+00  1.35E-14  0.00E+00  0.00E+00  0.00E+00  0.00E+00
  6.10E+00  9.97E-15  0.00E+00  0.00E+00  0.00E+00  0.00E+00
  5.90E+00  4.86E-15  0.00E+00  0.00E+00  0.00E+00  0.00E+00
  5.50E+00  3.82E-15  0.00E+00  0.00E+00  0.00E+00  0.00E+00
  5.30E+00  5.35E-15  0.00E+00  0.00E+00  0.00E+00  0.00E+00
  5.20E+00  7.89E-15  0.00E+00  0.00E+00  0.00E+00  0.00E+00
  5.10E+00  1.04E-14  0.00E+00  0.00E+00  0.00E+00  0.00E+00
  5.00E+00  7.46E-15  0.00E+00  0.00E+00  0.00E+00  0.00E+00
  4.80E+00  3.50E-15  0.00E+00  0.00E+00  0.00E+00  0.00E+00
  4.50E+00  2.46E-15  0.00E+00  0.00E+00  0.00E+00  0.00E+00
  4.00E+00  2.11E-15  0.00E+00  0.00E+00  0.00E+00  0.00E+00
  3.80E+00  2.09E-15  0.00E+00  0.00E+00  0.00E+00  0.00E+00
  3.60E+00  2.23E-15  0.00E+00  0.00E+00  0.00E+00  0.00E+00
  3.40E+00  4.06E-15  0.00E+00  0.00E+00  0.00E+00  0.00E+00
  3.30E+00  1.01E-14  0.00E+00  0.00E+00  0.00E+00  0.00E+00
  3.20E+00  3.60E-15  0.00E+00  0.00E+00  0.00E+00  0.00E+00
  3.15E+00  2.60E-15  0.00E+00  0.00E+00  0.00E+00  0.00E+00
  3.10E+00  2.17E-15  0.00E+00  0.00E+00  0.00E+00  0.00E+00
  3.08E+00  2.06E-15  0.00E+00  0.00E+00  0.00E+00  0.00E+00
  3.05E+00  1.94E-15  0.00E+00  0.00E+00  0.00E+00  0.00E+00
  3.00E+00  1.81E-15  0.00E+00  0.00E+00  0.00E+00  0.00E+00
  2.90E+00  1.65E-15  0.00E+00  0.00E+00  0.00E+00  0.00E+00
  2.80E+00  1.55E-15  0.00E+00  0.00E+00  0.00E+00  0.00E+00
  2.60E+00  1.40E-15  0.00E+00  0.00E+00  0.00E+00  0.00E+00
  2.50E+00  1.33E-15  0.00E+00  0.00E+00  0.00E+00  0.00E+00
  2.20E+00  1.10E-15  0.00E+00  0.00E+00  0.00E+00  0.00E+00
  2.16E+00  1.07E-15  0.00E+00  0.00E+00  0.00E+00  0.00E+00
  2.00E+00  9.39E-16  0.00E+00  0.00E+00  0.00E+00  0.00E+00
  1.66E+00  6.44E-16  0.00E+00  0.00E+00  0.00E+00  0.00E+00
  1.65E+00  6.33E-16  0.00E+00  0.00E+00  0.00E+00  0.00E+00
  1.25E+00  2.85E-16  0.00E+00  0.00E+00  0.00E+00  0.00E+00
  1.23E+00  2.73E-16  0.00E+00  0.00E+00  0.00E+00  0.00E+00
  1.13E+00  1.95E-16  0.00E+00  0.00E+00  0.00E+00  0.00E+00
  1.00E+00  1.13E-16  0.00E+00  0.00E+00  0.00E+00  0.00E+00
  9.50E-01  8.72E-17  0.00E+00  0.00E+00  0.00E+00  0.00E+00
  9.30E-01  7.78E-17  0.00E+00  0.00E+00  0.00E+00  0.00E+00
  9.20E-01  7.34E-17  0.00E+00  0.00E+00  0.00E+00  0.00E+00
  9.10E-01  6.91E-17  0.00E+00  0.00E+00  0.00E+00  0.00E+00
  9.00E-01  6.49E-17  0.00E+00  0.00E+00  0.00E+00  0.00E+00
  8.90E-01  6.09E-17  0.00E+00  0.00E+00  0.00E+00  0.00E+00
  8.80E-01  5.70E-17  0.00E+00  0.00E+00  0.00E+00  0.00E+00
  8.70E-01  5.33E-17  0.00E+00  0.00E+00  0.00E+00  0.00E+00
  8.60E-01  4.97E-17  0.00E+00  0.00E+00  0.00E+00  0.00E+00
  8.50E-01  4.63E-17  0.00E+00  0.00E+00  0.00E+00  0.00E+00
  8.40E-01  4.30E-17  0.00E+00  0.00E+00  0.00E+00  0.00E+00
  8.33E-01  4.08E-17  0.00E+00  0.00E+00  0.00E+00  0.00E+00
  8.20E-01  3.69E-17  0.00E+00  0.00E+00  0.00E+00  0.00E+00
  8.10E-01  3.40E-17  0.00E+00  0.00E+00  0.00E+00  0.00E+00
  8.00E-01  3.13E-17  0.00E+00  0.00E+00  0.00E+00  0.00E+00
  7.90E-01  2.88E-17  0.00E+00  0.00E+00  0.00E+00  0.00E+00
  7.80E-01  2.64E-17  0.00E+00  0.00E+00  0.00E+00  0.00E+00
  7.70E-01  2.41E-17  0.00E+00  0.00E+00  0.00E+00  0.00E+00
  7.60E-01  2.19E-17  0.00E+00  0.00E+00  0.00E+00  0.00E+00
  7.50E-01  1.99E-17  0.00E+00  0.00E+00  0.00E+00  0.00E+00
  7.40E-01  1.80E-17  0.00E+00  0.00E+00  0.00E+00  0.00E+00
  7.30E-01  1.63E-17  0.00E+00  0.00E+00  0.00E+00  0.00E+00
  7.14E-01  1.37E-17  0.00E+00  0.00E+00  0.00E+00  0.00E+00
  7.10E-01  1.31E-17  0.00E+00  0.00E+00  0.00E+00  0.00E+00
  7.00E-01  1.17E-17  0.00E+00  0.00E+00  0.00E+00  0.00E+00
  6.90E-01  1.04E-17  0.00E+00  0.00E+00  0.00E+00  0.00E+00
  6.80E-01  9.20E-18  0.00E+00  0.00E+00  0.00E+00  0.00E+00
  6.70E-01  8.11E-18  0.00E+00  0.00E+00  0.00E+00  0.00E+00
  6.60E-01  7.12E-18  0.00E+00  0.00E+00  0.00E+00  0.00E+00
  6.50E-01  6.22E-18  0.00E+00  0.00E+00  0.00E+00  0.00E+00
  6.40E-01  5.41E-18  0.00E+00  0.00E+00  0.00E+00  0.00E+00
  6.30E-01  4.67E-18  0.00E+00  0.00E+00  0.00E+00  0.00E+00
  6.25E-01  4.34E-18  0.00E+00  0.00E+00  0.00E+00  0.00E+00
  6.20E-01  4.02E-18  0.00E+00  0.00E+00  0.00E+00  0.00E+00
  6.10E-01  3.44E-18  0.00E+00  0.00E+00  0.00E+00  0.00E+00
  6.00E-01  2.92E-18  0.00E+00  0.00E+00  0.00E+00  0.00E+00
  5.90E-01  2.47E-18  0.00E+00  0.00E+00  0.00E+00  0.00E+00
  5.80E-01  2.07E-18  0.00E+00  0.00E+00  0.00E+00  0.00E+00
  5.70E-01  1.73E-18  0.00E+00  0.00E+00  0.00E+00  0.00E+00
  5.60E-01  1.43E-18  0.00E+00  0.00E+00  0.00E+00  0.00E+00
  5.50E-01  1.17E-18  0.00E+00  0.00E+00  0.00E+00  0.00E+00
  5.48E-01  1.48E-18  0.00E+00  0.00E+00  0.00E+00  0.00E+00
  5.40E-01  1.27E-18  0.00E+00  0.00E+00  0.00E+00  0.00E+00
  5.30E-01  1.03E-18  0.00E+00  0.00E+00  0.00E+00  0.00E+00
  5.20E-01  8.34E-19  0.00E+00  0.00E+00  0.00E+00  0.00E+00
  5.10E-01  6.66E-19  0.00E+00  0.00E+00  0.00E+00  0.00E+00
  5.00E-01  5.27E-19  0.00E+00  0.00E+00  0.00E+00  0.00E+00
  4.90E-01  4.13E-19  0.00E+00  0.00E+00  0.00E+00  0.00E+00
  4.88E-01  3.93E-19  0.00E+00  0.00E+00  0.00E+00  0.00E+00
  4.80E-01  3.20E-19  0.00E+00  0.00E+00  0.00E+00  0.00E+00
  4.76E-01  2.88E-19  0.00E+00  0.00E+00  0.00E+00  0.00E+00
  4.70E-01  2.46E-19  0.00E+00  0.00E+00  0.00E+00  0.00E+00
  4.65E-01  2.14E-19  0.00E+00  0.00E+00  0.00E+00  0.00E+00
  4.60E-01  1.86E-19  0.00E+00  0.00E+00  0.00E+00  0.00E+00
  4.55E-01  1.61E-19  0.00E+00  0.00E+00  0.00E+00  0.00E+00
  4.50E-01  1.39E-19  0.00E+00  0.00E+00  0.00E+00  0.00E+00
  4.44E-01  1.16E-19  0.00E+00  0.00E+00  0.00E+00  0.00E+00
  4.35E-01  8.76E-20  0.00E+00  0.00E+00  0.00E+00  0.00E+00
  4.17E-01  4.82E-20  0.00E+00  0.00E+00  0.00E+00  0.00E+00
  4.00E-01  2.61E-20  0.00E+00  0.00E+00  0.00E+00  0.00E+00
  3.85E-01  1.45E-20  0.00E+00  0.00E+00  0.00E+00  0.00E+00
  3.66E-01  6.35E-21  0.00E+00  0.00E+00  0.00E+00  0.00E+00
  3.57E-01  4.28E-21  0.00E+00  0.00E+00  0.00E+00  0.00E+00
  3.33E-01  1.30E-21  0.00E+00  0.00E+00  0.00E+00  0.00E+00
  3.13E-01  4.29E-22  0.00E+00  0.00E+00  0.00E+00  0.00E+00
  3.00E-01  1.97E-22  0.00E+00  0.00E+00  0.00E+00  0.00E+00
  2.94E-01  1.35E-22  0.00E+00  0.00E+00  0.00E+00  0.00E+00
  2.78E-01  4.79E-23  0.00E+00  0.00E+00  0.00E+00  0.00E+00
  2.63E-01  1.76E-23  0.00E+00  0.00E+00  0.00E+00  0.00E+00
  2.50E-01  7.47E-24  0.00E+00  0.00E+00  0.00E+00  0.00E+00
  2.38E-01  3.41E-24  0.00E+00  0.00E+00  0.00E+00  0.00E+00
  2.27E-01  1.12E-24  0.00E+00  0.00E+00  0.00E+00  0.00E+00
  2.17E-01  1.58E-25  0.00E+00  0.00E+00  0.00E+00  0.00E+00
  2.08E-01  1.80E-26  0.00E+00  0.00E+00  0.00E+00  0.00E+00
  2.00E-01  2.43E-27  0.00E+00  0.00E+00  0.00E+00  0.00E+00
  1.92E-01  3.17E-28  0.00E+00  0.00E+00  0.00E+00  0.00E+00
  1.85E-01  5.07E-29  0.00E+00  0.00E+00  0.00E+00  0.00E+00
  1.79E-01  1.00E-29  0.00E+00  0.00E+00  0.00E+00  0.00E+00
  1.72E-01  1.40E-30  0.00E+00  0.00E+00  0.00E+00  0.00E+00
  1.67E-01  3.24E-31  0.00E+00  0.00E+00  0.00E+00  0.00E+00
  1.61E-01  0.00E+00  0.00E+00  0.00E+00  0.00E+00  0.00E+00
  1.56E-01  0.00E+00  0.00E+00  0.00E+00  0.00E+00  0.00E+00
  1.52E-01  0.00E+00  0.00E+00  0.00E+00  0.00E+00  0.00E+00
  1.47E-01  0.00E+00  0.00E+00  0.00E+00  0.00E+00  0.00E+00
  1.43E-01  0.00E+00  0.00E+00  0.00E+00  0.00E+00  0.00E+00
  1.39E-01  0.00E+00  0.00E+00  0.00E+00  0.00E+00  0.00E+00
  1.35E-01  0.00E+00  0.00E+00  0.00E+00  0.00E+00  0.00E+00
  1.32E-01  0.00E+00  0.00E+00  0.00E+00  0.00E+00  0.00E+00
  1.28E-01  0.00E+00  0.00E+00  0.00E+00  0.00E+00  0.00E+00
  1.25E-01  0.00E+00  0.00E+00  0.00E+00  0.00E+00  0.00E+00
  1.22E-01  0.00E+00  0.00E+00  0.00E+00  0.00E+00  0.00E+00
  1.19E-01  0.00E+00  0.00E+00  0.00E+00  0.00E+00  0.00E+00
  1.16E-01  0.00E+00  0.00E+00  0.00E+00  0.00E+00  0.00E+00
  1.14E-01  0.00E+00  0.00E+00  0.00E+00  0.00E+00  0.00E+00
  1.11E-01  0.00E+00  0.00E+00  0.00E+00  0.00E+00  0.00E+00
  1.08E-01  0.00E+00  0.00E+00  0.00E+00  0.00E+00  0.00E+00
  1.05E-01  0.00E+00  0.00E+00  0.00E+00  0.00E+00  0.00E+00
  1.03E-01  0.00E+00  0.00E+00  0.00E+00  0.00E+00  0.00E+00
  1.00E-01  0.00E+00  0.00E+00  0.00E+00  0.00E+00  0.00E+00
  9.75E-02  0.00E+00  0.00E+00  0.00E+00  0.00E+00  0.00E+00
  9.50E-02  0.00E+00  0.00E+00  0.00E+00  0.00E+00  0.00E+00
  9.25E-02  0.00E+00  0.00E+00  0.00E+00  0.00E+00  0.00E+00
  9.08E-02  0.00E+00  0.00E+00  0.00E+00  0.00E+00  0.00E+00
