 #   Flux in [erg/s/Hz/ster] per g IM
 # wel(mu)  emis_tot  emis_c    emis_Si   emis_pol  emi_Dark  emi_vgr   emi_vsi   epah_s+b  ISRF j_v
  1.00E+04  3.85E-16  7.66E-17  2.21E-17  2.20E-17  2.83E-16  2.53E-19  3.21E-18  1.02E-22  3.03E-21
  9.00E+03  5.50E-16  1.10E-16  3.20E-17  3.14E-17  4.03E-16  3.95E-19  4.67E-18  1.53E-22  8.23E-21
  8.00E+03  8.19E-16  1.65E-16  4.83E-17  4.67E-17  5.97E-16  6.44E-19  7.11E-18  2.40E-22  2.21E-20
  7.00E+03  1.28E-15  2.62E-16  7.70E-17  7.33E-17  9.33E-16  1.11E-18  1.12E-17  3.96E-22  5.85E-20
  6.00E+03  2.16E-15  4.45E-16  1.32E-16  1.23E-16  1.56E-15  2.05E-18  1.93E-17  7.04E-22  1.51E-19
  5.50E+03  2.89E-15  6.00E-16  1.79E-16  1.65E-16  2.08E-15  2.89E-18  2.61E-17  9.71E-22  2.41E-19
  5.00E+03  3.97E-15  8.33E-16  2.49E-16  2.27E-16  2.85E-15  4.17E-18  3.60E-17  1.38E-21  3.81E-19
  4.50E+03  5.65E-15  1.20E-15  3.58E-16  3.23E-16  4.04E-15  6.21E-18  5.19E-17  2.02E-21  5.97E-19
  4.00E+03  8.37E-15  1.79E-15  5.38E-16  4.77E-16  5.95E-15  9.62E-18  7.70E-17  3.09E-21  9.22E-19
  3.50E+03  1.30E-14  2.83E-15  8.51E-16  7.44E-16  9.21E-15  1.56E-17  1.22E-16  4.96E-21  1.40E-18
  3.00E+03  2.17E-14  4.79E-15  1.44E-15  1.24E-15  1.52E-14  2.68E-17  2.02E-16  8.49E-21  2.09E-18
  2.50E+03  3.93E-14  8.89E-15  2.66E-15  2.25E-15  2.73E-14  4.97E-17  3.68E-16  1.58E-20  3.03E-18
  2.10E+03  6.91E-14  1.61E-14  4.77E-15  3.96E-15  4.76E-14  8.78E-17  6.49E-16  2.84E-20  3.96E-18
  1.50E+03  1.99E-13  4.89E-14  1.41E-14  1.14E-14  1.34E-13  2.79E-16  1.83E-15  8.46E-20  5.49E-18
  1.38E+03  2.56E-13  6.39E-14  1.83E-14  1.47E-14  1.71E-13  3.69E-16  2.35E-15  1.10E-19  5.76E-18
  1.32E+03  2.94E-13  7.42E-14  2.11E-14  1.69E-14  1.95E-13  4.30E-16  2.69E-15  1.28E-19  5.89E-18
  1.15E+03  4.43E-13  1.15E-13  3.21E-14  2.55E-14  2.91E-13  6.78E-16  4.00E-15  2.00E-19  6.20E-18
  1.00E+03  6.65E-13  1.79E-13  4.85E-14  3.84E-14  4.30E-13  1.06E-15  5.88E-15  3.15E-19  6.36E-18
  9.97E+02  6.70E-13  1.81E-13  4.89E-14  3.87E-14  4.33E-13  1.07E-15  5.93E-15  3.19E-19  6.47E-18
  8.67E+02  9.82E-13  2.75E-13  7.28E-14  5.69E-14  6.24E-13  1.66E-15  8.61E-15  5.07E-19  1.34E-17
  8.50E+02  1.04E-12  2.92E-13  7.69E-14  6.01E-14  6.58E-13  1.76E-15  9.06E-15  5.41E-19  1.48E-17
  7.50E+02  1.47E-12  4.31E-13  1.08E-13  8.54E-14  9.15E-13  2.55E-15  1.24E-14  8.25E-19  2.55E-17
  6.00E+02  2.49E-12  7.97E-13  1.86E-13  1.46E-13  1.48E-12  4.78E-15  2.10E-14  1.75E-18  5.56E-17
  5.50E+02  3.00E-12  9.93E-13  2.19E-13  1.76E-13  1.76E-12  6.01E-15  2.56E-14  2.34E-18  7.13E-17
  5.00E+02  3.70E-12  1.27E-12  2.82E-13  2.18E-13  2.11E-12  7.62E-15  3.16E-14  3.20E-18  9.06E-17
  4.50E+02  4.63E-12  1.65E-12  3.81E-13  2.74E-13  2.54E-12  9.87E-15  3.96E-14  4.50E-18  1.14E-16
  4.00E+02  5.80E-12  2.20E-12  5.06E-13  3.44E-13  3.03E-12  1.29E-14  5.06E-14  6.51E-18  1.42E-16
  3.50E+02  6.91E-12  2.78E-12  7.29E-13  4.11E-13  3.32E-12  1.73E-14  6.62E-14  9.73E-18  1.73E-16
  3.00E+02  8.50E-12  3.73E-12  9.92E-13  5.07E-13  3.66E-12  2.36E-14  8.88E-14  1.51E-17  2.07E-16
  2.75E+02  9.04E-12  4.19E-12  1.11E-12  5.39E-13  3.60E-12  2.78E-14  1.04E-13  1.91E-17  2.25E-16
  2.50E+02  9.38E-12  4.59E-12  1.20E-12  5.59E-13  3.43E-12  3.30E-14  1.24E-13  2.43E-17  2.42E-16
  2.40E+02  9.45E-12  4.77E-12  1.22E-12  5.63E-13  3.29E-12  3.55E-14  1.32E-13  2.69E-17  2.52E-16
  2.00E+02  8.95E-12  5.08E-12  1.18E-12  5.29E-13  2.47E-12  4.78E-14  1.66E-13  4.05E-17  3.10E-16
  1.80E+02  8.09E-12  4.91E-12  1.02E-12  4.75E-13  1.92E-12  5.63E-14  1.88E-13  5.01E-17  3.39E-16
  1.60E+02  6.91E-12  4.56E-12  7.75E-13  3.99E-13  1.29E-12  6.69E-14  2.14E-13  6.20E-17  3.66E-16
  1.50E+02  6.22E-12  4.29E-12  6.39E-13  3.55E-13  9.87E-13  7.31E-14  2.27E-13  6.89E-17  3.78E-16
  1.40E+02  5.19E-12  3.67E-12  4.98E-13  2.90E-13  6.96E-13  8.05E-14  2.44E-13  7.66E-17  3.40E-16
  1.20E+02  3.51E-12  2.60E-12  2.46E-13  1.85E-13  2.78E-13  9.87E-14  2.80E-13  9.46E-17  2.54E-16
  1.00E+02  1.81E-12  1.22E-12  8.08E-14  7.89E-14  6.51E-14  1.24E-13  3.22E-13  1.17E-16  1.84E-16
  9.00E+01  1.25E-12  7.03E-13  3.56E-14  4.35E-14  2.32E-14  1.41E-13  3.44E-13  1.31E-16  1.54E-16
  8.00E+01  8.45E-13  3.00E-13  1.25E-14  1.78E-14  5.75E-15  1.61E-13  3.64E-13  1.47E-16  1.10E-16
  7.50E+01  7.35E-13  1.80E-13  6.67E-15  1.04E-14  2.53E-15  1.74E-13  3.72E-13  1.56E-16  9.23E-17
  7.00E+01  6.66E-13  9.63E-14  3.25E-15  5.45E-15  9.43E-16  1.87E-13  3.78E-13  1.66E-16  7.72E-17
  6.00E+01  6.16E-13  1.72E-14  5.13E-16  9.19E-16  7.58E-17  2.22E-13  3.76E-13  1.89E-16  5.31E-17
  5.00E+01  6.18E-13  1.20E-15  3.81E-17  5.90E-17  1.97E-18  2.71E-13  3.46E-13  2.13E-16  3.57E-17
  4.50E+01  6.18E-13  1.87E-16  6.42E-18  8.66E-18  1.64E-19  3.04E-13  3.14E-13  2.26E-16  2.89E-17
  4.00E+01  6.05E-13  1.68E-17  6.62E-19  7.17E-19  7.04E-21  3.35E-13  2.69E-13  2.40E-16  2.31E-17
  3.50E+01  5.40E-13  7.34E-19  3.29E-20  2.79E-20  1.18E-22  3.28E-13  2.12E-13  2.59E-16  1.82E-17
  3.00E+01  3.74E-13  1.04E-20  5.47E-22  3.31E-22  4.79E-25  2.23E-13  1.51E-13  2.99E-16  1.45E-17
  2.75E+01  2.70E-13  6.66E-22  3.85E-23  1.87E-23  1.39E-26  1.48E-13  1.22E-13  3.50E-16  1.29E-17
  2.50E+01  1.83E-13  2.40E-23  1.55E-24  5.78E-25  1.95E-28  8.62E-14  9.65E-14  5.09E-16  1.14E-17
  2.40E+01  1.55E-13  5.25E-24  3.52E-25  1.18E-25  2.73E-29  6.79E-14  8.69E-14  6.79E-16  1.08E-17
  2.35E+01  1.43E-13  2.34E-24  1.60E-25  5.04E-26  9.61E-30  6.00E-14  8.24E-14  7.84E-16  1.05E-17
  2.32E+01  1.36E-13  1.41E-24  9.80E-26  2.97E-26  5.02E-30  5.56E-14  7.98E-14  8.31E-16  1.03E-17
  2.31E+01  1.34E-13  1.19E-24  8.30E-26  2.48E-26  4.02E-30  5.42E-14  7.89E-14  8.41E-16  1.03E-17
  2.30E+01  1.32E-13  1.00E-24  7.02E-26  2.07E-26  3.22E-30  5.29E-14  7.80E-14  8.49E-16  1.02E-17
  2.25E+01  1.21E-13  4.13E-25  2.97E-26  8.14E-27  1.03E-30  4.66E-14  7.40E-14  8.60E-16  9.93E-18
  2.20E+01  1.12E-13  1.63E-25  1.21E-26  3.07E-27  3.11E-31  4.10E-14  7.04E-14  8.79E-16  9.65E-18
  2.15E+01  1.04E-13  6.21E-26  4.73E-27  1.11E-27  8.86E-32  3.60E-14  6.66E-14  9.37E-16  9.37E-18
  2.12E+01  9.88E-14  3.40E-26  2.63E-27  5.88E-28  0.00E+00  3.34E-14  6.44E-14  9.62E-16  9.21E-18
  2.11E+01  9.72E-14  2.76E-26  2.15E-27  4.73E-28  0.00E+00  3.25E-14  6.38E-14  9.63E-16  9.16E-18
  2.10E+01  9.57E-14  2.24E-26  1.76E-27  3.80E-28  0.00E+00  3.17E-14  6.31E-14  9.60E-16  9.10E-18
  2.08E+01  9.28E-14  1.47E-26  1.16E-27  2.43E-28  0.00E+00  3.01E-14  6.17E-14  9.43E-16  8.99E-18
  2.00E+01  8.22E-14  2.49E-27  2.06E-28  3.76E-29  0.00E+00  2.45E-14  5.68E-14  8.61E-16  8.57E-18
  1.95E+01  7.63E-14  7.66E-28  6.45E-29  1.09E-29  0.00E+00  2.16E-14  5.37E-14  9.08E-16  8.51E-18
  1.90E+01  7.02E-14  2.22E-28  1.88E-29  2.95E-30  0.00E+00  1.91E-14  5.00E-14  1.08E-15  8.44E-18
  1.85E+01  6.38E-14  6.03E-29  5.06E-30  7.47E-31  0.00E+00  1.68E-14  4.56E-14  1.37E-15  8.38E-18
  1.83E+01  6.11E-14  3.51E-29  2.92E-30  4.21E-31  0.00E+00  1.60E-14  4.36E-14  1.47E-15  8.35E-18
  1.82E+01  5.98E-14  2.66E-29  2.21E-30  3.14E-31  0.00E+00  1.56E-14  4.26E-14  1.50E-15  8.33E-18
  1.81E+01  5.83E-14  2.01E-29  1.66E-30  2.34E-31  0.00E+00  1.52E-14  4.16E-14  1.52E-15  8.32E-18
  1.80E+01  5.69E-14  1.52E-29  1.25E-30  1.74E-31  0.00E+00  1.49E-14  4.05E-14  1.52E-15  8.30E-18
  1.75E+01  4.97E-14  3.53E-30  2.78E-31  3.72E-32  0.00E+00  1.32E-14  3.50E-14  1.53E-15  8.22E-18
  1.70E+01  4.31E-14  7.47E-31  0.00E+00  7.22E-33  0.00E+00  1.17E-14  2.95E-14  1.85E-15  8.13E-18
  1.67E+01  3.95E-14  2.84E-31  0.00E+00  2.60E-33  0.00E+00  1.09E-14  2.64E-14  2.17E-15  8.08E-18
  1.65E+01  3.71E-14  1.46E-31  0.00E+00  1.29E-33  0.00E+00  1.04E-14  2.44E-14  2.27E-15  8.04E-18
  1.64E+01  3.59E-14  1.04E-31  0.00E+00  8.98E-34  0.00E+00  1.02E-14  2.34E-14  2.26E-15  8.02E-18
  1.63E+01  3.46E-14  7.38E-32  0.00E+00  6.24E-34  0.00E+00  9.97E-15  2.24E-14  2.21E-15  8.00E-18
  1.61E+01  3.22E-14  0.00E+00  0.00E+00  2.97E-34  0.00E+00  9.54E-15  2.06E-14  2.05E-15  7.96E-18
  1.60E+01  3.11E-14  0.00E+00  0.00E+00  2.03E-34  0.00E+00  9.33E-15  1.97E-14  1.98E-15  7.94E-18
  1.59E+01  2.99E-14  0.00E+00  0.00E+00  1.39E-34  0.00E+00  9.12E-15  1.89E-14  1.92E-15  7.92E-18
  1.58E+01  2.89E-14  0.00E+00  0.00E+00  9.40E-35  0.00E+00  8.92E-15  1.81E-14  1.89E-15  7.90E-18
  1.57E+01  2.79E-14  0.00E+00  0.00E+00  6.33E-35  0.00E+00  8.73E-15  1.73E-14  1.85E-15  7.88E-18
  1.56E+01  2.69E-14  0.00E+00  0.00E+00  4.26E-35  0.00E+00  8.54E-15  1.66E-14  1.81E-15  7.86E-18
  1.54E+01  2.51E-14  0.00E+00  0.00E+00  1.89E-35  0.00E+00  8.18E-15  1.51E-14  1.76E-15  7.82E-18
  1.52E+01  2.35E-14  0.00E+00  0.00E+00  8.17E-36  0.00E+00  7.84E-15  1.39E-14  1.85E-15  7.77E-18
  1.51E+01  2.28E-14  0.00E+00  0.00E+00  5.33E-36  0.00E+00  7.68E-15  1.32E-14  1.90E-15  7.75E-18
  1.50E+01  2.21E-14  0.00E+00  0.00E+00  3.45E-36  0.00E+00  7.52E-15  1.27E-14  1.91E-15  7.73E-18
  1.45E+01  1.94E-14  0.00E+00  0.00E+00  3.64E-37  0.00E+00  6.79E-15  1.02E-14  2.41E-15  7.61E-18
  1.44E+01  1.91E-14  0.00E+00  0.00E+00  2.28E-37  0.00E+00  6.66E-15  9.81E-15  2.67E-15  7.58E-18
  1.43E+01  1.89E-14  0.00E+00  0.00E+00  1.41E-37  0.00E+00  6.53E-15  9.51E-15  2.89E-15  7.56E-18
  1.42E+01  1.86E-14  0.00E+00  0.00E+00  8.73E-38  0.00E+00  6.40E-15  9.22E-15  3.00E-15  7.53E-18
  1.40E+01  1.82E-14  0.00E+00  0.00E+00  3.27E-38  0.00E+00  6.15E-15  8.80E-15  3.27E-15  7.48E-18
  1.38E+01  1.86E-14  0.00E+00  0.00E+00  1.18E-38  0.00E+00  5.92E-15  8.56E-15  4.14E-15  7.43E-18
  1.37E+01  1.93E-14  0.00E+00  0.00E+00  7.06E-39  0.00E+00  5.81E-15  8.55E-15  4.94E-15  7.40E-18
  1.36E+01  2.00E-14  0.00E+00  0.00E+00  4.18E-39  0.00E+00  5.70E-15  8.56E-15  5.72E-15  7.38E-18
  1.35E+01  2.03E-14  0.00E+00  0.00E+00  2.45E-39  0.00E+00  5.59E-15  8.57E-15  6.12E-15  7.35E-18
  1.34E+01  2.07E-14  0.00E+00  0.00E+00  1.43E-39  0.00E+00  5.49E-15  8.61E-15  6.63E-15  7.32E-18
  1.33E+01  2.17E-14  0.00E+00  0.00E+00  8.23E-40  0.00E+00  5.39E-15  8.67E-15  7.69E-15  7.29E-18
  1.32E+01  2.35E-14  0.00E+00  0.00E+00  4.71E-40  0.00E+00  5.29E-15  8.71E-15  9.50E-15  7.27E-18
  1.31E+01  2.64E-14  0.00E+00  0.00E+00  2.66E-40  0.00E+00  5.19E-15  8.78E-15  1.25E-14  7.24E-18
  1.29E+01  3.96E-14  0.00E+00  0.00E+00  0.00E+00  0.00E+00  5.01E-15  8.90E-15  2.57E-14  7.18E-18
  1.28E+01  5.17E-14  0.00E+00  0.00E+00  0.00E+00  0.00E+00  4.92E-15  9.01E-15  3.77E-14  7.15E-18
  1.27E+01  5.95E-14  0.00E+00  0.00E+00  0.00E+00  0.00E+00  4.83E-15  9.11E-15  4.56E-14  7.12E-18
  1.26E+01  5.32E-14  0.00E+00  0.00E+00  0.00E+00  0.00E+00  4.74E-15  9.21E-15  3.93E-14  7.09E-18
  1.25E+01  4.29E-14  0.00E+00  0.00E+00  0.00E+00  0.00E+00  4.66E-15  9.31E-15  2.89E-14  7.06E-18
  1.22E+01  3.65E-14  0.00E+00  0.00E+00  0.00E+00  0.00E+00  4.41E-15  9.57E-15  2.25E-14  6.97E-18
  1.21E+01  3.99E-14  0.00E+00  0.00E+00  0.00E+00  0.00E+00  4.32E-15  9.69E-15  2.59E-14  6.91E-18
  1.20E+01  4.26E-14  0.00E+00  0.00E+00  0.00E+00  0.00E+00  4.24E-15  9.82E-15  2.86E-14  6.85E-18
  1.19E+01  4.27E-14  0.00E+00  0.00E+00  0.00E+00  0.00E+00  4.16E-15  9.95E-15  2.85E-14  6.80E-18
  1.18E+01  4.25E-14  0.00E+00  0.00E+00  0.00E+00  0.00E+00  4.09E-15  1.01E-14  2.83E-14  6.74E-18
  1.17E+01  4.57E-14  0.00E+00  0.00E+00  0.00E+00  0.00E+00  4.01E-15  1.02E-14  3.15E-14  6.68E-18
  1.16E+01  5.47E-14  0.00E+00  0.00E+00  0.00E+00  0.00E+00  3.96E-15  1.03E-14  4.05E-14  6.63E-18
  1.15E+01  7.48E-14  0.00E+00  0.00E+00  0.00E+00  0.00E+00  5.40E-15  1.03E-14  5.91E-14  6.57E-18
  1.14E+01  1.03E-13  0.00E+00  0.00E+00  0.00E+00  0.00E+00  3.90E-15  1.04E-14  8.89E-14  6.51E-18
  1.13E+01  1.23E-13  0.00E+00  0.00E+00  0.00E+00  0.00E+00  3.79E-15  1.06E-14  1.08E-13  6.45E-18
  1.12E+01  1.02E-13  0.00E+00  0.00E+00  0.00E+00  0.00E+00  3.71E-15  1.07E-14  8.72E-14  6.40E-18
  1.11E+01  6.97E-14  0.00E+00  0.00E+00  0.00E+00  0.00E+00  3.63E-15  1.08E-14  5.53E-14  6.34E-18
  1.09E+01  3.74E-14  0.00E+00  0.00E+00  0.00E+00  0.00E+00  3.50E-15  1.10E-14  2.29E-14  6.23E-18
  1.05E+01  2.26E-14  0.00E+00  0.00E+00  0.00E+00  0.00E+00  3.25E-15  1.19E-14  7.46E-15  6.00E-18
  1.00E+01  1.85E-14  0.00E+00  0.00E+00  0.00E+00  0.00E+00  2.97E-15  1.18E-14  3.67E-15  5.71E-18
  9.80E+00  1.77E-14  0.00E+00  0.00E+00  0.00E+00  0.00E+00  2.86E-15  1.17E-14  3.15E-15  5.60E-18
  9.60E+00  1.72E-14  0.00E+00  0.00E+00  0.00E+00  0.00E+00  2.75E-15  1.15E-14  2.89E-15  5.48E-18
  9.50E+00  1.68E-14  0.00E+00  0.00E+00  0.00E+00  0.00E+00  2.70E-15  1.13E-14  2.84E-15  5.43E-18
  9.40E+00  1.64E-14  0.00E+00  0.00E+00  0.00E+00  0.00E+00  2.65E-15  1.09E-14  2.84E-15  5.37E-18
  9.20E+00  1.52E-14  0.00E+00  0.00E+00  0.00E+00  0.00E+00  2.55E-15  9.59E-15  3.02E-15  5.25E-18
  8.90E+00  1.38E-14  0.00E+00  0.00E+00  0.00E+00  0.00E+00  2.41E-15  6.93E-15  4.43E-15  5.08E-18
  8.70E+00  1.78E-14  0.00E+00  0.00E+00  0.00E+00  0.00E+00  2.31E-15  5.43E-15  1.00E-14  4.97E-18
  8.60E+00  2.23E-14  0.00E+00  0.00E+00  0.00E+00  0.00E+00  2.27E-15  4.84E-15  1.51E-14  4.91E-18
  8.50E+00  1.73E-14  0.00E+00  0.00E+00  0.00E+00  0.00E+00  2.22E-15  4.33E-15  1.07E-14  4.85E-18
  8.40E+00  1.36E-14  0.00E+00  0.00E+00  0.00E+00  0.00E+00  2.18E-15  3.84E-15  7.63E-15  4.80E-18
  8.20E+00  1.26E-14  0.00E+00  0.00E+00  0.00E+00  0.00E+00  2.09E-15  2.78E-15  7.70E-15  4.68E-18
  8.00E+00  1.50E-14  0.00E+00  0.00E+00  0.00E+00  0.00E+00  2.00E-15  1.79E-15  1.12E-14  4.57E-18
  7.90E+00  1.74E-14  0.00E+00  0.00E+00  0.00E+00  0.00E+00  1.95E-15  1.46E-15  1.40E-14  4.51E-18
  7.80E+00  1.98E-14  0.00E+00  0.00E+00  0.00E+00  0.00E+00  1.91E-15  1.15E-15  1.67E-14  4.45E-18
  7.70E+00  2.06E-14  0.00E+00  0.00E+00  0.00E+00  0.00E+00  1.86E-15  9.19E-16  1.79E-14  4.40E-18
  7.60E+00  1.91E-14  0.00E+00  0.00E+00  0.00E+00  0.00E+00  1.82E-15  7.56E-16  1.65E-14  4.34E-18
  7.50E+00  1.59E-14  0.00E+00  0.00E+00  0.00E+00  0.00E+00  1.77E-15  6.15E-16  1.35E-14  4.28E-18
  7.30E+00  1.04E-14  0.00E+00  0.00E+00  0.00E+00  0.00E+00  1.68E-15  4.84E-16  8.21E-15  4.10E-18
  7.20E+00  8.84E-15  0.00E+00  0.00E+00  0.00E+00  0.00E+00  1.64E-15  4.53E-16  6.75E-15  3.98E-18
  7.10E+00  8.57E-15  0.00E+00  0.00E+00  0.00E+00  0.00E+00  1.60E-15  4.26E-16  6.55E-15  3.86E-18
  7.00E+00  1.11E-14  0.00E+00  0.00E+00  0.00E+00  0.00E+00  1.56E-15  4.08E-16  9.12E-15  3.75E-18
  6.90E+00  7.10E-15  0.00E+00  0.00E+00  0.00E+00  0.00E+00  1.51E-15  3.93E-16  5.19E-15  3.63E-18
  6.80E+00  5.78E-15  0.00E+00  0.00E+00  0.00E+00  0.00E+00  1.47E-15  3.81E-16  3.92E-15  3.52E-18
  6.60E+00  5.40E-15  0.00E+00  0.00E+00  0.00E+00  0.00E+00  1.39E-15  3.57E-16  3.65E-15  3.31E-18
  6.40E+00  7.23E-15  0.00E+00  0.00E+00  0.00E+00  0.00E+00  1.31E-15  3.33E-16  5.59E-15  3.11E-18
  6.30E+00  1.04E-14  0.00E+00  0.00E+00  0.00E+00  0.00E+00  1.25E-15  3.21E-16  8.84E-15  3.01E-18
  6.20E+00  1.35E-14  0.00E+00  0.00E+00  0.00E+00  0.00E+00  1.23E-15  3.09E-16  1.20E-14  2.92E-18
  6.10E+00  9.97E-15  0.00E+00  0.00E+00  0.00E+00  0.00E+00  1.19E-15  2.97E-16  8.48E-15  2.82E-18
  5.90E+00  4.86E-15  0.00E+00  0.00E+00  0.00E+00  0.00E+00  1.11E-15  2.73E-16  3.48E-15  2.64E-18
  5.50E+00  3.82E-15  0.00E+00  0.00E+00  0.00E+00  0.00E+00  9.55E-16  2.35E-16  2.63E-15  2.31E-18
  5.30E+00  5.35E-15  0.00E+00  0.00E+00  0.00E+00  0.00E+00  8.80E-16  2.20E-16  4.25E-15  2.15E-18
  5.20E+00  7.89E-15  0.00E+00  0.00E+00  0.00E+00  0.00E+00  8.43E-16  2.13E-16  6.84E-15  2.08E-18
  5.10E+00  1.04E-14  0.00E+00  0.00E+00  0.00E+00  0.00E+00  8.06E-16  2.07E-16  9.41E-15  2.01E-18
  5.00E+00  7.46E-15  0.00E+00  0.00E+00  0.00E+00  0.00E+00  7.70E-16  2.01E-16  6.49E-15  1.94E-18
  4.80E+00  3.50E-15  0.00E+00  0.00E+00  0.00E+00  0.00E+00  6.97E-16  1.91E-16  2.62E-15  1.80E-18
  4.50E+00  2.46E-15  0.00E+00  0.00E+00  0.00E+00  0.00E+00  5.95E-16  1.77E-16  1.68E-15  1.61E-18
  4.00E+00  2.11E-15  0.00E+00  0.00E+00  0.00E+00  0.00E+00  4.40E-16  1.58E-16  1.51E-15  1.78E-18
  3.80E+00  2.09E-15  0.00E+00  0.00E+00  0.00E+00  0.00E+00  3.84E-16  1.50E-16  1.56E-15  1.84E-18
  3.60E+00  2.23E-15  0.00E+00  0.00E+00  0.00E+00  0.00E+00  3.32E-16  1.42E-16  1.76E-15  1.91E-18
  3.40E+00  4.06E-15  0.00E+00  0.00E+00  0.00E+00  0.00E+00  2.84E-16  1.33E-16  3.64E-15  1.96E-18
  3.30E+00  1.01E-14  0.00E+00  0.00E+00  0.00E+00  0.00E+00  2.62E-16  1.28E-16  9.73E-15  1.99E-18
  3.20E+00  3.60E-15  0.00E+00  0.00E+00  0.00E+00  0.00E+00  2.41E-16  1.23E-16  3.23E-15  2.02E-18
  3.15E+00  2.60E-15  0.00E+00  0.00E+00  0.00E+00  0.00E+00  2.30E-16  1.20E-16  2.25E-15  2.03E-18
  3.10E+00  2.17E-15  0.00E+00  0.00E+00  0.00E+00  0.00E+00  2.20E-16  1.17E-16  1.83E-15  2.04E-18
  3.08E+00  2.06E-15  0.00E+00  0.00E+00  0.00E+00  0.00E+00  2.16E-16  1.16E-16  1.73E-15  2.05E-18
  3.05E+00  1.94E-15  0.00E+00  0.00E+00  0.00E+00  0.00E+00  2.10E-16  1.14E-16  1.62E-15  2.05E-18
  3.00E+00  1.81E-15  0.00E+00  0.00E+00  0.00E+00  0.00E+00  2.01E-16  1.12E-16  1.50E-15  2.07E-18
  2.90E+00  1.65E-15  0.00E+00  0.00E+00  0.00E+00  0.00E+00  1.82E-16  1.06E-16  1.36E-15  2.09E-18
  2.80E+00  1.55E-15  0.00E+00  0.00E+00  0.00E+00  0.00E+00  1.65E-16  1.00E-16  1.29E-15  2.10E-18
  2.60E+00  1.40E-15  0.00E+00  0.00E+00  0.00E+00  0.00E+00  1.32E-16  8.82E-17  1.18E-15  2.25E-18
  2.50E+00  1.33E-15  0.00E+00  0.00E+00  0.00E+00  0.00E+00  1.17E-16  8.18E-17  1.13E-15  2.38E-18
  2.20E+00  1.10E-15  0.00E+00  0.00E+00  0.00E+00  0.00E+00  7.75E-17  6.17E-17  9.63E-16  2.81E-18
  2.16E+00  1.07E-15  0.00E+00  0.00E+00  0.00E+00  0.00E+00  7.27E-17  5.88E-17  9.38E-16  2.87E-18
  2.00E+00  9.39E-16  0.00E+00  0.00E+00  0.00E+00  0.00E+00  5.53E-17  4.79E-17  8.36E-16  3.10E-18
  1.66E+00  6.44E-16  0.00E+00  0.00E+00  0.00E+00  0.00E+00  2.61E-17  2.61E-17  5.91E-16  3.58E-18
  1.65E+00  6.33E-16  0.00E+00  0.00E+00  0.00E+00  0.00E+00  2.53E-17  2.54E-17  5.82E-16  3.59E-18
  1.25E+00  2.85E-16  0.00E+00  0.00E+00  0.00E+00  0.00E+00  6.00E-18  7.06E-18  2.72E-16  3.44E-18
  1.23E+00  2.73E-16  0.00E+00  0.00E+00  0.00E+00  0.00E+00  5.58E-18  6.60E-18  2.61E-16  3.42E-18
  1.13E+00  1.95E-16  0.00E+00  0.00E+00  0.00E+00  0.00E+00  3.17E-18  3.91E-18  1.88E-16  3.31E-18
  1.00E+00  1.13E-16  0.00E+00  0.00E+00  0.00E+00  0.00E+00  1.33E-18  1.70E-18  1.10E-16  3.14E-18
  9.50E-01  8.72E-17  0.00E+00  0.00E+00  0.00E+00  0.00E+00  8.88E-19  1.16E-18  8.51E-17  3.03E-18
  9.30E-01  7.78E-17  0.00E+00  0.00E+00  0.00E+00  0.00E+00  7.46E-19  9.79E-19  7.61E-17  2.99E-18
  9.20E-01  7.34E-17  0.00E+00  0.00E+00  0.00E+00  0.00E+00  6.81E-19  8.97E-19  7.18E-17  2.97E-18
  9.10E-01  6.91E-17  0.00E+00  0.00E+00  0.00E+00  0.00E+00  6.21E-19  8.21E-19  6.76E-17  2.94E-18
  9.00E-01  6.49E-17  0.00E+00  0.00E+00  0.00E+00  0.00E+00  5.64E-19  7.49E-19  6.36E-17  2.92E-18
  8.90E-01  6.09E-17  0.00E+00  0.00E+00  0.00E+00  0.00E+00  5.12E-19  6.82E-19  5.97E-17  2.90E-18
  8.80E-01  5.70E-17  0.00E+00  0.00E+00  0.00E+00  0.00E+00  4.64E-19  6.19E-19  5.59E-17  2.87E-18
  8.70E-01  5.33E-17  0.00E+00  0.00E+00  0.00E+00  0.00E+00  4.19E-19  5.61E-19  5.23E-17  2.85E-18
  8.60E-01  4.97E-17  0.00E+00  0.00E+00  0.00E+00  0.00E+00  3.77E-19  5.07E-19  4.88E-17  2.83E-18
  8.50E-01  4.63E-17  0.00E+00  0.00E+00  0.00E+00  0.00E+00  3.39E-19  4.57E-19  4.55E-17  2.80E-18
  8.40E-01  4.30E-17  0.00E+00  0.00E+00  0.00E+00  0.00E+00  3.03E-19  4.11E-19  4.23E-17  2.78E-18
  8.33E-01  4.08E-17  0.00E+00  0.00E+00  0.00E+00  0.00E+00  2.80E-19  3.81E-19  4.01E-17  2.76E-18
  8.20E-01  3.69E-17  0.00E+00  0.00E+00  0.00E+00  0.00E+00  2.41E-19  3.30E-19  3.63E-17  2.73E-18
  8.10E-01  3.40E-17  0.00E+00  0.00E+00  0.00E+00  0.00E+00  2.14E-19  2.94E-19  3.35E-17  2.71E-18
  8.00E-01  3.13E-17  0.00E+00  0.00E+00  0.00E+00  0.00E+00  1.89E-19  2.61E-19  3.09E-17  2.68E-18
  7.90E-01  2.88E-17  0.00E+00  0.00E+00  0.00E+00  0.00E+00  1.66E-19  2.31E-19  2.84E-17  2.66E-18
  7.80E-01  2.64E-17  0.00E+00  0.00E+00  0.00E+00  0.00E+00  1.46E-19  2.04E-19  2.60E-17  2.63E-18
  7.70E-01  2.41E-17  0.00E+00  0.00E+00  0.00E+00  0.00E+00  1.28E-19  1.79E-19  2.38E-17  2.61E-18
  7.60E-01  2.19E-17  0.00E+00  0.00E+00  0.00E+00  0.00E+00  1.11E-19  1.57E-19  2.17E-17  2.58E-18
  7.50E-01  1.99E-17  0.00E+00  0.00E+00  0.00E+00  0.00E+00  9.67E-20  1.37E-19  1.97E-17  2.56E-18
  7.40E-01  1.80E-17  0.00E+00  0.00E+00  0.00E+00  0.00E+00  8.36E-20  1.19E-19  1.78E-17  2.53E-18
  7.30E-01  1.63E-17  0.00E+00  0.00E+00  0.00E+00  0.00E+00  7.19E-20  1.03E-19  1.61E-17  2.50E-18
  7.14E-01  1.37E-17  0.00E+00  0.00E+00  0.00E+00  0.00E+00  5.60E-20  8.11E-20  1.35E-17  2.46E-18
  7.10E-01  1.31E-17  0.00E+00  0.00E+00  0.00E+00  0.00E+00  5.25E-20  7.62E-20  1.30E-17  2.45E-18
  7.00E-01  1.17E-17  0.00E+00  0.00E+00  0.00E+00  0.00E+00  4.45E-20  6.51E-20  1.16E-17  2.42E-18
  6.90E-01  1.04E-17  0.00E+00  0.00E+00  0.00E+00  0.00E+00  3.75E-20  5.53E-20  1.03E-17  2.40E-18
  6.80E-01  9.20E-18  0.00E+00  0.00E+00  0.00E+00  0.00E+00  3.15E-20  4.67E-20  9.12E-18  2.37E-18
  6.70E-01  8.11E-18  0.00E+00  0.00E+00  0.00E+00  0.00E+00  2.62E-20  3.93E-20  8.04E-18  2.34E-18
  6.60E-01  7.12E-18  0.00E+00  0.00E+00  0.00E+00  0.00E+00  2.17E-20  3.29E-20  7.06E-18  2.32E-18
  6.50E-01  6.22E-18  0.00E+00  0.00E+00  0.00E+00  0.00E+00  1.79E-20  2.73E-20  6.17E-18  2.29E-18
  6.40E-01  5.41E-18  0.00E+00  0.00E+00  0.00E+00  0.00E+00  1.47E-20  2.26E-20  5.37E-18  2.26E-18
  6.30E-01  4.67E-18  0.00E+00  0.00E+00  0.00E+00  0.00E+00  1.19E-20  1.85E-20  4.64E-18  2.23E-18
  6.25E-01  4.34E-18  0.00E+00  0.00E+00  0.00E+00  0.00E+00  1.07E-20  1.67E-20  4.31E-18  2.22E-18
  6.20E-01  4.02E-18  0.00E+00  0.00E+00  0.00E+00  0.00E+00  9.63E-21  1.51E-20  4.00E-18  2.20E-18
  6.10E-01  3.44E-18  0.00E+00  0.00E+00  0.00E+00  0.00E+00  7.71E-21  1.22E-20  3.42E-18  2.18E-18
  6.00E-01  2.92E-18  0.00E+00  0.00E+00  0.00E+00  0.00E+00  6.12E-21  9.81E-21  2.91E-18  2.12E-18
  5.90E-01  2.47E-18  0.00E+00  0.00E+00  0.00E+00  0.00E+00  4.82E-21  7.82E-21  2.46E-18  2.05E-18
  5.80E-01  2.07E-18  0.00E+00  0.00E+00  0.00E+00  0.00E+00  3.76E-21  6.18E-21  2.06E-18  1.98E-18
  5.70E-01  1.73E-18  0.00E+00  0.00E+00  0.00E+00  0.00E+00  2.91E-21  4.84E-21  1.72E-18  1.91E-18
  5.60E-01  1.43E-18  0.00E+00  0.00E+00  0.00E+00  0.00E+00  2.22E-21  3.76E-21  1.42E-18  1.85E-18
  5.50E-01  1.17E-18  0.00E+00  0.00E+00  0.00E+00  0.00E+00  1.68E-21  2.89E-21  1.17E-18  1.79E-18
  5.48E-01  1.48E-18  0.00E+00  0.00E+00  0.00E+00  0.00E+00  1.58E-21  2.71E-21  1.48E-18  1.77E-18
  5.40E-01  1.27E-18  0.00E+00  0.00E+00  0.00E+00  0.00E+00  1.27E-21  2.20E-21  1.27E-18  1.73E-18
  5.30E-01  1.03E-18  0.00E+00  0.00E+00  0.00E+00  0.00E+00  9.40E-22  1.65E-21  1.03E-18  1.67E-18
  5.20E-01  8.34E-19  0.00E+00  0.00E+00  0.00E+00  0.00E+00  6.89E-22  1.23E-21  8.32E-19  1.61E-18
  5.10E-01  6.66E-19  0.00E+00  0.00E+00  0.00E+00  0.00E+00  4.98E-22  9.02E-22  6.65E-19  1.55E-18
  5.00E-01  5.27E-19  0.00E+00  0.00E+00  0.00E+00  0.00E+00  3.55E-22  6.54E-22  5.26E-19  1.50E-18
  4.90E-01  4.13E-19  0.00E+00  0.00E+00  0.00E+00  0.00E+00  2.50E-22  4.68E-22  4.13E-19  1.44E-18
  4.88E-01  3.93E-19  0.00E+00  0.00E+00  0.00E+00  0.00E+00  2.32E-22  4.37E-22  3.92E-19  1.43E-18
  4.80E-01  3.20E-19  0.00E+00  0.00E+00  0.00E+00  0.00E+00  1.73E-22  3.30E-22  3.20E-19  1.39E-18
  4.76E-01  2.88E-19  0.00E+00  0.00E+00  0.00E+00  0.00E+00  1.49E-22  2.85E-22  2.88E-19  1.37E-18
  4.70E-01  2.46E-19  0.00E+00  0.00E+00  0.00E+00  0.00E+00  1.19E-22  2.29E-22  2.45E-19  1.32E-18
  4.65E-01  2.14E-19  0.00E+00  0.00E+00  0.00E+00  0.00E+00  9.74E-23  1.89E-22  2.14E-19  1.26E-18
  4.60E-01  1.86E-19  0.00E+00  0.00E+00  0.00E+00  0.00E+00  7.96E-23  1.56E-22  1.86E-19  1.20E-18
  4.55E-01  1.61E-19  0.00E+00  0.00E+00  0.00E+00  0.00E+00  6.48E-23  1.28E-22  1.61E-19  1.14E-18
  4.50E-01  1.39E-19  0.00E+00  0.00E+00  0.00E+00  0.00E+00  5.25E-23  1.04E-22  1.39E-19  1.09E-18
  4.44E-01  1.16E-19  0.00E+00  0.00E+00  0.00E+00  0.00E+00  4.04E-23  8.14E-23  1.16E-19  1.02E-18
  4.35E-01  8.76E-20  0.00E+00  0.00E+00  0.00E+00  0.00E+00  2.70E-23  5.53E-23  8.76E-20  9.35E-19
  4.17E-01  4.82E-20  0.00E+00  0.00E+00  0.00E+00  0.00E+00  1.14E-23  2.41E-23  4.81E-20  7.81E-19
  4.00E-01  2.61E-20  0.00E+00  0.00E+00  0.00E+00  0.00E+00  4.70E-24  1.03E-23  2.61E-20  6.57E-19
  3.85E-01  1.45E-20  0.00E+00  0.00E+00  0.00E+00  0.00E+00  1.99E-24  4.53E-24  1.45E-20  5.64E-19
  3.66E-01  6.35E-21  0.00E+00  0.00E+00  0.00E+00  0.00E+00  5.87E-25  1.41E-24  6.35E-21  4.62E-19
  3.57E-01  4.28E-21  0.00E+00  0.00E+00  0.00E+00  0.00E+00  3.26E-25  8.08E-25  4.28E-21  4.24E-19
  3.33E-01  1.30E-21  0.00E+00  0.00E+00  0.00E+00  0.00E+00  5.39E-26  1.45E-25  1.30E-21  3.33E-19
  3.13E-01  4.29E-22  0.00E+00  0.00E+00  0.00E+00  0.00E+00  9.85E-27  2.81E-26  4.29E-22  2.71E-19
  3.00E-01  1.97E-22  0.00E+00  0.00E+00  0.00E+00  0.00E+00  2.91E-27  8.55E-27  1.97E-22  2.37E-19
  2.94E-01  1.35E-22  0.00E+00  0.00E+00  0.00E+00  0.00E+00  1.59E-27  4.76E-27  1.35E-22  2.22E-19
  2.78E-01  4.79E-23  0.00E+00  0.00E+00  0.00E+00  0.00E+00  2.84E-28  8.77E-28  4.79E-23  1.96E-19
  2.63E-01  1.76E-23  0.00E+00  0.00E+00  0.00E+00  0.00E+00  4.82E-29  1.48E-28  1.76E-23  1.81E-19
  2.50E-01  7.47E-24  0.00E+00  0.00E+00  0.00E+00  0.00E+00  8.93E-30  2.64E-29  7.47E-24  1.68E-19
  2.38E-01  3.41E-24  0.00E+00  0.00E+00  0.00E+00  0.00E+00  1.75E-30  4.40E-30  3.41E-24  1.57E-19
  2.27E-01  1.12E-24  0.00E+00  0.00E+00  0.00E+00  0.00E+00  3.54E-31  7.47E-31  1.12E-24  1.47E-19
  2.17E-01  1.58E-25  0.00E+00  0.00E+00  0.00E+00  0.00E+00  6.73E-32  1.38E-31  1.58E-25  1.48E-19
  2.08E-01  1.80E-26  0.00E+00  0.00E+00  0.00E+00  0.00E+00  0.00E+00  0.00E+00  1.80E-26  1.54E-19
  2.00E-01  2.43E-27  0.00E+00  0.00E+00  0.00E+00  0.00E+00  0.00E+00  0.00E+00  2.43E-27  1.60E-19
  1.92E-01  3.17E-28  0.00E+00  0.00E+00  0.00E+00  0.00E+00  0.00E+00  0.00E+00  3.17E-28  1.65E-19
  1.85E-01  5.07E-29  0.00E+00  0.00E+00  0.00E+00  0.00E+00  0.00E+00  0.00E+00  5.07E-29  1.69E-19
  1.79E-01  1.00E-29  0.00E+00  0.00E+00  0.00E+00  0.00E+00  0.00E+00  0.00E+00  1.00E-29  1.66E-19
  1.72E-01  1.40E-30  0.00E+00  0.00E+00  0.00E+00  0.00E+00  0.00E+00  0.00E+00  1.40E-30  1.60E-19
  1.67E-01  3.24E-31  0.00E+00  0.00E+00  0.00E+00  0.00E+00  0.00E+00  0.00E+00  3.24E-31  1.55E-19
  1.61E-01  0.00E+00  0.00E+00  0.00E+00  0.00E+00  0.00E+00  0.00E+00  0.00E+00  0.00E+00  1.49E-19
  1.56E-01  0.00E+00  0.00E+00  0.00E+00  0.00E+00  0.00E+00  0.00E+00  0.00E+00  0.00E+00  1.45E-19
  1.52E-01  0.00E+00  0.00E+00  0.00E+00  0.00E+00  0.00E+00  0.00E+00  0.00E+00  0.00E+00  1.41E-19
  1.47E-01  0.00E+00  0.00E+00  0.00E+00  0.00E+00  0.00E+00  0.00E+00  0.00E+00  0.00E+00  1.34E-19
  1.43E-01  0.00E+00  0.00E+00  0.00E+00  0.00E+00  0.00E+00  0.00E+00  0.00E+00  0.00E+00  1.28E-19
  1.39E-01  0.00E+00  0.00E+00  0.00E+00  0.00E+00  0.00E+00  0.00E+00  0.00E+00  0.00E+00  1.22E-19
  1.35E-01  0.00E+00  0.00E+00  0.00E+00  0.00E+00  0.00E+00  0.00E+00  0.00E+00  0.00E+00  1.16E-19
  1.32E-01  0.00E+00  0.00E+00  0.00E+00  0.00E+00  0.00E+00  0.00E+00  0.00E+00  0.00E+00  1.11E-19
  1.28E-01  0.00E+00  0.00E+00  0.00E+00  0.00E+00  0.00E+00  0.00E+00  0.00E+00  0.00E+00  1.05E-19
  1.25E-01  0.00E+00  0.00E+00  0.00E+00  0.00E+00  0.00E+00  0.00E+00  0.00E+00  0.00E+00  1.00E-19
  1.22E-01  0.00E+00  0.00E+00  0.00E+00  0.00E+00  0.00E+00  0.00E+00  0.00E+00  0.00E+00  9.58E-20
  1.19E-01  0.00E+00  0.00E+00  0.00E+00  0.00E+00  0.00E+00  0.00E+00  0.00E+00  0.00E+00  9.11E-20
  1.16E-01  0.00E+00  0.00E+00  0.00E+00  0.00E+00  0.00E+00  0.00E+00  0.00E+00  0.00E+00  8.65E-20
  1.14E-01  0.00E+00  0.00E+00  0.00E+00  0.00E+00  0.00E+00  0.00E+00  0.00E+00  0.00E+00  8.35E-20
  1.11E-01  0.00E+00  0.00E+00  0.00E+00  0.00E+00  0.00E+00  0.00E+00  0.00E+00  0.00E+00  7.92E-20
  1.08E-01  0.00E+00  0.00E+00  0.00E+00  0.00E+00  0.00E+00  0.00E+00  0.00E+00  0.00E+00  7.25E-20
  1.05E-01  0.00E+00  0.00E+00  0.00E+00  0.00E+00  0.00E+00  0.00E+00  0.00E+00  0.00E+00  6.64E-20
  1.03E-01  0.00E+00  0.00E+00  0.00E+00  0.00E+00  0.00E+00  0.00E+00  0.00E+00  0.00E+00  6.25E-20
  1.00E-01  0.00E+00  0.00E+00  0.00E+00  0.00E+00  0.00E+00  0.00E+00  0.00E+00  0.00E+00  5.71E-20
  9.75E-02  0.00E+00  0.00E+00  0.00E+00  0.00E+00  0.00E+00  0.00E+00  0.00E+00  0.00E+00  5.15E-20
  9.50E-02  0.00E+00  0.00E+00  0.00E+00  0.00E+00  0.00E+00  0.00E+00  0.00E+00  0.00E+00  4.65E-20
  9.25E-02  0.00E+00  0.00E+00  0.00E+00  0.00E+00  0.00E+00  0.00E+00  0.00E+00  0.00E+00  4.19E-20
  9.08E-02  0.00E+00  0.00E+00  0.00E+00  0.00E+00  0.00E+00  0.00E+00  0.00E+00  0.00E+00  3.90E-20
