 # Optical depth (Siebenmorgen 2023, A&A 670A,115; SC 2023 doi: 10.48550/arXiv.2311.03310)
 # wel(cm) sa_aC    ss_aC    sa_Si    ss_Si    sa_vgr   ss_vgr   sa_vsi   ss_vsi   s_pahS+B sa_Dark  ss_Dark sigt 
 # ------------------------------------------------------------------------------------------------------------- 
1.000E+00 8.66E-07 5.58E-16 3.03E-07 6.82E-17 4.99E-09 4.74E-23 6.27E-08 1.06E-22 2.93E-12 2.09E-06 2.28E-14 3.323E-06
9.000E-01 1.01E-06 8.50E-16 3.58E-07 1.04E-16 6.37E-09 7.22E-23 7.46E-08 1.62E-22 3.62E-12 2.42E-06 3.46E-14 3.877E-06
8.000E-01 1.21E-06 1.36E-15 4.32E-07 1.67E-16 8.31E-09 1.16E-22 9.08E-08 2.59E-22 4.58E-12 2.87E-06 5.53E-14 4.610E-06
7.000E-01 1.48E-06 2.32E-15 5.33E-07 2.84E-16 1.11E-08 1.97E-22 1.12E-07 4.42E-22 5.98E-12 3.47E-06 9.40E-14 5.611E-06
6.000E-01 1.87E-06 4.29E-15 6.81E-07 5.26E-16 1.55E-08 3.65E-22 1.44E-07 8.18E-22 8.14E-12 4.34E-06 1.73E-13 7.051E-06
5.500E-01 2.14E-06 6.08E-15 7.83E-07 7.45E-16 1.85E-08 5.17E-22 1.66E-07 1.16E-21 9.69E-12 4.92E-06 2.45E-13 8.026E-06
5.000E-01 2.48E-06 8.89E-15 9.11E-07 1.09E-15 2.25E-08 7.58E-22 1.92E-07 1.70E-21 1.17E-11 5.65E-06 3.58E-13 9.252E-06
4.500E-01 2.92E-06 1.35E-14 1.08E-06 1.66E-15 2.76E-08 1.15E-21 2.29E-07 2.59E-21 1.45E-11 6.58E-06 5.43E-13 1.084E-05
4.000E-01 3.51E-06 2.17E-14 1.30E-06 2.66E-15 3.46E-08 1.85E-21 2.75E-07 4.14E-21 1.83E-11 7.82E-06 8.66E-13 1.294E-05
3.500E-01 4.33E-06 3.69E-14 1.62E-06 4.55E-15 4.44E-08 3.16E-21 3.44E-07 7.06E-21 2.39E-11 9.51E-06 1.47E-12 1.584E-05
3.000E-01 5.52E-06 6.83E-14 2.07E-06 8.42E-15 5.84E-08 5.85E-21 4.37E-07 1.31E-20 3.26E-11 1.19E-05 2.71E-12 2.003E-05
2.500E-01 7.39E-06 1.41E-13 2.79E-06 1.75E-14 7.97E-08 1.21E-20 5.87E-07 2.71E-20 4.69E-11 1.57E-05 5.58E-12 2.651E-05
2.098E-01 9.81E-06 2.85E-13 3.70E-06 3.52E-14 1.06E-07 2.44E-20 7.80E-07 5.46E-20 6.66E-11 2.04E-05 1.12E-11 3.478E-05
1.500E-01 1.70E-05 1.09E-12 6.41E-06 1.35E-13 2.02E-07 9.35E-20 1.34E-06 2.09E-19 1.30E-10 3.39E-05 4.21E-11 5.890E-05
1.382E-01 1.95E-05 1.51E-12 7.33E-06 1.87E-13 2.38E-07 1.30E-19 1.53E-06 2.89E-19 1.53E-10 3.85E-05 5.82E-11 6.711E-05
1.320E-01 2.11E-05 1.81E-12 7.90E-06 2.25E-13 2.61E-07 1.56E-19 1.65E-06 3.48E-19 1.68E-10 4.13E-05 6.97E-11 7.221E-05
1.150E-01 2.66E-05 3.14E-12 9.91E-06 3.90E-13 3.42E-07 2.71E-19 2.06E-06 6.03E-19 2.22E-10 5.12E-05 1.20E-10 9.011E-05
1.000E-01 3.38E-05 5.48E-12 1.25E-05 6.82E-13 4.49E-07 4.73E-19 2.57E-06 1.05E-18 2.93E-10 6.37E-05 2.09E-10 1.131E-04
9.970E-02 3.40E-05 5.55E-12 1.25E-05 6.90E-13 4.52E-07 4.79E-19 2.58E-06 1.07E-18 2.95E-10 6.40E-05 2.11E-10 1.136E-04
8.670E-02 4.28E-05 9.70E-12 1.58E-05 1.21E-12 5.98E-07 8.38E-19 3.24E-06 1.87E-18 3.90E-10 7.92E-05 3.67E-10 1.417E-04
8.500E-02 4.44E-05 1.05E-11 1.63E-05 1.31E-12 6.21E-07 9.07E-19 3.35E-06 2.02E-18 4.06E-10 8.19E-05 3.97E-10 1.466E-04
7.500E-02 5.63E-05 1.73E-11 2.01E-05 2.16E-12 7.90E-07 1.50E-18 4.09E-06 3.33E-18 5.21E-10 1.02E-04 6.50E-10 1.832E-04
6.000E-02 8.27E-05 4.22E-11 2.91E-05 5.31E-12 1.21E-06 3.65E-18 5.93E-06 8.13E-18 8.14E-10 1.43E-04 1.56E-09 2.619E-04
5.500E-02 9.59E-05 5.99E-11 3.26E-05 7.57E-12 1.43E-06 5.17E-18 6.91E-06 1.15E-17 9.69E-10 1.65E-04 2.20E-09 3.014E-04
5.000E-02 1.14E-04 8.78E-11 4.05E-05 1.12E-11 1.71E-06 7.57E-18 8.23E-06 1.69E-17 1.17E-09 1.94E-04 3.22E-09 3.591E-04
4.500E-02 1.41E-04 1.34E-10 5.38E-05 1.72E-11 2.08E-06 1.15E-17 1.01E-05 2.57E-17 1.45E-09 2.36E-04 4.88E-09 4.430E-04
4.000E-02 1.81E-04 2.16E-10 7.21E-05 2.80E-11 2.60E-06 1.85E-17 1.27E-05 4.13E-17 1.83E-09 2.94E-04 7.72E-09 5.625E-04
3.500E-02 2.27E-04 3.68E-10 1.10E-04 4.83E-11 3.33E-06 3.15E-17 1.68E-05 7.05E-17 2.40E-09 3.57E-04 1.30E-08 7.149E-04
3.000E-02 3.22E-04 6.88E-10 1.72E-04 8.99E-11 4.44E-06 5.84E-17 2.36E-05 1.31E-16 3.26E-09 4.81E-04 2.37E-08 1.003E-03
2.750E-02 3.85E-04 9.76E-10 2.16E-04 1.27E-10 5.23E-06 8.27E-17 2.89E-05 1.86E-16 3.88E-09 5.55E-04 3.31E-08 1.190E-03
2.500E-02 4.65E-04 1.44E-09 2.74E-04 1.86E-10 6.24E-06 1.21E-16 3.62E-05 2.72E-16 4.70E-09 6.56E-04 4.81E-08 1.438E-03
2.400E-02 5.11E-04 1.69E-09 3.03E-04 2.19E-10 6.76E-06 1.43E-16 3.95E-05 3.20E-16 5.10E-09 6.99E-04 5.59E-08 1.559E-03
2.000E-02 7.53E-04 3.57E-09 4.67E-04 4.41E-10 9.56E-06 2.96E-16 5.72E-05 6.63E-16 7.36E-09 9.55E-04 1.13E-07 2.242E-03
1.800E-02 9.46E-04 5.52E-09 5.75E-04 6.55E-10 1.18E-05 4.52E-16 7.11E-05 1.01E-15 9.10E-09 1.15E-03 1.69E-07 2.757E-03
1.600E-02 1.27E-03 8.99E-09 7.07E-04 1.02E-09 1.49E-05 7.25E-16 9.07E-05 1.62E-15 1.15E-08 1.41E-03 2.62E-07 3.489E-03
1.500E-02 1.52E-03 1.17E-08 7.87E-04 1.29E-09 1.69E-05 9.40E-16 1.03E-04 2.10E-15 1.31E-08 1.56E-03 3.30E-07 3.986E-03
1.400E-02 1.73E-03 1.55E-08 8.77E-04 1.67E-09 1.96E-05 1.24E-15 1.19E-04 2.77E-15 1.51E-08 1.71E-03 4.28E-07 4.453E-03
1.200E-02 2.65E-03 2.92E-08 1.10E-03 2.94E-09 2.72E-05 2.31E-15 1.63E-04 5.13E-15 2.06E-08 2.17E-03 7.34E-07 6.107E-03
1.000E-02 4.01E-03 6.11E-08 1.42E-03 5.70E-09 4.12E-05 4.82E-15 2.38E-04 1.07E-14 2.98E-08 2.79E-03 1.42E-06 8.502E-03
9.000E-03 5.31E-03 9.37E-08 1.60E-03 8.37E-09 5.29E-05 7.39E-15 2.97E-04 1.63E-14 3.70E-08 3.24E-03 2.05E-06 1.051E-02
8.000E-03 6.67E-03 1.40E-07 1.85E-03 1.31E-08 7.07E-05 1.19E-14 3.80E-04 2.61E-14 4.71E-08 3.63E-03 3.04E-06 1.261E-02
7.500E-03 7.77E-03 1.82E-07 2.04E-03 1.69E-08 8.35E-05 1.55E-14 4.36E-04 3.37E-14 5.38E-08 4.01E-03 3.83E-06 1.435E-02
7.000E-03 9.00E-03 2.29E-07 2.28E-03 2.20E-08 1.00E-04 2.06E-14 5.06E-04 4.45E-14 6.21E-08 4.34E-03 4.79E-06 1.622E-02
6.000E-03 1.16E-02 3.74E-07 2.89E-03 3.96E-08 1.54E-04 3.88E-14 7.03E-04 8.23E-14 8.58E-08 5.19E-03 8.04E-06 2.059E-02
5.000E-03 1.42E-02 6.27E-07 4.01E-03 7.90E-08 2.71E-04 8.23E-14 1.04E-03 1.70E-13 1.27E-07 6.33E-03 1.49E-05 2.589E-02
4.500E-03 1.57E-02 8.13E-07 4.82E-03 1.16E-07 3.83E-04 1.27E-13 1.29E-03 2.58E-13 1.60E-07 7.09E-03 2.08E-05 2.927E-02
4.000E-03 1.67E-02 1.08E-06 5.82E-03 1.68E-07 5.60E-04 2.02E-13 1.65E-03 4.08E-13 2.10E-07 7.98E-03 3.05E-05 3.273E-02
3.500E-03 1.82E-02 1.54E-06 6.95E-03 2.56E-07 7.78E-04 3.23E-13 2.16E-03 6.88E-13 2.90E-07 9.19E-03 4.71E-05 3.728E-02
3.000E-03 1.97E-02 2.24E-06 8.20E-03 3.94E-07 8.22E-04 5.06E-13 2.95E-03 1.26E-12 4.46E-07 1.08E-02 7.61E-05 4.253E-02
2.750E-03 2.03E-02 2.76E-06 8.81E-03 4.98E-07 7.08E-04 6.51E-13 3.54E-03 1.75E-12 6.07E-07 1.17E-02 9.84E-05 4.520E-02
2.500E-03 2.08E-02 3.49E-06 9.47E-03 6.39E-07 5.58E-04 8.96E-13 4.35E-03 2.52E-12 1.03E-06 1.28E-02 1.30E-04 4.808E-02
2.400E-03 2.11E-02 3.91E-06 9.73E-03 7.12E-07 5.00E-04 1.04E-12 4.74E-03 2.93E-12 1.45E-06 1.33E-02 1.46E-04 4.956E-02
2.350E-03 2.14E-02 4.14E-06 9.88E-03 7.53E-07 4.73E-04 1.13E-12 4.96E-03 3.16E-12 1.73E-06 1.36E-02 1.55E-04 5.039E-02
2.320E-03 2.15E-02 4.27E-06 9.98E-03 7.79E-07 4.57E-04 1.18E-12 5.09E-03 3.31E-12 1.86E-06 1.37E-02 1.60E-04 5.086E-02
2.310E-03 2.15E-02 4.32E-06 1.00E-02 7.89E-07 4.52E-04 1.20E-12 5.14E-03 3.36E-12 1.90E-06 1.38E-02 1.62E-04 5.102E-02
2.300E-03 2.15E-02 4.37E-06 1.01E-02 7.97E-07 4.47E-04 1.22E-12 5.18E-03 3.42E-12 1.92E-06 1.38E-02 1.64E-04 5.118E-02
2.250E-03 2.16E-02 4.61E-06 1.02E-02 8.47E-07 4.23E-04 1.33E-12 5.45E-03 3.71E-12 2.00E-06 1.41E-02 1.74E-04 5.202E-02
2.200E-03 2.18E-02 4.89E-06 1.04E-02 8.98E-07 4.00E-04 1.45E-12 5.75E-03 4.02E-12 2.10E-06 1.43E-02 1.83E-04 5.292E-02
2.150E-03 2.20E-02 5.21E-06 1.07E-02 9.50E-07 3.80E-04 1.59E-12 6.04E-03 4.34E-12 2.30E-06 1.46E-02 1.94E-04 5.390E-02
2.120E-03 2.21E-02 5.40E-06 1.08E-02 9.79E-07 3.68E-04 1.69E-12 6.23E-03 4.55E-12 2.40E-06 1.48E-02 2.00E-04 5.450E-02
2.110E-03 2.21E-02 5.45E-06 1.08E-02 9.89E-07 3.64E-04 1.72E-12 6.30E-03 4.63E-12 2.42E-06 1.48E-02 2.02E-04 5.468E-02
2.100E-03 2.22E-02 5.51E-06 1.09E-02 9.98E-07 3.60E-04 1.75E-12 6.37E-03 4.70E-12 2.42E-06 1.49E-02 2.04E-04 5.484E-02
2.080E-03 2.21E-02 5.63E-06 1.09E-02 1.02E-06 3.53E-04 1.82E-12 6.50E-03 4.85E-12 2.40E-06 1.49E-02 2.08E-04 5.511E-02
2.000E-03 2.23E-02 6.29E-06 1.12E-02 1.09E-06 3.27E-04 2.13E-12 7.13E-03 5.51E-12 2.27E-06 1.54E-02 2.27E-04 5.652E-02
1.950E-03 2.25E-02 6.78E-06 1.13E-02 1.12E-06 3.14E-04 2.36E-12 7.54E-03 5.84E-12 2.45E-06 1.55E-02 2.36E-04 5.737E-02
1.900E-03 2.28E-02 7.36E-06 1.13E-02 1.15E-06 3.01E-04 2.62E-12 7.86E-03 6.11E-12 2.98E-06 1.56E-02 2.44E-04 5.811E-02
1.850E-03 2.31E-02 7.99E-06 1.12E-02 1.15E-06 2.90E-04 2.93E-12 8.04E-03 6.27E-12 3.85E-06 1.56E-02 2.51E-04 5.844E-02
1.830E-03 2.32E-02 8.23E-06 1.11E-02 1.15E-06 2.86E-04 3.06E-12 8.06E-03 6.30E-12 4.16E-06 1.55E-02 2.53E-04 5.846E-02
1.820E-03 2.33E-02 8.35E-06 1.10E-02 1.15E-06 2.84E-04 3.13E-12 8.06E-03 6.32E-12 4.27E-06 1.55E-02 2.54E-04 5.839E-02
1.810E-03 2.33E-02 8.49E-06 1.10E-02 1.15E-06 2.82E-04 3.20E-12 8.05E-03 6.33E-12 4.33E-06 1.54E-02 2.55E-04 5.832E-02
1.800E-03 2.34E-02 8.64E-06 1.09E-02 1.14E-06 2.80E-04 3.27E-12 8.02E-03 6.34E-12 4.36E-06 1.54E-02 2.57E-04 5.826E-02
1.750E-03 2.37E-02 9.36E-06 1.04E-02 1.11E-06 2.72E-04 3.67E-12 7.82E-03 6.38E-12 4.46E-06 1.51E-02 2.65E-04 5.761E-02
1.700E-03 2.38E-02 1.02E-05 9.64E-03 1.06E-06 2.66E-04 4.13E-12 7.44E-03 6.42E-12 5.47E-06 1.48E-02 2.76E-04 5.624E-02
1.670E-03 2.41E-02 1.08E-05 9.03E-03 1.03E-06 2.62E-04 4.44E-12 7.16E-03 6.50E-12 6.46E-06 1.46E-02 2.86E-04 5.546E-02
1.650E-03 2.44E-02 1.13E-05 8.57E-03 1.01E-06 2.61E-04 4.67E-12 6.94E-03 6.57E-12 6.81E-06 1.45E-02 2.93E-04 5.491E-02
1.640E-03 2.44E-02 1.14E-05 8.32E-03 1.01E-06 2.60E-04 4.79E-12 6.83E-03 6.61E-12 6.80E-06 1.44E-02 2.97E-04 5.456E-02
1.630E-03 2.45E-02 1.17E-05 8.06E-03 1.00E-06 2.59E-04 4.91E-12 6.72E-03 6.66E-12 6.66E-06 1.43E-02 3.01E-04 5.421E-02
1.610E-03 2.47E-02 1.21E-05 7.51E-03 1.00E-06 2.58E-04 5.16E-12 6.49E-03 6.83E-12 6.22E-06 1.42E-02 3.10E-04 5.344E-02
1.600E-03 2.47E-02 1.23E-05 7.22E-03 1.00E-06 2.57E-04 5.29E-12 6.37E-03 6.92E-12 6.01E-06 1.41E-02 3.16E-04 5.306E-02
1.590E-03 2.48E-02 1.25E-05 6.93E-03 1.01E-06 2.57E-04 5.43E-12 6.26E-03 7.02E-12 5.86E-06 1.41E-02 3.21E-04 5.268E-02
1.580E-03 2.49E-02 1.27E-05 6.64E-03 1.03E-06 2.56E-04 5.57E-12 6.14E-03 7.15E-12 5.75E-06 1.40E-02 3.28E-04 5.229E-02
1.570E-03 2.49E-02 1.30E-05 6.35E-03 1.05E-06 2.56E-04 5.72E-12 6.03E-03 7.29E-12 5.66E-06 1.39E-02 3.34E-04 5.185E-02
1.560E-03 2.51E-02 1.33E-05 6.07E-03 1.08E-06 2.55E-04 5.87E-12 5.92E-03 7.43E-12 5.54E-06 1.39E-02 3.42E-04 5.155E-02
1.540E-03 2.53E-02 1.37E-05 5.59E-03 1.16E-06 2.55E-04 6.18E-12 5.70E-03 7.78E-12 5.40E-06 1.38E-02 3.57E-04 5.100E-02
1.520E-03 2.54E-02 1.42E-05 5.21E-03 1.28E-06 2.55E-04 6.52E-12 5.49E-03 8.21E-12 5.70E-06 1.37E-02 3.74E-04 5.040E-02
1.510E-03 2.54E-02 1.44E-05 5.07E-03 1.35E-06 2.55E-04 6.70E-12 5.39E-03 8.45E-12 5.89E-06 1.36E-02 3.83E-04 5.015E-02
1.500E-03 2.54E-02 1.47E-05 4.96E-03 1.42E-06 2.55E-04 6.88E-12 5.30E-03 8.71E-12 5.93E-06 1.36E-02 3.94E-04 4.991E-02
1.450E-03 2.57E-02 1.63E-05 4.77E-03 1.86E-06 2.56E-04 7.90E-12 4.88E-03 1.05E-11 7.56E-06 1.35E-02 4.65E-04 4.960E-02
1.440E-03 2.58E-02 1.66E-05 4.77E-03 1.95E-06 2.57E-04 8.13E-12 4.81E-03 1.10E-11 8.38E-06 1.35E-02 4.83E-04 4.966E-02
1.430E-03 2.59E-02 1.70E-05 4.77E-03 2.05E-06 2.57E-04 8.36E-12 4.79E-03 1.16E-11 9.08E-06 1.36E-02 5.04E-04 4.983E-02
1.420E-03 2.59E-02 1.73E-05 4.77E-03 2.15E-06 2.58E-04 8.60E-12 4.77E-03 1.22E-11 9.44E-06 1.37E-02 5.26E-04 4.999E-02
1.400E-03 2.61E-02 1.82E-05 4.79E-03 2.36E-06 2.59E-04 9.11E-12 4.81E-03 1.36E-11 1.03E-05 1.40E-02 5.76E-04 5.058E-02
1.380E-03 2.63E-02 1.89E-05 4.80E-03 2.59E-06 2.61E-04 9.66E-12 4.94E-03 1.52E-11 1.31E-05 1.44E-02 6.33E-04 5.137E-02
1.370E-03 2.64E-02 1.94E-05 4.82E-03 2.72E-06 2.62E-04 9.95E-12 5.08E-03 1.60E-11 1.56E-05 1.47E-02 6.63E-04 5.190E-02
1.360E-03 2.65E-02 1.98E-05 4.83E-03 2.85E-06 2.63E-04 1.03E-11 5.23E-03 1.69E-11 1.81E-05 1.50E-02 6.94E-04 5.253E-02
1.350E-03 2.66E-02 2.03E-05 4.85E-03 2.99E-06 2.64E-04 1.06E-11 5.38E-03 1.79E-11 1.94E-05 1.53E-02 7.27E-04 5.319E-02
1.340E-03 2.68E-02 2.07E-05 4.87E-03 3.14E-06 2.66E-04 1.09E-11 5.57E-03 1.88E-11 2.11E-05 1.56E-02 7.58E-04 5.390E-02
1.330E-03 2.69E-02 2.12E-05 4.91E-03 3.30E-06 2.67E-04 1.12E-11 5.76E-03 1.97E-11 2.45E-05 1.59E-02 7.89E-04 5.459E-02
1.320E-03 2.70E-02 2.17E-05 4.95E-03 3.47E-06 2.68E-04 1.16E-11 5.96E-03 2.08E-11 3.03E-05 1.63E-02 8.22E-04 5.534E-02
1.310E-03 2.70E-02 2.20E-05 5.00E-03 3.65E-06 2.70E-04 1.19E-11 6.17E-03 2.18E-11 3.97E-05 1.66E-02 8.53E-04 5.605E-02
1.290E-03 2.71E-02 2.29E-05 5.13E-03 4.05E-06 2.73E-04 1.27E-11 6.63E-03 2.40E-11 8.21E-05 1.73E-02 9.21E-04 5.746E-02
1.280E-03 2.71E-02 2.35E-05 5.21E-03 4.26E-06 2.75E-04 1.31E-11 6.90E-03 2.52E-11 1.21E-04 1.77E-02 9.57E-04 5.831E-02
1.270E-03 2.72E-02 2.41E-05 5.25E-03 4.50E-06 2.77E-04 1.35E-11 7.18E-03 2.65E-11 1.46E-04 1.81E-02 9.93E-04 5.921E-02
1.260E-03 2.73E-02 2.47E-05 5.34E-03 4.77E-06 2.79E-04 1.40E-11 7.48E-03 2.77E-11 1.26E-04 1.85E-02 1.03E-03 6.009E-02
1.250E-03 2.73E-02 2.53E-05 5.46E-03 5.07E-06 2.81E-04 1.44E-11 7.78E-03 2.90E-11 9.27E-05 1.89E-02 1.06E-03 6.095E-02
1.220E-03 2.78E-02 2.75E-05 6.26E-03 6.34E-06 2.87E-04 1.59E-11 8.73E-03 3.32E-11 7.24E-05 2.02E-02 1.17E-03 6.455E-02
1.210E-03 2.79E-02 2.81E-05 6.85E-03 6.84E-06 2.89E-04 1.65E-11 9.09E-03 3.48E-11 8.33E-05 2.06E-02 1.20E-03 6.604E-02
1.200E-03 2.79E-02 2.88E-05 7.57E-03 7.33E-06 2.91E-04 1.70E-11 9.49E-03 3.64E-11 9.21E-05 2.10E-02 1.24E-03 6.769E-02
1.190E-03 2.81E-02 2.96E-05 8.36E-03 7.75E-06 2.93E-04 1.76E-11 9.91E-03 3.81E-11 9.21E-05 2.15E-02 1.27E-03 6.959E-02
1.180E-03 2.83E-02 3.04E-05 9.13E-03 8.10E-06 2.95E-04 1.83E-11 1.03E-02 3.97E-11 9.15E-05 2.19E-02 1.30E-03 7.136E-02
1.170E-03 2.84E-02 3.11E-05 9.85E-03 8.38E-06 2.98E-04 1.89E-11 1.08E-02 4.14E-11 1.02E-04 2.23E-02 1.33E-03 7.306E-02
1.160E-03 2.85E-02 3.19E-05 1.05E-02 8.61E-06 3.02E-04 1.97E-11 1.12E-02 4.31E-11 1.31E-04 2.27E-02 1.36E-03 7.465E-02
1.150E-03 2.86E-02 3.26E-05 1.10E-02 8.80E-06 4.23E-04 1.95E-11 1.16E-02 4.49E-11 1.91E-04 2.30E-02 1.38E-03 7.619E-02
1.140E-03 2.86E-02 3.33E-05 1.15E-02 8.98E-06 3.14E-04 2.08E-11 1.21E-02 4.68E-11 2.88E-04 2.33E-02 1.41E-03 7.750E-02
1.130E-03 2.86E-02 3.42E-05 1.19E-02 9.15E-06 3.14E-04 2.16E-11 1.25E-02 4.89E-11 3.52E-04 2.37E-02 1.44E-03 7.890E-02
1.120E-03 2.87E-02 3.51E-05 1.22E-02 9.33E-06 3.16E-04 2.24E-11 1.31E-02 5.11E-11 2.83E-04 2.41E-02 1.47E-03 8.018E-02
1.110E-03 2.87E-02 3.60E-05 1.26E-02 9.52E-06 3.19E-04 2.32E-11 1.36E-02 5.33E-11 1.80E-04 2.44E-02 1.49E-03 8.141E-02
1.090E-03 2.89E-02 3.82E-05 1.33E-02 9.90E-06 3.25E-04 2.50E-11 1.48E-02 5.80E-11 7.46E-05 2.51E-02 1.54E-03 8.405E-02
1.050E-03 2.94E-02 4.34E-05 1.45E-02 1.05E-05 3.40E-04 2.91E-11 1.79E-02 6.88E-11 2.44E-05 2.65E-02 1.60E-03 9.036E-02
1.000E-03 3.03E-02 5.08E-05 1.57E-02 1.10E-05 3.63E-04 3.54E-11 2.07E-02 7.37E-11 1.21E-05 2.69E-02 1.56E-03 9.553E-02
9.800E-04 3.07E-02 5.42E-05 1.59E-02 1.09E-05 3.73E-04 3.84E-11 2.17E-02 7.59E-11 1.04E-05 2.70E-02 1.55E-03 9.732E-02
9.600E-04 3.11E-02 5.80E-05 1.57E-02 1.06E-05 3.84E-04 4.17E-11 2.27E-02 7.64E-11 9.60E-06 2.71E-02 1.51E-03 9.854E-02
9.500E-04 3.14E-02 5.99E-05 1.55E-02 1.04E-05 3.90E-04 4.35E-11 2.29E-02 7.48E-11 9.45E-06 2.70E-02 1.47E-03 9.870E-02
9.400E-04 3.14E-02 6.16E-05 1.52E-02 1.01E-05 3.96E-04 4.53E-11 2.29E-02 7.16E-11 9.46E-06 2.66E-02 1.41E-03 9.806E-02
9.200E-04 3.18E-02 6.54E-05 1.44E-02 9.66E-06 4.09E-04 4.94E-11 2.13E-02 5.96E-11 1.01E-05 2.55E-02 1.28E-03 9.471E-02
8.900E-04 3.24E-02 7.28E-05 1.28E-02 9.01E-06 4.30E-04 5.64E-11 1.68E-02 3.82E-11 1.49E-05 2.28E-02 1.09E-03 8.640E-02
8.700E-04 3.25E-02 7.74E-05 1.15E-02 8.84E-06 4.45E-04 6.18E-11 1.40E-02 2.83E-11 3.40E-05 2.10E-02 1.03E-03 8.063E-02
8.600E-04 3.28E-02 8.03E-05 1.10E-02 8.84E-06 4.53E-04 6.47E-11 1.29E-02 2.50E-11 5.15E-05 2.03E-02 1.02E-03 7.850E-02
8.500E-04 3.29E-02 8.31E-05 1.03E-02 8.82E-06 4.62E-04 6.78E-11 1.19E-02 2.23E-11 3.66E-05 1.96E-02 1.01E-03 7.630E-02
8.400E-04 3.31E-02 8.66E-05 9.64E-03 8.81E-06 4.70E-04 7.11E-11 1.08E-02 1.95E-11 2.61E-05 1.90E-02 1.00E-03 7.419E-02
8.200E-04 3.33E-02 9.17E-05 8.04E-03 9.05E-06 4.89E-04 7.83E-11 8.35E-03 1.40E-11 2.66E-05 1.72E-02 9.78E-04 6.846E-02
8.000E-04 3.36E-02 9.91E-05 6.50E-03 1.00E-05 5.08E-04 8.64E-11 5.71E-03 1.08E-11 3.91E-05 1.53E-02 1.01E-03 6.281E-02
7.900E-04 3.39E-02 1.03E-04 5.91E-03 1.08E-05 5.18E-04 9.08E-11 4.80E-03 1.16E-11 4.89E-05 1.48E-02 1.07E-03 6.110E-02
7.800E-04 3.39E-02 1.06E-04 5.43E-03 1.17E-05 5.29E-04 9.56E-11 3.90E-03 1.32E-11 5.86E-05 1.41E-02 1.14E-03 5.922E-02
7.700E-04 3.39E-02 1.10E-04 5.02E-03 1.26E-05 5.39E-04 1.01E-10 3.21E-03 1.57E-11 6.30E-05 1.36E-02 1.23E-03 5.775E-02
7.600E-04 3.40E-02 1.14E-04 4.66E-03 1.37E-05 5.50E-04 1.06E-10 2.73E-03 1.91E-11 5.84E-05 1.33E-02 1.34E-03 5.673E-02
7.500E-04 3.40E-02 1.19E-04 4.34E-03 1.49E-05 5.62E-04 1.12E-10 2.29E-03 2.33E-11 4.82E-05 1.30E-02 1.46E-03 5.584E-02
7.300E-04 3.43E-02 1.30E-04 3.85E-03 1.77E-05 5.86E-04 1.24E-10 1.92E-03 3.32E-11 2.96E-05 1.29E-02 1.75E-03 5.558E-02
7.200E-04 3.44E-02 1.35E-04 3.70E-03 1.92E-05 5.99E-04 1.31E-10 1.86E-03 3.84E-11 2.45E-05 1.30E-02 1.89E-03 5.557E-02
7.100E-04 3.44E-02 1.41E-04 3.60E-03 2.08E-05 6.13E-04 1.39E-10 1.80E-03 4.42E-11 2.39E-05 1.30E-02 2.05E-03 5.567E-02
7.000E-04 3.47E-02 1.48E-04 3.51E-03 2.24E-05 6.27E-04 1.47E-10 1.78E-03 5.00E-11 3.36E-05 1.31E-02 2.21E-03 5.619E-02
6.900E-04 3.48E-02 1.53E-04 3.37E-03 2.41E-05 6.42E-04 1.56E-10 1.77E-03 5.63E-11 1.92E-05 1.32E-02 2.35E-03 5.627E-02
6.800E-04 3.42E-02 1.59E-04 3.20E-03 2.60E-05 6.57E-04 1.65E-10 1.77E-03 6.27E-11 1.47E-05 1.31E-02 2.52E-03 5.566E-02
6.600E-04 3.45E-02 1.79E-04 2.89E-03 3.02E-05 6.89E-04 1.86E-10 1.77E-03 7.71E-11 1.39E-05 1.33E-02 2.94E-03 5.637E-02
6.400E-04 3.55E-02 2.02E-04 2.50E-03 3.52E-05 7.24E-04 2.10E-10 1.77E-03 9.34E-11 2.17E-05 1.38E-02 3.38E-03 5.792E-02
6.300E-04 3.62E-02 2.13E-04 2.34E-03 3.83E-05 7.32E-04 2.24E-10 1.76E-03 1.02E-10 3.47E-05 1.40E-02 3.58E-03 5.886E-02
6.200E-04 3.63E-02 2.22E-04 2.30E-03 4.16E-05 7.64E-04 2.38E-10 1.75E-03 1.12E-10 4.76E-05 1.41E-02 3.80E-03 5.927E-02
6.100E-04 3.66E-02 2.35E-04 2.29E-03 4.48E-05 7.84E-04 2.54E-10 1.74E-03 1.23E-10 3.40E-05 1.42E-02 4.04E-03 5.997E-02
5.900E-04 3.79E-02 2.62E-04 1.88E-03 5.22E-05 8.27E-04 2.90E-10 1.72E-03 1.47E-10 1.43E-05 1.47E-02 4.55E-03 6.190E-02
5.500E-04 3.63E-02 3.12E-04 1.40E-03 7.35E-05 9.28E-04 3.83E-10 1.69E-03 2.11E-10 1.15E-05 1.44E-02 5.76E-03 6.086E-02
5.300E-04 3.67E-02 3.59E-04 1.25E-03 8.75E-05 9.86E-04 4.44E-10 1.70E-03 2.53E-10 1.92E-05 1.47E-02 6.61E-03 6.236E-02
5.200E-04 3.67E-02 3.84E-04 1.18E-03 9.55E-05 1.02E-03 4.78E-10 1.70E-03 2.77E-10 3.15E-05 1.48E-02 7.07E-03 6.298E-02
5.100E-04 3.71E-02 4.13E-04 1.10E-03 1.04E-04 1.05E-03 5.16E-10 1.71E-03 3.04E-10 4.43E-05 1.50E-02 7.56E-03 6.405E-02
5.000E-04 3.75E-02 4.44E-04 1.02E-03 1.16E-04 1.08E-03 5.58E-10 1.72E-03 3.33E-10 3.12E-05 1.52E-02 8.08E-03 6.515E-02
4.800E-04 3.79E-02 5.11E-04 9.07E-04 1.39E-04 1.15E-03 6.56E-10 1.75E-03 4.03E-10 1.32E-05 1.55E-02 9.20E-03 6.713E-02
4.500E-04 3.91E-02 6.35E-04 7.63E-04 1.85E-04 1.28E-03 8.47E-10 1.81E-03 5.38E-10 9.23E-06 1.62E-02 1.11E-02 7.110E-02
4.000E-04 4.05E-02 9.62E-04 5.66E-04 3.06E-04 1.54E-03 1.35E-09 1.94E-03 8.99E-10 9.90E-06 1.74E-02 1.56E-02 7.886E-02
3.800E-04 4.14E-02 1.16E-03 5.00E-04 3.80E-04 1.67E-03 1.65E-09 2.01E-03 1.12E-09 1.11E-05 1.80E-02 1.80E-02 8.310E-02
3.600E-04 4.23E-02 1.41E-03 4.40E-04 4.77E-04 1.82E-03 2.04E-09 2.07E-03 1.41E-09 1.40E-05 1.87E-02 2.07E-02 8.802E-02
3.400E-04 4.43E-02 1.71E-03 3.87E-04 6.04E-04 1.99E-03 2.56E-09 2.15E-03 1.79E-09 3.25E-05 1.97E-02 2.37E-02 9.460E-02
3.300E-04 4.41E-02 1.88E-03 3.63E-04 6.82E-04 2.08E-03 2.88E-09 2.18E-03 2.02E-09 9.26E-05 1.99E-02 2.55E-02 9.682E-02
3.200E-04 4.44E-02 2.11E-03 3.38E-04 7.74E-04 2.19E-03 3.25E-09 2.22E-03 2.30E-09 3.30E-05 2.03E-02 2.75E-02 9.979E-02
3.150E-04 4.48E-02 2.24E-03 3.28E-04 8.25E-04 2.24E-03 3.45E-09 2.24E-03 2.45E-09 2.38E-05 2.05E-02 2.86E-02 1.018E-01
3.100E-04 4.52E-02 2.37E-03 3.17E-04 8.80E-04 2.30E-03 3.68E-09 2.26E-03 2.62E-09 2.01E-05 2.08E-02 2.96E-02 1.038E-01
3.080E-04 4.54E-02 2.43E-03 3.12E-04 9.04E-04 2.32E-03 3.77E-09 2.26E-03 2.69E-09 1.94E-05 2.09E-02 3.00E-02 1.045E-01
3.050E-04 4.55E-02 2.51E-03 3.05E-04 9.40E-04 2.36E-03 3.92E-09 2.28E-03 2.80E-09 1.86E-05 2.10E-02 3.07E-02 1.056E-01
3.000E-04 4.58E-02 2.67E-03 2.96E-04 1.01E-03 2.42E-03 4.18E-09 2.30E-03 3.00E-09 1.79E-05 2.13E-02 3.19E-02 1.076E-01
2.900E-04 4.67E-02 3.01E-03 2.76E-04 1.15E-03 2.55E-03 4.78E-09 2.35E-03 3.45E-09 1.78E-05 2.18E-02 3.42E-02 1.121E-01
2.800E-04 4.70E-02 3.39E-03 2.58E-04 1.33E-03 2.70E-03 5.49E-09 2.40E-03 3.99E-09 1.85E-05 2.22E-02 3.68E-02 1.162E-01
2.600E-04 4.84E-02 4.46E-03 2.24E-04 1.78E-03 3.03E-03 7.34E-09 2.52E-03 5.40E-09 2.10E-05 2.32E-02 4.27E-02 1.263E-01
2.500E-04 4.94E-02 5.16E-03 2.08E-04 2.09E-03 3.22E-03 8.55E-09 2.59E-03 6.33E-09 2.28E-05 2.38E-02 4.58E-02 1.324E-01
2.200E-04 5.40E-02 8.24E-03 1.68E-04 3.45E-03 3.91E-03 1.41E-08 2.84E-03 1.06E-08 3.02E-05 2.59E-02 5.60E-02 1.545E-01
2.159E-04 5.45E-02 8.79E-03 1.63E-04 3.71E-03 4.02E-03 1.52E-08 2.87E-03 1.15E-08 3.16E-05 2.62E-02 5.75E-02 1.578E-01
2.000E-04 5.77E-02 1.16E-02 1.47E-04 4.99E-03 4.53E-03 2.05E-08 3.04E-03 1.56E-08 3.81E-05 2.75E-02 6.37E-02 1.733E-01
1.662E-04 6.61E-02 2.19E-02 1.18E-04 1.01E-02 6.02E-03 4.24E-08 3.53E-03 3.29E-08 6.22E-05 3.06E-02 7.91E-02 2.174E-01
1.650E-04 6.64E-02 2.24E-02 1.16E-04 1.03E-02 6.08E-03 4.36E-08 3.55E-03 3.39E-08 6.35E-05 3.07E-02 7.96E-02 2.193E-01
1.250E-04 8.49E-02 5.37E-02 1.06E-04 2.78E-02 9.35E-03 1.29E-07 4.50E-03 1.03E-07 1.39E-04 3.57E-02 9.66E-02 3.129E-01
1.235E-04 8.60E-02 5.56E-02 1.06E-04 2.90E-02 9.54E-03 1.35E-07 4.55E-03 1.08E-07 1.44E-04 3.60E-02 9.70E-02 3.179E-01
1.130E-04 9.45E-02 7.14E-02 1.09E-04 3.88E-02 1.10E-02 1.92E-07 4.95E-03 1.55E-07 1.86E-04 3.77E-02 9.92E-02 3.578E-01
1.000E-04 1.10E-01 9.88E-02 1.21E-04 5.68E-02 1.34E-02 3.09E-07 5.54E-03 2.52E-07 2.60E-04 4.04E-02 9.91E-02 4.246E-01
9.500E-05 1.18E-01 1.12E-01 1.23E-04 6.62E-02 1.45E-02 3.77E-07 5.82E-03 3.09E-07 2.98E-04 4.16E-02 9.80E-02 4.570E-01
9.300E-05 1.22E-01 1.18E-01 1.25E-04 7.05E-02 1.50E-02 4.10E-07 5.94E-03 3.37E-07 3.15E-04 4.21E-02 9.74E-02 4.711E-01
9.200E-05 1.24E-01 1.21E-01 1.27E-04 7.28E-02 1.53E-02 4.27E-07 6.00E-03 3.52E-07 3.24E-04 4.23E-02 9.71E-02 4.785E-01
9.100E-05 1.26E-01 1.24E-01 1.28E-04 7.52E-02 1.56E-02 4.46E-07 6.06E-03 3.67E-07 3.34E-04 4.25E-02 9.68E-02 4.860E-01
9.000E-05 1.27E-01 1.27E-01 1.31E-04 7.77E-02 1.58E-02 4.65E-07 6.13E-03 3.84E-07 3.43E-04 4.27E-02 9.64E-02 4.937E-01
8.900E-05 1.29E-01 1.30E-01 1.32E-04 8.03E-02 1.61E-02 4.86E-07 6.19E-03 4.02E-07 3.54E-04 4.30E-02 9.61E-02 5.016E-01
8.800E-05 1.31E-01 1.34E-01 1.34E-04 8.29E-02 1.64E-02 5.08E-07 6.26E-03 4.20E-07 3.64E-04 4.32E-02 9.57E-02 5.098E-01
8.700E-05 1.33E-01 1.37E-01 1.36E-04 8.57E-02 1.67E-02 5.31E-07 6.33E-03 4.40E-07 3.75E-04 4.34E-02 9.54E-02 5.183E-01
8.600E-05 1.35E-01 1.41E-01 1.40E-04 8.87E-02 1.70E-02 5.55E-07 6.40E-03 4.61E-07 3.86E-04 4.36E-02 9.50E-02 5.270E-01
8.500E-05 1.37E-01 1.44E-01 1.40E-04 9.17E-02 1.74E-02 5.81E-07 6.47E-03 4.83E-07 3.98E-04 4.38E-02 9.46E-02 5.360E-01
8.400E-05 1.39E-01 1.48E-01 1.44E-04 9.49E-02 1.77E-02 6.08E-07 6.54E-03 5.06E-07 4.10E-04 4.40E-02 9.42E-02 5.453E-01
8.330E-05 1.41E-01 1.51E-01 1.44E-04 9.72E-02 1.79E-02 6.28E-07 6.59E-03 5.23E-07 4.19E-04 4.42E-02 9.39E-02 5.521E-01
8.200E-05 1.44E-01 1.56E-01 1.48E-04 1.02E-01 1.84E-02 6.68E-07 6.69E-03 5.57E-07 4.36E-04 4.45E-02 9.32E-02 5.651E-01
8.100E-05 1.46E-01 1.60E-01 1.52E-04 1.05E-01 1.87E-02 7.00E-07 6.77E-03 5.85E-07 4.50E-04 4.47E-02 9.27E-02 5.755E-01
8.000E-05 1.49E-01 1.65E-01 1.53E-04 1.09E-01 1.91E-02 7.35E-07 6.85E-03 6.15E-07 4.64E-04 4.50E-02 9.22E-02 5.863E-01
7.900E-05 1.51E-01 1.69E-01 1.56E-04 1.13E-01 1.95E-02 7.71E-07 6.93E-03 6.47E-07 4.79E-04 4.53E-02 9.17E-02 5.976E-01
7.800E-05 1.54E-01 1.74E-01 1.60E-04 1.17E-01 1.98E-02 8.10E-07 7.01E-03 6.81E-07 4.94E-04 4.55E-02 9.11E-02 6.092E-01
7.700E-05 1.57E-01 1.78E-01 1.63E-04 1.22E-01 2.02E-02 8.52E-07 7.10E-03 7.17E-07 5.10E-04 4.58E-02 9.05E-02 6.212E-01
7.600E-05 1.60E-01 1.82E-01 1.70E-04 1.26E-01 2.07E-02 8.96E-07 7.18E-03 7.56E-07 5.27E-04 4.61E-02 8.99E-02 6.336E-01
7.500E-05 1.64E-01 1.87E-01 1.76E-04 1.31E-01 2.11E-02 9.43E-07 7.27E-03 7.97E-07 5.44E-04 4.64E-02 8.92E-02 6.463E-01
7.400E-05 1.67E-01 1.92E-01 1.83E-04 1.36E-01 2.15E-02 9.93E-07 7.37E-03 8.41E-07 5.62E-04 4.67E-02 8.86E-02 6.593E-01
7.300E-05 1.71E-01 1.96E-01 1.90E-04 1.41E-01 2.20E-02 1.05E-06 7.46E-03 8.89E-07 5.81E-04 4.70E-02 8.79E-02 6.728E-01
7.140E-05 1.76E-01 2.03E-01 1.97E-04 1.50E-01 2.27E-02 1.14E-06 7.62E-03 9.71E-07 6.13E-04 4.75E-02 8.68E-02 6.949E-01
7.100E-05 1.78E-01 2.05E-01 1.98E-04 1.52E-01 2.29E-02 1.17E-06 7.66E-03 9.94E-07 6.22E-04 4.76E-02 8.66E-02 7.006E-01
7.000E-05 1.81E-01 2.10E-01 2.02E-04 1.58E-01 2.34E-02 1.23E-06 7.76E-03 1.05E-06 6.43E-04 4.79E-02 8.59E-02 7.151E-01
6.900E-05 1.85E-01 2.14E-01 2.09E-04 1.65E-01 2.39E-02 1.30E-06 7.87E-03 1.11E-06 6.66E-04 4.82E-02 8.52E-02 7.299E-01
6.800E-05 1.89E-01 2.19E-01 2.17E-04 1.71E-01 2.44E-02 1.38E-06 7.97E-03 1.18E-06 6.90E-04 4.85E-02 8.46E-02 7.452E-01
6.700E-05 1.93E-01 2.23E-01 2.30E-04 1.78E-01 2.50E-02 1.46E-06 8.09E-03 1.25E-06 7.14E-04 4.89E-02 8.39E-02 7.608E-01
6.600E-05 1.97E-01 2.28E-01 2.40E-04 1.85E-01 2.55E-02 1.55E-06 8.20E-03 1.33E-06 7.40E-04 4.92E-02 8.32E-02 7.769E-01
6.500E-05 2.01E-01 2.32E-01 2.45E-04 1.93E-01 2.61E-02 1.64E-06 8.32E-03 1.42E-06 7.68E-04 4.95E-02 8.25E-02 7.935E-01
6.400E-05 2.05E-01 2.37E-01 2.51E-04 2.01E-01 2.67E-02 1.74E-06 8.45E-03 1.51E-06 7.96E-04 4.98E-02 8.19E-02 8.106E-01
6.300E-05 2.10E-01 2.41E-01 2.59E-04 2.09E-01 2.74E-02 1.86E-06 8.57E-03 1.61E-06 8.27E-04 5.01E-02 8.12E-02 8.281E-01
6.250E-05 2.12E-01 2.44E-01 2.64E-04 2.13E-01 2.77E-02 1.91E-06 8.64E-03 1.66E-06 8.42E-04 5.03E-02 8.09E-02 8.371E-01
6.200E-05 2.14E-01 2.46E-01 2.69E-04 2.17E-01 2.80E-02 1.98E-06 8.70E-03 1.71E-06 8.58E-04 5.04E-02 8.05E-02 8.461E-01
6.100E-05 2.19E-01 2.50E-01 2.82E-04 2.26E-01 2.87E-02 2.11E-06 8.84E-03 1.83E-06 8.92E-04 5.08E-02 7.98E-02 8.646E-01
6.000E-05 2.24E-01 2.55E-01 2.96E-04 2.35E-01 2.94E-02 2.25E-06 8.98E-03 1.96E-06 9.27E-04 5.11E-02 7.91E-02 8.835E-01
5.900E-05 2.29E-01 2.59E-01 3.09E-04 2.44E-01 3.01E-02 2.40E-06 9.12E-03 2.09E-06 9.65E-04 5.14E-02 7.84E-02 9.028E-01
5.800E-05 2.35E-01 2.63E-01 3.25E-04 2.54E-01 3.09E-02 2.57E-06 9.27E-03 2.24E-06 1.00E-03 5.18E-02 7.76E-02 9.226E-01
5.700E-05 2.40E-01 2.67E-01 3.45E-04 2.64E-01 3.17E-02 2.75E-06 9.43E-03 2.41E-06 1.05E-03 5.22E-02 7.69E-02 9.426E-01
5.600E-05 2.46E-01 2.70E-01 3.58E-04 2.74E-01 3.25E-02 2.95E-06 9.59E-03 2.58E-06 1.09E-03 5.25E-02 7.61E-02 9.628E-01
5.500E-05 2.52E-01 2.74E-01 3.73E-04 2.85E-01 3.33E-02 3.16E-06 9.76E-03 2.78E-06 1.14E-03 5.29E-02 7.53E-02 9.832E-01
5.477E-05 2.53E-01 2.74E-01 3.77E-04 2.87E-01 3.35E-02 3.22E-06 9.79E-03 2.83E-06 1.52E-03 5.29E-02 7.51E-02 9.883E-01
5.400E-05 2.58E-01 2.77E-01 3.90E-04 2.96E-01 3.43E-02 3.41E-06 9.93E-03 2.99E-06 1.58E-03 5.32E-02 7.45E-02 1.004E+00
5.300E-05 2.64E-01 2.79E-01 4.09E-04 3.07E-01 3.54E-02 3.67E-06 1.01E-02 3.23E-06 1.67E-03 5.35E-02 7.37E-02 1.025E+00
5.200E-05 2.70E-01 2.82E-01 4.36E-04 3.18E-01 3.64E-02 3.97E-06 1.03E-02 3.49E-06 1.76E-03 5.38E-02 7.29E-02 1.046E+00
5.100E-05 2.77E-01 2.84E-01 4.60E-04 3.29E-01 3.76E-02 4.29E-06 1.05E-02 3.78E-06 1.86E-03 5.41E-02 7.21E-02 1.067E+00
5.000E-05 2.83E-01 2.86E-01 4.87E-04 3.41E-01 3.87E-02 4.65E-06 1.07E-02 4.10E-06 1.97E-03 5.44E-02 7.13E-02 1.088E+00
4.900E-05 2.89E-01 2.88E-01 5.11E-04 3.53E-01 3.99E-02 5.04E-06 1.09E-02 4.45E-06 2.09E-03 5.47E-02 7.05E-02 1.109E+00
4.880E-05 2.90E-01 2.88E-01 5.18E-04 3.56E-01 4.02E-02 5.12E-06 1.09E-02 4.52E-06 2.11E-03 5.47E-02 7.03E-02 1.113E+00
4.800E-05 2.95E-01 2.89E-01 5.39E-04 3.66E-01 4.14E-02 5.48E-06 1.11E-02 4.84E-06 2.22E-03 5.49E-02 6.97E-02 1.130E+00
4.760E-05 2.97E-01 2.90E-01 5.52E-04 3.71E-01 4.20E-02 5.67E-06 1.12E-02 5.00E-06 2.27E-03 5.50E-02 6.93E-02 1.139E+00
4.700E-05 3.01E-01 2.91E-01 5.73E-04 3.79E-01 4.30E-02 5.98E-06 1.13E-02 5.27E-06 2.36E-03 5.51E-02 6.89E-02 1.152E+00
4.650E-05 3.04E-01 2.91E-01 5.91E-04 3.85E-01 4.39E-02 6.24E-06 1.14E-02 5.50E-06 2.44E-03 5.52E-02 6.85E-02 1.163E+00
4.600E-05 3.07E-01 2.92E-01 6.09E-04 3.92E-01 4.47E-02 6.53E-06 1.15E-02 5.75E-06 2.52E-03 5.53E-02 6.81E-02 1.174E+00
4.550E-05 3.10E-01 2.92E-01 6.41E-04 3.99E-01 4.56E-02 6.83E-06 1.17E-02 6.02E-06 2.61E-03 5.54E-02 6.77E-02 1.185E+00
4.500E-05 3.13E-01 2.92E-01 6.67E-04 4.06E-01 4.65E-02 7.14E-06 1.18E-02 6.29E-06 2.70E-03 5.54E-02 6.73E-02 1.196E+00
4.440E-05 3.16E-01 2.93E-01 7.03E-04 4.15E-01 4.76E-02 7.55E-06 1.19E-02 6.65E-06 2.82E-03 5.55E-02 6.68E-02 1.209E+00
4.350E-05 3.21E-01 2.93E-01 7.70E-04 4.29E-01 4.94E-02 8.21E-06 1.22E-02 7.23E-06 3.02E-03 5.56E-02 6.61E-02 1.230E+00
4.170E-05 3.30E-01 2.93E-01 9.38E-04 4.58E-01 5.36E-02 9.78E-06 1.27E-02 8.60E-06 3.48E-03 5.58E-02 6.48E-02 1.273E+00
4.000E-05 3.39E-01 2.93E-01 1.24E-03 4.88E-01 5.80E-02 1.16E-05 1.32E-02 1.02E-05 4.04E-03 5.58E-02 6.37E-02 1.316E+00
3.850E-05 3.46E-01 2.92E-01 1.65E-03 5.17E-01 6.21E-02 1.36E-05 1.36E-02 1.20E-05 4.66E-03 5.58E-02 6.27E-02 1.356E+00
3.656E-05 3.54E-01 2.91E-01 2.42E-03 5.56E-01 6.80E-02 1.70E-05 1.42E-02 1.49E-05 5.74E-03 5.58E-02 6.16E-02 1.408E+00
3.570E-05 3.57E-01 2.90E-01 2.83E-03 5.73E-01 7.08E-02 1.88E-05 1.45E-02 1.64E-05 6.37E-03 5.57E-02 6.12E-02 1.432E+00
3.330E-05 3.65E-01 2.88E-01 4.24E-03 6.22E-01 8.05E-02 2.57E-05 1.54E-02 2.20E-05 8.84E-03 5.53E-02 5.99E-02 1.499E+00
3.130E-05 3.71E-01 2.85E-01 5.63E-03 6.63E-01 9.25E-02 3.47E-05 1.63E-02 2.86E-05 1.24E-02 5.49E-02 5.89E-02 1.559E+00
3.000E-05 3.73E-01 2.83E-01 6.74E-03 6.88E-01 1.03E-01 4.30E-05 1.68E-02 3.43E-05 1.63E-02 5.40E-02 5.76E-02 1.600E+00
2.940E-05 3.75E-01 2.83E-01 7.29E-03 6.99E-01 1.09E-01 4.77E-05 1.71E-02 3.74E-05 1.87E-02 5.38E-02 5.73E-02 1.620E+00
2.780E-05 3.77E-01 2.80E-01 8.93E-03 7.26E-01 1.27E-01 6.55E-05 1.78E-02 4.78E-05 2.93E-02 5.28E-02 5.60E-02 1.676E+00
2.630E-05 3.78E-01 2.78E-01 1.06E-02 7.46E-01 1.56E-01 9.30E-05 1.85E-02 6.11E-05 5.10E-02 5.18E-02 5.49E-02 1.745E+00
2.500E-05 3.78E-01 2.77E-01 1.25E-02 7.58E-01 1.94E-01 1.36E-04 1.91E-02 7.67E-05 9.78E-02 5.11E-02 5.40E-02 1.842E+00
2.380E-05 3.78E-01 2.76E-01 1.50E-02 7.60E-01 2.68E-01 2.07E-04 1.92E-02 9.63E-05 2.08E-01 5.02E-02 5.31E-02 2.029E+00
2.270E-05 3.78E-01 2.74E-01 1.83E-02 7.54E-01 3.87E-01 3.03E-04 2.00E-02 1.21E-04 3.24E-01 4.93E-02 5.22E-02 2.258E+00
2.170E-05 3.77E-01 2.74E-01 2.28E-02 7.43E-01 5.23E-01 3.94E-04 2.25E-02 1.51E-04 2.16E-01 4.86E-02 5.16E-02 2.279E+00
2.080E-05 3.76E-01 2.73E-01 3.09E-02 7.26E-01 5.42E-01 3.65E-04 2.81E-02 1.88E-04 1.13E-01 4.79E-02 5.11E-02 2.188E+00
2.000E-05 3.75E-01 2.72E-01 1.05E-01 6.46E-01 4.70E-01 2.86E-04 3.57E-02 2.31E-04 6.66E-02 4.72E-02 5.05E-02 2.068E+00
1.920E-05 3.73E-01 2.73E-01 1.91E-01 5.62E-01 3.65E-01 1.97E-04 4.90E-02 2.86E-04 4.28E-02 4.64E-02 5.01E-02 1.952E+00
1.850E-05 3.73E-01 2.76E-01 2.40E-01 5.17E-01 2.86E-01 1.39E-04 6.57E-02 3.51E-04 3.11E-02 4.57E-02 4.98E-02 1.884E+00
1.790E-05 3.74E-01 2.78E-01 2.95E-01 4.59E-01 2.32E-01 1.06E-04 8.39E-02 4.20E-04 2.47E-02 4.53E-02 4.98E-02 1.842E+00
1.720E-05 3.74E-01 2.79E-01 3.32E-01 4.18E-01 1.86E-01 8.45E-05 1.16E-01 5.27E-04 1.98E-02 4.45E-02 4.95E-02 1.820E+00
1.670E-05 3.74E-01 2.81E-01 3.46E-01 3.99E-01 1.60E-01 7.69E-05 1.47E-01 6.22E-04 1.75E-02 4.39E-02 4.93E-02 1.818E+00
1.610E-05 3.74E-01 2.83E-01 3.58E-01 3.82E-01 1.35E-01 7.82E-05 2.00E-01 7.69E-04 1.56E-02 4.34E-02 4.93E-02 1.841E+00
1.560E-05 3.74E-01 2.84E-01 3.63E-01 3.72E-01 1.18E-01 8.82E-05 2.61E-01 9.20E-04 1.47E-02 4.27E-02 4.91E-02 1.881E+00
1.520E-05 3.74E-01 2.85E-01 3.66E-01 3.66E-01 1.07E-01 1.03E-04 3.26E-01 1.06E-03 1.43E-02 4.22E-02 4.89E-02 1.931E+00
1.470E-05 3.74E-01 2.86E-01 3.67E-01 3.59E-01 9.54E-02 1.29E-04 4.21E-01 1.25E-03 1.42E-02 4.17E-02 4.89E-02 2.008E+00
1.430E-05 3.73E-01 2.86E-01 3.67E-01 3.54E-01 8.94E-02 1.62E-04 5.01E-01 1.40E-03 1.44E-02 4.13E-02 4.86E-02 2.077E+00
1.390E-05 3.73E-01 2.86E-01 3.66E-01 3.51E-01 8.70E-02 2.06E-04 5.64E-01 1.55E-03 1.50E-02 4.11E-02 4.84E-02 2.133E+00
1.350E-05 3.71E-01 2.86E-01 3.65E-01 3.47E-01 8.69E-02 2.64E-04 6.23E-01 1.74E-03 1.59E-02 4.07E-02 4.81E-02 2.186E+00
1.320E-05 3.70E-01 2.86E-01 3.64E-01 3.44E-01 8.85E-02 3.21E-04 6.69E-01 1.90E-03 1.69E-02 4.06E-02 4.81E-02 2.231E+00
1.280E-05 3.69E-01 2.86E-01 3.63E-01 3.41E-01 9.43E-02 4.20E-04 7.37E-01 2.17E-03 1.87E-02 4.01E-02 4.77E-02 2.300E+00
1.250E-05 3.68E-01 2.87E-01 3.63E-01 3.40E-01 1.02E-01 5.18E-04 7.91E-01 2.40E-03 2.06E-02 3.98E-02 4.74E-02 2.362E+00
1.220E-05 3.67E-01 2.87E-01 3.62E-01 3.40E-01 1.14E-01 6.42E-04 8.52E-01 2.68E-03 2.30E-02 3.96E-02 4.75E-02 2.435E+00
1.190E-05 3.65E-01 2.87E-01 3.61E-01 3.41E-01 1.30E-01 7.96E-04 9.19E-01 3.00E-03 2.60E-02 3.93E-02 4.72E-02 2.521E+00
1.160E-05 3.63E-01 2.87E-01 3.60E-01 3.43E-01 1.48E-01 9.92E-04 9.95E-01 3.38E-03 3.01E-02 3.91E-02 4.73E-02 2.617E+00
1.140E-05 3.62E-01 2.86E-01 3.59E-01 3.43E-01 1.64E-01 1.17E-03 1.05E+00 3.68E-03 3.34E-02 3.90E-02 4.73E-02 2.690E+00
1.110E-05 3.60E-01 2.86E-01 3.58E-01 3.44E-01 1.88E-01 1.52E-03 1.14E+00 4.20E-03 3.99E-02 3.86E-02 4.70E-02 2.810E+00
1.080E-05 3.57E-01 2.85E-01 3.56E-01 3.44E-01 2.53E-01 2.03E-03 1.26E+00 4.84E-03 4.85E-02 3.82E-02 4.68E-02 2.992E+00
1.050E-05 3.54E-01 2.84E-01 3.55E-01 3.45E-01 3.37E-01 2.64E-03 1.39E+00 5.66E-03 6.02E-02 3.80E-02 4.69E-02 3.223E+00
1.030E-05 3.53E-01 2.84E-01 3.54E-01 3.45E-01 4.02E-01 3.02E-03 1.52E+00 6.30E-03 7.03E-02 3.76E-02 4.67E-02 3.426E+00
1.000E-05 3.49E-01 2.82E-01 3.52E-01 3.46E-01 4.93E-01 3.69E-03 1.71E+00 7.23E-03 8.92E-02 3.74E-02 4.68E-02 3.717E+00
9.750E-06 3.47E-01 2.81E-01 3.50E-01 3.47E-01 5.99E-01 4.57E-03 1.86E+00 8.05E-03 1.08E-01 3.71E-02 4.64E-02 3.988E+00
9.500E-06 3.44E-01 2.80E-01 3.48E-01 3.48E-01 7.21E-01 5.41E-03 2.02E+00 8.95E-03 1.28E-01 3.69E-02 4.65E-02 4.285E+00
9.250E-06 3.41E-01 2.79E-01 3.46E-01 3.50E-01 8.13E-01 6.05E-03 2.18E+00 9.84E-03 1.42E-01 3.58E-02 4.51E-02 4.549E+00
9.080E-06 3.39E-01 2.78E-01 3.45E-01 3.50E-01 8.70E-01 6.50E-03 2.27E+00 1.03E-02 1.45E-01 3.41E-02 4.51E-02 4.696E+00
