 # Polarisation optical depth (Siebenmorgen 2023, A&A 670A,115; SC 2023 doi: 10.48550/arXiv.2311.03310)
 # wel         sigp_aC     sigp_Si      sigp_dark    sigt
 #----------------------------------------------------------------------------------------
   1.000E+00   5.351E-08   1.558E-08   1.720E-07   3.323E-06
   9.000E-01   6.266E-08   1.840E-08   1.998E-07   3.877E-06
   8.000E-01   7.482E-08   2.216E-08   2.364E-07   4.610E-06
   7.000E-01   9.158E-08   2.738E-08   2.861E-07   5.611E-06
   6.000E-01   1.158E-07   3.499E-08   3.571E-07   7.051E-06
   5.500E-01   1.324E-07   4.019E-08   4.049E-07   8.026E-06
   5.000E-01   1.533E-07   4.681E-08   4.647E-07   9.252E-06
   4.500E-01   1.805E-07   5.541E-08   5.416E-07   1.084E-05
   4.000E-01   2.168E-07   6.694E-08   6.430E-07   1.294E-05
   3.500E-01   2.673E-07   8.300E-08   7.821E-07   1.584E-05
   3.000E-01   3.411E-07   1.065E-07   9.813E-07   2.003E-05
   2.500E-01   4.564E-07   1.431E-07   1.286E-06   2.651E-05
   2.098E-01   6.059E-07   1.902E-07   1.672E-06   3.478E-05
   1.500E-01   1.052E-06   3.291E-07   2.780E-06   5.890E-05
   1.382E-01   1.206E-06   3.763E-07   3.152E-06   6.711E-05
   1.320E-01   1.302E-06   4.057E-07   3.383E-06   7.221E-05
   1.150E-01   1.644E-06   5.091E-07   4.188E-06   9.011E-05
   1.000E-01   2.089E-06   6.402E-07   5.212E-06   1.131E-04
   9.970E-02   2.100E-06   6.434E-07   5.237E-06   1.136E-04
   8.670E-02   2.643E-06   8.117E-07   6.476E-06   1.417E-04
   8.500E-02   2.738E-06   8.389E-07   6.695E-06   1.466E-04
   7.500E-02   3.474E-06   1.032E-06   8.320E-06   1.832E-04
   6.000E-02   5.103E-06   1.496E-06   1.166E-05   2.619E-04
   5.500E-02   5.916E-06   1.681E-06   1.341E-05   3.014E-04
   5.000E-02   7.050E-06   2.095E-06   1.584E-05   3.591E-04
   4.500E-02   8.701E-06   2.789E-06   1.922E-05   4.430E-04
   4.000E-02   1.119E-05   3.752E-06   2.388E-05   5.625E-04
   3.500E-02   1.404E-05   5.741E-06   2.902E-05   7.149E-04
   3.000E-02   1.991E-05   8.968E-06   3.900E-05   1.003E-03
   2.750E-02   2.379E-05   1.127E-05   4.491E-05   1.190E-03
   2.500E-02   2.876E-05   1.431E-05   5.304E-05   1.438E-03
   2.400E-02   3.157E-05   1.581E-05   5.640E-05   1.559E-03
   2.000E-02   4.661E-05   2.413E-05   7.678E-05   2.242E-03
   1.800E-02   5.863E-05   2.942E-05   9.250E-05   2.757E-03
   1.600E-02   7.861E-05   3.581E-05   1.125E-04   3.489E-03
   1.500E-02   9.403E-05   3.965E-05   1.244E-04   3.986E-03
   1.400E-02   1.070E-04   4.388E-05   1.360E-04   4.453E-03
   1.200E-02   1.644E-04   5.407E-05   1.705E-04   6.107E-03
   1.000E-02   2.491E-04   6.822E-05   2.171E-04   8.502E-03
   9.000E-03   3.299E-04   7.596E-05   2.501E-04   1.051E-02
   8.000E-03   4.121E-04   8.691E-05   2.771E-04   1.261E-02
   7.500E-03   4.801E-04   9.550E-05   3.045E-04   1.435E-02
   7.000E-03   5.533E-04   1.059E-04   3.261E-04   1.622E-02
   6.000E-03   7.077E-04   1.324E-04   3.829E-04   2.059E-02
   5.000E-03   8.449E-04   1.795E-04   4.563E-04   2.589E-02
   4.500E-03   9.108E-04   2.104E-04   5.013E-04   2.927E-02
   4.000E-03   9.455E-04   2.406E-04   5.520E-04   3.273E-02
   3.500E-03   9.976E-04   2.695E-04   6.196E-04   3.728E-02
   3.000E-03   1.029E-03   2.854E-04   6.989E-04   4.253E-02
   2.750E-03   1.028E-03   2.870E-04   7.379E-04   4.520E-02
   2.500E-03   1.016E-03   2.848E-04   7.785E-04   4.808E-02
   2.400E-03   1.021E-03   2.834E-04   7.937E-04   4.956E-02
   2.350E-03   1.024E-03   2.828E-04   8.012E-04   5.039E-02
   2.320E-03   1.023E-03   2.825E-04   8.043E-04   5.086E-02
   2.310E-03   1.023E-03   2.824E-04   8.055E-04   5.102E-02
   2.300E-03   1.023E-03   2.821E-04   8.065E-04   5.118E-02
   2.250E-03   1.020E-03   2.820E-04   8.137E-04   5.202E-02
   2.200E-03   1.018E-03   2.813E-04   8.172E-04   5.292E-02
   2.150E-03   1.020E-03   2.797E-04   8.197E-04   5.390E-02
   2.120E-03   1.019E-03   2.775E-04   8.205E-04   5.450E-02
   2.110E-03   1.017E-03   2.768E-04   8.202E-04   5.468E-02
   2.100E-03   1.015E-03   2.758E-04   8.197E-04   5.484E-02
   2.080E-03   1.010E-03   2.734E-04   8.175E-04   5.511E-02
   2.000E-03   1.005E-03   2.627E-04   8.151E-04   5.652E-02
   1.950E-03   1.007E-03   2.519E-04   7.997E-04   5.737E-02
   1.900E-03   1.015E-03   2.385E-04   7.803E-04   5.811E-02
   1.850E-03   1.021E-03   2.221E-04   7.531E-04   5.844E-02
   1.830E-03   1.023E-03   2.147E-04   7.396E-04   5.846E-02
   1.820E-03   1.022E-03   2.108E-04   7.326E-04   5.839E-02
   1.810E-03   1.022E-03   2.068E-04   7.265E-04   5.832E-02
   1.800E-03   1.024E-03   2.029E-04   7.206E-04   5.826E-02
   1.750E-03   1.027E-03   1.809E-04   6.886E-04   5.761E-02
   1.700E-03   1.025E-03   1.579E-04   6.589E-04   5.624E-02
   1.670E-03   1.033E-03   1.442E-04   6.462E-04   5.546E-02
   1.650E-03   1.041E-03   1.353E-04   6.387E-04   5.491E-02
   1.640E-03   1.042E-03   1.310E-04   6.341E-04   5.456E-02
   1.630E-03   1.043E-03   1.267E-04   6.299E-04   5.421E-02
   1.610E-03   1.044E-03   1.184E-04   6.239E-04   5.344E-02
   1.600E-03   1.045E-03   1.144E-04   6.214E-04   5.306E-02
   1.590E-03   1.046E-03   1.106E-04   6.187E-04   5.268E-02
   1.580E-03   1.047E-03   1.071E-04   6.168E-04   5.229E-02
   1.570E-03   1.045E-03   1.037E-04   6.147E-04   5.185E-02
   1.560E-03   1.049E-03   1.008E-04   6.142E-04   5.155E-02
   1.540E-03   1.053E-03   9.619E-05   6.128E-04   5.100E-02
   1.520E-03   1.049E-03   9.348E-05   6.115E-04   5.040E-02
   1.510E-03   1.047E-03   9.293E-05   6.110E-04   5.015E-02
   1.500E-03   1.044E-03   9.281E-05   6.113E-04   4.991E-02
   1.450E-03   1.047E-03   9.697E-05   6.292E-04   4.960E-02
   1.440E-03   1.048E-03   9.836E-05   6.346E-04   4.966E-02
   1.430E-03   1.049E-03   9.953E-05   6.443E-04   4.983E-02
   1.420E-03   1.050E-03   1.007E-04   6.542E-04   4.999E-02
   1.400E-03   1.054E-03   1.032E-04   6.799E-04   5.058E-02
   1.380E-03   1.056E-03   1.057E-04   7.114E-04   5.137E-02
   1.370E-03   1.057E-03   1.070E-04   7.302E-04   5.190E-02
   1.360E-03   1.060E-03   1.084E-04   7.507E-04   5.253E-02
   1.350E-03   1.063E-03   1.101E-04   7.715E-04   5.319E-02
   1.340E-03   1.065E-03   1.117E-04   7.915E-04   5.390E-02
   1.330E-03   1.065E-03   1.138E-04   8.112E-04   5.459E-02
   1.320E-03   1.067E-03   1.159E-04   8.316E-04   5.534E-02
   1.310E-03   1.064E-03   1.183E-04   8.505E-04   5.605E-02
   1.290E-03   1.058E-03   1.241E-04   8.896E-04   5.746E-02
   1.280E-03   1.057E-03   1.272E-04   9.107E-04   5.831E-02
   1.270E-03   1.059E-03   1.299E-04   9.329E-04   5.921E-02
   1.260E-03   1.059E-03   1.338E-04   9.529E-04   6.009E-02
   1.250E-03   1.059E-03   1.389E-04   9.711E-04   6.095E-02
   1.220E-03   1.072E-03   1.688E-04   1.030E-03   6.455E-02
   1.210E-03   1.070E-03   1.879E-04   1.046E-03   6.604E-02
   1.200E-03   1.070E-03   2.101E-04   1.062E-03   6.769E-02
   1.190E-03   1.076E-03   2.328E-04   1.079E-03   6.959E-02
   1.180E-03   1.077E-03   2.538E-04   1.089E-03   7.136E-02
   1.170E-03   1.078E-03   2.714E-04   1.098E-03   7.306E-02
   1.160E-03   1.079E-03   2.852E-04   1.104E-03   7.465E-02
   1.150E-03   1.076E-03   2.958E-04   1.109E-03   7.619E-02
   1.140E-03   1.072E-03   3.039E-04   1.114E-03   7.750E-02
   1.130E-03   1.071E-03   3.101E-04   1.120E-03   7.890E-02
   1.120E-03   1.070E-03   3.153E-04   1.122E-03   8.018E-02
   1.110E-03   1.069E-03   3.200E-04   1.123E-03   8.141E-02
   1.090E-03   1.070E-03   3.277E-04   1.119E-03   8.405E-02
   1.050E-03   1.083E-03   3.328E-04   1.078E-03   9.036E-02
   1.000E-03   1.101E-03   3.187E-04   9.249E-04   9.553E-02
   9.800E-04   1.109E-03   3.023E-04   8.661E-04   9.732E-02
   9.600E-04   1.117E-03   2.787E-04   7.885E-04   9.854E-02
   9.500E-04   1.122E-03   2.650E-04   7.387E-04   9.870E-02
   9.400E-04   1.119E-03   2.509E-04   6.842E-04   9.806E-02
   9.200E-04   1.119E-03   2.236E-04   5.780E-04   9.471E-02
   8.900E-04   1.130E-03   1.837E-04   4.707E-04   8.640E-02
   8.700E-04   1.122E-03   1.620E-04   4.345E-04   8.063E-02
   8.600E-04   1.128E-03   1.524E-04   4.240E-04   7.850E-02
   8.500E-04   1.126E-03   1.424E-04   4.126E-04   7.630E-02
   8.400E-04   1.133E-03   1.319E-04   4.003E-04   7.419E-02
   8.200E-04   1.121E-03   1.103E-04   3.706E-04   6.846E-02
   8.000E-04   1.124E-03   9.250E-05   3.518E-04   6.281E-02
   7.900E-04   1.129E-03   8.613E-05   3.552E-04   6.110E-02
   7.800E-04   1.122E-03   8.096E-05   3.555E-04   5.922E-02
   7.700E-04   1.117E-03   7.649E-05   3.595E-04   5.775E-02
   7.600E-04   1.113E-03   7.257E-05   3.674E-04   5.673E-02
   7.500E-04   1.109E-03   6.902E-05   3.759E-04   5.584E-02
   7.300E-04   1.115E-03   6.365E-05   4.039E-04   5.558E-02
   7.200E-04   1.109E-03   6.222E-05   4.156E-04   5.557E-02
   7.100E-04   1.108E-03   6.149E-05   4.294E-04   5.567E-02
   7.000E-04   1.113E-03   6.057E-05   4.441E-04   5.619E-02
   6.900E-04   1.103E-03   5.879E-05   4.543E-04   5.627E-02
   6.800E-04   1.083E-03   5.630E-05   4.623E-04   5.566E-02
   6.600E-04   1.100E-03   5.186E-05   4.953E-04   5.637E-02
   6.400E-04   1.133E-03   4.598E-05   5.306E-04   5.792E-02
   6.300E-04   1.145E-03   4.354E-05   5.454E-04   5.886E-02
   6.200E-04   1.140E-03   4.339E-05   5.564E-04   5.927E-02
   6.100E-04   1.147E-03   4.349E-05   5.708E-04   5.997E-02
   5.900E-04   1.175E-03   3.646E-05   6.031E-04   6.190E-02
   5.500E-04   1.092E-03   2.870E-05   6.371E-04   6.086E-02
   5.300E-04   1.108E-03   2.645E-05   6.765E-04   6.236E-02
   5.200E-04   1.109E-03   2.531E-05   6.950E-04   6.298E-02
   5.100E-04   1.121E-03   2.414E-05   7.169E-04   6.405E-02
   5.000E-04   1.132E-03   2.306E-05   7.381E-04   6.515E-02
   4.800E-04   1.142E-03   2.142E-05   7.789E-04   6.713E-02
   4.500E-04   1.166E-03   1.968E-05   8.421E-04   7.110E-02
   4.000E-04   1.207E-03   1.853E-05   9.638E-04   7.886E-02
   3.800E-04   1.235E-03   1.886E-05   1.019E-03   8.310E-02
   3.600E-04   1.268E-03   1.985E-05   1.078E-03   8.802E-02
   3.400E-04   1.320E-03   2.174E-05   1.134E-03   9.460E-02
   3.300E-04   1.315E-03   2.310E-05   1.158E-03   9.682E-02
   3.200E-04   1.330E-03   2.478E-05   1.192E-03   9.979E-02
   3.150E-04   1.347E-03   2.580E-05   1.210E-03   1.018E-01
   3.100E-04   1.363E-03   2.692E-05   1.226E-03   1.038E-01
   3.080E-04   1.367E-03   2.740E-05   1.232E-03   1.045E-01
   3.050E-04   1.373E-03   2.815E-05   1.242E-03   1.056E-01
   3.000E-04   1.386E-03   2.955E-05   1.259E-03   1.076E-01
   2.900E-04   1.420E-03   3.280E-05   1.293E-03   1.121E-01
   2.800E-04   1.438E-03   3.682E-05   1.325E-03   1.162E-01
   2.600E-04   1.515E-03   4.790E-05   1.399E-03   1.263E-01
   2.500E-04   1.571E-03   5.552E-05   1.437E-03   1.324E-01
   2.200E-04   1.809E-03   9.212E-05   1.539E-03   1.545E-01
   2.159E-04   1.843E-03   9.945E-05   1.551E-03   1.578E-01
   2.000E-04   2.035E-03   1.362E-04   1.597E-03   1.733E-01
   1.662E-04   2.610E-03   2.918E-04   1.652E-03   2.174E-01
   1.650E-04   2.637E-03   3.005E-04   1.652E-03   2.193E-01
   1.250E-04   3.987E-03   8.562E-04   1.554E-03   3.129E-01
   1.235E-04   4.056E-03   8.916E-04   1.545E-03   3.179E-01
   1.130E-04   4.560E-03   1.181E-03   1.466E-03   3.578E-01
   1.000E-04   5.288E-03   1.651E-03   1.336E-03   4.246E-01
   9.500E-05   5.577E-03   1.870E-03   1.275E-03   4.570E-01
   9.300E-05   5.691E-03   1.964E-03   1.249E-03   4.711E-01
   9.200E-05   5.748E-03   2.012E-03   1.236E-03   4.785E-01
   9.100E-05   5.803E-03   2.061E-03   1.223E-03   4.860E-01
   9.000E-05   5.859E-03   2.112E-03   1.210E-03   4.937E-01
   8.900E-05   5.915E-03   2.163E-03   1.196E-03   5.016E-01
   8.800E-05   5.972E-03   2.216E-03   1.182E-03   5.098E-01
   8.700E-05   6.028E-03   2.269E-03   1.168E-03   5.183E-01
   8.600E-05   6.086E-03   2.324E-03   1.154E-03   5.270E-01
   8.500E-05   6.145E-03   2.380E-03   1.140E-03   5.360E-01
   8.400E-05   6.207E-03   2.437E-03   1.126E-03   5.453E-01
   8.330E-05   6.250E-03   2.478E-03   1.116E-03   5.521E-01
   8.200E-05   6.332E-03   2.555E-03   1.097E-03   5.651E-01
   8.100E-05   6.397E-03   2.616E-03   1.082E-03   5.755E-01
   8.000E-05   6.463E-03   2.678E-03   1.067E-03   5.863E-01
   7.900E-05   6.529E-03   2.742E-03   1.052E-03   5.976E-01
   7.800E-05   6.594E-03   2.807E-03   1.037E-03   6.092E-01
   7.700E-05   6.659E-03   2.873E-03   1.021E-03   6.212E-01
   7.600E-05   6.723E-03   2.941E-03   1.005E-03   6.336E-01
   7.500E-05   6.784E-03   3.011E-03   9.888E-04   6.463E-01
   7.400E-05   6.843E-03   3.083E-03   9.721E-04   6.593E-01
   7.300E-05   6.900E-03   3.156E-03   9.553E-04   6.728E-01
   7.140E-05   6.983E-03   3.278E-03   9.282E-04   6.949E-01
   7.100E-05   7.003E-03   3.309E-03   9.214E-04   7.006E-01
   7.000E-05   7.049E-03   3.388E-03   9.042E-04   7.151E-01
   6.900E-05   7.093E-03   3.469E-03   8.868E-04   7.299E-01
   6.800E-05   7.134E-03   3.552E-03   8.692E-04   7.452E-01
   6.700E-05   7.171E-03   3.637E-03   8.512E-04   7.608E-01
   6.600E-05   7.206E-03   3.724E-03   8.331E-04   7.769E-01
   6.500E-05   7.237E-03   3.813E-03   8.148E-04   7.935E-01
   6.400E-05   7.264E-03   3.905E-03   7.965E-04   8.106E-01
   6.300E-05   7.288E-03   3.997E-03   7.780E-04   8.281E-01
   6.250E-05   7.298E-03   4.044E-03   7.686E-04   8.371E-01
   6.200E-05   7.305E-03   4.092E-03   7.592E-04   8.461E-01
   6.100E-05   7.317E-03   4.189E-03   7.401E-04   8.646E-01
   6.000E-05   7.322E-03   4.287E-03   7.205E-04   8.835E-01
   5.900E-05   7.318E-03   4.387E-03   7.007E-04   9.028E-01
   5.800E-05   7.304E-03   4.488E-03   6.806E-04   9.226E-01
   5.700E-05   7.279E-03   4.590E-03   6.603E-04   9.426E-01
   5.600E-05   7.240E-03   4.694E-03   6.398E-04   9.628E-01
   5.500E-05   7.190E-03   4.799E-03   6.190E-04   9.832E-01
   5.477E-05   7.176E-03   4.823E-03   6.142E-04   9.883E-01
   5.400E-05   7.126E-03   4.903E-03   5.981E-04   1.004E+00
   5.300E-05   7.049E-03   5.009E-03   5.771E-04   1.025E+00
   5.200E-05   6.959E-03   5.115E-03   5.560E-04   1.046E+00
   5.100E-05   6.855E-03   5.221E-03   5.350E-04   1.067E+00
   5.000E-05   6.739E-03   5.329E-03   5.140E-04   1.088E+00
   4.900E-05   6.609E-03   5.436E-03   4.930E-04   1.109E+00
   4.880E-05   6.582E-03   5.457E-03   4.888E-04   1.113E+00
   4.800E-05   6.467E-03   5.544E-03   4.722E-04   1.130E+00
   4.760E-05   6.408E-03   5.588E-03   4.639E-04   1.139E+00
   4.700E-05   6.315E-03   5.653E-03   4.514E-04   1.152E+00
   4.650E-05   6.234E-03   5.708E-03   4.411E-04   1.163E+00
   4.600E-05   6.152E-03   5.765E-03   4.309E-04   1.174E+00
   4.550E-05   6.065E-03   5.824E-03   4.206E-04   1.185E+00
   4.500E-05   5.977E-03   5.884E-03   4.105E-04   1.196E+00
   4.440E-05   5.867E-03   5.956E-03   3.983E-04   1.209E+00
   4.350E-05   5.696E-03   6.066E-03   3.804E-04   1.230E+00
   4.170E-05   5.330E-03   6.293E-03   3.453E-04   1.273E+00
   4.000E-05   4.959E-03   6.512E-03   3.135E-04   1.316E+00
   3.850E-05   4.612E-03   6.686E-03   2.868E-04   1.356E+00
   3.656E-05   4.140E-03   6.885E-03   2.535E-04   1.408E+00
   3.570E-05   3.926E-03   6.959E-03   2.395E-04   1.432E+00
   3.330E-05   3.310E-03   7.156E-03   2.023E-04   1.499E+00
   3.130E-05   2.789E-03   7.306E-03   1.728E-04   1.559E+00
   3.000E-05   2.453E-03   7.369E-03   1.556E-04   1.600E+00
   2.940E-05   2.300E-03   7.369E-03   1.473E-04   1.620E+00
   2.780E-05   1.884E-03   7.335E-03   1.264E-04   1.676E+00
   2.630E-05   1.529E-03   7.280E-03   1.139E-04   1.745E+00
   2.500E-05   1.253E-03   7.177E-03   9.618E-05   1.842E+00
   2.380E-05   1.002E-03   7.011E-03   8.463E-05   2.029E+00
   2.270E-05   7.843E-04   6.888E-03   8.059E-05   2.258E+00
   2.170E-05   6.438E-04   6.740E-03   7.099E-05   2.279E+00
   2.080E-05   5.321E-04   6.510E-03   6.798E-05   2.188E+00
   2.000E-05   4.548E-04   6.305E-03   6.000E-05   2.068E+00
   1.920E-05   4.123E-04   5.916E-03   5.556E-05   1.952E+00
   1.850E-05   3.790E-04   5.557E-03   4.946E-05   1.884E+00
   1.790E-05   3.434E-04   5.026E-03   4.563E-05   1.842E+00
   1.720E-05   3.115E-04   4.387E-03   4.001E-05   1.820E+00
   1.670E-05   2.961E-04   3.942E-03   3.311E-05   1.818E+00
   1.610E-05   2.878E-04   3.399E-03   2.823E-05   1.841E+00
   1.560E-05   2.928E-04   2.933E-03   1.779E-05   1.881E+00
   1.520E-05   3.094E-04   2.534E-03   1.182E-05   1.931E+00
   1.470E-05   3.506E-04   2.040E-03   9.012E-06   2.008E+00
   1.430E-05   4.052E-04   1.642E-03   1.185E-05   2.077E+00
   1.390E-05   4.766E-04   1.322E-03   1.321E-05   2.133E+00
   1.350E-05   5.416E-04   1.052E-03   1.920E-05   2.186E+00
   1.320E-05   5.848E-04   8.991E-04   1.932E-05   2.231E+00
   1.280E-05   6.416E-04   7.621E-04   2.182E-05   2.300E+00
   1.250E-05   6.881E-04   7.240E-04   2.458E-05   2.362E+00
   1.220E-05   7.370E-04   6.815E-04   2.504E-05   2.435E+00
   1.190E-05   7.858E-04   6.259E-04   2.526E-05   2.521E+00
   1.160E-05   8.309E-04   5.791E-04   2.815E-05   2.617E+00
   1.140E-05   8.582E-04   5.501E-04   3.183E-05   2.690E+00
   1.110E-05   8.948E-04   5.296E-04   3.020E-05   2.810E+00
   1.080E-05   9.253E-04   5.363E-04   2.810E-05   2.992E+00
   1.050E-05   9.498E-04   5.722E-04   3.087E-05   3.223E+00
   1.030E-05   9.628E-04   6.161E-04   2.927E-05   3.426E+00
   1.000E-05   9.760E-04   7.103E-04   3.299E-05   3.717E+00
   9.750E-06   9.825E-04   8.268E-04   2.818E-05   3.988E+00
   9.500E-06   9.850E-04   9.661E-04   2.907E-05   4.285E+00
   9.250E-06   9.815E-04   1.110E-03   4.841E-06   4.549E+00
   9.080E-06   9.765E-04   1.207E-03   4.990E-06   4.696E+00
