#  wel (mu)   tau/tauV  E(w-V)/E(B-V)  E(w-V)| Rv_mod, Ebv =    4.471    0.240
   1.000E+04  3.363E-06 -4.471E+00 -1.073E+00
   2.159E+00  1.596E-01 -3.757E+00 -9.017E-01
   1.662E+00  2.199E-01 -3.488E+00 -8.370E-01
   1.235E+00  3.217E-01 -3.033E+00 -7.278E-01
   5.477E-01  1.000E+00  0.000E+00  0.000E+00
   4.440E-01  1.224E+00  1.000E+00  2.400E-01
   3.656E-01  1.425E+00  1.900E+00  4.559E-01
   2.780E-01  1.695E+00  3.109E+00  7.462E-01
   2.630E-01  1.765E+00  3.422E+00  8.213E-01
   2.500E-01  1.864E+00  3.861E+00  9.268E-01
   2.380E-01  2.053E+00  4.706E+00  1.129E+00
   2.270E-01  2.285E+00  5.743E+00  1.378E+00
   2.170E-01  2.306E+00  5.838E+00  1.401E+00
   2.080E-01  2.214E+00  5.428E+00  1.303E+00
   2.000E-01  2.093E+00  4.886E+00  1.173E+00
   1.920E-01  1.975E+00  4.360E+00  1.046E+00
   1.850E-01  1.906E+00  4.052E+00  9.726E-01
   1.790E-01  1.864E+00  3.863E+00  9.271E-01
   1.720E-01  1.841E+00  3.761E+00  9.026E-01
   1.670E-01  1.839E+00  3.752E+00  9.006E-01
   1.610E-01  1.862E+00  3.856E+00  9.254E-01
   1.560E-01  1.903E+00  4.037E+00  9.690E-01
   1.520E-01  1.954E+00  4.264E+00  1.023E+00
   1.470E-01  2.032E+00  4.612E+00  1.107E+00
   1.430E-01  2.102E+00  4.926E+00  1.182E+00
   1.390E-01  2.158E+00  5.177E+00  1.242E+00
   1.350E-01  2.212E+00  5.418E+00  1.300E+00
   1.320E-01  2.257E+00  5.620E+00  1.349E+00
   1.280E-01  2.327E+00  5.932E+00  1.424E+00
   1.250E-01  2.390E+00  6.213E+00  1.491E+00
   1.190E-01  2.550E+00  6.932E+00  1.664E+00
   1.160E-01  2.648E+00  7.368E+00  1.768E+00
   1.140E-01  2.722E+00  7.698E+00  1.847E+00
   1.110E-01  2.843E+00  8.241E+00  1.978E+00
   1.080E-01  3.028E+00  9.065E+00  2.176E+00
   1.050E-01  3.261E+00  1.011E+01  2.427E+00
   1.030E-01  3.466E+00  1.103E+01  2.646E+00
   1.000E-01  3.761E+00  1.235E+01  2.963E+00
   9.750E-02  4.035E+00  1.357E+01  3.257E+00
   9.500E-02  4.336E+00  1.491E+01  3.579E+00
   9.250E-02  4.602E+00  1.611E+01  3.865E+00
   9.080E-02  4.752E+00  1.677E+01  4.026E+00
