 # Polarisation optical depth (Siebenmorgen 2023, A&A 670A,115; SC 2023 doi: 10.48550/arXiv.2311.03310)
 # wel         sigp_aC     sigp_Si      sigp_dark    sigt
 #----------------------------------------------------------------------------------------
   1.000E+00   4.198E-09   6.059E-09   6.570E-09   8.431E-07
   9.000E-01   4.918E-09   7.153E-09   7.645E-09   9.923E-07
   8.000E-01   5.875E-09   8.616E-09   9.061E-09   1.192E-06
   7.000E-01   7.195E-09   1.064E-08   1.099E-08   1.464E-06
   6.000E-01   9.107E-09   1.360E-08   1.376E-08   1.863E-06
   5.500E-01   1.041E-08   1.562E-08   1.562E-08   2.135E-06
   5.000E-01   1.206E-08   1.820E-08   1.796E-08   2.476E-06
   4.500E-01   1.421E-08   2.154E-08   2.098E-08   2.924E-06
   4.000E-01   1.708E-08   2.602E-08   2.497E-08   3.517E-06
   3.500E-01   2.107E-08   3.227E-08   3.047E-08   4.351E-06
   3.000E-01   2.691E-08   4.138E-08   3.836E-08   5.546E-06
   2.500E-01   3.605E-08   5.561E-08   5.052E-08   7.418E-06
   2.098E-01   4.790E-08   7.393E-08   6.597E-08   9.826E-06
   1.500E-01   8.330E-08   1.279E-07   1.107E-07   1.691E-05
   1.382E-01   9.555E-08   1.463E-07   1.259E-07   1.934E-05
   1.320E-01   1.032E-07   1.577E-07   1.353E-07   2.085E-05
   1.150E-01   1.304E-07   1.979E-07   1.683E-07   2.615E-05
   1.000E-01   1.658E-07   2.489E-07   2.104E-07   3.290E-05
   9.970E-02   1.667E-07   2.502E-07   2.114E-07   3.307E-05
   8.670E-02   2.099E-07   3.156E-07   2.626E-07   4.158E-05
   8.500E-02   2.174E-07   3.262E-07   2.716E-07   4.299E-05
   7.500E-02   2.759E-07   4.012E-07   3.392E-07   5.331E-05
   6.000E-02   4.059E-07   5.797E-07   4.805E-07   7.710E-05
   5.500E-02   4.702E-07   6.500E-07   5.539E-07   8.812E-05
   5.000E-02   5.596E-07   8.068E-07   6.558E-07   1.065E-04
   4.500E-02   6.895E-07   1.071E-06   7.994E-07   1.347E-04
   4.000E-02   8.858E-07   1.434E-06   1.002E-06   1.746E-04
   3.500E-02   1.111E-06   2.185E-06   1.227E-06   2.409E-04
   3.000E-02   1.567E-06   3.412E-06   1.672E-06   3.551E-04
   2.750E-02   1.871E-06   4.294E-06   1.944E-06   4.358E-04
   2.500E-02   2.253E-06   5.466E-06   2.312E-06   5.432E-04
   2.400E-02   2.474E-06   6.048E-06   2.478E-06   5.967E-04
   2.000E-02   3.621E-06   9.369E-06   3.451E-06   8.986E-04
   1.800E-02   4.511E-06   1.157E-05   4.212E-06   1.115E-03
   1.600E-02   5.998E-06   1.430E-05   5.259E-06   1.411E-03
   1.500E-02   7.154E-06   1.597E-05   5.934E-06   1.604E-03
   1.400E-02   8.139E-06   1.784E-05   6.560E-06   1.812E-03
   1.200E-02   1.245E-05   2.249E-05   8.690E-06   2.433E-03
   1.000E-02   1.891E-05   2.923E-05   1.164E-05   3.379E-03
   9.000E-03   2.522E-05   3.303E-05   1.399E-05   4.081E-03
   8.000E-03   3.348E-05   3.815E-05   1.624E-05   5.000E-03
   7.500E-03   3.920E-05   4.213E-05   1.825E-05   5.660E-03
   7.000E-03   4.738E-05   4.709E-05   2.025E-05   6.524E-03
   6.000E-03   6.808E-05   5.996E-05   2.544E-05   8.821E-03
   5.000E-03   9.680E-05   8.414E-05   3.273E-05   1.271E-02
   4.500E-03   1.187E-04   1.015E-04   3.804E-05   1.577E-02
   4.000E-03   1.399E-04   1.224E-04   4.432E-05   1.977E-02
   3.500E-03   1.669E-04   1.448E-04   5.312E-05   2.490E-02
   3.000E-03   2.009E-04   1.646E-04   6.550E-05   3.181E-02
   2.750E-03   2.160E-04   1.712E-04   7.311E-05   3.580E-02
   2.500E-03   2.270E-04   1.757E-04   8.187E-05   4.041E-02
   2.400E-03   2.332E-04   1.769E-04   8.588E-05   4.254E-02
   2.350E-03   2.368E-04   1.777E-04   8.809E-05   4.377E-02
   2.320E-03   2.386E-04   1.782E-04   8.931E-05   4.452E-02
   2.310E-03   2.393E-04   1.785E-04   8.972E-05   4.478E-02
   2.300E-03   2.399E-04   1.785E-04   9.013E-05   4.503E-02
   2.250E-03   2.422E-04   1.797E-04   9.243E-05   4.641E-02
   2.200E-03   2.444E-04   1.807E-04   9.466E-05   4.793E-02
   2.150E-03   2.477E-04   1.815E-04   9.677E-05   4.954E-02
   2.120E-03   2.497E-04   1.811E-04   9.811E-05   5.056E-02
   2.110E-03   2.501E-04   1.810E-04   9.852E-05   5.090E-02
   2.100E-03   2.504E-04   1.808E-04   9.890E-05   5.125E-02
   2.080E-03   2.505E-04   1.800E-04   9.950E-05   5.187E-02
   2.000E-03   2.513E-04   1.760E-04   1.025E-04   5.452E-02
   1.950E-03   2.534E-04   1.708E-04   1.034E-04   5.622E-02
   1.900E-03   2.572E-04   1.634E-04   1.034E-04   5.758E-02
   1.850E-03   2.608E-04   1.536E-04   1.019E-04   5.833E-02
   1.830E-03   2.626E-04   1.490E-04   1.009E-04   5.849E-02
   1.820E-03   2.629E-04   1.465E-04   1.003E-04   5.848E-02
   1.810E-03   2.635E-04   1.439E-04   9.970E-05   5.840E-02
   1.800E-03   2.642E-04   1.414E-04   9.910E-05   5.833E-02
   1.750E-03   2.680E-04   1.266E-04   9.557E-05   5.740E-02
   1.700E-03   2.690E-04   1.104E-04   9.137E-05   5.526E-02
   1.670E-03   2.721E-04   1.005E-04   8.938E-05   5.368E-02
   1.650E-03   2.751E-04   9.397E-05   8.813E-05   5.248E-02
   1.640E-03   2.761E-04   9.078E-05   8.740E-05   5.183E-02
   1.630E-03   2.771E-04   8.759E-05   8.670E-05   5.115E-02
   1.610E-03   2.787E-04   8.142E-05   8.548E-05   4.970E-02
   1.600E-03   2.796E-04   7.842E-05   8.492E-05   4.894E-02
   1.590E-03   2.806E-04   7.555E-05   8.435E-05   4.819E-02
   1.580E-03   2.815E-04   7.285E-05   8.386E-05   4.744E-02
   1.570E-03   2.816E-04   7.027E-05   8.330E-05   4.665E-02
   1.560E-03   2.829E-04   6.802E-05   8.296E-05   4.594E-02
   1.540E-03   2.858E-04   6.431E-05   8.231E-05   4.472E-02
   1.520E-03   2.865E-04   6.192E-05   8.155E-05   4.360E-02
   1.510E-03   2.867E-04   6.127E-05   8.119E-05   4.315E-02
   1.500E-03   2.865E-04   6.093E-05   8.089E-05   4.274E-02
   1.450E-03   2.887E-04   6.249E-05   8.106E-05   4.153E-02
   1.440E-03   2.895E-04   6.320E-05   8.133E-05   4.146E-02
   1.430E-03   2.902E-04   6.378E-05   8.209E-05   4.150E-02
   1.420E-03   2.909E-04   6.434E-05   8.284E-05   4.154E-02
   1.400E-03   2.929E-04   6.565E-05   8.514E-05   4.189E-02
   1.380E-03   2.946E-04   6.686E-05   8.823E-05   4.252E-02
   1.370E-03   2.953E-04   6.754E-05   9.027E-05   4.300E-02
   1.360E-03   2.966E-04   6.823E-05   9.256E-05   4.357E-02
   1.350E-03   2.980E-04   6.909E-05   9.491E-05   4.418E-02
   1.340E-03   2.994E-04   6.994E-05   9.736E-05   4.490E-02
   1.330E-03   3.003E-04   7.102E-05   9.982E-05   4.564E-02
   1.320E-03   3.016E-04   7.214E-05   1.024E-04   4.642E-02
   1.310E-03   3.019E-04   7.345E-05   1.049E-04   4.725E-02
   1.290E-03   3.014E-04   7.661E-05   1.101E-04   4.896E-02
   1.280E-03   3.013E-04   7.830E-05   1.130E-04   5.001E-02
   1.270E-03   3.020E-04   7.967E-05   1.162E-04   5.103E-02
   1.260E-03   3.027E-04   8.173E-05   1.193E-04   5.202E-02
   1.250E-03   3.028E-04   8.447E-05   1.222E-04   5.305E-02
   1.220E-03   3.077E-04   1.010E-04   1.320E-04   5.737E-02
   1.210E-03   3.081E-04   1.119E-04   1.353E-04   5.950E-02
   1.200E-03   3.082E-04   1.249E-04   1.386E-04   6.189E-02
   1.190E-03   3.104E-04   1.385E-04   1.422E-04   6.454E-02
   1.180E-03   3.117E-04   1.515E-04   1.452E-04   6.721E-02
   1.170E-03   3.127E-04   1.629E-04   1.481E-04   6.985E-02
   1.160E-03   3.139E-04   1.722E-04   1.507E-04   7.234E-02
   1.150E-03   3.140E-04   1.798E-04   1.531E-04   7.489E-02
   1.140E-03   3.136E-04   1.859E-04   1.555E-04   7.721E-02
   1.130E-03   3.136E-04   1.908E-04   1.582E-04   7.955E-02
   1.120E-03   3.138E-04   1.951E-04   1.606E-04   8.163E-02
   1.110E-03   3.136E-04   1.992E-04   1.629E-04   8.366E-02
   1.090E-03   3.144E-04   2.063E-04   1.669E-04   8.808E-02
   1.050E-03   3.189E-04   2.146E-04   1.725E-04   9.916E-02
   1.000E-03   3.268E-04   2.123E-04   1.591E-04   1.098E-01
   9.800E-04   3.304E-04   2.041E-04   1.528E-04   1.134E-01
   9.600E-04   3.335E-04   1.904E-04   1.430E-04   1.162E-01
   9.500E-04   3.363E-04   1.820E-04   1.358E-04   1.168E-01
   9.400E-04   3.365E-04   1.730E-04   1.271E-04   1.162E-01
   9.200E-04   3.387E-04   1.549E-04   1.079E-04   1.112E-01
   8.900E-04   3.439E-04   1.275E-04   8.546E-05   9.724E-02
   8.700E-04   3.429E-04   1.122E-04   7.673E-05   8.788E-02
   8.600E-04   3.453E-04   1.054E-04   7.403E-05   8.414E-02
   8.500E-04   3.454E-04   9.844E-05   7.133E-05   8.047E-02
   8.400E-04   3.480E-04   9.101E-05   6.861E-05   7.672E-02
   8.200E-04   3.469E-04   7.574E-05   6.214E-05   6.752E-02
   8.000E-04   3.487E-04   6.301E-05   5.745E-05   5.809E-02
   7.900E-04   3.510E-04   5.841E-05   5.727E-05   5.494E-02
   7.800E-04   3.501E-04   5.468E-05   5.660E-05   5.188E-02
   7.700E-04   3.490E-04   5.146E-05   5.659E-05   4.941E-02
   7.600E-04   3.482E-04   4.865E-05   5.724E-05   4.759E-02
   7.500E-04   3.473E-04   4.611E-05   5.799E-05   4.595E-02
   7.300E-04   3.494E-04   4.224E-05   6.140E-05   4.457E-02
   7.200E-04   3.485E-04   4.116E-05   6.288E-05   4.431E-02
   7.100E-04   3.479E-04   4.057E-05   6.464E-05   4.414E-02
   7.000E-04   3.503E-04   3.988E-05   6.665E-05   4.438E-02
   6.900E-04   3.486E-04   3.863E-05   6.801E-05   4.433E-02
   6.800E-04   3.416E-04   3.691E-05   6.894E-05   4.367E-02
   6.600E-04   3.447E-04   3.386E-05   7.340E-05   4.354E-02
   6.400E-04   3.545E-04   2.988E-05   7.846E-05   4.404E-02
   6.300E-04   3.599E-04   2.821E-05   8.071E-05   4.457E-02
   6.200E-04   3.594E-04   2.804E-05   8.232E-05   4.487E-02
   6.100E-04   3.617E-04   2.805E-05   8.444E-05   4.528E-02
   5.900E-04   3.730E-04   2.340E-05   8.943E-05   4.616E-02
   5.500E-04   3.484E-04   1.816E-05   9.445E-05   4.498E-02
   5.300E-04   3.518E-04   1.659E-05   1.004E-04   4.564E-02
   5.200E-04   3.518E-04   1.580E-05   1.033E-04   4.593E-02
   5.100E-04   3.550E-04   1.499E-05   1.067E-04   4.652E-02
   5.000E-04   3.583E-04   1.421E-05   1.101E-04   4.711E-02
   4.800E-04   3.612E-04   1.303E-05   1.167E-04   4.822E-02
   4.500E-04   3.695E-04   1.168E-05   1.273E-04   5.075E-02
   4.000E-04   3.805E-04   1.034E-05   1.477E-04   5.542E-02
   3.800E-04   3.882E-04   1.020E-05   1.568E-04   5.793E-02
   3.600E-04   3.971E-04   1.036E-05   1.666E-04   6.076E-02
   3.400E-04   4.140E-04   1.094E-05   1.767E-04   6.484E-02
   3.300E-04   4.119E-04   1.142E-05   1.812E-04   6.616E-02
   3.200E-04   4.148E-04   1.203E-05   1.873E-04   6.759E-02
   3.150E-04   4.194E-04   1.242E-05   1.905E-04   6.868E-02
   3.100E-04   4.238E-04   1.286E-05   1.934E-04   6.984E-02
   3.080E-04   4.251E-04   1.304E-05   1.945E-04   7.028E-02
   3.050E-04   4.267E-04   1.334E-05   1.962E-04   7.090E-02
   3.000E-04   4.300E-04   1.390E-05   1.992E-04   7.202E-02
   2.900E-04   4.395E-04   1.522E-05   2.049E-04   7.465E-02
   2.800E-04   4.435E-04   1.688E-05   2.105E-04   7.691E-02
   2.600E-04   4.622E-04   2.155E-05   2.235E-04   8.272E-02
   2.500E-04   4.767E-04   2.482E-05   2.307E-04   8.632E-02
   2.200E-04   5.404E-04   4.087E-05   2.509E-04   1.002E-01
   2.159E-04   5.493E-04   4.414E-05   2.533E-04   1.024E-01
   2.000E-04   6.011E-04   6.073E-05   2.636E-04   1.125E-01
   1.662E-04   7.640E-04   1.339E-04   2.781E-04   1.431E-01
   1.650E-04   7.718E-04   1.381E-04   2.783E-04   1.445E-01
   1.250E-04   1.211E-03   4.265E-04   2.676E-04   2.235E-01
   1.235E-04   1.236E-03   4.459E-04   2.660E-04   2.283E-01
   1.130E-04   1.427E-03   6.088E-04   2.528E-04   2.681E-01
   1.000E-04   1.719E-03   8.918E-04   2.278E-04   3.394E-01
   9.500E-05   1.840E-03   1.033E-03   2.154E-04   3.755E-01
   9.300E-05   1.889E-03   1.095E-03   2.102E-04   3.916E-01
   9.200E-05   1.913E-03   1.128E-03   2.076E-04   4.000E-01
   9.100E-05   1.938E-03   1.162E-03   2.049E-04   4.087E-01
   9.000E-05   1.963E-03   1.196E-03   2.023E-04   4.176E-01
   8.900E-05   1.988E-03   1.232E-03   1.997E-04   4.268E-01
   8.800E-05   2.014E-03   1.268E-03   1.970E-04   4.363E-01
   8.700E-05   2.040E-03   1.306E-03   1.944E-04   4.462E-01
   8.600E-05   2.067E-03   1.344E-03   1.917E-04   4.563E-01
   8.500E-05   2.095E-03   1.382E-03   1.891E-04   4.668E-01
   8.400E-05   2.124E-03   1.422E-03   1.865E-04   4.778E-01
   8.330E-05   2.145E-03   1.450E-03   1.847E-04   4.857E-01
   8.200E-05   2.186E-03   1.502E-03   1.813E-04   5.009E-01
   8.100E-05   2.218E-03   1.543E-03   1.786E-04   5.130E-01
   8.000E-05   2.252E-03   1.585E-03   1.758E-04   5.257E-01
   7.900E-05   2.287E-03   1.628E-03   1.730E-04   5.388E-01
   7.800E-05   2.323E-03   1.671E-03   1.700E-04   5.523E-01
   7.700E-05   2.359E-03   1.715E-03   1.669E-04   5.662E-01
   7.600E-05   2.396E-03   1.761E-03   1.637E-04   5.807E-01
   7.500E-05   2.433E-03   1.808E-03   1.603E-04   5.955E-01
   7.400E-05   2.470E-03   1.857E-03   1.568E-04   6.108E-01
   7.300E-05   2.507E-03   1.907E-03   1.531E-04   6.265E-01
   7.140E-05   2.566E-03   1.993E-03   1.470E-04   6.526E-01
   7.100E-05   2.580E-03   2.015E-03   1.455E-04   6.593E-01
   7.000E-05   2.616E-03   2.072E-03   1.416E-04   6.764E-01
   6.900E-05   2.653E-03   2.131E-03   1.377E-04   6.940E-01
   6.800E-05   2.690E-03   2.191E-03   1.339E-04   7.122E-01
   6.700E-05   2.727E-03   2.253E-03   1.302E-04   7.310E-01
   6.600E-05   2.764E-03   2.315E-03   1.265E-04   7.503E-01
   6.500E-05   2.803E-03   2.377E-03   1.230E-04   7.705E-01
   6.400E-05   2.841E-03   2.439E-03   1.196E-04   7.913E-01
   6.300E-05   2.881E-03   2.499E-03   1.163E-04   8.129E-01
   6.250E-05   2.901E-03   2.528E-03   1.146E-04   8.240E-01
   6.200E-05   2.920E-03   2.558E-03   1.129E-04   8.353E-01
   6.100E-05   2.960E-03   2.617E-03   1.094E-04   8.585E-01
   6.000E-05   3.001E-03   2.677E-03   1.058E-04   8.824E-01
   5.900E-05   3.040E-03   2.741E-03   1.020E-04   9.072E-01
   5.800E-05   3.080E-03   2.809E-03   9.814E-05   9.328E-01
   5.700E-05   3.118E-03   2.882E-03   9.410E-05   9.591E-01
   5.600E-05   3.154E-03   2.962E-03   9.003E-05   9.861E-01
   5.500E-05   3.188E-03   3.047E-03   8.599E-05   1.014E+00
   5.477E-05   3.196E-03   3.068E-03   8.507E-05   1.021E+00
   5.400E-05   3.220E-03   3.137E-03   8.205E-05   1.044E+00
   5.300E-05   3.248E-03   3.230E-03   7.828E-05   1.073E+00
   5.200E-05   3.274E-03   3.322E-03   7.471E-05   1.103E+00
   5.100E-05   3.294E-03   3.412E-03   7.132E-05   1.134E+00
   5.000E-05   3.310E-03   3.498E-03   6.808E-05   1.166E+00
   4.900E-05   3.322E-03   3.580E-03   6.493E-05   1.199E+00
   4.880E-05   3.323E-03   3.596E-03   6.430E-05   1.206E+00
   4.800E-05   3.328E-03   3.662E-03   6.180E-05   1.233E+00
   4.760E-05   3.329E-03   3.695E-03   6.055E-05   1.247E+00
   4.700E-05   3.328E-03   3.745E-03   5.866E-05   1.268E+00
   4.650E-05   3.327E-03   3.787E-03   5.708E-05   1.286E+00
   4.600E-05   3.324E-03   3.832E-03   5.550E-05   1.304E+00
   4.550E-05   3.319E-03   3.879E-03   5.393E-05   1.322E+00
   4.500E-05   3.313E-03   3.929E-03   5.239E-05   1.340E+00
   4.440E-05   3.304E-03   3.993E-03   5.058E-05   1.363E+00
   4.350E-05   3.284E-03   4.098E-03   4.801E-05   1.397E+00
   4.170E-05   3.228E-03   4.306E-03   4.343E-05   1.469E+00
   4.000E-05   3.149E-03   4.476E-03   3.943E-05   1.541E+00
   3.850E-05   3.056E-03   4.631E-03   3.595E-05   1.605E+00
   3.656E-05   2.900E-03   4.864E-03   3.183E-05   1.690E+00
   3.570E-05   2.819E-03   4.961E-03   3.003E-05   1.728E+00
   3.330E-05   2.548E-03   5.240E-03   2.565E-05   1.839E+00
   3.130E-05   2.278E-03   5.470E-03   2.230E-05   1.936E+00
   3.000E-05   2.085E-03   5.614E-03   2.003E-05   2.005E+00
   2.940E-05   1.993E-03   5.762E-03   1.912E-05   2.038E+00
   2.780E-05   1.731E-03   5.990E-03   1.696E-05   2.139E+00
   2.630E-05   1.489E-03   6.160E-03   1.491E-05   2.274E+00
   2.500E-05   1.300E-03   6.411E-03   1.352E-05   2.478E+00
   2.380E-05   1.131E-03   6.589E-03   1.214E-05   2.877E+00
   2.270E-05   9.714E-04   6.629E-03   1.112E-05   3.344E+00
   2.170E-05   8.536E-04   6.631E-03   1.038E-05   3.310E+00
   2.080E-05   7.508E-04   6.791E-03   9.295E-06   3.164E+00
   2.000E-05   6.673E-04   6.446E-03   8.766E-06   3.040E+00
   1.920E-05   6.145E-04   5.676E-03   7.854E-06   2.938E+00
   1.850E-05   5.753E-04   5.202E-03   6.953E-06   2.905E+00
   1.790E-05   5.269E-04   4.760E-03   6.382E-06   2.914E+00
   1.720E-05   4.727E-04   4.247E-03   5.280E-06   2.972E+00
   1.670E-05   4.363E-04   3.851E-03   4.240E-06   3.038E+00
   1.610E-05   3.890E-04   3.347E-03   3.222E-06   3.169E+00
   1.560E-05   3.490E-04   2.911E-03   1.938E-06   3.322E+00
   1.520E-05   3.181E-04   2.538E-03   1.267E-06   3.485E+00
   1.470E-05   2.830E-04   2.077E-03   2.185E-06   3.712E+00
   1.430E-05   2.601E-04   1.713E-03   3.784E-06   3.908E+00
   1.390E-05   2.448E-04   1.430E-03   4.762E-06   4.060E+00
   1.350E-05   2.381E-04   1.178E-03   5.079E-06   4.204E+00
   1.320E-05   2.395E-04   1.019E-03   5.662E-06   4.316E+00
   1.280E-05   2.504E-04   8.603E-04   6.271E-06   4.482E+00
   1.250E-05   2.693E-04   8.122E-04   6.318E-06   4.621E+00
   1.220E-05   3.005E-04   7.592E-04   6.656E-06   4.785E+00
   1.190E-05   3.432E-04   6.899E-04   6.734E-06   4.988E+00
   1.160E-05   3.845E-04   6.223E-04   7.139E-06   5.212E+00
   1.140E-05   4.102E-04   5.703E-04   7.671E-06   5.376E+00
   1.110E-05   4.457E-04   5.086E-04   7.136E-06   5.646E+00
   1.080E-05   4.769E-04   4.677E-04   7.079E-06   6.012E+00
   1.050E-05   5.038E-04   4.569E-04   7.512E-06   6.468E+00
   1.030E-05   5.193E-04   4.679E-04   7.137E-06   6.873E+00
   1.000E-05   5.380E-04   5.159E-04   7.518E-06   7.461E+00
   9.750E-06   5.503E-04   6.015E-04   6.680E-06   7.980E+00
   9.500E-06   5.591E-04   7.242E-04   7.015E-06   8.544E+00
   9.250E-06   5.644E-04   8.531E-04   5.975E-06   9.065E+00
   9.080E-06   5.660E-04   9.382E-04   6.035E-06   9.355E+00
