 # Optical depth (Siebenmorgen 2023, A&A 670A,115; SC 2023 doi: 10.48550/arXiv.2311.03310)
 # wel(cm) sa_aC    ss_aC    sa_Si    ss_Si    sa_vgr   ss_vgr   sa_vsi   ss_vsi   s_pahS+B sa_Dark  ss_Dark sigt 
 # ------------------------------------------------------------------------------------------------------------- 
1.000E+00 1.50E-07 6.28E-17 3.35E-07 4.89E-17 5.94E-09 4.18E-23 1.43E-07 1.80E-22 7.18E-12 2.08E-07 2.30E-15 8.431E-07
9.000E-01 1.76E-07 9.56E-17 3.96E-07 7.46E-17 7.58E-09 6.37E-23 1.71E-07 2.75E-22 8.86E-12 2.42E-07 3.50E-15 9.923E-07
8.000E-01 2.10E-07 1.53E-16 4.77E-07 1.19E-16 9.89E-09 1.02E-22 2.08E-07 4.40E-22 1.12E-11 2.88E-07 5.60E-15 1.192E-06
7.000E-01 2.57E-07 2.61E-16 5.89E-07 2.04E-16 1.33E-08 1.74E-22 2.56E-07 7.50E-22 1.46E-11 3.49E-07 9.53E-15 1.464E-06
6.000E-01 3.25E-07 4.84E-16 7.53E-07 3.78E-16 1.84E-08 3.23E-22 3.29E-07 1.39E-21 1.99E-11 4.37E-07 1.76E-14 1.863E-06
5.500E-01 3.72E-07 6.85E-16 8.65E-07 5.35E-16 2.21E-08 4.57E-22 3.79E-07 1.97E-21 2.37E-11 4.97E-07 2.50E-14 2.135E-06
5.000E-01 4.31E-07 1.00E-15 1.01E-06 7.83E-16 2.67E-08 6.69E-22 4.39E-07 2.88E-21 2.87E-11 5.71E-07 3.65E-14 2.476E-06
4.500E-01 5.08E-07 1.53E-15 1.19E-06 1.19E-15 3.29E-08 1.02E-21 5.23E-07 4.39E-21 3.54E-11 6.68E-07 5.56E-14 2.924E-06
4.000E-01 6.11E-07 2.45E-15 1.44E-06 1.91E-15 4.12E-08 1.63E-21 6.29E-07 7.02E-21 4.48E-11 7.95E-07 8.89E-14 3.517E-06
3.500E-01 7.54E-07 4.17E-15 1.79E-06 3.26E-15 5.28E-08 2.79E-21 7.88E-07 1.20E-20 5.86E-11 9.71E-07 1.51E-13 4.351E-06
3.000E-01 9.63E-07 7.73E-15 2.29E-06 6.04E-15 6.96E-08 5.16E-21 9.99E-07 2.22E-20 7.97E-11 1.22E-06 2.80E-13 5.546E-06
2.500E-01 1.29E-06 1.60E-14 3.08E-06 1.25E-14 9.49E-08 1.07E-20 1.34E-06 4.59E-20 1.15E-10 1.61E-06 5.80E-13 7.418E-06
2.098E-01 1.71E-06 3.23E-14 4.09E-06 2.53E-14 1.26E-07 2.16E-20 1.79E-06 9.26E-20 1.63E-10 2.11E-06 1.17E-12 9.826E-06
1.500E-01 2.98E-06 1.23E-13 7.08E-06 9.67E-14 2.41E-07 8.26E-20 3.06E-06 3.54E-19 3.19E-10 3.55E-06 4.44E-12 1.691E-05
1.382E-01 3.42E-06 1.71E-13 8.10E-06 1.34E-13 2.84E-07 1.15E-19 3.50E-06 4.91E-19 3.76E-10 4.04E-06 6.16E-12 1.934E-05
1.320E-01 3.70E-06 2.06E-13 8.73E-06 1.61E-13 3.11E-07 1.38E-19 3.77E-06 5.90E-19 4.12E-10 4.34E-06 7.39E-12 2.085E-05
1.150E-01 4.67E-06 3.57E-13 1.10E-05 2.80E-13 4.07E-07 2.39E-19 4.71E-06 1.02E-18 5.43E-10 5.40E-06 1.28E-11 2.615E-05
1.000E-01 5.94E-06 6.24E-13 1.38E-05 4.89E-13 5.35E-07 4.18E-19 5.88E-06 1.79E-18 7.18E-10 6.77E-06 2.23E-11 3.290E-05
9.970E-02 5.97E-06 6.32E-13 1.38E-05 4.95E-13 5.38E-07 4.23E-19 5.91E-06 1.81E-18 7.22E-10 6.80E-06 2.26E-11 3.307E-05
8.670E-02 7.52E-06 1.11E-12 1.75E-05 8.66E-13 7.12E-07 7.39E-19 7.42E-06 3.16E-18 9.55E-10 8.45E-06 3.95E-11 4.158E-05
8.500E-02 7.79E-06 1.20E-12 1.81E-05 9.38E-13 7.40E-07 8.00E-19 7.66E-06 3.43E-18 9.93E-10 8.74E-06 4.27E-11 4.299E-05
7.500E-02 9.89E-06 1.97E-12 2.22E-05 1.55E-12 9.40E-07 1.32E-18 9.35E-06 5.65E-18 1.28E-09 1.09E-05 7.03E-11 5.331E-05
6.000E-02 1.45E-05 4.82E-12 3.20E-05 3.80E-12 1.45E-06 3.22E-18 1.36E-05 1.38E-17 1.99E-09 1.55E-05 1.71E-10 7.710E-05
5.500E-02 1.69E-05 6.82E-12 3.58E-05 5.40E-12 1.70E-06 4.56E-18 1.58E-05 1.95E-17 2.37E-09 1.79E-05 2.42E-10 8.812E-05
5.000E-02 2.01E-05 1.00E-11 4.43E-05 7.96E-12 2.03E-06 6.68E-18 1.88E-05 2.86E-17 2.87E-09 2.12E-05 3.54E-10 1.065E-04
4.500E-02 2.47E-05 1.53E-11 5.86E-05 1.22E-11 2.48E-06 1.02E-17 2.30E-05 4.37E-17 3.55E-09 2.59E-05 5.39E-10 1.347E-04
4.000E-02 3.17E-05 2.45E-11 7.82E-05 1.97E-11 3.09E-06 1.63E-17 2.91E-05 7.00E-17 4.49E-09 3.25E-05 8.61E-10 1.746E-04
3.500E-02 3.98E-05 4.17E-11 1.19E-04 3.38E-11 3.96E-06 2.78E-17 3.85E-05 1.20E-16 5.87E-09 3.99E-05 1.46E-09 2.409E-04
3.000E-02 5.61E-05 7.75E-11 1.85E-04 6.30E-11 5.28E-06 5.15E-17 5.41E-05 2.22E-16 7.99E-09 5.45E-05 2.70E-09 3.551E-04
2.750E-02 6.69E-05 1.10E-10 2.33E-04 8.92E-11 6.23E-06 7.30E-17 6.60E-05 3.15E-16 9.51E-09 6.35E-05 3.81E-09 4.358E-04
2.500E-02 8.05E-05 1.61E-10 2.97E-04 1.31E-10 7.44E-06 1.07E-16 8.27E-05 4.61E-16 1.15E-08 7.56E-05 5.58E-09 5.432E-04
2.400E-02 8.84E-05 1.90E-10 3.29E-04 1.54E-10 8.04E-06 1.26E-16 9.03E-05 5.43E-16 1.25E-08 8.12E-05 6.54E-09 5.967E-04
2.000E-02 1.29E-04 3.96E-10 5.14E-04 3.15E-10 1.14E-05 2.61E-16 1.31E-04 1.12E-15 1.80E-08 1.14E-04 1.35E-08 8.986E-04
1.800E-02 1.60E-04 6.06E-10 6.39E-04 4.74E-10 1.40E-05 3.99E-16 1.63E-04 1.71E-15 2.23E-08 1.39E-04 2.05E-08 1.115E-03
1.600E-02 2.13E-04 9.77E-10 7.98E-04 7.46E-10 1.77E-05 6.40E-16 2.07E-04 2.75E-15 2.82E-08 1.74E-04 3.26E-08 1.411E-03
1.500E-02 2.53E-04 1.27E-09 8.98E-04 9.56E-10 2.02E-05 8.30E-16 2.35E-04 3.56E-15 3.21E-08 1.98E-04 4.19E-08 1.604E-03
1.400E-02 2.88E-04 1.67E-09 1.01E-03 1.25E-09 2.33E-05 1.10E-15 2.72E-04 4.69E-15 3.69E-08 2.19E-04 5.50E-08 1.812E-03
1.200E-02 4.39E-04 3.13E-09 1.29E-03 2.25E-09 3.24E-05 2.04E-15 3.72E-04 8.70E-15 5.04E-08 2.94E-04 9.99E-08 2.433E-03
1.000E-02 6.64E-04 6.56E-09 1.72E-03 4.48E-09 4.90E-05 4.26E-15 5.44E-04 1.81E-14 7.31E-08 3.98E-04 2.04E-07 3.379E-03
9.000E-03 8.82E-04 1.01E-08 1.97E-03 6.68E-09 6.30E-05 6.53E-15 6.79E-04 2.76E-14 9.06E-08 4.84E-04 3.06E-07 4.081E-03
8.000E-03 1.18E-03 1.60E-08 2.30E-03 1.06E-08 8.42E-05 1.05E-14 8.70E-04 4.42E-14 1.15E-07 5.70E-04 4.78E-07 5.000E-03
7.500E-03 1.38E-03 2.09E-08 2.54E-03 1.37E-08 9.94E-05 1.37E-14 9.98E-04 5.72E-14 1.32E-07 6.43E-04 6.16E-07 5.660E-03
7.000E-03 1.67E-03 2.75E-08 2.86E-03 1.79E-08 1.19E-04 1.82E-14 1.16E-03 7.55E-14 1.52E-07 7.21E-04 7.99E-07 6.524E-03
6.000E-03 2.42E-03 5.05E-08 3.68E-03 3.28E-08 1.84E-04 3.42E-14 1.61E-03 1.40E-13 2.10E-07 9.25E-04 1.44E-06 8.821E-03
5.000E-03 3.53E-03 1.01E-07 5.27E-03 6.73E-08 3.22E-04 7.27E-14 2.37E-03 2.88E-13 3.11E-07 1.22E-03 2.88E-06 1.271E-02
4.500E-03 4.42E-03 1.49E-07 6.48E-03 1.01E-07 4.56E-04 1.12E-13 2.96E-03 4.37E-13 3.92E-07 1.45E-03 4.27E-06 1.577E-02
4.000E-03 5.38E-03 2.27E-07 8.20E-03 1.53E-07 6.67E-04 1.78E-13 3.78E-03 6.93E-13 5.13E-07 1.73E-03 6.63E-06 1.977E-02
3.500E-03 6.66E-03 3.67E-07 1.03E-02 2.45E-07 9.26E-04 2.85E-13 4.93E-03 1.17E-12 7.09E-07 2.12E-03 1.10E-05 2.490E-02
3.000E-03 8.47E-03 6.26E-07 1.29E-02 4.02E-07 9.78E-04 4.46E-13 6.74E-03 2.13E-12 1.09E-06 2.72E-03 1.94E-05 3.181E-02
2.750E-03 9.45E-03 8.35E-07 1.42E-02 5.23E-07 8.43E-04 5.75E-13 8.10E-03 2.97E-12 1.48E-06 3.12E-03 2.66E-05 3.580E-02
2.500E-03 1.04E-02 1.13E-06 1.58E-02 6.92E-07 6.64E-04 7.91E-13 9.95E-03 4.28E-12 2.51E-06 3.61E-03 3.74E-05 4.041E-02
2.400E-03 1.08E-02 1.30E-06 1.64E-02 7.79E-07 5.96E-04 9.18E-13 1.08E-02 4.97E-12 3.54E-06 3.85E-03 4.32E-05 4.254E-02
2.350E-03 1.11E-02 1.40E-06 1.67E-02 8.29E-07 5.63E-04 9.94E-13 1.13E-02 5.36E-12 4.21E-06 3.99E-03 4.65E-05 4.377E-02
2.320E-03 1.12E-02 1.45E-06 1.69E-02 8.61E-07 5.45E-04 1.04E-12 1.17E-02 5.62E-12 4.54E-06 4.07E-03 4.86E-05 4.452E-02
2.310E-03 1.13E-02 1.48E-06 1.70E-02 8.72E-07 5.38E-04 1.06E-12 1.18E-02 5.71E-12 4.62E-06 4.10E-03 4.93E-05 4.478E-02
2.300E-03 1.14E-02 1.50E-06 1.71E-02 8.82E-07 5.32E-04 1.08E-12 1.19E-02 5.80E-12 4.69E-06 4.12E-03 5.01E-05 4.503E-02
2.250E-03 1.16E-02 1.60E-06 1.75E-02 9.42E-07 5.04E-04 1.18E-12 1.25E-02 6.30E-12 4.88E-06 4.27E-03 5.40E-05 4.641E-02
2.200E-03 1.18E-02 1.72E-06 1.80E-02 1.01E-06 4.77E-04 1.28E-12 1.32E-02 6.81E-12 5.13E-06 4.43E-03 5.82E-05 4.793E-02
2.150E-03 1.21E-02 1.86E-06 1.85E-02 1.07E-06 4.52E-04 1.41E-12 1.38E-02 7.36E-12 5.61E-06 4.59E-03 6.28E-05 4.954E-02
2.120E-03 1.23E-02 1.95E-06 1.88E-02 1.11E-06 4.38E-04 1.49E-12 1.43E-02 7.73E-12 5.85E-06 4.70E-03 6.57E-05 5.056E-02
2.110E-03 1.23E-02 1.97E-06 1.89E-02 1.12E-06 4.34E-04 1.52E-12 1.44E-02 7.85E-12 5.89E-06 4.74E-03 6.66E-05 5.090E-02
2.100E-03 1.24E-02 2.00E-06 1.90E-02 1.14E-06 4.29E-04 1.55E-12 1.46E-02 7.98E-12 5.90E-06 4.77E-03 6.76E-05 5.125E-02
2.080E-03 1.25E-02 2.06E-06 1.92E-02 1.16E-06 4.21E-04 1.61E-12 1.49E-02 8.23E-12 5.85E-06 4.84E-03 6.95E-05 5.187E-02
2.000E-03 1.27E-02 2.33E-06 1.99E-02 1.26E-06 3.90E-04 1.88E-12 1.63E-02 9.35E-12 5.54E-06 5.12E-03 7.86E-05 5.452E-02
1.950E-03 1.29E-02 2.53E-06 2.03E-02 1.31E-06 3.73E-04 2.09E-12 1.73E-02 9.90E-12 5.98E-06 5.31E-03 8.38E-05 5.622E-02
1.900E-03 1.32E-02 2.77E-06 2.04E-02 1.35E-06 3.58E-04 2.32E-12 1.80E-02 1.04E-11 7.25E-06 5.48E-03 8.91E-05 5.758E-02
1.850E-03 1.35E-02 3.04E-06 2.04E-02 1.37E-06 3.45E-04 2.58E-12 1.84E-02 1.06E-11 9.39E-06 5.59E-03 9.39E-05 5.833E-02
1.830E-03 1.37E-02 3.15E-06 2.03E-02 1.37E-06 3.40E-04 2.70E-12 1.84E-02 1.07E-11 1.01E-05 5.62E-03 9.56E-05 5.849E-02
1.820E-03 1.37E-02 3.20E-06 2.02E-02 1.37E-06 3.38E-04 2.76E-12 1.85E-02 1.07E-11 1.04E-05 5.63E-03 9.64E-05 5.848E-02
1.810E-03 1.38E-02 3.26E-06 2.01E-02 1.37E-06 3.36E-04 2.82E-12 1.84E-02 1.07E-11 1.06E-05 5.63E-03 9.73E-05 5.840E-02
1.800E-03 1.38E-02 3.33E-06 2.00E-02 1.37E-06 3.34E-04 2.89E-12 1.84E-02 1.08E-11 1.06E-05 5.63E-03 9.83E-05 5.833E-02
1.750E-03 1.42E-02 3.65E-06 1.92E-02 1.34E-06 3.24E-04 3.24E-12 1.79E-02 1.08E-11 1.09E-05 5.62E-03 1.03E-04 5.740E-02
1.700E-03 1.44E-02 4.01E-06 1.79E-02 1.28E-06 3.16E-04 3.65E-12 1.70E-02 1.09E-11 1.33E-05 5.52E-03 1.08E-04 5.526E-02
1.670E-03 1.46E-02 4.27E-06 1.67E-02 1.25E-06 3.12E-04 3.92E-12 1.64E-02 1.10E-11 1.57E-05 5.47E-03 1.12E-04 5.368E-02
1.650E-03 1.48E-02 4.46E-06 1.59E-02 1.23E-06 3.10E-04 4.12E-12 1.59E-02 1.11E-11 1.66E-05 5.43E-03 1.15E-04 5.248E-02
1.640E-03 1.49E-02 4.55E-06 1.54E-02 1.22E-06 3.09E-04 4.22E-12 1.56E-02 1.12E-11 1.66E-05 5.40E-03 1.17E-04 5.183E-02
1.630E-03 1.50E-02 4.65E-06 1.49E-02 1.21E-06 3.08E-04 4.33E-12 1.54E-02 1.13E-11 1.62E-05 5.38E-03 1.18E-04 5.115E-02
1.610E-03 1.52E-02 4.84E-06 1.39E-02 1.21E-06 3.07E-04 4.55E-12 1.48E-02 1.16E-11 1.51E-05 5.32E-03 1.22E-04 4.970E-02
1.600E-03 1.53E-02 4.94E-06 1.33E-02 1.21E-06 3.06E-04 4.67E-12 1.46E-02 1.17E-11 1.46E-05 5.29E-03 1.24E-04 4.894E-02
1.590E-03 1.54E-02 5.05E-06 1.28E-02 1.22E-06 3.05E-04 4.79E-12 1.43E-02 1.19E-11 1.43E-05 5.26E-03 1.26E-04 4.819E-02
1.580E-03 1.55E-02 5.15E-06 1.22E-02 1.23E-06 3.05E-04 4.92E-12 1.41E-02 1.21E-11 1.40E-05 5.23E-03 1.29E-04 4.744E-02
1.570E-03 1.55E-02 5.25E-06 1.17E-02 1.26E-06 3.05E-04 5.05E-12 1.38E-02 1.24E-11 1.38E-05 5.20E-03 1.31E-04 4.665E-02
1.560E-03 1.56E-02 5.38E-06 1.11E-02 1.29E-06 3.04E-04 5.18E-12 1.35E-02 1.26E-11 1.35E-05 5.18E-03 1.34E-04 4.594E-02
1.540E-03 1.59E-02 5.61E-06 1.02E-02 1.38E-06 3.04E-04 5.46E-12 1.30E-02 1.32E-11 1.32E-05 5.13E-03 1.40E-04 4.472E-02
1.520E-03 1.60E-02 5.84E-06 9.46E-03 1.51E-06 3.03E-04 5.76E-12 1.26E-02 1.39E-11 1.39E-05 5.07E-03 1.46E-04 4.360E-02
1.510E-03 1.61E-02 5.95E-06 9.19E-03 1.59E-06 3.03E-04 5.92E-12 1.23E-02 1.43E-11 1.43E-05 5.04E-03 1.49E-04 4.315E-02
1.500E-03 1.62E-02 6.07E-06 8.97E-03 1.67E-06 3.03E-04 6.08E-12 1.21E-02 1.48E-11 1.44E-05 5.01E-03 1.53E-04 4.274E-02
1.450E-03 1.65E-02 6.80E-06 8.51E-03 2.16E-06 3.05E-04 6.98E-12 1.12E-02 1.79E-11 1.84E-05 4.90E-03 1.77E-04 4.153E-02
1.440E-03 1.65E-02 6.96E-06 8.50E-03 2.27E-06 3.06E-04 7.18E-12 1.10E-02 1.87E-11 2.04E-05 4.89E-03 1.83E-04 4.146E-02
1.430E-03 1.66E-02 7.12E-06 8.48E-03 2.38E-06 3.06E-04 7.38E-12 1.10E-02 1.97E-11 2.21E-05 4.90E-03 1.91E-04 4.150E-02
1.420E-03 1.67E-02 7.29E-06 8.47E-03 2.49E-06 3.07E-04 7.60E-12 1.09E-02 2.07E-11 2.30E-05 4.90E-03 1.98E-04 4.154E-02
1.400E-03 1.69E-02 7.65E-06 8.47E-03 2.72E-06 3.09E-04 8.05E-12 1.10E-02 2.30E-11 2.51E-05 4.96E-03 2.15E-04 4.189E-02
1.380E-03 1.71E-02 8.02E-06 8.46E-03 2.98E-06 3.11E-04 8.53E-12 1.13E-02 2.57E-11 3.19E-05 5.05E-03 2.34E-04 4.252E-02
1.370E-03 1.72E-02 8.22E-06 8.47E-03 3.12E-06 3.12E-04 8.79E-12 1.16E-02 2.72E-11 3.80E-05 5.13E-03 2.44E-04 4.300E-02
1.360E-03 1.73E-02 8.43E-06 8.47E-03 3.26E-06 3.14E-04 9.05E-12 1.20E-02 2.87E-11 4.42E-05 5.22E-03 2.55E-04 4.357E-02
1.350E-03 1.74E-02 8.65E-06 8.50E-03 3.42E-06 3.15E-04 9.33E-12 1.23E-02 3.03E-11 4.73E-05 5.32E-03 2.67E-04 4.418E-02
1.340E-03 1.76E-02 8.87E-06 8.52E-03 3.58E-06 3.16E-04 9.61E-12 1.27E-02 3.19E-11 5.13E-05 5.43E-03 2.78E-04 4.490E-02
1.330E-03 1.77E-02 9.08E-06 8.56E-03 3.75E-06 3.18E-04 9.91E-12 1.32E-02 3.35E-11 5.95E-05 5.54E-03 2.89E-04 4.564E-02
1.320E-03 1.78E-02 9.31E-06 8.61E-03 3.94E-06 3.20E-04 1.02E-11 1.36E-02 3.52E-11 7.36E-05 5.66E-03 3.01E-04 4.642E-02
1.310E-03 1.79E-02 9.52E-06 8.68E-03 4.13E-06 3.21E-04 1.05E-11 1.41E-02 3.70E-11 9.67E-05 5.78E-03 3.13E-04 4.725E-02
1.290E-03 1.80E-02 9.96E-06 8.87E-03 4.57E-06 3.25E-04 1.12E-11 1.52E-02 4.08E-11 2.00E-04 6.02E-03 3.39E-04 4.896E-02
1.280E-03 1.81E-02 1.02E-05 8.98E-03 4.80E-06 3.27E-04 1.16E-11 1.58E-02 4.28E-11 2.94E-04 6.17E-03 3.53E-04 5.001E-02
1.270E-03 1.82E-02 1.05E-05 9.04E-03 5.05E-06 3.30E-04 1.19E-11 1.64E-02 4.49E-11 3.55E-04 6.33E-03 3.68E-04 5.103E-02
1.260E-03 1.82E-02 1.08E-05 9.15E-03 5.34E-06 3.32E-04 1.23E-11 1.71E-02 4.71E-11 3.06E-04 6.49E-03 3.82E-04 5.202E-02
1.250E-03 1.83E-02 1.10E-05 9.32E-03 5.66E-06 3.34E-04 1.27E-11 1.78E-02 4.92E-11 2.26E-04 6.65E-03 3.96E-04 5.305E-02
1.220E-03 1.87E-02 1.21E-05 1.05E-02 6.97E-06 3.41E-04 1.41E-11 2.00E-02 5.64E-11 1.76E-04 7.17E-03 4.45E-04 5.737E-02
1.210E-03 1.88E-02 1.24E-05 1.15E-02 7.49E-06 3.44E-04 1.45E-11 2.08E-02 5.90E-11 2.03E-04 7.36E-03 4.61E-04 5.950E-02
1.200E-03 1.89E-02 1.27E-05 1.27E-02 8.00E-06 3.46E-04 1.50E-11 2.17E-02 6.18E-11 2.24E-04 7.56E-03 4.77E-04 6.189E-02
1.190E-03 1.90E-02 1.31E-05 1.40E-02 8.46E-06 3.49E-04 1.56E-11 2.27E-02 6.47E-11 2.24E-04 7.78E-03 4.96E-04 6.454E-02
1.180E-03 1.92E-02 1.35E-05 1.53E-02 8.86E-06 3.51E-04 1.61E-11 2.36E-02 6.74E-11 2.23E-04 7.99E-03 5.11E-04 6.721E-02
1.170E-03 1.93E-02 1.38E-05 1.65E-02 9.19E-06 3.54E-04 1.67E-11 2.46E-02 7.03E-11 2.47E-04 8.20E-03 5.28E-04 6.985E-02
1.160E-03 1.95E-02 1.42E-05 1.76E-02 9.48E-06 3.59E-04 1.74E-11 2.56E-02 7.31E-11 3.19E-04 8.40E-03 5.44E-04 7.234E-02
1.150E-03 1.96E-02 1.46E-05 1.86E-02 9.74E-06 5.04E-04 1.72E-11 2.65E-02 7.61E-11 4.66E-04 8.59E-03 5.60E-04 7.489E-02
1.140E-03 1.97E-02 1.50E-05 1.95E-02 9.98E-06 3.74E-04 1.83E-11 2.76E-02 7.94E-11 7.01E-04 8.79E-03 5.77E-04 7.721E-02
1.130E-03 1.97E-02 1.54E-05 2.03E-02 1.02E-05 3.74E-04 1.90E-11 2.87E-02 8.30E-11 8.56E-04 9.00E-03 5.95E-04 7.955E-02
1.120E-03 1.98E-02 1.58E-05 2.10E-02 1.05E-05 3.76E-04 1.98E-11 2.99E-02 8.67E-11 6.89E-04 9.22E-03 6.13E-04 8.163E-02
1.110E-03 1.99E-02 1.63E-05 2.17E-02 1.07E-05 3.79E-04 2.05E-11 3.12E-02 9.05E-11 4.38E-04 9.45E-03 6.31E-04 8.366E-02
1.090E-03 2.00E-02 1.73E-05 2.31E-02 1.12E-05 3.87E-04 2.21E-11 3.38E-02 9.83E-11 1.81E-04 9.89E-03 6.66E-04 8.808E-02
1.050E-03 2.05E-02 1.97E-05 2.56E-02 1.22E-05 4.05E-04 2.57E-11 4.09E-02 1.17E-10 5.95E-05 1.10E-02 7.34E-04 9.916E-02
1.000E-03 2.13E-02 2.34E-05 2.82E-02 1.30E-05 4.32E-04 3.12E-11 4.73E-02 1.25E-10 2.95E-05 1.17E-02 7.56E-04 1.098E-01
9.800E-04 2.17E-02 2.50E-05 2.88E-02 1.30E-05 4.44E-04 3.39E-11 4.97E-02 1.29E-10 2.54E-05 1.19E-02 7.65E-04 1.134E-01
9.600E-04 2.20E-02 2.69E-05 2.88E-02 1.27E-05 4.57E-04 3.68E-11 5.19E-02 1.30E-10 2.34E-05 1.22E-02 7.60E-04 1.162E-01
9.500E-04 2.23E-02 2.79E-05 2.85E-02 1.25E-05 4.64E-04 3.84E-11 5.25E-02 1.27E-10 2.30E-05 1.22E-02 7.47E-04 1.168E-01
9.400E-04 2.24E-02 2.88E-05 2.81E-02 1.23E-05 4.71E-04 4.00E-11 5.23E-02 1.22E-10 2.31E-05 1.21E-02 7.24E-04 1.162E-01
9.200E-04 2.28E-02 3.08E-05 2.67E-02 1.18E-05 4.87E-04 4.36E-11 4.87E-02 1.01E-10 2.47E-05 1.17E-02 6.58E-04 1.112E-01
8.900E-04 2.34E-02 3.45E-05 2.38E-02 1.10E-05 5.12E-04 4.98E-11 3.85E-02 6.48E-11 3.64E-05 1.04E-02 5.64E-04 9.724E-02
8.700E-04 2.36E-02 3.69E-05 2.15E-02 1.08E-05 5.30E-04 5.46E-11 3.21E-02 4.81E-11 8.28E-05 9.54E-03 5.29E-04 8.788E-02
8.600E-04 2.39E-02 3.84E-05 2.04E-02 1.08E-05 5.40E-04 5.71E-11 2.94E-02 4.24E-11 1.25E-04 9.20E-03 5.23E-04 8.414E-02
8.500E-04 2.40E-02 3.98E-05 1.92E-02 1.08E-05 5.50E-04 5.99E-11 2.71E-02 3.78E-11 8.92E-05 8.88E-03 5.18E-04 8.047E-02
8.400E-04 2.42E-02 4.16E-05 1.80E-02 1.08E-05 5.60E-04 6.28E-11 2.48E-02 3.31E-11 6.36E-05 8.57E-03 5.14E-04 7.672E-02
8.200E-04 2.45E-02 4.44E-05 1.49E-02 1.11E-05 5.82E-04 6.91E-11 1.91E-02 2.38E-11 6.47E-05 7.73E-03 4.99E-04 6.752E-02
8.000E-04 2.49E-02 4.82E-05 1.21E-02 1.22E-05 6.05E-04 7.63E-11 1.31E-02 1.83E-11 9.52E-05 6.83E-03 5.12E-04 5.809E-02
7.900E-04 2.51E-02 5.03E-05 1.09E-02 1.31E-05 6.17E-04 8.02E-11 1.10E-02 1.97E-11 1.19E-04 6.55E-03 5.43E-04 5.494E-02
7.800E-04 2.53E-02 5.22E-05 1.00E-02 1.42E-05 6.29E-04 8.44E-11 8.93E-03 2.23E-11 1.43E-04 6.23E-03 5.76E-04 5.188E-02
7.700E-04 2.54E-02 5.42E-05 9.24E-03 1.54E-05 6.42E-04 8.88E-11 7.35E-03 2.66E-11 1.53E-04 5.98E-03 6.19E-04 4.941E-02
7.600E-04 2.54E-02 5.64E-05 8.56E-03 1.66E-05 6.55E-04 9.36E-11 6.24E-03 3.25E-11 1.42E-04 5.82E-03 6.71E-04 4.759E-02
7.500E-04 2.55E-02 5.88E-05 7.97E-03 1.81E-05 6.69E-04 9.86E-11 5.24E-03 3.95E-11 1.17E-04 5.67E-03 7.29E-04 4.595E-02
7.300E-04 2.58E-02 6.45E-05 7.04E-03 2.13E-05 6.98E-04 1.10E-10 4.39E-03 5.63E-11 7.21E-05 5.60E-03 8.66E-04 4.457E-02
7.200E-04 2.59E-02 6.72E-05 6.75E-03 2.32E-05 7.14E-04 1.16E-10 4.24E-03 6.51E-11 5.97E-05 5.60E-03 9.32E-04 4.431E-02
7.100E-04 2.60E-02 7.03E-05 6.57E-03 2.51E-05 7.30E-04 1.23E-10 4.12E-03 7.49E-11 5.83E-05 5.60E-03 1.01E-03 4.414E-02
7.000E-04 2.63E-02 7.39E-05 6.39E-03 2.70E-05 7.46E-04 1.30E-10 4.08E-03 8.48E-11 8.18E-05 5.65E-03 1.08E-03 4.438E-02
6.900E-04 2.64E-02 7.67E-05 6.13E-03 2.90E-05 7.64E-04 1.37E-10 4.05E-03 9.56E-11 4.69E-05 5.67E-03 1.16E-03 4.433E-02
6.800E-04 2.60E-02 7.97E-05 5.81E-03 3.12E-05 7.82E-04 1.46E-10 4.05E-03 1.06E-10 3.58E-05 5.62E-03 1.23E-03 4.367E-02
6.600E-04 2.61E-02 8.97E-05 5.22E-03 3.63E-05 8.21E-04 1.64E-10 4.05E-03 1.31E-10 3.39E-05 5.71E-03 1.43E-03 4.354E-02
6.400E-04 2.69E-02 1.01E-04 4.52E-03 4.22E-05 8.62E-04 1.85E-10 4.04E-03 1.58E-10 5.29E-05 5.89E-03 1.64E-03 4.404E-02
6.300E-04 2.75E-02 1.07E-04 4.22E-03 4.58E-05 8.72E-04 1.98E-10 4.03E-03 1.74E-10 8.44E-05 6.00E-03 1.74E-03 4.457E-02
6.200E-04 2.76E-02 1.12E-04 4.14E-03 4.98E-05 9.09E-04 2.10E-10 4.01E-03 1.91E-10 1.16E-04 6.04E-03 1.85E-03 4.487E-02
6.100E-04 2.79E-02 1.19E-04 4.12E-03 5.37E-05 9.33E-04 2.24E-10 3.98E-03 2.08E-10 8.29E-05 6.11E-03 1.97E-03 4.528E-02
5.900E-04 2.91E-02 1.34E-04 3.38E-03 6.25E-05 9.85E-04 2.56E-10 3.93E-03 2.50E-10 3.50E-05 6.33E-03 2.22E-03 4.616E-02
5.500E-04 2.82E-02 1.62E-04 2.50E-03 8.79E-05 1.10E-03 3.38E-10 3.87E-03 3.58E-10 2.81E-05 6.25E-03 2.80E-03 4.498E-02
5.300E-04 2.84E-02 1.86E-04 2.23E-03 1.05E-04 1.17E-03 3.92E-10 3.88E-03 4.29E-10 4.69E-05 6.40E-03 3.21E-03 4.564E-02
5.200E-04 2.85E-02 1.99E-04 2.10E-03 1.14E-04 1.21E-03 4.22E-10 3.89E-03 4.70E-10 7.69E-05 6.46E-03 3.43E-03 4.593E-02
5.100E-04 2.87E-02 2.14E-04 1.96E-03 1.25E-04 1.25E-03 4.56E-10 3.90E-03 5.15E-10 1.08E-04 6.57E-03 3.67E-03 4.652E-02
5.000E-04 2.90E-02 2.31E-04 1.81E-03 1.38E-04 1.29E-03 4.93E-10 3.93E-03 5.66E-10 7.62E-05 6.69E-03 3.91E-03 4.711E-02
4.800E-04 2.94E-02 2.67E-04 1.61E-03 1.66E-04 1.37E-03 5.79E-10 3.99E-03 6.83E-10 3.23E-05 6.89E-03 4.46E-03 4.822E-02
4.500E-04 3.05E-02 3.34E-04 1.35E-03 2.21E-04 1.52E-03 7.47E-10 4.14E-03 9.13E-10 2.27E-05 7.29E-03 5.40E-03 5.075E-02
4.000E-04 3.17E-02 5.12E-04 9.93E-04 3.68E-04 1.83E-03 1.19E-09 4.45E-03 1.53E-09 2.44E-05 7.96E-03 7.60E-03 5.542E-02
3.800E-04 3.24E-02 6.20E-04 8.75E-04 4.59E-04 1.99E-03 1.46E-09 4.59E-03 1.90E-09 2.74E-05 8.28E-03 8.71E-03 5.793E-02
3.600E-04 3.31E-02 7.58E-04 7.68E-04 5.77E-04 2.16E-03 1.80E-09 4.74E-03 2.39E-09 3.43E-05 8.61E-03 9.98E-03 6.076E-02
3.400E-04 3.48E-02 9.32E-04 6.75E-04 7.34E-04 2.37E-03 2.26E-09 4.91E-03 3.03E-09 7.94E-05 9.07E-03 1.13E-02 6.484E-02
3.300E-04 3.47E-02 1.03E-03 6.32E-04 8.32E-04 2.48E-03 2.54E-09 5.00E-03 3.43E-09 2.26E-04 9.15E-03 1.21E-02 6.616E-02
3.200E-04 3.49E-02 1.16E-03 5.88E-04 9.46E-04 2.61E-03 2.87E-09 5.08E-03 3.90E-09 8.08E-05 9.30E-03 1.30E-02 6.759E-02
3.150E-04 3.52E-02 1.23E-03 5.69E-04 1.01E-03 2.67E-03 3.05E-09 5.12E-03 4.16E-09 5.84E-05 9.42E-03 1.34E-02 6.868E-02
3.100E-04 3.55E-02 1.31E-03 5.50E-04 1.08E-03 2.74E-03 3.25E-09 5.16E-03 4.45E-09 4.95E-05 9.54E-03 1.39E-02 6.984E-02
3.080E-04 3.57E-02 1.34E-03 5.42E-04 1.11E-03 2.77E-03 3.33E-09 5.18E-03 4.57E-09 4.76E-05 9.58E-03 1.41E-02 7.028E-02
3.050E-04 3.58E-02 1.39E-03 5.30E-04 1.16E-03 2.81E-03 3.46E-09 5.21E-03 4.75E-09 4.57E-05 9.64E-03 1.43E-02 7.090E-02
3.000E-04 3.60E-02 1.48E-03 5.13E-04 1.24E-03 2.88E-03 3.69E-09 5.27E-03 5.09E-09 4.41E-05 9.74E-03 1.48E-02 7.202E-02
2.900E-04 3.68E-02 1.67E-03 4.78E-04 1.42E-03 3.04E-03 4.22E-09 5.38E-03 5.85E-09 4.39E-05 9.99E-03 1.58E-02 7.465E-02
2.800E-04 3.70E-02 1.90E-03 4.46E-04 1.65E-03 3.21E-03 4.84E-09 5.50E-03 6.76E-09 4.56E-05 1.02E-02 1.70E-02 7.691E-02
2.600E-04 3.81E-02 2.52E-03 3.86E-04 2.24E-03 3.60E-03 6.48E-09 5.77E-03 9.15E-09 5.18E-05 1.06E-02 1.95E-02 8.272E-02
2.500E-04 3.89E-02 2.94E-03 3.59E-04 2.63E-03 3.83E-03 7.55E-09 5.92E-03 1.07E-08 5.61E-05 1.09E-02 2.08E-02 8.632E-02
2.200E-04 4.25E-02 4.81E-03 2.88E-04 4.43E-03 4.65E-03 1.25E-08 6.49E-03 1.80E-08 7.45E-05 1.19E-02 2.51E-02 1.002E-01
2.159E-04 4.30E-02 5.16E-03 2.79E-04 4.78E-03 4.79E-03 1.34E-08 6.58E-03 1.95E-08 7.79E-05 1.21E-02 2.57E-02 1.024E-01
2.000E-04 4.55E-02 6.93E-03 2.51E-04 6.52E-03 5.39E-03 1.81E-08 6.96E-03 2.65E-08 9.39E-05 1.27E-02 2.81E-02 1.125E-01
1.662E-04 5.27E-02 1.38E-02 2.00E-04 1.36E-02 7.16E-03 3.74E-08 8.07E-03 5.59E-08 1.53E-04 1.42E-02 3.32E-02 1.431E-01
1.650E-04 5.30E-02 1.41E-02 1.98E-04 1.40E-02 7.24E-03 3.85E-08 8.12E-03 5.75E-08 1.56E-04 1.43E-02 3.34E-02 1.445E-01
1.250E-04 7.04E-02 3.70E-02 1.81E-04 3.97E-02 1.11E-02 1.14E-07 1.03E-02 1.75E-07 3.42E-04 1.68E-02 3.76E-02 2.235E-01
1.235E-04 7.15E-02 3.85E-02 1.80E-04 4.14E-02 1.14E-02 1.19E-07 1.04E-02 1.84E-07 3.54E-04 1.69E-02 3.77E-02 2.283E-01
1.130E-04 8.02E-02 5.07E-02 1.88E-04 5.62E-02 1.30E-02 1.69E-07 1.13E-02 2.62E-07 4.55E-04 1.77E-02 3.83E-02 2.681E-01
1.000E-04 9.59E-02 7.25E-02 2.13E-04 8.42E-02 1.59E-02 2.73E-07 1.27E-02 4.27E-07 6.37E-04 1.89E-02 3.85E-02 3.394E-01
9.500E-05 1.04E-01 8.30E-02 2.17E-04 9.96E-02 1.73E-02 3.33E-07 1.33E-02 5.25E-07 7.30E-04 1.94E-02 3.83E-02 3.755E-01
9.300E-05 1.07E-01 8.76E-02 2.20E-04 1.07E-01 1.79E-02 3.62E-07 1.36E-02 5.71E-07 7.73E-04 1.96E-02 3.83E-02 3.916E-01
9.200E-05 1.08E-01 8.99E-02 2.26E-04 1.11E-01 1.82E-02 3.77E-07 1.37E-02 5.97E-07 7.95E-04 1.97E-02 3.82E-02 4.000E-01
9.100E-05 1.10E-01 9.23E-02 2.26E-04 1.15E-01 1.85E-02 3.94E-07 1.39E-02 6.23E-07 8.18E-04 1.98E-02 3.82E-02 4.087E-01
9.000E-05 1.12E-01 9.48E-02 2.33E-04 1.19E-01 1.89E-02 4.11E-07 1.40E-02 6.51E-07 8.42E-04 1.98E-02 3.81E-02 4.176E-01
8.900E-05 1.13E-01 9.73E-02 2.38E-04 1.24E-01 1.92E-02 4.29E-07 1.42E-02 6.81E-07 8.67E-04 1.99E-02 3.81E-02 4.268E-01
8.800E-05 1.15E-01 9.99E-02 2.41E-04 1.28E-01 1.95E-02 4.48E-07 1.43E-02 7.13E-07 8.93E-04 2.00E-02 3.80E-02 4.363E-01
8.700E-05 1.17E-01 1.03E-01 2.45E-04 1.33E-01 1.99E-02 4.69E-07 1.45E-02 7.46E-07 9.19E-04 2.01E-02 3.79E-02 4.462E-01
8.600E-05 1.18E-01 1.05E-01 2.52E-04 1.38E-01 2.03E-02 4.90E-07 1.46E-02 7.81E-07 9.47E-04 2.02E-02 3.79E-02 4.563E-01
8.500E-05 1.20E-01 1.08E-01 2.54E-04 1.44E-01 2.07E-02 5.13E-07 1.48E-02 8.19E-07 9.76E-04 2.03E-02 3.78E-02 4.668E-01
8.400E-05 1.22E-01 1.11E-01 2.60E-04 1.49E-01 2.10E-02 5.37E-07 1.50E-02 8.58E-07 1.01E-03 2.04E-02 3.77E-02 4.778E-01
8.330E-05 1.23E-01 1.13E-01 2.63E-04 1.53E-01 2.13E-02 5.54E-07 1.51E-02 8.88E-07 1.03E-03 2.04E-02 3.77E-02 4.857E-01
8.200E-05 1.26E-01 1.17E-01 2.70E-04 1.61E-01 2.18E-02 5.89E-07 1.53E-02 9.45E-07 1.07E-03 2.05E-02 3.75E-02 5.009E-01
8.100E-05 1.28E-01 1.20E-01 2.75E-04 1.68E-01 2.23E-02 6.18E-07 1.55E-02 9.93E-07 1.10E-03 2.06E-02 3.74E-02 5.130E-01
8.000E-05 1.30E-01 1.23E-01 2.81E-04 1.74E-01 2.27E-02 6.48E-07 1.57E-02 1.04E-06 1.14E-03 2.07E-02 3.73E-02 5.257E-01
7.900E-05 1.32E-01 1.27E-01 2.85E-04 1.81E-01 2.32E-02 6.81E-07 1.59E-02 1.10E-06 1.17E-03 2.09E-02 3.72E-02 5.388E-01
7.800E-05 1.35E-01 1.30E-01 2.93E-04 1.88E-01 2.36E-02 7.15E-07 1.60E-02 1.16E-06 1.21E-03 2.10E-02 3.70E-02 5.523E-01
7.700E-05 1.38E-01 1.33E-01 2.94E-04 1.96E-01 2.41E-02 7.52E-07 1.62E-02 1.22E-06 1.25E-03 2.11E-02 3.69E-02 5.662E-01
7.600E-05 1.40E-01 1.37E-01 3.08E-04 2.03E-01 2.46E-02 7.91E-07 1.64E-02 1.28E-06 1.29E-03 2.12E-02 3.67E-02 5.807E-01
7.500E-05 1.43E-01 1.40E-01 3.19E-04 2.11E-01 2.51E-02 8.32E-07 1.66E-02 1.35E-06 1.33E-03 2.13E-02 3.65E-02 5.955E-01
7.400E-05 1.46E-01 1.44E-01 3.34E-04 2.19E-01 2.56E-02 8.77E-07 1.69E-02 1.43E-06 1.38E-03 2.15E-02 3.63E-02 6.108E-01
7.300E-05 1.49E-01 1.47E-01 3.43E-04 2.28E-01 2.61E-02 9.24E-07 1.71E-02 1.51E-06 1.42E-03 2.16E-02 3.60E-02 6.265E-01
7.140E-05 1.55E-01 1.53E-01 3.57E-04 2.42E-01 2.70E-02 1.01E-06 1.74E-02 1.65E-06 1.50E-03 2.18E-02 3.57E-02 6.526E-01
7.100E-05 1.56E-01 1.54E-01 3.60E-04 2.45E-01 2.72E-02 1.03E-06 1.75E-02 1.69E-06 1.52E-03 2.18E-02 3.56E-02 6.593E-01
7.000E-05 1.59E-01 1.58E-01 3.69E-04 2.55E-01 2.78E-02 1.09E-06 1.78E-02 1.78E-06 1.58E-03 2.20E-02 3.53E-02 6.764E-01
6.900E-05 1.63E-01 1.61E-01 3.78E-04 2.64E-01 2.84E-02 1.15E-06 1.80E-02 1.89E-06 1.63E-03 2.21E-02 3.50E-02 6.940E-01
6.800E-05 1.67E-01 1.65E-01 3.96E-04 2.74E-01 2.91E-02 1.22E-06 1.82E-02 2.00E-06 1.69E-03 2.22E-02 3.48E-02 7.122E-01
6.700E-05 1.70E-01 1.68E-01 4.13E-04 2.85E-01 2.97E-02 1.29E-06 1.85E-02 2.13E-06 1.75E-03 2.23E-02 3.45E-02 7.310E-01
6.600E-05 1.74E-01 1.72E-01 4.29E-04 2.96E-01 3.04E-02 1.37E-06 1.88E-02 2.26E-06 1.81E-03 2.24E-02 3.42E-02 7.503E-01
6.500E-05 1.78E-01 1.76E-01 4.40E-04 3.08E-01 3.11E-02 1.45E-06 1.90E-02 2.40E-06 1.88E-03 2.25E-02 3.39E-02 7.705E-01
6.400E-05 1.82E-01 1.80E-01 4.51E-04 3.20E-01 3.18E-02 1.54E-06 1.93E-02 2.56E-06 1.95E-03 2.27E-02 3.35E-02 7.913E-01
6.300E-05 1.87E-01 1.83E-01 4.63E-04 3.32E-01 3.26E-02 1.64E-06 1.96E-02 2.73E-06 2.03E-03 2.28E-02 3.32E-02 8.129E-01
6.250E-05 1.89E-01 1.85E-01 4.72E-04 3.39E-01 3.30E-02 1.69E-06 1.98E-02 2.82E-06 2.06E-03 2.28E-02 3.30E-02 8.240E-01
6.200E-05 1.91E-01 1.87E-01 4.83E-04 3.45E-01 3.34E-02 1.74E-06 1.99E-02 2.91E-06 2.10E-03 2.29E-02 3.28E-02 8.353E-01
6.100E-05 1.96E-01 1.91E-01 5.04E-04 3.59E-01 3.42E-02 1.86E-06 2.02E-02 3.11E-06 2.19E-03 2.30E-02 3.24E-02 8.585E-01
6.000E-05 2.01E-01 1.94E-01 5.31E-04 3.74E-01 3.50E-02 1.98E-06 2.05E-02 3.32E-06 2.27E-03 2.31E-02 3.20E-02 8.824E-01
5.900E-05 2.07E-01 1.97E-01 5.54E-04 3.89E-01 3.59E-02 2.12E-06 2.09E-02 3.55E-06 2.37E-03 2.33E-02 3.16E-02 9.072E-01
5.800E-05 2.12E-01 2.01E-01 5.81E-04 4.04E-01 3.68E-02 2.27E-06 2.12E-02 3.81E-06 2.46E-03 2.34E-02 3.12E-02 9.328E-01
5.700E-05 2.18E-01 2.04E-01 6.08E-04 4.21E-01 3.77E-02 2.43E-06 2.16E-02 4.08E-06 2.57E-03 2.35E-02 3.08E-02 9.591E-01
5.600E-05 2.24E-01 2.06E-01 6.35E-04 4.38E-01 3.87E-02 2.60E-06 2.19E-02 4.38E-06 2.68E-03 2.36E-02 3.03E-02 9.861E-01
5.500E-05 2.31E-01 2.09E-01 6.61E-04 4.55E-01 3.96E-02 2.79E-06 2.23E-02 4.71E-06 2.79E-03 2.37E-02 2.99E-02 1.014E+00
5.477E-05 2.32E-01 2.10E-01 6.67E-04 4.59E-01 3.99E-02 2.84E-06 2.24E-02 4.80E-06 3.75E-03 2.38E-02 2.98E-02 1.021E+00
5.400E-05 2.37E-01 2.11E-01 6.90E-04 4.73E-01 4.08E-02 3.01E-06 2.27E-02 5.08E-06 3.90E-03 2.38E-02 2.95E-02 1.044E+00
5.300E-05 2.44E-01 2.14E-01 7.25E-04 4.92E-01 4.21E-02 3.24E-06 2.31E-02 5.48E-06 4.10E-03 2.39E-02 2.91E-02 1.073E+00
5.200E-05 2.51E-01 2.16E-01 7.70E-04 5.12E-01 4.34E-02 3.50E-06 2.35E-02 5.92E-06 4.33E-03 2.40E-02 2.86E-02 1.103E+00
5.100E-05 2.58E-01 2.18E-01 8.14E-04 5.32E-01 4.47E-02 3.79E-06 2.40E-02 6.41E-06 4.57E-03 2.41E-02 2.82E-02 1.134E+00
5.000E-05 2.65E-01 2.19E-01 8.60E-04 5.54E-01 4.61E-02 4.10E-06 2.44E-02 6.95E-06 4.84E-03 2.42E-02 2.78E-02 1.166E+00
4.900E-05 2.72E-01 2.21E-01 9.10E-04 5.76E-01 4.75E-02 4.45E-06 2.49E-02 7.54E-06 5.13E-03 2.42E-02 2.74E-02 1.199E+00
4.880E-05 2.74E-01 2.21E-01 9.22E-04 5.80E-01 4.78E-02 4.52E-06 2.50E-02 7.67E-06 5.20E-03 2.42E-02 2.73E-02 1.206E+00
4.800E-05 2.80E-01 2.22E-01 9.56E-04 5.99E-01 4.92E-02 4.84E-06 2.54E-02 8.20E-06 5.46E-03 2.43E-02 2.70E-02 1.233E+00
4.760E-05 2.83E-01 2.23E-01 9.79E-04 6.08E-01 5.00E-02 5.01E-06 2.56E-02 8.49E-06 5.60E-03 2.43E-02 2.69E-02 1.247E+00
4.700E-05 2.87E-01 2.24E-01 1.02E-03 6.22E-01 5.12E-02 5.27E-06 2.59E-02 8.94E-06 5.82E-03 2.43E-02 2.67E-02 1.268E+00
4.650E-05 2.91E-01 2.24E-01 1.05E-03 6.34E-01 5.22E-02 5.51E-06 2.61E-02 9.34E-06 6.01E-03 2.43E-02 2.65E-02 1.286E+00
4.600E-05 2.94E-01 2.25E-01 1.08E-03 6.47E-01 5.32E-02 5.76E-06 2.64E-02 9.76E-06 6.21E-03 2.43E-02 2.63E-02 1.304E+00
4.550E-05 2.98E-01 2.26E-01 1.13E-03 6.59E-01 5.42E-02 6.03E-06 2.67E-02 1.02E-05 6.43E-03 2.43E-02 2.61E-02 1.322E+00
4.500E-05 3.02E-01 2.26E-01 1.19E-03 6.72E-01 5.53E-02 6.31E-06 2.70E-02 1.07E-05 6.66E-03 2.44E-02 2.60E-02 1.340E+00
4.440E-05 3.07E-01 2.27E-01 1.24E-03 6.87E-01 5.66E-02 6.66E-06 2.73E-02 1.13E-05 6.95E-03 2.44E-02 2.58E-02 1.363E+00
4.350E-05 3.13E-01 2.28E-01 1.36E-03 7.11E-01 5.88E-02 7.25E-06 2.78E-02 1.23E-05 7.43E-03 2.43E-02 2.55E-02 1.397E+00
4.170E-05 3.27E-01 2.30E-01 1.65E-03 7.60E-01 6.38E-02 8.63E-06 2.89E-02 1.46E-05 8.57E-03 2.43E-02 2.50E-02 1.469E+00
4.000E-05 3.41E-01 2.31E-01 2.19E-03 8.09E-01 6.90E-02 1.02E-05 3.01E-02 1.73E-05 9.94E-03 2.42E-02 2.46E-02 1.541E+00
3.850E-05 3.52E-01 2.33E-01 2.91E-03 8.52E-01 7.39E-02 1.20E-05 3.11E-02 2.03E-05 1.15E-02 2.41E-02 2.42E-02 1.605E+00
3.656E-05 3.68E-01 2.34E-01 4.28E-03 9.08E-01 8.09E-02 1.50E-05 3.26E-02 2.52E-05 1.41E-02 2.40E-02 2.39E-02 1.690E+00
3.570E-05 3.74E-01 2.35E-01 5.00E-03 9.33E-01 8.42E-02 1.66E-05 3.33E-02 2.78E-05 1.57E-02 2.39E-02 2.38E-02 1.728E+00
3.330E-05 3.93E-01 2.37E-01 7.49E-03 1.00E+00 9.57E-02 2.27E-05 3.53E-02 3.73E-05 2.18E-02 2.36E-02 2.35E-02 1.839E+00
3.130E-05 4.08E-01 2.38E-01 9.97E-03 1.06E+00 1.10E-01 3.06E-05 3.72E-02 4.85E-05 3.06E-02 2.34E-02 2.33E-02 1.936E+00
3.000E-05 4.18E-01 2.39E-01 1.19E-02 1.09E+00 1.23E-01 3.80E-05 3.85E-02 5.82E-05 4.00E-02 2.32E-02 2.31E-02 2.005E+00
2.940E-05 4.22E-01 2.39E-01 1.29E-02 1.10E+00 1.29E-01 4.21E-05 3.91E-02 6.35E-05 4.61E-02 2.32E-02 2.31E-02 2.038E+00
2.780E-05 4.33E-01 2.40E-01 1.59E-02 1.14E+00 1.51E-01 5.78E-05 4.08E-02 8.10E-05 7.20E-02 2.29E-02 2.30E-02 2.139E+00
2.630E-05 4.41E-01 2.40E-01 1.88E-02 1.18E+00 1.85E-01 8.21E-05 4.24E-02 1.04E-04 1.25E-01 2.27E-02 2.29E-02 2.274E+00
2.500E-05 4.48E-01 2.41E-01 2.23E-02 1.21E+00 2.31E-01 1.20E-04 4.38E-02 1.30E-04 2.39E-01 2.25E-02 2.29E-02 2.478E+00
2.380E-05 4.55E-01 2.42E-01 2.67E-02 1.24E+00 3.18E-01 1.83E-04 4.39E-02 1.63E-04 5.04E-01 2.23E-02 2.29E-02 2.877E+00
2.270E-05 4.60E-01 2.42E-01 3.26E-02 1.28E+00 4.59E-01 2.68E-04 4.56E-02 2.05E-04 7.78E-01 2.21E-02 2.28E-02 3.344E+00
2.170E-05 4.63E-01 2.43E-01 4.07E-02 1.32E+00 6.22E-01 3.48E-04 5.13E-02 2.57E-04 5.22E-01 2.19E-02 2.28E-02 3.310E+00
2.080E-05 4.66E-01 2.44E-01 5.54E-02 1.37E+00 6.45E-01 3.23E-04 6.41E-02 3.19E-04 2.75E-01 2.18E-02 2.28E-02 3.164E+00
2.000E-05 4.67E-01 2.44E-01 1.95E-01 1.29E+00 5.59E-01 2.53E-04 8.15E-02 3.91E-04 1.63E-01 2.16E-02 2.28E-02 3.040E+00
1.920E-05 4.67E-01 2.45E-01 3.74E-01 1.16E+00 4.34E-01 1.74E-04 1.12E-01 4.86E-04 1.05E-01 2.14E-02 2.29E-02 2.938E+00
1.850E-05 4.70E-01 2.50E-01 4.89E-01 1.08E+00 3.40E-01 1.23E-04 1.50E-01 5.95E-04 7.64E-02 2.12E-02 2.29E-02 2.905E+00
1.790E-05 4.74E-01 2.53E-01 6.35E-01 9.78E-01 2.77E-01 9.38E-05 1.91E-01 7.13E-04 6.07E-02 2.10E-02 2.29E-02 2.914E+00
1.720E-05 4.79E-01 2.56E-01 7.53E-01 9.03E-01 2.22E-01 7.46E-05 2.66E-01 8.93E-04 4.87E-02 2.08E-02 2.30E-02 2.972E+00
1.670E-05 4.82E-01 2.59E-01 8.15E-01 8.70E-01 1.90E-01 6.79E-05 3.35E-01 1.06E-03 4.30E-02 2.06E-02 2.30E-02 3.038E+00
1.610E-05 4.88E-01 2.63E-01 8.79E-01 8.39E-01 1.60E-01 6.90E-05 4.56E-01 1.30E-03 3.84E-02 2.04E-02 2.31E-02 3.169E+00
1.560E-05 4.93E-01 2.66E-01 9.26E-01 8.20E-01 1.41E-01 7.79E-05 5.95E-01 1.56E-03 3.60E-02 2.02E-02 2.31E-02 3.322E+00
1.520E-05 4.97E-01 2.68E-01 9.60E-01 8.07E-01 1.28E-01 9.05E-05 7.44E-01 1.79E-03 3.50E-02 2.01E-02 2.32E-02 3.485E+00
1.470E-05 5.02E-01 2.71E-01 9.95E-01 7.92E-01 1.13E-01 1.14E-04 9.58E-01 2.12E-03 3.46E-02 1.99E-02 2.32E-02 3.712E+00
1.430E-05 5.06E-01 2.73E-01 1.02E+00 7.82E-01 1.06E-01 1.43E-04 1.14E+00 2.38E-03 3.52E-02 1.98E-02 2.32E-02 3.908E+00
1.390E-05 5.09E-01 2.74E-01 1.03E+00 7.73E-01 1.03E-01 1.82E-04 1.28E+00 2.63E-03 3.66E-02 1.97E-02 2.32E-02 4.060E+00
1.350E-05 5.11E-01 2.74E-01 1.05E+00 7.64E-01 1.03E-01 2.33E-04 1.42E+00 2.95E-03 3.88E-02 1.96E-02 2.31E-02 4.204E+00
1.320E-05 5.12E-01 2.75E-01 1.06E+00 7.56E-01 1.05E-01 2.83E-04 1.52E+00 3.23E-03 4.12E-02 1.96E-02 2.31E-02 4.316E+00
1.280E-05 5.14E-01 2.77E-01 1.06E+00 7.48E-01 1.12E-01 3.71E-04 1.68E+00 3.67E-03 4.57E-02 1.95E-02 2.31E-02 4.482E+00
1.250E-05 5.15E-01 2.78E-01 1.06E+00 7.47E-01 1.21E-01 4.57E-04 1.80E+00 4.07E-03 5.02E-02 1.94E-02 2.30E-02 4.621E+00
1.220E-05 5.17E-01 2.79E-01 1.06E+00 7.48E-01 1.35E-01 5.66E-04 1.94E+00 4.54E-03 5.60E-02 1.93E-02 2.30E-02 4.785E+00
1.190E-05 5.17E-01 2.80E-01 1.07E+00 7.59E-01 1.54E-01 7.03E-04 2.09E+00 5.09E-03 6.35E-02 1.92E-02 2.30E-02 4.988E+00
1.160E-05 5.17E-01 2.80E-01 1.08E+00 7.69E-01 1.75E-01 8.75E-04 2.26E+00 5.73E-03 7.32E-02 1.91E-02 2.30E-02 5.212E+00
1.140E-05 5.16E-01 2.80E-01 1.09E+00 7.71E-01 1.93E-01 1.03E-03 2.39E+00 6.24E-03 8.14E-02 1.91E-02 2.30E-02 5.376E+00
1.110E-05 5.15E-01 2.80E-01 1.10E+00 7.77E-01 2.21E-01 1.35E-03 2.60E+00 7.12E-03 9.71E-02 1.90E-02 2.30E-02 5.646E+00
1.080E-05 5.12E-01 2.80E-01 1.11E+00 7.81E-01 2.98E-01 1.79E-03 2.86E+00 8.20E-03 1.18E-01 1.89E-02 2.30E-02 6.012E+00
1.050E-05 5.09E-01 2.79E-01 1.12E+00 7.87E-01 3.98E-01 2.33E-03 3.17E+00 9.60E-03 1.47E-01 1.87E-02 2.31E-02 6.468E+00
1.030E-05 5.07E-01 2.79E-01 1.13E+00 7.90E-01 4.75E-01 2.66E-03 3.47E+00 1.07E-02 1.71E-01 1.86E-02 2.31E-02 6.873E+00
1.000E-05 5.02E-01 2.77E-01 1.14E+00 7.96E-01 5.82E-01 3.25E-03 3.89E+00 1.23E-02 2.17E-01 1.85E-02 2.31E-02 7.461E+00
9.750E-06 4.98E-01 2.76E-01 1.15E+00 8.01E-01 7.07E-01 4.03E-03 4.23E+00 1.37E-02 2.63E-01 1.84E-02 2.30E-02 7.980E+00
9.500E-06 4.93E-01 2.75E-01 1.15E+00 8.06E-01 8.51E-01 4.78E-03 4.59E+00 1.52E-02 3.10E-01 1.84E-02 2.30E-02 8.544E+00
9.250E-06 4.88E-01 2.74E-01 1.16E+00 8.11E-01 9.61E-01 5.33E-03 4.97E+00 1.67E-02 3.45E-01 1.83E-02 2.29E-02 9.065E+00
9.080E-06 4.84E-01 2.73E-01 1.16E+00 8.14E-01 1.03E+00 5.73E-03 5.18E+00 1.75E-02 3.53E-01 1.83E-02 2.29E-02 9.355E+00
