 # Optical depth (Siebenmorgen 2023, A&A 670A,115; SC 2023 doi: 10.48550/arXiv.2311.03310)
 # wel(cm) sa_aC    ss_aC    sa_Si    ss_Si    sa_vgr   ss_vgr   sa_vsi   ss_vsi   s_pahS+B sa_Dark  ss_Dark sigt 
 # ------------------------------------------------------------------------------------------------------------- 
1.000E+00 1.50E-07 6.36E-17 3.33E-07 4.91E-17 5.93E-09 4.20E-23 1.45E-07 1.84E-22 9.52E-12 1.23E-07 2.92E-16 7.576E-07
9.000E-01 1.76E-07 9.69E-17 3.93E-07 7.49E-17 7.56E-09 6.40E-23 1.73E-07 2.80E-22 1.17E-11 1.43E-07 4.44E-16 8.928E-07
8.000E-01 2.10E-07 1.55E-16 4.74E-07 1.20E-16 9.87E-09 1.03E-22 2.10E-07 4.48E-22 1.49E-11 1.70E-07 7.11E-16 1.074E-06
7.000E-01 2.58E-07 2.65E-16 5.85E-07 2.05E-16 1.32E-08 1.75E-22 2.59E-07 7.64E-22 1.94E-11 2.06E-07 1.21E-15 1.321E-06
6.000E-01 3.26E-07 4.90E-16 7.48E-07 3.79E-16 1.84E-08 3.24E-22 3.32E-07 1.41E-21 2.64E-11 2.59E-07 2.24E-15 1.683E-06
5.500E-01 3.73E-07 6.94E-16 8.59E-07 5.37E-16 2.20E-08 4.59E-22 3.83E-07 2.00E-21 3.15E-11 2.94E-07 3.17E-15 1.931E-06
5.000E-01 4.32E-07 1.02E-15 1.00E-06 7.86E-16 2.67E-08 6.72E-22 4.44E-07 2.93E-21 3.81E-11 3.38E-07 4.64E-15 2.241E-06
4.500E-01 5.09E-07 1.55E-15 1.18E-06 1.20E-15 3.28E-08 1.02E-21 5.29E-07 4.47E-21 4.70E-11 3.95E-07 7.06E-15 2.650E-06
4.000E-01 6.12E-07 2.48E-15 1.43E-06 1.92E-15 4.11E-08 1.64E-21 6.36E-07 7.16E-21 5.95E-11 4.70E-07 1.13E-14 3.190E-06
3.500E-01 7.55E-07 4.23E-15 1.77E-06 3.27E-15 5.27E-08 2.80E-21 7.97E-07 1.22E-20 7.77E-11 5.74E-07 1.93E-14 3.952E-06
3.000E-01 9.64E-07 7.83E-15 2.27E-06 6.07E-15 6.94E-08 5.19E-21 1.01E-06 2.26E-20 1.06E-10 7.24E-07 3.56E-14 5.044E-06
2.500E-01 1.29E-06 1.62E-14 3.06E-06 1.26E-14 9.47E-08 1.08E-20 1.36E-06 4.68E-20 1.52E-10 9.54E-07 7.37E-14 6.756E-06
2.098E-01 1.72E-06 3.27E-14 4.06E-06 2.54E-14 1.26E-07 2.17E-20 1.81E-06 9.44E-20 2.16E-10 1.25E-06 1.48E-13 8.960E-06
1.500E-01 2.99E-06 1.25E-13 7.03E-06 9.71E-14 2.40E-07 8.30E-20 3.09E-06 3.61E-19 4.23E-10 2.10E-06 5.64E-13 1.545E-05
1.382E-01 3.43E-06 1.74E-13 8.04E-06 1.35E-13 2.83E-07 1.15E-19 3.54E-06 5.00E-19 4.98E-10 2.39E-06 7.82E-13 1.768E-05
1.320E-01 3.70E-06 2.08E-13 8.67E-06 1.62E-13 3.10E-07 1.38E-19 3.82E-06 6.01E-19 5.46E-10 2.57E-06 9.39E-13 1.907E-05
1.150E-01 4.68E-06 3.62E-13 1.09E-05 2.81E-13 4.06E-07 2.40E-19 4.76E-06 1.04E-18 7.20E-10 3.19E-06 1.63E-12 2.393E-05
1.000E-01 5.95E-06 6.33E-13 1.37E-05 4.91E-13 5.34E-07 4.20E-19 5.95E-06 1.82E-18 9.52E-10 4.00E-06 2.84E-12 3.012E-05
9.970E-02 5.98E-06 6.40E-13 1.38E-05 4.97E-13 5.37E-07 4.25E-19 5.98E-06 1.85E-18 9.57E-10 4.02E-06 2.87E-12 3.028E-05
8.670E-02 7.54E-06 1.12E-12 1.73E-05 8.70E-13 7.10E-07 7.43E-19 7.50E-06 3.22E-18 1.27E-09 5.00E-06 5.02E-12 3.810E-05
8.500E-02 7.81E-06 1.21E-12 1.79E-05 9.41E-13 7.38E-07 8.04E-19 7.75E-06 3.49E-18 1.32E-09 5.17E-06 5.43E-12 3.939E-05
7.500E-02 9.91E-06 2.00E-12 2.20E-05 1.55E-12 9.38E-07 1.33E-18 9.46E-06 5.76E-18 1.69E-09 6.46E-06 8.94E-12 4.881E-05
6.000E-02 1.46E-05 4.88E-12 3.18E-05 3.81E-12 1.44E-06 3.24E-18 1.37E-05 1.41E-17 2.64E-09 9.18E-06 2.17E-11 7.070E-05
5.500E-02 1.69E-05 6.91E-12 3.56E-05 5.42E-12 1.70E-06 4.59E-18 1.60E-05 1.99E-17 3.15E-09 1.06E-05 3.07E-11 8.075E-05
5.000E-02 2.01E-05 1.01E-11 4.40E-05 7.99E-12 2.03E-06 6.71E-18 1.91E-05 2.92E-17 3.81E-09 1.25E-05 4.50E-11 9.772E-05
4.500E-02 2.48E-05 1.54E-11 5.82E-05 1.22E-11 2.48E-06 1.02E-17 2.33E-05 4.45E-17 4.70E-09 1.53E-05 6.85E-11 1.240E-04
4.000E-02 3.18E-05 2.48E-11 7.76E-05 1.98E-11 3.08E-06 1.64E-17 2.95E-05 7.14E-17 5.95E-09 1.92E-05 1.09E-10 1.612E-04
3.500E-02 3.99E-05 4.23E-11 1.18E-04 3.40E-11 3.95E-06 2.80E-17 3.90E-05 1.22E-16 7.78E-09 2.36E-05 1.86E-10 2.242E-04
3.000E-02 5.62E-05 7.85E-11 1.84E-04 6.32E-11 5.27E-06 5.18E-17 5.47E-05 2.26E-16 1.06E-08 3.22E-05 3.43E-10 3.322E-04
2.750E-02 6.70E-05 1.11E-10 2.31E-04 8.96E-11 6.21E-06 7.34E-17 6.68E-05 3.21E-16 1.26E-08 3.75E-05 4.84E-10 4.090E-04
2.500E-02 8.06E-05 1.63E-10 2.95E-04 1.31E-10 7.42E-06 1.07E-16 8.37E-05 4.70E-16 1.53E-08 4.46E-05 7.08E-10 5.112E-04
2.400E-02 8.86E-05 1.92E-10 3.26E-04 1.54E-10 8.02E-06 1.27E-16 9.14E-05 5.53E-16 1.66E-08 4.79E-05 8.31E-10 5.623E-04
2.000E-02 1.29E-04 4.01E-10 5.10E-04 3.16E-10 1.14E-05 2.63E-16 1.32E-04 1.15E-15 2.39E-08 6.70E-05 1.71E-09 8.501E-04
1.800E-02 1.61E-04 6.14E-10 6.35E-04 4.75E-10 1.40E-05 4.01E-16 1.65E-04 1.75E-15 2.95E-08 8.19E-05 2.60E-09 1.056E-03
1.600E-02 2.13E-04 9.90E-10 7.93E-04 7.49E-10 1.77E-05 6.43E-16 2.10E-04 2.80E-15 3.74E-08 1.03E-04 4.14E-09 1.336E-03
1.500E-02 2.54E-04 1.29E-09 8.91E-04 9.60E-10 2.01E-05 8.34E-16 2.38E-04 3.63E-15 4.26E-08 1.16E-04 5.32E-09 1.520E-03
1.400E-02 2.89E-04 1.70E-09 1.00E-03 1.25E-09 2.32E-05 1.10E-15 2.75E-04 4.78E-15 4.89E-08 1.29E-04 6.98E-09 1.718E-03
1.200E-02 4.40E-04 3.17E-09 1.29E-03 2.25E-09 3.23E-05 2.05E-15 3.77E-04 8.87E-15 6.68E-08 1.73E-04 1.27E-08 2.308E-03
1.000E-02 6.65E-04 6.64E-09 1.71E-03 4.50E-09 4.89E-05 4.28E-15 5.50E-04 1.84E-14 9.67E-08 2.34E-04 2.58E-08 3.210E-03
9.000E-03 8.84E-04 1.02E-08 1.96E-03 6.71E-09 6.28E-05 6.56E-15 6.86E-04 2.81E-14 1.20E-07 2.84E-04 3.88E-08 3.876E-03
8.000E-03 1.18E-03 1.62E-08 2.28E-03 1.06E-08 8.40E-05 1.06E-14 8.80E-04 4.50E-14 1.52E-07 3.34E-04 6.05E-08 4.761E-03
7.500E-03 1.38E-03 2.12E-08 2.53E-03 1.37E-08 9.91E-05 1.38E-14 1.01E-03 5.83E-14 1.74E-07 3.77E-04 7.79E-08 5.390E-03
7.000E-03 1.67E-03 2.79E-08 2.84E-03 1.80E-08 1.19E-04 1.83E-14 1.17E-03 7.69E-14 2.01E-07 4.23E-04 1.01E-07 6.221E-03
6.000E-03 2.42E-03 5.11E-08 3.66E-03 3.29E-08 1.83E-04 3.44E-14 1.63E-03 1.42E-13 2.77E-07 5.41E-04 1.81E-07 8.433E-03
5.000E-03 3.53E-03 1.02E-07 5.23E-03 6.75E-08 3.21E-04 7.30E-14 2.40E-03 2.94E-13 4.08E-07 7.12E-04 3.62E-07 1.220E-02
4.500E-03 4.43E-03 1.51E-07 6.43E-03 1.01E-07 4.55E-04 1.13E-13 3.00E-03 4.45E-13 5.14E-07 8.43E-04 5.36E-07 1.516E-02
4.000E-03 5.39E-03 2.30E-07 8.14E-03 1.54E-07 6.65E-04 1.79E-13 3.83E-03 7.06E-13 6.70E-07 1.00E-03 8.31E-07 1.903E-02
3.500E-03 6.67E-03 3.72E-07 1.02E-02 2.46E-07 9.24E-04 2.87E-13 4.99E-03 1.19E-12 9.21E-07 1.23E-03 1.37E-06 2.400E-02
3.000E-03 8.49E-03 6.34E-07 1.28E-02 4.03E-07 9.76E-04 4.49E-13 6.82E-03 2.17E-12 1.40E-06 1.57E-03 2.42E-06 3.065E-02
2.750E-03 9.47E-03 8.45E-07 1.41E-02 5.25E-07 8.41E-04 5.78E-13 8.20E-03 3.03E-12 1.88E-06 1.79E-03 3.30E-06 3.446E-02
2.500E-03 1.04E-02 1.15E-06 1.57E-02 6.94E-07 6.62E-04 7.95E-13 1.01E-02 4.36E-12 3.10E-06 2.07E-03 4.64E-06 3.886E-02
2.400E-03 1.08E-02 1.32E-06 1.63E-02 7.82E-07 5.94E-04 9.23E-13 1.10E-02 5.06E-12 4.33E-06 2.20E-03 5.36E-06 4.088E-02
2.350E-03 1.11E-02 1.41E-06 1.66E-02 8.32E-07 5.62E-04 9.99E-13 1.15E-02 5.47E-12 5.11E-06 2.28E-03 5.76E-06 4.206E-02
2.320E-03 1.13E-02 1.47E-06 1.68E-02 8.64E-07 5.43E-04 1.05E-12 1.18E-02 5.72E-12 5.49E-06 2.32E-03 6.02E-06 4.277E-02
2.310E-03 1.13E-02 1.49E-06 1.69E-02 8.75E-07 5.37E-04 1.07E-12 1.19E-02 5.81E-12 5.59E-06 2.34E-03 6.11E-06 4.302E-02
2.300E-03 1.14E-02 1.52E-06 1.70E-02 8.86E-07 5.31E-04 1.08E-12 1.20E-02 5.90E-12 5.68E-06 2.36E-03 6.20E-06 4.326E-02
2.250E-03 1.16E-02 1.62E-06 1.74E-02 9.46E-07 5.02E-04 1.18E-12 1.26E-02 6.42E-12 5.91E-06 2.44E-03 6.69E-06 4.457E-02
2.200E-03 1.18E-02 1.75E-06 1.79E-02 1.01E-06 4.76E-04 1.29E-12 1.33E-02 6.94E-12 6.21E-06 2.53E-03 7.21E-06 4.603E-02
2.150E-03 1.21E-02 1.88E-06 1.84E-02 1.08E-06 4.51E-04 1.41E-12 1.40E-02 7.50E-12 6.78E-06 2.62E-03 7.77E-06 4.756E-02
2.120E-03 1.23E-02 1.97E-06 1.87E-02 1.11E-06 4.37E-04 1.50E-12 1.44E-02 7.87E-12 7.06E-06 2.68E-03 8.14E-06 4.854E-02
2.110E-03 1.24E-02 2.00E-06 1.88E-02 1.13E-06 4.32E-04 1.52E-12 1.46E-02 8.00E-12 7.11E-06 2.70E-03 8.26E-06 4.887E-02
2.100E-03 1.24E-02 2.03E-06 1.89E-02 1.14E-06 4.28E-04 1.55E-12 1.47E-02 8.13E-12 7.12E-06 2.72E-03 8.38E-06 4.920E-02
2.080E-03 1.25E-02 2.08E-06 1.91E-02 1.16E-06 4.20E-04 1.61E-12 1.50E-02 8.38E-12 7.07E-06 2.76E-03 8.62E-06 4.980E-02
2.000E-03 1.27E-02 2.36E-06 1.98E-02 1.26E-06 3.89E-04 1.89E-12 1.65E-02 9.52E-12 6.74E-06 2.92E-03 9.74E-06 5.232E-02
1.950E-03 1.29E-02 2.57E-06 2.01E-02 1.32E-06 3.72E-04 2.09E-12 1.75E-02 1.01E-11 7.26E-06 3.03E-03 1.04E-05 5.394E-02
1.900E-03 1.32E-02 2.81E-06 2.03E-02 1.35E-06 3.58E-04 2.33E-12 1.82E-02 1.06E-11 8.76E-06 3.12E-03 1.11E-05 5.524E-02
1.850E-03 1.35E-02 3.08E-06 2.03E-02 1.37E-06 3.44E-04 2.60E-12 1.86E-02 1.08E-11 1.13E-05 3.18E-03 1.17E-05 5.595E-02
1.830E-03 1.37E-02 3.19E-06 2.02E-02 1.38E-06 3.39E-04 2.71E-12 1.87E-02 1.09E-11 1.21E-05 3.20E-03 1.19E-05 5.609E-02
1.820E-03 1.37E-02 3.25E-06 2.01E-02 1.38E-06 3.37E-04 2.77E-12 1.87E-02 1.09E-11 1.24E-05 3.21E-03 1.20E-05 5.608E-02
1.810E-03 1.38E-02 3.31E-06 2.00E-02 1.37E-06 3.35E-04 2.84E-12 1.86E-02 1.09E-11 1.26E-05 3.21E-03 1.21E-05 5.600E-02
1.800E-03 1.39E-02 3.37E-06 1.99E-02 1.37E-06 3.33E-04 2.90E-12 1.86E-02 1.10E-11 1.27E-05 3.21E-03 1.23E-05 5.592E-02
1.750E-03 1.42E-02 3.70E-06 1.91E-02 1.34E-06 3.23E-04 3.26E-12 1.81E-02 1.10E-11 1.30E-05 3.20E-03 1.28E-05 5.499E-02
1.700E-03 1.44E-02 4.06E-06 1.77E-02 1.29E-06 3.15E-04 3.67E-12 1.72E-02 1.11E-11 1.59E-05 3.14E-03 1.35E-05 5.289E-02
1.670E-03 1.47E-02 4.33E-06 1.66E-02 1.25E-06 3.12E-04 3.94E-12 1.66E-02 1.12E-11 1.87E-05 3.11E-03 1.40E-05 5.133E-02
1.650E-03 1.49E-02 4.52E-06 1.58E-02 1.23E-06 3.09E-04 4.14E-12 1.61E-02 1.14E-11 1.97E-05 3.08E-03 1.44E-05 5.014E-02
1.640E-03 1.50E-02 4.61E-06 1.53E-02 1.22E-06 3.08E-04 4.24E-12 1.58E-02 1.14E-11 1.97E-05 3.07E-03 1.46E-05 4.950E-02
1.630E-03 1.51E-02 4.71E-06 1.48E-02 1.22E-06 3.08E-04 4.35E-12 1.55E-02 1.15E-11 1.93E-05 3.05E-03 1.48E-05 4.883E-02
1.610E-03 1.52E-02 4.90E-06 1.38E-02 1.21E-06 3.06E-04 4.58E-12 1.50E-02 1.18E-11 1.81E-05 3.02E-03 1.53E-05 4.740E-02
1.600E-03 1.53E-02 5.01E-06 1.32E-02 1.21E-06 3.05E-04 4.69E-12 1.48E-02 1.20E-11 1.75E-05 3.00E-03 1.55E-05 4.665E-02
1.590E-03 1.54E-02 5.11E-06 1.27E-02 1.22E-06 3.05E-04 4.82E-12 1.45E-02 1.21E-11 1.71E-05 2.98E-03 1.58E-05 4.591E-02
1.580E-03 1.55E-02 5.22E-06 1.21E-02 1.24E-06 3.04E-04 4.94E-12 1.42E-02 1.24E-11 1.68E-05 2.96E-03 1.61E-05 4.517E-02
1.570E-03 1.56E-02 5.32E-06 1.16E-02 1.26E-06 3.04E-04 5.07E-12 1.40E-02 1.26E-11 1.65E-05 2.94E-03 1.64E-05 4.439E-02
1.560E-03 1.57E-02 5.45E-06 1.11E-02 1.29E-06 3.03E-04 5.20E-12 1.37E-02 1.28E-11 1.62E-05 2.93E-03 1.67E-05 4.369E-02
1.540E-03 1.59E-02 5.69E-06 1.01E-02 1.39E-06 3.03E-04 5.49E-12 1.32E-02 1.34E-11 1.58E-05 2.90E-03 1.74E-05 4.248E-02
1.520E-03 1.61E-02 5.91E-06 9.40E-03 1.52E-06 3.02E-04 5.79E-12 1.27E-02 1.42E-11 1.67E-05 2.86E-03 1.82E-05 4.138E-02
1.510E-03 1.61E-02 6.03E-06 9.12E-03 1.59E-06 3.02E-04 5.94E-12 1.25E-02 1.46E-11 1.72E-05 2.84E-03 1.86E-05 4.093E-02
1.500E-03 1.62E-02 6.15E-06 8.91E-03 1.68E-06 3.02E-04 6.11E-12 1.23E-02 1.51E-11 1.73E-05 2.82E-03 1.90E-05 4.052E-02
1.450E-03 1.65E-02 6.89E-06 8.45E-03 2.17E-06 3.04E-04 7.01E-12 1.13E-02 1.82E-11 2.20E-05 2.74E-03 2.20E-05 3.932E-02
1.440E-03 1.66E-02 7.05E-06 8.44E-03 2.28E-06 3.05E-04 7.21E-12 1.11E-02 1.90E-11 2.43E-05 2.73E-03 2.27E-05 3.925E-02
1.430E-03 1.67E-02 7.21E-06 8.43E-03 2.39E-06 3.06E-04 7.42E-12 1.11E-02 2.00E-11 2.63E-05 2.73E-03 2.36E-05 3.927E-02
1.420E-03 1.68E-02 7.38E-06 8.41E-03 2.50E-06 3.06E-04 7.63E-12 1.10E-02 2.11E-11 2.73E-05 2.73E-03 2.45E-05 3.930E-02
1.400E-03 1.69E-02 7.75E-06 8.41E-03 2.73E-06 3.08E-04 8.08E-12 1.11E-02 2.34E-11 2.98E-05 2.75E-03 2.65E-05 3.960E-02
1.380E-03 1.71E-02 8.12E-06 8.40E-03 2.99E-06 3.10E-04 8.57E-12 1.14E-02 2.62E-11 3.77E-05 2.79E-03 2.88E-05 4.017E-02
1.370E-03 1.72E-02 8.32E-06 8.41E-03 3.13E-06 3.11E-04 8.83E-12 1.17E-02 2.77E-11 4.49E-05 2.83E-03 3.01E-05 4.061E-02
1.360E-03 1.73E-02 8.54E-06 8.41E-03 3.28E-06 3.13E-04 9.09E-12 1.21E-02 2.92E-11 5.20E-05 2.88E-03 3.14E-05 4.113E-02
1.350E-03 1.75E-02 8.76E-06 8.44E-03 3.43E-06 3.14E-04 9.37E-12 1.25E-02 3.09E-11 5.56E-05 2.93E-03 3.28E-05 4.169E-02
1.340E-03 1.76E-02 8.98E-06 8.46E-03 3.59E-06 3.16E-04 9.66E-12 1.29E-02 3.25E-11 6.03E-05 2.99E-03 3.42E-05 4.234E-02
1.330E-03 1.77E-02 9.20E-06 8.50E-03 3.77E-06 3.17E-04 9.96E-12 1.33E-02 3.41E-11 6.99E-05 3.05E-03 3.56E-05 4.303E-02
1.320E-03 1.78E-02 9.43E-06 8.55E-03 3.95E-06 3.19E-04 1.03E-11 1.38E-02 3.59E-11 8.63E-05 3.11E-03 3.70E-05 4.375E-02
1.310E-03 1.80E-02 9.64E-06 8.62E-03 4.15E-06 3.21E-04 1.06E-11 1.43E-02 3.77E-11 1.13E-04 3.17E-03 3.85E-05 4.452E-02
1.290E-03 1.81E-02 1.01E-05 8.81E-03 4.59E-06 3.25E-04 1.13E-11 1.53E-02 4.16E-11 2.33E-04 3.30E-03 4.17E-05 4.613E-02
1.280E-03 1.81E-02 1.03E-05 8.92E-03 4.81E-06 3.27E-04 1.16E-11 1.60E-02 4.36E-11 3.42E-04 3.38E-03 4.34E-05 4.711E-02
1.270E-03 1.82E-02 1.06E-05 8.97E-03 5.07E-06 3.29E-04 1.20E-11 1.66E-02 4.58E-11 4.14E-04 3.46E-03 4.52E-05 4.806E-02
1.260E-03 1.83E-02 1.09E-05 9.08E-03 5.36E-06 3.31E-04 1.24E-11 1.73E-02 4.79E-11 3.57E-04 3.55E-03 4.70E-05 4.897E-02
1.250E-03 1.84E-02 1.12E-05 9.26E-03 5.68E-06 3.33E-04 1.28E-11 1.80E-02 5.01E-11 2.63E-04 3.63E-03 4.89E-05 4.991E-02
1.220E-03 1.87E-02 1.22E-05 1.05E-02 7.00E-06 3.40E-04 1.41E-11 2.02E-02 5.74E-11 2.06E-04 3.92E-03 5.50E-05 5.395E-02
1.210E-03 1.89E-02 1.25E-05 1.14E-02 7.52E-06 3.43E-04 1.46E-11 2.10E-02 6.01E-11 2.37E-04 4.03E-03 5.71E-05 5.599E-02
1.200E-03 1.89E-02 1.29E-05 1.26E-02 8.03E-06 3.45E-04 1.51E-11 2.20E-02 6.30E-11 2.62E-04 4.13E-03 5.92E-05 5.829E-02
1.190E-03 1.91E-02 1.33E-05 1.39E-02 8.49E-06 3.48E-04 1.56E-11 2.29E-02 6.59E-11 2.62E-04 4.25E-03 6.16E-05 6.082E-02
1.180E-03 1.92E-02 1.36E-05 1.52E-02 8.89E-06 3.51E-04 1.62E-11 2.39E-02 6.86E-11 2.60E-04 4.37E-03 6.37E-05 6.339E-02
1.170E-03 1.94E-02 1.40E-05 1.64E-02 9.23E-06 3.53E-04 1.68E-11 2.49E-02 7.16E-11 2.89E-04 4.49E-03 6.60E-05 6.593E-02
1.160E-03 1.95E-02 1.44E-05 1.75E-02 9.52E-06 3.58E-04 1.75E-11 2.59E-02 7.45E-11 3.72E-04 4.61E-03 6.82E-05 6.834E-02
1.150E-03 1.96E-02 1.48E-05 1.85E-02 9.78E-06 5.03E-04 1.73E-11 2.68E-02 7.76E-11 5.43E-04 4.72E-03 7.04E-05 7.082E-02
1.140E-03 1.97E-02 1.52E-05 1.94E-02 1.00E-05 3.73E-04 1.84E-11 2.79E-02 8.09E-11 8.17E-04 4.83E-03 7.27E-05 7.308E-02
1.130E-03 1.98E-02 1.56E-05 2.01E-02 1.03E-05 3.73E-04 1.91E-11 2.90E-02 8.46E-11 9.96E-04 4.96E-03 7.53E-05 7.536E-02
1.120E-03 1.99E-02 1.60E-05 2.08E-02 1.05E-05 3.75E-04 1.99E-11 3.02E-02 8.83E-11 8.03E-04 5.08E-03 7.78E-05 7.731E-02
1.110E-03 1.99E-02 1.65E-05 2.15E-02 1.08E-05 3.78E-04 2.06E-11 3.15E-02 9.22E-11 5.10E-04 5.22E-03 8.04E-05 7.921E-02
1.090E-03 2.01E-02 1.75E-05 2.29E-02 1.13E-05 3.86E-04 2.22E-11 3.42E-02 1.00E-10 2.12E-04 5.48E-03 8.56E-05 8.339E-02
1.050E-03 2.05E-02 2.00E-05 2.54E-02 1.22E-05 4.04E-04 2.58E-11 4.14E-02 1.19E-10 7.03E-05 6.14E-03 9.66E-05 9.406E-02
1.000E-03 2.13E-02 2.37E-05 2.80E-02 1.30E-05 4.31E-04 3.14E-11 4.79E-02 1.27E-10 3.54E-05 6.65E-03 1.03E-04 1.045E-01
9.800E-04 2.17E-02 2.54E-05 2.86E-02 1.30E-05 4.43E-04 3.40E-11 5.02E-02 1.31E-10 3.08E-05 6.85E-03 1.05E-04 1.081E-01
9.600E-04 2.20E-02 2.73E-05 2.86E-02 1.28E-05 4.56E-04 3.70E-11 5.25E-02 1.32E-10 2.85E-05 7.03E-03 1.06E-04 1.109E-01
9.500E-04 2.23E-02 2.82E-05 2.83E-02 1.25E-05 4.63E-04 3.85E-11 5.31E-02 1.29E-10 2.81E-05 7.08E-03 1.05E-04 1.115E-01
9.400E-04 2.25E-02 2.91E-05 2.79E-02 1.23E-05 4.70E-04 4.02E-11 5.29E-02 1.24E-10 2.82E-05 7.08E-03 1.03E-04 1.110E-01
9.200E-04 2.29E-02 3.12E-05 2.66E-02 1.18E-05 4.85E-04 4.38E-11 4.93E-02 1.03E-10 3.01E-05 6.84E-03 9.49E-05 1.062E-01
8.900E-04 2.35E-02 3.49E-05 2.36E-02 1.11E-05 5.10E-04 5.01E-11 3.89E-02 6.60E-11 4.38E-05 6.10E-03 8.18E-05 9.277E-02
8.700E-04 2.37E-02 3.74E-05 2.13E-02 1.09E-05 5.29E-04 5.48E-11 3.24E-02 4.90E-11 9.78E-05 5.56E-03 7.65E-05 8.373E-02
8.600E-04 2.39E-02 3.89E-05 2.03E-02 1.09E-05 5.38E-04 5.74E-11 2.98E-02 4.32E-11 1.48E-04 5.35E-03 7.57E-05 8.011E-02
8.500E-04 2.40E-02 4.03E-05 1.91E-02 1.08E-05 5.48E-04 6.02E-11 2.75E-02 3.85E-11 1.05E-04 5.15E-03 7.49E-05 7.654E-02
8.400E-04 2.43E-02 4.21E-05 1.78E-02 1.08E-05 5.59E-04 6.31E-11 2.51E-02 3.37E-11 7.56E-05 4.96E-03 7.43E-05 7.289E-02
8.200E-04 2.46E-02 4.50E-05 1.48E-02 1.11E-05 5.80E-04 6.94E-11 1.93E-02 2.42E-11 7.70E-05 4.45E-03 7.20E-05 6.399E-02
8.000E-04 2.49E-02 4.89E-05 1.20E-02 1.23E-05 6.03E-04 7.66E-11 1.32E-02 1.87E-11 1.13E-04 3.89E-03 7.33E-05 5.485E-02
7.900E-04 2.52E-02 5.10E-05 1.09E-02 1.32E-05 6.15E-04 8.06E-11 1.11E-02 2.01E-11 1.40E-04 3.71E-03 7.74E-05 5.177E-02
7.800E-04 2.53E-02 5.28E-05 9.95E-03 1.42E-05 6.28E-04 8.48E-11 9.04E-03 2.28E-11 1.68E-04 3.51E-03 8.17E-05 4.877E-02
7.700E-04 2.54E-02 5.49E-05 9.17E-03 1.54E-05 6.40E-04 8.92E-11 7.43E-03 2.71E-11 1.80E-04 3.35E-03 8.75E-05 4.635E-02
7.600E-04 2.55E-02 5.71E-05 8.50E-03 1.67E-05 6.54E-04 9.40E-11 6.31E-03 3.31E-11 1.68E-04 3.24E-03 9.46E-05 4.453E-02
7.500E-04 2.55E-02 5.95E-05 7.91E-03 1.81E-05 6.67E-04 9.91E-11 5.30E-03 4.02E-11 1.39E-04 3.14E-03 1.03E-04 4.288E-02
7.300E-04 2.59E-02 6.53E-05 6.99E-03 2.14E-05 6.96E-04 1.10E-10 4.44E-03 5.74E-11 8.61E-05 3.07E-03 1.22E-04 4.137E-02
7.200E-04 2.60E-02 6.80E-05 6.71E-03 2.32E-05 7.12E-04 1.17E-10 4.29E-03 6.64E-11 7.17E-05 3.06E-03 1.32E-04 4.105E-02
7.100E-04 2.60E-02 7.12E-05 6.52E-03 2.52E-05 7.28E-04 1.23E-10 4.17E-03 7.63E-11 7.02E-05 3.05E-03 1.43E-04 4.080E-02
7.000E-04 2.63E-02 7.48E-05 6.34E-03 2.71E-05 7.45E-04 1.30E-10 4.12E-03 8.65E-11 9.75E-05 3.07E-03 1.54E-04 4.095E-02
6.900E-04 2.65E-02 7.77E-05 6.09E-03 2.91E-05 7.62E-04 1.38E-10 4.10E-03 9.74E-11 5.70E-05 3.07E-03 1.65E-04 4.081E-02
6.800E-04 2.61E-02 8.08E-05 5.77E-03 3.13E-05 7.80E-04 1.46E-10 4.10E-03 1.08E-10 4.41E-05 3.03E-03 1.76E-04 4.010E-02
6.600E-04 2.62E-02 9.09E-05 5.19E-03 3.64E-05 8.19E-04 1.65E-10 4.10E-03 1.33E-10 4.21E-05 3.06E-03 2.07E-04 3.974E-02
6.400E-04 2.69E-02 1.03E-04 4.49E-03 4.24E-05 8.59E-04 1.86E-10 4.09E-03 1.61E-10 6.44E-05 3.14E-03 2.40E-04 3.997E-02
6.300E-04 2.75E-02 1.08E-04 4.19E-03 4.60E-05 8.69E-04 1.99E-10 4.08E-03 1.77E-10 1.01E-04 3.19E-03 2.57E-04 4.037E-02
6.200E-04 2.77E-02 1.14E-04 4.12E-03 5.00E-05 9.07E-04 2.11E-10 4.06E-03 1.94E-10 1.38E-04 3.20E-03 2.75E-04 4.056E-02
6.100E-04 2.80E-02 1.20E-04 4.09E-03 5.39E-05 9.31E-04 2.25E-10 4.03E-03 2.12E-10 9.96E-05 3.23E-03 2.95E-04 4.083E-02
5.900E-04 2.91E-02 1.36E-04 3.36E-03 6.27E-05 9.82E-04 2.57E-10 3.97E-03 2.54E-10 4.40E-05 3.34E-03 3.40E-04 4.139E-02
5.500E-04 2.82E-02 1.64E-04 2.48E-03 8.82E-05 1.10E-03 3.40E-10 3.91E-03 3.65E-10 3.66E-05 3.25E-03 4.47E-04 3.972E-02
5.300E-04 2.85E-02 1.88E-04 2.22E-03 1.05E-04 1.17E-03 3.93E-10 3.93E-03 4.37E-10 5.88E-05 3.31E-03 5.26E-04 3.997E-02
5.200E-04 2.85E-02 2.02E-04 2.08E-03 1.15E-04 1.21E-03 4.24E-10 3.93E-03 4.79E-10 9.38E-05 3.32E-03 5.70E-04 4.005E-02
5.100E-04 2.88E-02 2.17E-04 1.95E-03 1.25E-04 1.25E-03 4.58E-10 3.95E-03 5.25E-10 1.30E-04 3.37E-03 6.20E-04 4.039E-02
5.000E-04 2.91E-02 2.34E-04 1.80E-03 1.39E-04 1.29E-03 4.95E-10 3.97E-03 5.76E-10 9.33E-05 3.42E-03 6.73E-04 4.071E-02
4.800E-04 2.95E-02 2.70E-04 1.59E-03 1.67E-04 1.37E-03 5.82E-10 4.04E-03 6.96E-10 4.27E-05 3.49E-03 7.94E-04 4.127E-02
4.500E-04 3.06E-02 3.39E-04 1.34E-03 2.22E-04 1.52E-03 7.51E-10 4.18E-03 9.30E-10 3.22E-05 3.66E-03 1.02E-03 4.286E-02
4.000E-04 3.18E-02 5.19E-04 9.87E-04 3.70E-04 1.83E-03 1.20E-09 4.50E-03 1.55E-09 3.57E-05 3.95E-03 1.61E-03 4.555E-02
3.800E-04 3.25E-02 6.28E-04 8.69E-04 4.60E-04 1.98E-03 1.46E-09 4.64E-03 1.93E-09 4.01E-05 4.10E-03 1.94E-03 4.713E-02
3.600E-04 3.32E-02 7.68E-04 7.63E-04 5.79E-04 2.16E-03 1.81E-09 4.80E-03 2.43E-09 4.90E-05 4.28E-03 2.37E-03 4.896E-02
3.400E-04 3.49E-02 9.45E-04 6.71E-04 7.37E-04 2.36E-03 2.27E-09 4.97E-03 3.09E-09 1.03E-04 4.55E-03 2.87E-03 5.206E-02
3.300E-04 3.48E-02 1.04E-03 6.28E-04 8.35E-04 2.48E-03 2.55E-09 5.05E-03 3.50E-09 2.73E-04 4.60E-03 3.17E-03 5.289E-02
3.200E-04 3.49E-02 1.17E-03 5.84E-04 9.50E-04 2.60E-03 2.88E-09 5.14E-03 3.97E-09 1.06E-04 4.68E-03 3.52E-03 5.370E-02
3.150E-04 3.53E-02 1.25E-03 5.66E-04 1.01E-03 2.66E-03 3.06E-09 5.18E-03 4.24E-09 7.98E-05 4.75E-03 3.71E-03 5.449E-02
3.100E-04 3.56E-02 1.32E-03 5.47E-04 1.08E-03 2.73E-03 3.26E-09 5.22E-03 4.53E-09 6.99E-05 4.83E-03 3.91E-03 5.535E-02
3.080E-04 3.57E-02 1.36E-03 5.39E-04 1.11E-03 2.76E-03 3.35E-09 5.24E-03 4.65E-09 6.78E-05 4.86E-03 3.99E-03 5.567E-02
3.050E-04 3.59E-02 1.41E-03 5.27E-04 1.16E-03 2.80E-03 3.48E-09 5.27E-03 4.85E-09 6.58E-05 4.89E-03 4.12E-03 5.612E-02
3.000E-04 3.61E-02 1.50E-03 5.10E-04 1.24E-03 2.88E-03 3.71E-09 5.33E-03 5.19E-09 6.44E-05 4.96E-03 4.34E-03 5.693E-02
2.900E-04 3.69E-02 1.70E-03 4.75E-04 1.43E-03 3.03E-03 4.24E-09 5.44E-03 5.96E-09 6.51E-05 5.13E-03 4.83E-03 5.897E-02
2.800E-04 3.71E-02 1.93E-03 4.43E-04 1.65E-03 3.20E-03 4.87E-09 5.56E-03 6.89E-09 6.81E-05 5.26E-03 5.39E-03 6.063E-02
2.600E-04 3.82E-02 2.56E-03 3.84E-04 2.25E-03 3.60E-03 6.51E-09 5.84E-03 9.33E-09 7.78E-05 5.64E-03 6.78E-03 6.528E-02
2.500E-04 3.90E-02 2.98E-03 3.56E-04 2.64E-03 3.82E-03 7.59E-09 5.99E-03 1.09E-08 8.43E-05 5.88E-03 7.64E-03 6.838E-02
2.200E-04 4.26E-02 4.88E-03 2.87E-04 4.45E-03 4.64E-03 1.25E-08 6.56E-03 1.84E-08 1.11E-04 6.77E-03 1.10E-02 8.134E-02
2.159E-04 4.31E-02 5.23E-03 2.78E-04 4.80E-03 4.78E-03 1.35E-08 6.65E-03 1.98E-08 1.16E-04 6.89E-03 1.16E-02 8.340E-02
2.000E-04 4.57E-02 7.02E-03 2.50E-04 6.54E-03 5.37E-03 1.82E-08 7.04E-03 2.70E-08 1.39E-04 7.42E-03 1.40E-02 9.349E-02
1.662E-04 5.29E-02 1.40E-02 1.99E-04 1.37E-02 7.14E-03 3.76E-08 8.16E-03 5.69E-08 2.22E-04 8.78E-03 2.07E-02 1.257E-01
1.650E-04 5.32E-02 1.43E-02 1.97E-04 1.41E-02 7.22E-03 3.86E-08 8.21E-03 5.86E-08 2.26E-04 8.84E-03 2.10E-02 1.273E-01
1.250E-04 7.07E-02 3.75E-02 1.81E-04 3.98E-02 1.11E-02 1.15E-07 1.04E-02 1.78E-07 4.78E-04 1.13E-02 3.20E-02 2.135E-01
1.235E-04 7.18E-02 3.89E-02 1.79E-04 4.16E-02 1.13E-02 1.20E-07 1.05E-02 1.87E-07 4.94E-04 1.14E-02 3.24E-02 2.187E-01
1.130E-04 8.06E-02 5.13E-02 1.87E-04 5.64E-02 1.30E-02 1.70E-07 1.14E-02 2.67E-07 6.29E-04 1.24E-02 3.52E-02 2.611E-01
1.000E-04 9.64E-02 7.34E-02 2.12E-04 8.44E-02 1.59E-02 2.74E-07 1.28E-02 4.36E-07 8.70E-04 1.37E-02 3.79E-02 3.355E-01
9.500E-05 1.04E-01 8.40E-02 2.16E-04 1.00E-01 1.72E-02 3.34E-07 1.35E-02 5.35E-07 9.95E-04 1.43E-02 3.84E-02 3.727E-01
9.300E-05 1.07E-01 8.86E-02 2.19E-04 1.07E-01 1.78E-02 3.63E-07 1.37E-02 5.82E-07 1.05E-03 1.45E-02 3.85E-02 3.891E-01
9.200E-05 1.09E-01 9.10E-02 2.25E-04 1.11E-01 1.82E-02 3.79E-07 1.39E-02 6.08E-07 1.08E-03 1.46E-02 3.86E-02 3.977E-01
9.100E-05 1.11E-01 9.34E-02 2.25E-04 1.15E-01 1.85E-02 3.95E-07 1.40E-02 6.35E-07 1.11E-03 1.47E-02 3.86E-02 4.065E-01
9.000E-05 1.12E-01 9.59E-02 2.32E-04 1.20E-01 1.88E-02 4.13E-07 1.42E-02 6.64E-07 1.14E-03 1.48E-02 3.86E-02 4.155E-01
8.900E-05 1.14E-01 9.84E-02 2.37E-04 1.24E-01 1.91E-02 4.31E-07 1.43E-02 6.94E-07 1.18E-03 1.49E-02 3.86E-02 4.249E-01
8.800E-05 1.16E-01 1.01E-01 2.40E-04 1.29E-01 1.95E-02 4.50E-07 1.45E-02 7.26E-07 1.21E-03 1.50E-02 3.86E-02 4.345E-01
8.700E-05 1.17E-01 1.04E-01 2.44E-04 1.34E-01 1.99E-02 4.71E-07 1.46E-02 7.60E-07 1.25E-03 1.52E-02 3.86E-02 4.445E-01
8.600E-05 1.19E-01 1.06E-01 2.51E-04 1.39E-01 2.02E-02 4.92E-07 1.48E-02 7.96E-07 1.28E-03 1.53E-02 3.86E-02 4.548E-01
8.500E-05 1.21E-01 1.09E-01 2.53E-04 1.44E-01 2.06E-02 5.15E-07 1.50E-02 8.34E-07 1.32E-03 1.54E-02 3.85E-02 4.654E-01
8.400E-05 1.23E-01 1.12E-01 2.59E-04 1.50E-01 2.10E-02 5.39E-07 1.51E-02 8.75E-07 1.36E-03 1.55E-02 3.85E-02 4.765E-01
8.330E-05 1.24E-01 1.14E-01 2.62E-04 1.54E-01 2.13E-02 5.57E-07 1.53E-02 9.05E-07 1.39E-03 1.56E-02 3.84E-02 4.844E-01
8.200E-05 1.27E-01 1.18E-01 2.69E-04 1.62E-01 2.18E-02 5.92E-07 1.55E-02 9.63E-07 1.45E-03 1.57E-02 3.83E-02 4.998E-01
8.100E-05 1.29E-01 1.22E-01 2.74E-04 1.68E-01 2.22E-02 6.21E-07 1.57E-02 1.01E-06 1.49E-03 1.59E-02 3.82E-02 5.120E-01
8.000E-05 1.31E-01 1.25E-01 2.80E-04 1.75E-01 2.26E-02 6.51E-07 1.58E-02 1.06E-06 1.54E-03 1.60E-02 3.80E-02 5.247E-01
7.900E-05 1.33E-01 1.28E-01 2.84E-04 1.82E-01 2.31E-02 6.84E-07 1.60E-02 1.12E-06 1.59E-03 1.62E-02 3.79E-02 5.379E-01
7.800E-05 1.36E-01 1.31E-01 2.92E-04 1.89E-01 2.36E-02 7.19E-07 1.62E-02 1.18E-06 1.64E-03 1.63E-02 3.77E-02 5.515E-01
7.700E-05 1.38E-01 1.35E-01 2.93E-04 1.96E-01 2.40E-02 7.55E-07 1.64E-02 1.24E-06 1.69E-03 1.65E-02 3.74E-02 5.655E-01
7.600E-05 1.41E-01 1.38E-01 3.07E-04 2.04E-01 2.45E-02 7.94E-07 1.66E-02 1.31E-06 1.74E-03 1.66E-02 3.72E-02 5.800E-01
7.500E-05 1.44E-01 1.42E-01 3.17E-04 2.12E-01 2.50E-02 8.36E-07 1.68E-02 1.38E-06 1.80E-03 1.68E-02 3.69E-02 5.949E-01
7.400E-05 1.47E-01 1.45E-01 3.33E-04 2.20E-01 2.55E-02 8.81E-07 1.70E-02 1.45E-06 1.86E-03 1.70E-02 3.67E-02 6.102E-01
7.300E-05 1.50E-01 1.49E-01 3.42E-04 2.28E-01 2.61E-02 9.28E-07 1.73E-02 1.54E-06 1.92E-03 1.71E-02 3.64E-02 6.259E-01
7.140E-05 1.55E-01 1.54E-01 3.56E-04 2.42E-01 2.70E-02 1.01E-06 1.76E-02 1.68E-06 2.03E-03 1.74E-02 3.59E-02 6.520E-01
7.100E-05 1.57E-01 1.56E-01 3.58E-04 2.46E-01 2.72E-02 1.03E-06 1.77E-02 1.72E-06 2.06E-03 1.75E-02 3.57E-02 6.587E-01
7.000E-05 1.60E-01 1.59E-01 3.68E-04 2.55E-01 2.78E-02 1.09E-06 1.80E-02 1.82E-06 2.13E-03 1.76E-02 3.54E-02 6.758E-01
6.900E-05 1.64E-01 1.63E-01 3.77E-04 2.65E-01 2.84E-02 1.15E-06 1.82E-02 1.93E-06 2.20E-03 1.78E-02 3.50E-02 6.935E-01
6.800E-05 1.67E-01 1.67E-01 3.95E-04 2.75E-01 2.90E-02 1.22E-06 1.85E-02 2.04E-06 2.28E-03 1.80E-02 3.46E-02 7.117E-01
6.700E-05 1.71E-01 1.70E-01 4.12E-04 2.86E-01 2.96E-02 1.29E-06 1.87E-02 2.17E-06 2.37E-03 1.82E-02 3.42E-02 7.305E-01
6.600E-05 1.75E-01 1.74E-01 4.28E-04 2.97E-01 3.03E-02 1.37E-06 1.90E-02 2.30E-06 2.45E-03 1.83E-02 3.38E-02 7.498E-01
6.500E-05 1.79E-01 1.78E-01 4.38E-04 3.08E-01 3.10E-02 1.46E-06 1.93E-02 2.45E-06 2.54E-03 1.85E-02 3.34E-02 7.700E-01
6.400E-05 1.83E-01 1.81E-01 4.49E-04 3.20E-01 3.17E-02 1.55E-06 1.95E-02 2.61E-06 2.64E-03 1.87E-02 3.29E-02 7.908E-01
6.300E-05 1.87E-01 1.85E-01 4.62E-04 3.33E-01 3.25E-02 1.65E-06 1.98E-02 2.78E-06 2.74E-03 1.88E-02 3.24E-02 8.124E-01
6.250E-05 1.90E-01 1.87E-01 4.71E-04 3.40E-01 3.29E-02 1.70E-06 2.00E-02 2.87E-06 2.79E-03 1.89E-02 3.22E-02 8.235E-01
6.200E-05 1.92E-01 1.89E-01 4.81E-04 3.46E-01 3.33E-02 1.75E-06 2.01E-02 2.96E-06 2.85E-03 1.90E-02 3.20E-02 8.348E-01
6.100E-05 1.97E-01 1.92E-01 5.03E-04 3.60E-01 3.41E-02 1.87E-06 2.05E-02 3.16E-06 2.96E-03 1.92E-02 3.14E-02 8.579E-01
6.000E-05 2.02E-01 1.96E-01 5.29E-04 3.74E-01 3.49E-02 1.99E-06 2.08E-02 3.38E-06 3.08E-03 1.94E-02 3.09E-02 8.819E-01
5.900E-05 2.07E-01 1.99E-01 5.52E-04 3.90E-01 3.58E-02 2.13E-06 2.11E-02 3.62E-06 3.21E-03 1.95E-02 3.04E-02 9.066E-01
5.800E-05 2.13E-01 2.02E-01 5.80E-04 4.05E-01 3.67E-02 2.28E-06 2.15E-02 3.88E-06 3.34E-03 1.97E-02 2.98E-02 9.322E-01
5.700E-05 2.19E-01 2.05E-01 6.06E-04 4.21E-01 3.76E-02 2.44E-06 2.18E-02 4.16E-06 3.49E-03 1.99E-02 2.93E-02 9.584E-01
5.600E-05 2.25E-01 2.08E-01 6.33E-04 4.38E-01 3.86E-02 2.61E-06 2.22E-02 4.47E-06 3.64E-03 2.01E-02 2.87E-02 9.854E-01
5.500E-05 2.31E-01 2.11E-01 6.59E-04 4.56E-01 3.95E-02 2.81E-06 2.26E-02 4.80E-06 3.80E-03 2.03E-02 2.82E-02 1.013E+00
5.477E-05 2.33E-01 2.11E-01 6.65E-04 4.60E-01 3.98E-02 2.85E-06 2.27E-02 4.89E-06 5.48E-03 2.03E-02 2.81E-02 1.021E+00
5.400E-05 2.38E-01 2.13E-01 6.88E-04 4.74E-01 4.07E-02 3.02E-06 2.30E-02 5.18E-06 5.70E-03 2.04E-02 2.76E-02 1.044E+00
5.300E-05 2.45E-01 2.15E-01 7.23E-04 4.93E-01 4.20E-02 3.26E-06 2.34E-02 5.59E-06 6.00E-03 2.06E-02 2.71E-02 1.073E+00
5.200E-05 2.51E-01 2.17E-01 7.68E-04 5.13E-01 4.33E-02 3.52E-06 2.38E-02 6.04E-06 6.33E-03 2.07E-02 2.65E-02 1.103E+00
5.100E-05 2.59E-01 2.19E-01 8.11E-04 5.33E-01 4.46E-02 3.80E-06 2.42E-02 6.53E-06 6.69E-03 2.09E-02 2.60E-02 1.134E+00
5.000E-05 2.66E-01 2.21E-01 8.58E-04 5.55E-01 4.60E-02 4.12E-06 2.47E-02 7.08E-06 7.08E-03 2.10E-02 2.55E-02 1.166E+00
4.900E-05 2.73E-01 2.23E-01 9.08E-04 5.77E-01 4.74E-02 4.47E-06 2.52E-02 7.68E-06 7.51E-03 2.11E-02 2.50E-02 1.199E+00
4.880E-05 2.74E-01 2.23E-01 9.19E-04 5.81E-01 4.77E-02 4.54E-06 2.53E-02 7.81E-06 7.60E-03 2.11E-02 2.49E-02 1.206E+00
4.800E-05 2.80E-01 2.24E-01 9.54E-04 6.00E-01 4.91E-02 4.86E-06 2.57E-02 8.36E-06 7.99E-03 2.12E-02 2.45E-02 1.233E+00
4.760E-05 2.83E-01 2.25E-01 9.76E-04 6.09E-01 4.99E-02 5.03E-06 2.59E-02 8.65E-06 8.19E-03 2.13E-02 2.43E-02 1.247E+00
4.700E-05 2.87E-01 2.25E-01 1.01E-03 6.23E-01 5.10E-02 5.30E-06 2.62E-02 9.11E-06 8.52E-03 2.13E-02 2.40E-02 1.268E+00
4.650E-05 2.91E-01 2.26E-01 1.05E-03 6.35E-01 5.20E-02 5.54E-06 2.64E-02 9.52E-06 8.80E-03 2.13E-02 2.38E-02 1.286E+00
4.600E-05 2.95E-01 2.27E-01 1.08E-03 6.47E-01 5.31E-02 5.79E-06 2.67E-02 9.94E-06 9.10E-03 2.14E-02 2.36E-02 1.304E+00
4.550E-05 2.99E-01 2.27E-01 1.12E-03 6.60E-01 5.41E-02 6.05E-06 2.70E-02 1.04E-05 9.42E-03 2.14E-02 2.34E-02 1.322E+00
4.500E-05 3.02E-01 2.28E-01 1.18E-03 6.72E-01 5.52E-02 6.34E-06 2.73E-02 1.09E-05 9.76E-03 2.14E-02 2.32E-02 1.340E+00
4.440E-05 3.07E-01 2.28E-01 1.24E-03 6.88E-01 5.65E-02 6.70E-06 2.76E-02 1.15E-05 1.02E-02 2.15E-02 2.29E-02 1.363E+00
4.350E-05 3.14E-01 2.29E-01 1.36E-03 7.11E-01 5.86E-02 7.29E-06 2.82E-02 1.25E-05 1.09E-02 2.15E-02 2.26E-02 1.397E+00
4.170E-05 3.27E-01 2.31E-01 1.65E-03 7.61E-01 6.36E-02 8.67E-06 2.93E-02 1.49E-05 1.26E-02 2.15E-02 2.19E-02 1.470E+00
4.000E-05 3.40E-01 2.33E-01 2.19E-03 8.09E-01 6.88E-02 1.03E-05 3.04E-02 1.77E-05 1.46E-02 2.15E-02 2.13E-02 1.541E+00
3.850E-05 3.52E-01 2.34E-01 2.90E-03 8.52E-01 7.37E-02 1.21E-05 3.15E-02 2.07E-05 1.69E-02 2.15E-02 2.09E-02 1.605E+00
3.656E-05 3.67E-01 2.35E-01 4.26E-03 9.08E-01 8.07E-02 1.50E-05 3.30E-02 2.57E-05 2.08E-02 2.13E-02 2.05E-02 1.691E+00
3.570E-05 3.74E-01 2.36E-01 4.99E-03 9.32E-01 8.40E-02 1.67E-05 3.36E-02 2.83E-05 2.30E-02 2.13E-02 2.03E-02 1.729E+00
3.330E-05 3.92E-01 2.38E-01 7.47E-03 1.00E+00 9.55E-02 2.28E-05 3.57E-02 3.80E-05 3.19E-02 2.11E-02 1.99E-02 1.842E+00
3.130E-05 4.07E-01 2.39E-01 9.94E-03 1.05E+00 1.10E-01 3.08E-05 3.76E-02 4.94E-05 4.47E-02 2.08E-02 1.97E-02 1.942E+00
3.000E-05 4.16E-01 2.40E-01 1.19E-02 1.09E+00 1.23E-01 3.81E-05 3.89E-02 5.93E-05 5.81E-02 2.07E-02 1.96E-02 2.013E+00
2.940E-05 4.20E-01 2.40E-01 1.29E-02 1.10E+00 1.29E-01 4.23E-05 3.95E-02 6.47E-05 6.67E-02 2.06E-02 1.96E-02 2.049E+00
2.780E-05 4.31E-01 2.41E-01 1.58E-02 1.14E+00 1.51E-01 5.81E-05 4.13E-02 8.26E-05 1.02E-01 2.04E-02 1.95E-02 2.158E+00
2.630E-05 4.39E-01 2.41E-01 1.87E-02 1.17E+00 1.85E-01 8.25E-05 4.29E-02 1.06E-04 1.71E-01 2.02E-02 1.95E-02 2.306E+00
2.500E-05 4.46E-01 2.42E-01 2.22E-02 1.20E+00 2.30E-01 1.20E-04 4.43E-02 1.33E-04 2.99E-01 2.00E-02 1.95E-02 2.523E+00
2.380E-05 4.52E-01 2.43E-01 2.66E-02 1.23E+00 3.17E-01 1.84E-04 4.44E-02 1.67E-04 5.26E-01 1.98E-02 1.95E-02 2.883E+00
2.270E-05 4.57E-01 2.43E-01 3.25E-02 1.27E+00 4.58E-01 2.69E-04 4.61E-02 2.09E-04 6.94E-01 1.96E-02 1.95E-02 3.241E+00
2.170E-05 4.60E-01 2.44E-01 4.05E-02 1.31E+00 6.20E-01 3.49E-04 5.19E-02 2.61E-04 5.40E-01 1.94E-02 1.95E-02 3.308E+00
2.080E-05 4.63E-01 2.44E-01 5.51E-02 1.36E+00 6.43E-01 3.24E-04 6.48E-02 3.25E-04 3.35E-01 1.92E-02 1.96E-02 3.203E+00
2.000E-05 4.64E-01 2.44E-01 1.94E-01 1.27E+00 5.58E-01 2.54E-04 8.25E-02 3.98E-04 2.16E-01 1.91E-02 1.96E-02 3.071E+00
1.920E-05 4.64E-01 2.46E-01 3.71E-01 1.14E+00 4.33E-01 1.74E-04 1.13E-01 4.95E-04 1.45E-01 1.89E-02 1.96E-02 2.954E+00
1.850E-05 4.67E-01 2.50E-01 4.85E-01 1.07E+00 3.39E-01 1.23E-04 1.52E-01 6.06E-04 1.07E-01 1.87E-02 1.96E-02 2.911E+00
1.790E-05 4.71E-01 2.53E-01 6.28E-01 9.66E-01 2.76E-01 9.43E-05 1.94E-01 7.26E-04 8.55E-02 1.85E-02 1.97E-02 2.912E+00
1.720E-05 4.75E-01 2.56E-01 7.43E-01 8.92E-01 2.21E-01 7.49E-05 2.69E-01 9.10E-04 6.84E-02 1.83E-02 1.97E-02 2.964E+00
1.670E-05 4.79E-01 2.59E-01 8.04E-01 8.58E-01 1.89E-01 6.82E-05 3.39E-01 1.08E-03 5.99E-02 1.81E-02 1.97E-02 3.027E+00
1.610E-05 4.84E-01 2.63E-01 8.66E-01 8.28E-01 1.60E-01 6.93E-05 4.61E-01 1.33E-03 5.27E-02 1.79E-02 1.98E-02 3.155E+00
1.560E-05 4.89E-01 2.66E-01 9.11E-01 8.10E-01 1.40E-01 7.82E-05 6.02E-01 1.59E-03 4.88E-02 1.77E-02 1.98E-02 3.306E+00
1.520E-05 4.93E-01 2.68E-01 9.44E-01 7.97E-01 1.27E-01 9.10E-05 7.53E-01 1.83E-03 4.67E-02 1.76E-02 1.98E-02 3.468E+00
1.470E-05 4.98E-01 2.71E-01 9.77E-01 7.82E-01 1.13E-01 1.15E-04 9.70E-01 2.16E-03 4.55E-02 1.74E-02 1.99E-02 3.695E+00
1.430E-05 5.01E-01 2.73E-01 1.00E+00 7.72E-01 1.06E-01 1.44E-04 1.15E+00 2.42E-03 4.56E-02 1.73E-02 1.99E-02 3.892E+00
1.390E-05 5.04E-01 2.74E-01 1.01E+00 7.63E-01 1.03E-01 1.82E-04 1.30E+00 2.68E-03 4.66E-02 1.72E-02 1.98E-02 4.044E+00
1.350E-05 5.06E-01 2.74E-01 1.03E+00 7.54E-01 1.03E-01 2.34E-04 1.44E+00 3.00E-03 4.88E-02 1.72E-02 1.98E-02 4.189E+00
1.320E-05 5.07E-01 2.75E-01 1.04E+00 7.46E-01 1.05E-01 2.84E-04 1.54E+00 3.29E-03 5.13E-02 1.71E-02 1.98E-02 4.302E+00
1.280E-05 5.09E-01 2.77E-01 1.04E+00 7.38E-01 1.11E-01 3.73E-04 1.70E+00 3.74E-03 5.61E-02 1.70E-02 1.97E-02 4.470E+00
1.250E-05 5.10E-01 2.78E-01 1.04E+00 7.37E-01 1.21E-01 4.59E-04 1.82E+00 4.15E-03 6.11E-02 1.69E-02 1.97E-02 4.611E+00
1.220E-05 5.11E-01 2.79E-01 1.04E+00 7.39E-01 1.35E-01 5.69E-04 1.96E+00 4.62E-03 6.76E-02 1.68E-02 1.97E-02 4.776E+00
1.190E-05 5.12E-01 2.80E-01 1.05E+00 7.49E-01 1.54E-01 7.06E-04 2.12E+00 5.18E-03 7.61E-02 1.67E-02 1.96E-02 4.981E+00
1.160E-05 5.11E-01 2.80E-01 1.06E+00 7.58E-01 1.75E-01 8.80E-04 2.29E+00 5.84E-03 8.73E-02 1.66E-02 1.96E-02 5.208E+00
1.140E-05 5.11E-01 2.80E-01 1.07E+00 7.61E-01 1.93E-01 1.03E-03 2.42E+00 6.35E-03 9.67E-02 1.66E-02 1.97E-02 5.374E+00
1.110E-05 5.09E-01 2.80E-01 1.08E+00 7.66E-01 2.21E-01 1.35E-03 2.63E+00 7.25E-03 1.15E-01 1.65E-02 1.96E-02 5.648E+00
1.080E-05 5.07E-01 2.79E-01 1.09E+00 7.71E-01 2.97E-01 1.80E-03 2.89E+00 8.36E-03 1.39E-01 1.64E-02 1.96E-02 6.019E+00
1.050E-05 5.04E-01 2.79E-01 1.10E+00 7.76E-01 3.97E-01 2.34E-03 3.21E+00 9.78E-03 1.72E-01 1.63E-02 1.97E-02 6.482E+00
1.030E-05 5.01E-01 2.78E-01 1.11E+00 7.79E-01 4.73E-01 2.68E-03 3.51E+00 1.09E-02 2.00E-01 1.62E-02 1.96E-02 6.894E+00
1.000E-05 4.96E-01 2.77E-01 1.11E+00 7.85E-01 5.80E-01 3.27E-03 3.93E+00 1.25E-02 2.54E-01 1.61E-02 1.97E-02 7.493E+00
9.750E-06 4.92E-01 2.76E-01 1.12E+00 7.89E-01 7.05E-01 4.05E-03 4.28E+00 1.39E-02 3.07E-01 1.60E-02 1.96E-02 8.023E+00
9.500E-06 4.87E-01 2.75E-01 1.13E+00 7.95E-01 8.49E-01 4.80E-03 4.65E+00 1.55E-02 3.62E-01 1.59E-02 1.96E-02 8.597E+00
9.250E-06 4.82E-01 2.74E-01 1.13E+00 7.99E-01 9.59E-01 5.36E-03 5.02E+00 1.70E-02 4.03E-01 1.58E-02 1.95E-02 9.127E+00
9.080E-06 4.78E-01 2.73E-01 1.13E+00 8.03E-01 1.03E+00 5.76E-03 5.24E+00 1.78E-02 4.12E-01 1.58E-02 1.94E-02 9.421E+00
